Updating the game cache...
07:43:43 (Game 1) - Initializing game with players: [MiniMaxRandomPlayer, ConfidencePlayer]
07:43:43 (Game 1) - Playing game...
Updating the game cache took: 24881ms.
07:49:16 (Game 1) - WARNING: This match contains errors from the following players: [MiniMaxRandomPlayer]
07:49:16 (Game 1) - Completed game with scores [0, 100]
07:49:16 (Game 1) - Cumulative scores: MiniMaxRandomPlayer=0 ConfidencePlayer=100 
07:49:16 (Game 1) - Saving match to file nineBoardTicTacToe-MiniMaxRandomPlayer-vs-ConfidencePlayer-20160506_074326/game1.json
07:49:16 - Finished 1 of 100 games in 5.61 minutes. Estimated 555.16 minutes remaining.
07:49:19 (Game 2) - Initializing game with players: [ConfidencePlayer, MiniMaxRandomPlayer]
07:49:19 (Game 2) - Playing game...
07:55:41 (Game 2) - WARNING: This match contains errors from the following players: [ConfidencePlayer]
07:55:41 (Game 2) - Completed game with scores [100, 0]
07:55:41 (Game 2) - Cumulative scores: MiniMaxRandomPlayer=0 ConfidencePlayer=200 
07:55:41 (Game 2) - Saving match to file nineBoardTicTacToe-MiniMaxRandomPlayer-vs-ConfidencePlayer-20160506_074326/game2.json
07:55:41 - Finished 2 of 100 games in 12.02 minutes. Estimated 588.90 minutes remaining.
07:55:44 (Game 3) - Initializing game with players: [MiniMaxRandomPlayer, ConfidencePlayer]
07:55:44 (Game 3) - Playing game...
08:01:40 (Game 3) - WARNING: This match contains errors from the following players: [MiniMaxRandomPlayer]
08:01:40 (Game 3) - Completed game with scores [0, 100]
08:01:40 (Game 3) - Cumulative scores: MiniMaxRandomPlayer=0 ConfidencePlayer=300 
08:01:40 (Game 3) - Saving match to file nineBoardTicTacToe-MiniMaxRandomPlayer-vs-ConfidencePlayer-20160506_074326/game3.json
08:01:40 - Finished 3 of 100 games in 18.00 minutes. Estimated 581.85 minutes remaining.
08:01:43 (Game 4) - Initializing game with players: [ConfidencePlayer, MiniMaxRandomPlayer]
08:01:43 (Game 4) - Playing game...
08:08:47 (Game 4) - WARNING: This match contains errors from the following players: [ConfidencePlayer]
08:08:47 (Game 4) - Completed game with scores [100, 0]
08:08:47 (Game 4) - Cumulative scores: MiniMaxRandomPlayer=0 ConfidencePlayer=400 
08:08:47 (Game 4) - Saving match to file nineBoardTicTacToe-MiniMaxRandomPlayer-vs-ConfidencePlayer-20160506_074326/game4.json
08:08:47 - Finished 4 of 100 games in 25.11 minutes. Estimated 602.67 minutes remaining.
08:08:50 (Game 5) - Initializing game with players: [MiniMaxRandomPlayer, ConfidencePlayer]
08:08:50 (Game 5) - Playing game...
08:15:24 (Game 5) - WARNING: This match contains errors from the following players: [MiniMaxRandomPlayer]
08:15:24 (Game 5) - Completed game with scores [0, 100]
08:15:24 (Game 5) - Cumulative scores: MiniMaxRandomPlayer=0 ConfidencePlayer=500 
08:15:24 (Game 5) - Saving match to file nineBoardTicTacToe-MiniMaxRandomPlayer-vs-ConfidencePlayer-20160506_074326/game5.json
08:15:24 - Finished 5 of 100 games in 31.73 minutes. Estimated 602.82 minutes remaining.
08:15:27 (Game 6) - Initializing game with players: [ConfidencePlayer, MiniMaxRandomPlayer]
08:15:27 (Game 6) - Playing game...
08:23:36 (Game 6) - WARNING: This match contains errors from the following players: [ConfidencePlayer]
08:23:36 (Game 6) - Completed game with scores [100, 0]
08:23:36 (Game 6) - Cumulative scores: MiniMaxRandomPlayer=0 ConfidencePlayer=600 
08:23:36 (Game 6) - Saving match to file nineBoardTicTacToe-MiniMaxRandomPlayer-vs-ConfidencePlayer-20160506_074326/game6.json
08:23:36 - Finished 6 of 100 games in 39.94 minutes. Estimated 625.66 minutes remaining.
08:23:39 (Game 7) - Initializing game with players: [MiniMaxRandomPlayer, ConfidencePlayer]
08:23:39 (Game 7) - Playing game...
08:28:55 (Game 7) - WARNING: This match contains errors from the following players: [MiniMaxRandomPlayer]
08:28:55 (Game 7) - Completed game with scores [0, 100]
08:28:55 (Game 7) - Cumulative scores: MiniMaxRandomPlayer=0 ConfidencePlayer=700 
08:28:55 (Game 7) - Saving match to file nineBoardTicTacToe-MiniMaxRandomPlayer-vs-ConfidencePlayer-20160506_074326/game7.json
08:28:55 - Finished 7 of 100 games in 45.26 minutes. Estimated 601.28 minutes remaining.
08:28:58 (Game 8) - Initializing game with players: [ConfidencePlayer, MiniMaxRandomPlayer]
08:28:58 (Game 8) - Playing game...
08:35:09 (Game 8) - WARNING: This match contains errors from the following players: [ConfidencePlayer]
08:35:09 (Game 8) - Completed game with scores [100, 0]
08:35:09 (Game 8) - Cumulative scores: MiniMaxRandomPlayer=0 ConfidencePlayer=800 
08:35:09 (Game 8) - Saving match to file nineBoardTicTacToe-MiniMaxRandomPlayer-vs-ConfidencePlayer-20160506_074326/game8.json
08:35:09 - Finished 8 of 100 games in 51.48 minutes. Estimated 592.02 minutes remaining.
08:35:12 (Game 9) - Initializing game with players: [MiniMaxRandomPlayer, ConfidencePlayer]
08:35:12 (Game 9) - Playing game...
08:42:58 (Game 9) - WARNING: This match contains errors from the following players: [MiniMaxRandomPlayer]
08:42:58 (Game 9) - Completed game with scores [0, 100]
08:42:58 (Game 9) - Cumulative scores: MiniMaxRandomPlayer=0 ConfidencePlayer=900 
08:42:58 (Game 9) - Saving match to file nineBoardTicTacToe-MiniMaxRandomPlayer-vs-ConfidencePlayer-20160506_074326/game9.json
08:42:58 - Finished 9 of 100 games in 59.31 minutes. Estimated 599.68 minutes remaining.
08:43:01 (Game 10) - Initializing game with players: [ConfidencePlayer, MiniMaxRandomPlayer]
08:43:01 (Game 10) - Playing game...
08:49:30 (Game 10) - WARNING: This match contains errors from the following players: [ConfidencePlayer]
08:49:30 (Game 10) - Completed game with scores [100, 0]
08:49:30 (Game 10) - Cumulative scores: MiniMaxRandomPlayer=0 ConfidencePlayer=1000 
08:49:30 (Game 10) - Saving match to file nineBoardTicTacToe-MiniMaxRandomPlayer-vs-ConfidencePlayer-20160506_074326/game10.json
08:49:30 - Finished 10 of 100 games in 65.83 minutes. Estimated 592.50 minutes remaining.
08:49:33 (Game 11) - Initializing game with players: [MiniMaxRandomPlayer, ConfidencePlayer]
08:49:33 (Game 11) - Playing game...
08:55:31 (Game 11) - WARNING: This match contains errors from the following players: [MiniMaxRandomPlayer]
08:55:31 (Game 11) - Completed game with scores [0, 100]
08:55:31 (Game 11) - Cumulative scores: MiniMaxRandomPlayer=0 ConfidencePlayer=1100 
08:55:31 (Game 11) - Saving match to file nineBoardTicTacToe-MiniMaxRandomPlayer-vs-ConfidencePlayer-20160506_074326/game11.json
08:55:31 - Finished 11 of 100 games in 71.86 minutes. Estimated 581.37 minutes remaining.
08:55:34 (Game 12) - Initializing game with players: [ConfidencePlayer, MiniMaxRandomPlayer]
08:55:34 (Game 12) - Playing game...
09:01:08 (Game 12) - WARNING: This match contains errors from the following players: [ConfidencePlayer]
09:01:08 (Game 12) - Completed game with scores [100, 0]
09:01:08 (Game 12) - Cumulative scores: MiniMaxRandomPlayer=0 ConfidencePlayer=1200 
09:01:08 (Game 12) - Saving match to file nineBoardTicTacToe-MiniMaxRandomPlayer-vs-ConfidencePlayer-20160506_074326/game12.json
09:01:08 - Finished 12 of 100 games in 77.47 minutes. Estimated 568.14 minutes remaining.
09:01:11 (Game 13) - Initializing game with players: [MiniMaxRandomPlayer, ConfidencePlayer]
09:01:11 (Game 13) - Playing game...
09:08:22 (Game 13) - WARNING: This match contains errors from the following players: [MiniMaxRandomPlayer]
09:08:22 (Game 13) - Completed game with scores [0, 100]
09:08:22 (Game 13) - Cumulative scores: MiniMaxRandomPlayer=0 ConfidencePlayer=1300 
09:08:22 (Game 13) - Saving match to file nineBoardTicTacToe-MiniMaxRandomPlayer-vs-ConfidencePlayer-20160506_074326/game13.json
09:08:22 - Finished 13 of 100 games in 84.70 minutes. Estimated 566.87 minutes remaining.
09:08:25 (Game 14) - Initializing game with players: [ConfidencePlayer, MiniMaxRandomPlayer]
09:08:25 (Game 14) - Playing game...
09:15:12 (Game 14) - WARNING: This match contains errors from the following players: [ConfidencePlayer]
09:15:12 (Game 14) - Completed game with scores [100, 0]
09:15:12 (Game 14) - Cumulative scores: MiniMaxRandomPlayer=0 ConfidencePlayer=1400 
09:15:12 (Game 14) - Saving match to file nineBoardTicTacToe-MiniMaxRandomPlayer-vs-ConfidencePlayer-20160506_074326/game14.json
09:15:12 - Finished 14 of 100 games in 91.53 minutes. Estimated 562.27 minutes remaining.
09:15:15 (Game 15) - Initializing game with players: [MiniMaxRandomPlayer, ConfidencePlayer]
09:15:15 (Game 15) - Playing game...
09:22:34 (Game 15) - WARNING: This match contains errors from the following players: [MiniMaxRandomPlayer]
09:22:34 (Game 15) - Completed game with scores [100, 0]
09:22:34 (Game 15) - Cumulative scores: MiniMaxRandomPlayer=100 ConfidencePlayer=1400 
09:22:34 (Game 15) - Saving match to file nineBoardTicTacToe-MiniMaxRandomPlayer-vs-ConfidencePlayer-20160506_074326/game15.json
09:22:34 - Finished 15 of 100 games in 98.91 minutes. Estimated 560.47 minutes remaining.
09:22:37 (Game 16) - Initializing game with players: [ConfidencePlayer, MiniMaxRandomPlayer]
09:22:37 (Game 16) - Playing game...
09:29:32 (Game 16) - WARNING: This match contains errors from the following players: [ConfidencePlayer]
09:29:32 (Game 16) - Completed game with scores [0, 100]
09:29:32 (Game 16) - Cumulative scores: MiniMaxRandomPlayer=200 ConfidencePlayer=1400 
09:29:32 (Game 16) - Saving match to file nineBoardTicTacToe-MiniMaxRandomPlayer-vs-ConfidencePlayer-20160506_074326/game16.json
09:29:32 - Finished 16 of 100 games in 105.87 minutes. Estimated 555.82 minutes remaining.
09:29:35 (Game 17) - Initializing game with players: [MiniMaxRandomPlayer, ConfidencePlayer]
09:29:35 (Game 17) - Playing game...
09:35:15 (Game 17) - WARNING: This match contains errors from the following players: [MiniMaxRandomPlayer]
09:35:15 (Game 17) - Completed game with scores [0, 100]
09:35:15 (Game 17) - Cumulative scores: MiniMaxRandomPlayer=200 ConfidencePlayer=1500 
09:35:15 (Game 17) - Saving match to file nineBoardTicTacToe-MiniMaxRandomPlayer-vs-ConfidencePlayer-20160506_074326/game17.json
09:35:15 - Finished 17 of 100 games in 111.59 minutes. Estimated 544.80 minutes remaining.
09:35:18 (Game 18) - Initializing game with players: [ConfidencePlayer, MiniMaxRandomPlayer]
09:35:18 (Game 18) - Playing game...
09:41:37 (Game 18) - WARNING: This match contains errors from the following players: [ConfidencePlayer]
09:41:37 (Game 18) - Completed game with scores [0, 100]
09:41:37 (Game 18) - Cumulative scores: MiniMaxRandomPlayer=300 ConfidencePlayer=1500 
09:41:37 (Game 18) - Saving match to file nineBoardTicTacToe-MiniMaxRandomPlayer-vs-ConfidencePlayer-20160506_074326/game18.json
09:41:37 - Finished 18 of 100 games in 117.95 minutes. Estimated 537.34 minutes remaining.
09:41:40 (Game 19) - Initializing game with players: [MiniMaxRandomPlayer, ConfidencePlayer]
09:41:40 (Game 19) - Playing game...
09:48:05 (Game 19) - WARNING: This match contains errors from the following players: [MiniMaxRandomPlayer]
09:48:05 (Game 19) - Completed game with scores [100, 0]
09:48:05 (Game 19) - Cumulative scores: MiniMaxRandomPlayer=400 ConfidencePlayer=1500 
09:48:05 (Game 19) - Saving match to file nineBoardTicTacToe-MiniMaxRandomPlayer-vs-ConfidencePlayer-20160506_074326/game19.json
09:48:05 - Finished 19 of 100 games in 124.42 minutes. Estimated 530.42 minutes remaining.
09:48:08 (Game 20) - Initializing game with players: [ConfidencePlayer, MiniMaxRandomPlayer]
09:48:08 (Game 20) - Playing game...
09:55:04 (Game 20) - WARNING: This match contains errors from the following players: [ConfidencePlayer]
09:55:04 (Game 20) - Completed game with scores [0, 100]
09:55:04 (Game 20) - Cumulative scores: MiniMaxRandomPlayer=500 ConfidencePlayer=1500 
09:55:04 (Game 20) - Saving match to file nineBoardTicTacToe-MiniMaxRandomPlayer-vs-ConfidencePlayer-20160506_074326/game20.json
09:55:04 - Finished 20 of 100 games in 131.41 minutes. Estimated 525.62 minutes remaining.
09:55:07 (Game 21) - Initializing game with players: [MiniMaxRandomPlayer, ConfidencePlayer]
09:55:07 (Game 21) - Playing game...
10:03:39 (Game 21) - WARNING: This match contains errors from the following players: [MiniMaxRandomPlayer]
10:03:39 (Game 21) - Completed game with scores [100, 0]
10:03:39 (Game 21) - Cumulative scores: MiniMaxRandomPlayer=600 ConfidencePlayer=1500 
10:03:39 (Game 21) - Saving match to file nineBoardTicTacToe-MiniMaxRandomPlayer-vs-ConfidencePlayer-20160506_074326/game21.json
10:03:39 - Finished 21 of 100 games in 139.99 minutes. Estimated 526.62 minutes remaining.
10:03:42 (Game 22) - Initializing game with players: [ConfidencePlayer, MiniMaxRandomPlayer]
10:03:42 (Game 22) - Playing game...
10:09:52 (Game 22) - WARNING: This match contains errors from the following players: [ConfidencePlayer]
10:09:52 (Game 22) - Completed game with scores [100, 0]
10:09:52 (Game 22) - Cumulative scores: MiniMaxRandomPlayer=600 ConfidencePlayer=1600 
10:09:52 (Game 22) - Saving match to file nineBoardTicTacToe-MiniMaxRandomPlayer-vs-ConfidencePlayer-20160506_074326/game22.json
10:09:52 - Finished 22 of 100 games in 146.21 minutes. Estimated 518.36 minutes remaining.
10:09:55 (Game 23) - Initializing game with players: [MiniMaxRandomPlayer, ConfidencePlayer]
10:09:55 (Game 23) - Playing game...
10:16:30 (Game 23) - WARNING: This match contains errors from the following players: [MiniMaxRandomPlayer]
10:16:30 (Game 23) - Completed game with scores [0, 100]
10:16:30 (Game 23) - Cumulative scores: MiniMaxRandomPlayer=600 ConfidencePlayer=1700 
10:16:30 (Game 23) - Saving match to file nineBoardTicTacToe-MiniMaxRandomPlayer-vs-ConfidencePlayer-20160506_074326/game23.json
10:16:30 - Finished 23 of 100 games in 152.83 minutes. Estimated 511.64 minutes remaining.
10:16:33 (Game 24) - Initializing game with players: [ConfidencePlayer, MiniMaxRandomPlayer]
10:16:33 (Game 24) - Playing game...
10:23:19 (Game 24) - WARNING: This match contains errors from the following players: [ConfidencePlayer]
10:23:19 (Game 24) - Completed game with scores [100, 0]
10:23:19 (Game 24) - Cumulative scores: MiniMaxRandomPlayer=600 ConfidencePlayer=1800 
10:23:19 (Game 24) - Saving match to file nineBoardTicTacToe-MiniMaxRandomPlayer-vs-ConfidencePlayer-20160506_074326/game24.json
10:23:19 - Finished 24 of 100 games in 159.65 minutes. Estimated 505.56 minutes remaining.
10:23:22 (Game 25) - Initializing game with players: [MiniMaxRandomPlayer, ConfidencePlayer]
10:23:22 (Game 25) - Playing game...
10:29:02 (Game 25) - WARNING: This match contains errors from the following players: [MiniMaxRandomPlayer]
10:29:02 (Game 25) - Completed game with scores [0, 100]
10:29:02 (Game 25) - Cumulative scores: MiniMaxRandomPlayer=600 ConfidencePlayer=1900 
10:29:02 (Game 25) - Saving match to file nineBoardTicTacToe-MiniMaxRandomPlayer-vs-ConfidencePlayer-20160506_074326/game25.json
10:29:02 - Finished 25 of 100 games in 165.38 minutes. Estimated 496.13 minutes remaining.
10:29:05 (Game 26) - Initializing game with players: [ConfidencePlayer, MiniMaxRandomPlayer]
10:29:05 (Game 26) - Playing game...
10:36:01 (Game 26) - WARNING: This match contains errors from the following players: [ConfidencePlayer]
10:36:01 (Game 26) - Completed game with scores [0, 100]
10:36:01 (Game 26) - Cumulative scores: MiniMaxRandomPlayer=700 ConfidencePlayer=1900 
10:36:01 (Game 26) - Saving match to file nineBoardTicTacToe-MiniMaxRandomPlayer-vs-ConfidencePlayer-20160506_074326/game26.json
10:36:01 - Finished 26 of 100 games in 172.36 minutes. Estimated 490.56 minutes remaining.
10:36:04 (Game 27) - Initializing game with players: [MiniMaxRandomPlayer, ConfidencePlayer]
10:36:04 (Game 27) - Playing game...
10:43:33 (Game 27) - WARNING: This match contains errors from the following players: [MiniMaxRandomPlayer]
10:43:33 (Game 27) - Completed game with scores [0, 100]
10:43:33 (Game 27) - Cumulative scores: MiniMaxRandomPlayer=700 ConfidencePlayer=2000 
10:43:33 (Game 27) - Saving match to file nineBoardTicTacToe-MiniMaxRandomPlayer-vs-ConfidencePlayer-20160506_074326/game27.json
10:43:33 - Finished 27 of 100 games in 179.89 minutes. Estimated 486.36 minutes remaining.
10:43:36 (Game 28) - Initializing game with players: [ConfidencePlayer, MiniMaxRandomPlayer]
10:43:36 (Game 28) - Playing game...
10:50:04 (Game 28) - WARNING: This match contains errors from the following players: [ConfidencePlayer]
10:50:04 (Game 28) - Completed game with scores [100, 0]
10:50:04 (Game 28) - Cumulative scores: MiniMaxRandomPlayer=700 ConfidencePlayer=2100 
10:50:04 (Game 28) - Saving match to file nineBoardTicTacToe-MiniMaxRandomPlayer-vs-ConfidencePlayer-20160506_074326/game28.json
10:50:04 - Finished 28 of 100 games in 186.40 minutes. Estimated 479.31 minutes remaining.
10:50:07 (Game 29) - Initializing game with players: [MiniMaxRandomPlayer, ConfidencePlayer]
10:50:07 (Game 29) - Playing game...
10:55:46 (Game 29) - WARNING: This match contains errors from the following players: [MiniMaxRandomPlayer]
10:55:46 (Game 29) - Completed game with scores [0, 100]
10:55:46 (Game 29) - Cumulative scores: MiniMaxRandomPlayer=700 ConfidencePlayer=2200 
10:55:46 (Game 29) - Saving match to file nineBoardTicTacToe-MiniMaxRandomPlayer-vs-ConfidencePlayer-20160506_074326/game29.json
10:55:46 - Finished 29 of 100 games in 192.11 minutes. Estimated 470.34 minutes remaining.
10:55:49 (Game 30) - Initializing game with players: [ConfidencePlayer, MiniMaxRandomPlayer]
10:55:49 (Game 30) - Playing game...
11:01:24 (Game 30) - WARNING: This match contains errors from the following players: [ConfidencePlayer]
11:01:24 (Game 30) - Completed game with scores [100, 0]
11:01:24 (Game 30) - Cumulative scores: MiniMaxRandomPlayer=700 ConfidencePlayer=2300 
11:01:24 (Game 30) - Saving match to file nineBoardTicTacToe-MiniMaxRandomPlayer-vs-ConfidencePlayer-20160506_074326/game30.json
11:01:24 - Finished 30 of 100 games in 197.73 minutes. Estimated 461.37 minutes remaining.
11:01:27 (Game 31) - Initializing game with players: [MiniMaxRandomPlayer, ConfidencePlayer]
11:01:27 (Game 31) - Playing game...
11:08:28 (Game 31) - WARNING: This match contains errors from the following players: [MiniMaxRandomPlayer]
11:08:28 (Game 31) - Completed game with scores [100, 0]
11:08:28 (Game 31) - Cumulative scores: MiniMaxRandomPlayer=800 ConfidencePlayer=2300 
11:08:28 (Game 31) - Saving match to file nineBoardTicTacToe-MiniMaxRandomPlayer-vs-ConfidencePlayer-20160506_074326/game31.json
11:08:28 - Finished 31 of 100 games in 204.80 minutes. Estimated 455.84 minutes remaining.
11:08:31 (Game 32) - Initializing game with players: [ConfidencePlayer, MiniMaxRandomPlayer]
11:08:31 (Game 32) - Playing game...
11:15:25 (Game 32) - WARNING: This match contains errors from the following players: [ConfidencePlayer]
11:15:25 (Game 32) - Completed game with scores [0, 100]
11:15:25 (Game 32) - Cumulative scores: MiniMaxRandomPlayer=900 ConfidencePlayer=2300 
11:15:25 (Game 32) - Saving match to file nineBoardTicTacToe-MiniMaxRandomPlayer-vs-ConfidencePlayer-20160506_074326/game32.json
11:15:25 - Finished 32 of 100 games in 211.75 minutes. Estimated 449.98 minutes remaining.
11:15:28 (Game 33) - Initializing game with players: [MiniMaxRandomPlayer, ConfidencePlayer]
11:15:28 (Game 33) - Playing game...
11:21:35 (Game 33) - WARNING: This match contains errors from the following players: [MiniMaxRandomPlayer]
11:21:35 (Game 33) - Completed game with scores [100, 0]
11:21:35 (Game 33) - Cumulative scores: MiniMaxRandomPlayer=1000 ConfidencePlayer=2300 
11:21:35 (Game 33) - Saving match to file nineBoardTicTacToe-MiniMaxRandomPlayer-vs-ConfidencePlayer-20160506_074326/game33.json
11:21:35 - Finished 33 of 100 games in 217.92 minutes. Estimated 442.45 minutes remaining.
11:21:38 (Game 34) - Initializing game with players: [ConfidencePlayer, MiniMaxRandomPlayer]
11:21:38 (Game 34) - Playing game...
11:27:30 (Game 34) - WARNING: This match contains errors from the following players: [ConfidencePlayer]
11:27:30 (Game 34) - Completed game with scores [100, 0]
11:27:30 (Game 34) - Cumulative scores: MiniMaxRandomPlayer=1000 ConfidencePlayer=2400 
11:27:30 (Game 34) - Saving match to file nineBoardTicTacToe-MiniMaxRandomPlayer-vs-ConfidencePlayer-20160506_074326/game34.json
11:27:30 - Finished 34 of 100 games in 223.83 minutes. Estimated 434.49 minutes remaining.
11:27:33 (Game 35) - Initializing game with players: [MiniMaxRandomPlayer, ConfidencePlayer]
11:27:33 (Game 35) - Playing game...
11:34:07 (Game 35) - WARNING: This match contains errors from the following players: [MiniMaxRandomPlayer]
11:34:07 (Game 35) - Completed game with scores [0, 100]
11:34:07 (Game 35) - Cumulative scores: MiniMaxRandomPlayer=1000 ConfidencePlayer=2500 
11:34:07 (Game 35) - Saving match to file nineBoardTicTacToe-MiniMaxRandomPlayer-vs-ConfidencePlayer-20160506_074326/game35.json
11:34:07 - Finished 35 of 100 games in 230.46 minutes. Estimated 427.99 minutes remaining.
11:34:10 (Game 36) - Initializing game with players: [ConfidencePlayer, MiniMaxRandomPlayer]
11:34:10 (Game 36) - Playing game...
11:35:37 (Game 36) - WARNING: This match contains errors from the following players: [ConfidencePlayer]
11:35:37 (Game 36) - Completed game with scores [0, 100]
11:35:37 (Game 36) - Cumulative scores: MiniMaxRandomPlayer=1100 ConfidencePlayer=2500 
11:35:37 (Game 36) - Saving match to file nineBoardTicTacToe-MiniMaxRandomPlayer-vs-ConfidencePlayer-20160506_074326/game36.json
11:35:37 - Finished 36 of 100 games in 231.96 minutes. Estimated 412.37 minutes remaining.
11:35:40 (Game 37) - Initializing game with players: [MiniMaxRandomPlayer, ConfidencePlayer]
11:35:40 (Game 37) - Playing game...
11:41:57 (Game 37) - WARNING: This match contains errors from the following players: [MiniMaxRandomPlayer]
11:41:57 (Game 37) - Completed game with scores [0, 100]
11:41:57 (Game 37) - Cumulative scores: MiniMaxRandomPlayer=1100 ConfidencePlayer=2600 
11:41:57 (Game 37) - Saving match to file nineBoardTicTacToe-MiniMaxRandomPlayer-vs-ConfidencePlayer-20160506_074326/game37.json
11:41:57 - Finished 37 of 100 games in 238.28 minutes. Estimated 405.72 minutes remaining.
11:42:00 (Game 38) - Initializing game with players: [ConfidencePlayer, MiniMaxRandomPlayer]
11:42:00 (Game 38) - Playing game...
11:48:46 (Game 38) - WARNING: This match contains errors from the following players: [ConfidencePlayer]
11:48:46 (Game 38) - Completed game with scores [100, 0]
11:48:46 (Game 38) - Cumulative scores: MiniMaxRandomPlayer=1100 ConfidencePlayer=2700 
11:48:46 (Game 38) - Saving match to file nineBoardTicTacToe-MiniMaxRandomPlayer-vs-ConfidencePlayer-20160506_074326/game38.json
11:48:46 - Finished 38 of 100 games in 245.10 minutes. Estimated 399.90 minutes remaining.
11:48:49 (Game 39) - Initializing game with players: [MiniMaxRandomPlayer, ConfidencePlayer]
11:48:49 (Game 39) - Playing game...
11:57:03 (Game 39) - WARNING: This match contains errors from the following players: [MiniMaxRandomPlayer]
11:57:03 (Game 39) - Completed game with scores [100, 0]
11:57:03 (Game 39) - Cumulative scores: MiniMaxRandomPlayer=1200 ConfidencePlayer=2700 
11:57:03 (Game 39) - Saving match to file nineBoardTicTacToe-MiniMaxRandomPlayer-vs-ConfidencePlayer-20160506_074326/game39.json
11:57:03 - Finished 39 of 100 games in 253.39 minutes. Estimated 396.33 minutes remaining.
11:57:06 (Game 40) - Initializing game with players: [ConfidencePlayer, MiniMaxRandomPlayer]
11:57:06 (Game 40) - Playing game...
12:03:34 (Game 40) - WARNING: This match contains errors from the following players: [ConfidencePlayer]
12:03:34 (Game 40) - Completed game with scores [100, 0]
12:03:34 (Game 40) - Cumulative scores: MiniMaxRandomPlayer=1200 ConfidencePlayer=2800 
12:03:34 (Game 40) - Saving match to file nineBoardTicTacToe-MiniMaxRandomPlayer-vs-ConfidencePlayer-20160506_074326/game40.json
12:03:34 - Finished 40 of 100 games in 259.90 minutes. Estimated 389.85 minutes remaining.
12:03:37 (Game 41) - Initializing game with players: [MiniMaxRandomPlayer, ConfidencePlayer]
12:03:37 (Game 41) - Playing game...
12:11:06 (Game 41) - WARNING: This match contains errors from the following players: [MiniMaxRandomPlayer]
12:11:06 (Game 41) - Completed game with scores [0, 100]
12:11:06 (Game 41) - Cumulative scores: MiniMaxRandomPlayer=1200 ConfidencePlayer=2900 
12:11:06 (Game 41) - Saving match to file nineBoardTicTacToe-MiniMaxRandomPlayer-vs-ConfidencePlayer-20160506_074326/game41.json
12:11:06 - Finished 41 of 100 games in 267.43 minutes. Estimated 384.84 minutes remaining.
12:11:09 (Game 42) - Initializing game with players: [ConfidencePlayer, MiniMaxRandomPlayer]
12:11:09 (Game 42) - Playing game...
12:17:37 (Game 42) - WARNING: This match contains errors from the following players: [ConfidencePlayer]
12:17:37 (Game 42) - Completed game with scores [100, 0]
12:17:37 (Game 42) - Cumulative scores: MiniMaxRandomPlayer=1200 ConfidencePlayer=3000 
12:17:37 (Game 42) - Saving match to file nineBoardTicTacToe-MiniMaxRandomPlayer-vs-ConfidencePlayer-20160506_074326/game42.json
12:17:37 - Finished 42 of 100 games in 273.96 minutes. Estimated 378.32 minutes remaining.
12:17:40 (Game 43) - Initializing game with players: [MiniMaxRandomPlayer, ConfidencePlayer]
12:17:40 (Game 43) - Playing game...
12:24:32 (Game 43) - WARNING: This match contains errors from the following players: [MiniMaxRandomPlayer]
12:24:32 (Game 43) - Completed game with scores [0, 100]
12:24:32 (Game 43) - Cumulative scores: MiniMaxRandomPlayer=1200 ConfidencePlayer=3100 
12:24:32 (Game 43) - Saving match to file nineBoardTicTacToe-MiniMaxRandomPlayer-vs-ConfidencePlayer-20160506_074326/game43.json
12:24:32 - Finished 43 of 100 games in 280.87 minutes. Estimated 372.32 minutes remaining.
12:24:35 (Game 44) - Initializing game with players: [ConfidencePlayer, MiniMaxRandomPlayer]
12:24:35 (Game 44) - Playing game...
12:31:49 (Game 44) - WARNING: This match contains errors from the following players: [ConfidencePlayer]
12:31:49 (Game 44) - Completed game with scores [0, 100]
12:31:49 (Game 44) - Cumulative scores: MiniMaxRandomPlayer=1300 ConfidencePlayer=3100 
12:31:49 (Game 44) - Saving match to file nineBoardTicTacToe-MiniMaxRandomPlayer-vs-ConfidencePlayer-20160506_074326/game44.json
12:31:49 - Finished 44 of 100 games in 288.14 minutes. Estimated 366.73 minutes remaining.
12:31:52 (Game 45) - Initializing game with players: [MiniMaxRandomPlayer, ConfidencePlayer]
12:31:52 (Game 45) - Playing game...
12:32:58 (Game 45) - WARNING: This match contains errors from the following players: [MiniMaxRandomPlayer]
12:32:58 (Game 45) - Completed game with scores [0, 100]
12:32:58 (Game 45) - Cumulative scores: MiniMaxRandomPlayer=1300 ConfidencePlayer=3200 
12:32:58 (Game 45) - Saving match to file nineBoardTicTacToe-MiniMaxRandomPlayer-vs-ConfidencePlayer-20160506_074326/game45.json
12:32:58 - Finished 45 of 100 games in 289.31 minutes. Estimated 353.60 minutes remaining.
12:33:01 (Game 46) - Initializing game with players: [ConfidencePlayer, MiniMaxRandomPlayer]
12:33:01 (Game 46) - Playing game...
12:38:17 (Game 46) - WARNING: This match contains errors from the following players: [ConfidencePlayer]
12:38:17 (Game 46) - Completed game with scores [100, 0]
12:38:17 (Game 46) - Cumulative scores: MiniMaxRandomPlayer=1300 ConfidencePlayer=3300 
12:38:17 (Game 46) - Saving match to file nineBoardTicTacToe-MiniMaxRandomPlayer-vs-ConfidencePlayer-20160506_074326/game46.json
12:38:17 - Finished 46 of 100 games in 294.62 minutes. Estimated 345.85 minutes remaining.
12:38:20 (Game 47) - Initializing game with players: [MiniMaxRandomPlayer, ConfidencePlayer]
12:38:20 (Game 47) - Playing game...
12:45:13 (Game 47) - WARNING: This match contains errors from the following players: [MiniMaxRandomPlayer]
12:45:13 (Game 47) - Completed game with scores [0, 100]
12:45:13 (Game 47) - Cumulative scores: MiniMaxRandomPlayer=1300 ConfidencePlayer=3400 
12:45:13 (Game 47) - Saving match to file nineBoardTicTacToe-MiniMaxRandomPlayer-vs-ConfidencePlayer-20160506_074326/game47.json
12:45:13 - Finished 47 of 100 games in 301.56 minutes. Estimated 340.05 minutes remaining.
12:45:16 (Game 48) - Initializing game with players: [ConfidencePlayer, MiniMaxRandomPlayer]
12:45:16 (Game 48) - Playing game...
12:51:08 (Game 48) - WARNING: This match contains errors from the following players: [ConfidencePlayer]
12:51:08 (Game 48) - Completed game with scores [100, 0]
12:51:08 (Game 48) - Cumulative scores: MiniMaxRandomPlayer=1300 ConfidencePlayer=3500 
12:51:08 (Game 48) - Saving match to file nineBoardTicTacToe-MiniMaxRandomPlayer-vs-ConfidencePlayer-20160506_074326/game48.json
12:51:08 - Finished 48 of 100 games in 307.47 minutes. Estimated 333.09 minutes remaining.
12:51:11 (Game 49) - Initializing game with players: [MiniMaxRandomPlayer, ConfidencePlayer]
12:51:11 (Game 49) - Playing game...
12:57:09 (Game 49) - WARNING: This match contains errors from the following players: [MiniMaxRandomPlayer]
12:57:09 (Game 49) - Completed game with scores [0, 100]
12:57:09 (Game 49) - Cumulative scores: MiniMaxRandomPlayer=1300 ConfidencePlayer=3600 
12:57:09 (Game 49) - Saving match to file nineBoardTicTacToe-MiniMaxRandomPlayer-vs-ConfidencePlayer-20160506_074326/game49.json
12:57:09 - Finished 49 of 100 games in 313.49 minutes. Estimated 326.29 minutes remaining.
12:57:12 (Game 50) - Initializing game with players: [ConfidencePlayer, MiniMaxRandomPlayer]
12:57:12 (Game 50) - Playing game...
13:02:28 (Game 50) - WARNING: This match contains errors from the following players: [ConfidencePlayer]
13:02:28 (Game 50) - Completed game with scores [100, 0]
13:02:28 (Game 50) - Cumulative scores: MiniMaxRandomPlayer=1300 ConfidencePlayer=3700 
13:02:28 (Game 50) - Saving match to file nineBoardTicTacToe-MiniMaxRandomPlayer-vs-ConfidencePlayer-20160506_074326/game50.json
13:02:28 - Finished 50 of 100 games in 318.80 minutes. Estimated 318.80 minutes remaining.
13:02:31 (Game 51) - Initializing game with players: [MiniMaxRandomPlayer, ConfidencePlayer]
13:02:31 (Game 51) - Playing game...
13:10:17 (Game 51) - WARNING: This match contains errors from the following players: [MiniMaxRandomPlayer]
13:10:17 (Game 51) - Completed game with scores [0, 100]
13:10:17 (Game 51) - Cumulative scores: MiniMaxRandomPlayer=1300 ConfidencePlayer=3800 
13:10:17 (Game 51) - Saving match to file nineBoardTicTacToe-MiniMaxRandomPlayer-vs-ConfidencePlayer-20160506_074326/game51.json
13:10:17 - Finished 51 of 100 games in 326.63 minutes. Estimated 313.82 minutes remaining.
13:10:20 (Game 52) - Initializing game with players: [ConfidencePlayer, MiniMaxRandomPlayer]
13:10:20 (Game 52) - Playing game...
13:16:12 (Game 52) - WARNING: This match contains errors from the following players: [ConfidencePlayer]
13:16:12 (Game 52) - Completed game with scores [100, 0]
13:16:12 (Game 52) - Cumulative scores: MiniMaxRandomPlayer=1300 ConfidencePlayer=3900 
13:16:12 (Game 52) - Saving match to file nineBoardTicTacToe-MiniMaxRandomPlayer-vs-ConfidencePlayer-20160506_074326/game52.json
13:16:12 - Finished 52 of 100 games in 332.54 minutes. Estimated 306.96 minutes remaining.
13:16:15 (Game 53) - Initializing game with players: [MiniMaxRandomPlayer, ConfidencePlayer]
13:16:15 (Game 53) - Playing game...
13:23:17 (Game 53) - WARNING: This match contains errors from the following players: [MiniMaxRandomPlayer]
13:23:17 (Game 53) - Completed game with scores [100, 0]
13:23:17 (Game 53) - Cumulative scores: MiniMaxRandomPlayer=1400 ConfidencePlayer=3900 
13:23:17 (Game 53) - Saving match to file nineBoardTicTacToe-MiniMaxRandomPlayer-vs-ConfidencePlayer-20160506_074326/game53.json
13:23:17 - Finished 53 of 100 games in 339.62 minutes. Estimated 301.17 minutes remaining.
13:23:20 (Game 54) - Initializing game with players: [ConfidencePlayer, MiniMaxRandomPlayer]
13:23:20 (Game 54) - Playing game...
13:29:48 (Game 54) - WARNING: This match contains errors from the following players: [ConfidencePlayer]
13:29:48 (Game 54) - Completed game with scores [100, 0]
13:29:48 (Game 54) - Cumulative scores: MiniMaxRandomPlayer=1400 ConfidencePlayer=4000 
13:29:48 (Game 54) - Saving match to file nineBoardTicTacToe-MiniMaxRandomPlayer-vs-ConfidencePlayer-20160506_074326/game54.json
13:29:48 - Finished 54 of 100 games in 346.14 minutes. Estimated 294.86 minutes remaining.
13:29:51 (Game 55) - Initializing game with players: [MiniMaxRandomPlayer, ConfidencePlayer]
13:29:51 (Game 55) - Playing game...
13:36:44 (Game 55) - WARNING: This match contains errors from the following players: [MiniMaxRandomPlayer]
13:36:44 (Game 55) - Completed game with scores [0, 100]
13:36:44 (Game 55) - Cumulative scores: MiniMaxRandomPlayer=1400 ConfidencePlayer=4100 
13:36:44 (Game 55) - Saving match to file nineBoardTicTacToe-MiniMaxRandomPlayer-vs-ConfidencePlayer-20160506_074326/game55.json
13:36:44 - Finished 55 of 100 games in 353.07 minutes. Estimated 288.87 minutes remaining.
13:36:47 (Game 56) - Initializing game with players: [ConfidencePlayer, MiniMaxRandomPlayer]
13:36:47 (Game 56) - Playing game...
13:43:24 (Game 56) - WARNING: This match contains errors from the following players: [ConfidencePlayer]
13:43:24 (Game 56) - Completed game with scores [0, 100]
13:43:24 (Game 56) - Cumulative scores: MiniMaxRandomPlayer=1500 ConfidencePlayer=4100 
13:43:24 (Game 56) - Saving match to file nineBoardTicTacToe-MiniMaxRandomPlayer-vs-ConfidencePlayer-20160506_074326/game56.json
13:43:24 - Finished 56 of 100 games in 359.73 minutes. Estimated 282.65 minutes remaining.
13:43:27 (Game 57) - Initializing game with players: [MiniMaxRandomPlayer, ConfidencePlayer]
13:43:27 (Game 57) - Playing game...
13:50:29 (Game 57) - WARNING: This match contains errors from the following players: [MiniMaxRandomPlayer]
13:50:29 (Game 57) - Completed game with scores [100, 0]
13:50:29 (Game 57) - Cumulative scores: MiniMaxRandomPlayer=1600 ConfidencePlayer=4100 
13:50:29 (Game 57) - Saving match to file nineBoardTicTacToe-MiniMaxRandomPlayer-vs-ConfidencePlayer-20160506_074326/game57.json
13:50:29 - Finished 57 of 100 games in 366.81 minutes. Estimated 276.72 minutes remaining.
13:50:32 (Game 58) - Initializing game with players: [ConfidencePlayer, MiniMaxRandomPlayer]
13:50:32 (Game 58) - Playing game...
13:57:00 (Game 58) - WARNING: This match contains errors from the following players: [ConfidencePlayer]
13:57:00 (Game 58) - Completed game with scores [100, 0]
13:57:00 (Game 58) - Cumulative scores: MiniMaxRandomPlayer=1600 ConfidencePlayer=4200 
13:57:00 (Game 58) - Saving match to file nineBoardTicTacToe-MiniMaxRandomPlayer-vs-ConfidencePlayer-20160506_074326/game58.json
13:57:00 - Finished 58 of 100 games in 373.33 minutes. Estimated 270.34 minutes remaining.
13:57:03 (Game 59) - Initializing game with players: [MiniMaxRandomPlayer, ConfidencePlayer]
13:57:03 (Game 59) - Playing game...
14:03:38 (Game 59) - WARNING: This match contains errors from the following players: [MiniMaxRandomPlayer]
14:03:38 (Game 59) - Completed game with scores [0, 100]
14:03:38 (Game 59) - Cumulative scores: MiniMaxRandomPlayer=1600 ConfidencePlayer=4300 
14:03:38 (Game 59) - Saving match to file nineBoardTicTacToe-MiniMaxRandomPlayer-vs-ConfidencePlayer-20160506_074326/game59.json
14:03:38 - Finished 59 of 100 games in 379.96 minutes. Estimated 264.04 minutes remaining.
14:03:41 (Game 60) - Initializing game with players: [ConfidencePlayer, MiniMaxRandomPlayer]
14:03:41 (Game 60) - Playing game...
14:11:48 (Game 60) - WARNING: This match contains errors from the following players: [ConfidencePlayer]
14:11:48 (Game 60) - Completed game with scores [0, 100]
14:11:48 (Game 60) - Cumulative scores: MiniMaxRandomPlayer=1700 ConfidencePlayer=4300 
14:11:48 (Game 60) - Saving match to file nineBoardTicTacToe-MiniMaxRandomPlayer-vs-ConfidencePlayer-20160506_074326/game60.json
14:11:48 - Finished 60 of 100 games in 388.14 minutes. Estimated 258.76 minutes remaining.
14:11:51 (Game 61) - Initializing game with players: [MiniMaxRandomPlayer, ConfidencePlayer]
14:11:51 (Game 61) - Playing game...
14:17:31 (Game 61) - WARNING: This match contains errors from the following players: [MiniMaxRandomPlayer]
14:17:31 (Game 61) - Completed game with scores [0, 100]
14:17:31 (Game 61) - Cumulative scores: MiniMaxRandomPlayer=1700 ConfidencePlayer=4400 
14:17:31 (Game 61) - Saving match to file nineBoardTicTacToe-MiniMaxRandomPlayer-vs-ConfidencePlayer-20160506_074326/game61.json
14:17:31 - Finished 61 of 100 games in 393.85 minutes. Estimated 251.81 minutes remaining.
14:17:34 (Game 62) - Initializing game with players: [ConfidencePlayer, MiniMaxRandomPlayer]
14:17:34 (Game 62) - Playing game...
14:24:12 (Game 62) - WARNING: This match contains errors from the following players: [ConfidencePlayer]
14:24:12 (Game 62) - Completed game with scores [0, 100]
14:24:12 (Game 62) - Cumulative scores: MiniMaxRandomPlayer=1800 ConfidencePlayer=4400 
14:24:12 (Game 62) - Saving match to file nineBoardTicTacToe-MiniMaxRandomPlayer-vs-ConfidencePlayer-20160506_074326/game62.json
14:24:12 - Finished 62 of 100 games in 400.53 minutes. Estimated 245.49 minutes remaining.
14:24:15 (Game 63) - Initializing game with players: [MiniMaxRandomPlayer, ConfidencePlayer]
14:24:15 (Game 63) - Playing game...
14:31:16 (Game 63) - WARNING: This match contains errors from the following players: [MiniMaxRandomPlayer]
14:31:16 (Game 63) - Completed game with scores [100, 0]
14:31:16 (Game 63) - Cumulative scores: MiniMaxRandomPlayer=1900 ConfidencePlayer=4400 
14:31:16 (Game 63) - Saving match to file nineBoardTicTacToe-MiniMaxRandomPlayer-vs-ConfidencePlayer-20160506_074326/game63.json
14:31:16 - Finished 63 of 100 games in 407.61 minutes. Estimated 239.39 minutes remaining.
14:31:19 (Game 64) - Initializing game with players: [ConfidencePlayer, MiniMaxRandomPlayer]
14:31:19 (Game 64) - Playing game...
14:38:24 (Game 64) - WARNING: This match contains errors from the following players: [ConfidencePlayer]
14:38:24 (Game 64) - Completed game with scores [100, 0]
14:38:24 (Game 64) - Cumulative scores: MiniMaxRandomPlayer=1900 ConfidencePlayer=4500 
14:38:24 (Game 64) - Saving match to file nineBoardTicTacToe-MiniMaxRandomPlayer-vs-ConfidencePlayer-20160506_074326/game64.json
14:38:24 - Finished 64 of 100 games in 414.74 minutes. Estimated 233.29 minutes remaining.
14:38:27 (Game 65) - Initializing game with players: [MiniMaxRandomPlayer, ConfidencePlayer]
14:38:27 (Game 65) - Playing game...
14:44:07 (Game 65) - WARNING: This match contains errors from the following players: [MiniMaxRandomPlayer]
14:44:07 (Game 65) - Completed game with scores [0, 100]
14:44:07 (Game 65) - Cumulative scores: MiniMaxRandomPlayer=1900 ConfidencePlayer=4600 
14:44:07 (Game 65) - Saving match to file nineBoardTicTacToe-MiniMaxRandomPlayer-vs-ConfidencePlayer-20160506_074326/game65.json
14:44:07 - Finished 65 of 100 games in 420.46 minutes. Estimated 226.40 minutes remaining.
14:44:10 (Game 66) - Initializing game with players: [ConfidencePlayer, MiniMaxRandomPlayer]
14:44:10 (Game 66) - Playing game...
14:50:20 (Game 66) - WARNING: This match contains errors from the following players: [ConfidencePlayer]
14:50:20 (Game 66) - Completed game with scores [100, 0]
14:50:20 (Game 66) - Cumulative scores: MiniMaxRandomPlayer=1900 ConfidencePlayer=4700 
14:50:20 (Game 66) - Saving match to file nineBoardTicTacToe-MiniMaxRandomPlayer-vs-ConfidencePlayer-20160506_074326/game66.json
14:50:20 - Finished 66 of 100 games in 426.67 minutes. Estimated 219.80 minutes remaining.
14:50:23 (Game 67) - Initializing game with players: [MiniMaxRandomPlayer, ConfidencePlayer]
14:50:23 (Game 67) - Playing game...
14:57:16 (Game 67) - WARNING: This match contains errors from the following players: [MiniMaxRandomPlayer]
14:57:16 (Game 67) - Completed game with scores [0, 100]
14:57:16 (Game 67) - Cumulative scores: MiniMaxRandomPlayer=1900 ConfidencePlayer=4800 
14:57:16 (Game 67) - Saving match to file nineBoardTicTacToe-MiniMaxRandomPlayer-vs-ConfidencePlayer-20160506_074326/game67.json
14:57:16 - Finished 67 of 100 games in 433.60 minutes. Estimated 213.57 minutes remaining.
14:57:19 (Game 68) - Initializing game with players: [ConfidencePlayer, MiniMaxRandomPlayer]
14:57:19 (Game 68) - Playing game...
15:05:10 (Game 68) - WARNING: This match contains errors from the following players: [ConfidencePlayer]
15:05:10 (Game 68) - Completed game with scores [0, 100]
15:05:10 (Game 68) - Cumulative scores: MiniMaxRandomPlayer=2000 ConfidencePlayer=4800 
15:05:10 (Game 68) - Saving match to file nineBoardTicTacToe-MiniMaxRandomPlayer-vs-ConfidencePlayer-20160506_074326/game68.json
15:05:10 - Finished 68 of 100 games in 441.50 minutes. Estimated 207.76 minutes remaining.
15:05:13 (Game 69) - Initializing game with players: [MiniMaxRandomPlayer, ConfidencePlayer]
15:05:13 (Game 69) - Playing game...
15:11:29 (Game 69) - WARNING: This match contains errors from the following players: [MiniMaxRandomPlayer]
15:11:29 (Game 69) - Completed game with scores [0, 100]
15:11:29 (Game 69) - Cumulative scores: MiniMaxRandomPlayer=2000 ConfidencePlayer=4900 
15:11:29 (Game 69) - Saving match to file nineBoardTicTacToe-MiniMaxRandomPlayer-vs-ConfidencePlayer-20160506_074326/game69.json
15:11:29 - Finished 69 of 100 games in 447.82 minutes. Estimated 201.20 minutes remaining.
15:11:32 (Game 70) - Initializing game with players: [ConfidencePlayer, MiniMaxRandomPlayer]
15:11:32 (Game 70) - Playing game...
15:17:34 (Game 70) - WARNING: This match contains errors from the following players: [ConfidencePlayer]
15:17:34 (Game 70) - Completed game with scores [0, 100]
15:17:34 (Game 70) - Cumulative scores: MiniMaxRandomPlayer=2100 ConfidencePlayer=4900 
15:17:34 (Game 70) - Saving match to file nineBoardTicTacToe-MiniMaxRandomPlayer-vs-ConfidencePlayer-20160506_074326/game70.json
15:17:34 - Finished 70 of 100 games in 453.90 minutes. Estimated 194.53 minutes remaining.
15:17:37 (Game 71) - Initializing game with players: [MiniMaxRandomPlayer, ConfidencePlayer]
15:17:37 (Game 71) - Playing game...
15:25:05 (Game 71) - WARNING: This match contains errors from the following players: [MiniMaxRandomPlayer]
15:25:05 (Game 71) - Completed game with scores [0, 100]
15:25:05 (Game 71) - Cumulative scores: MiniMaxRandomPlayer=2100 ConfidencePlayer=5000 
15:25:05 (Game 71) - Saving match to file nineBoardTicTacToe-MiniMaxRandomPlayer-vs-ConfidencePlayer-20160506_074326/game71.json
15:25:06 - Finished 71 of 100 games in 461.43 minutes. Estimated 188.47 minutes remaining.
15:25:09 (Game 72) - Initializing game with players: [ConfidencePlayer, MiniMaxRandomPlayer]
15:25:09 (Game 72) - Playing game...
15:31:56 (Game 72) - WARNING: This match contains errors from the following players: [ConfidencePlayer]
15:31:56 (Game 72) - Completed game with scores [100, 0]
15:31:56 (Game 72) - Cumulative scores: MiniMaxRandomPlayer=2100 ConfidencePlayer=5100 
15:31:56 (Game 72) - Saving match to file nineBoardTicTacToe-MiniMaxRandomPlayer-vs-ConfidencePlayer-20160506_074326/game72.json
15:31:56 - Finished 72 of 100 games in 468.27 minutes. Estimated 182.10 minutes remaining.
15:31:59 (Game 73) - Initializing game with players: [MiniMaxRandomPlayer, ConfidencePlayer]
15:31:59 (Game 73) - Playing game...
15:38:43 (Game 73) - WARNING: This match contains errors from the following players: [MiniMaxRandomPlayer]
15:38:43 (Game 73) - Completed game with scores [100, 0]
15:38:43 (Game 73) - Cumulative scores: MiniMaxRandomPlayer=2200 ConfidencePlayer=5100 
15:38:43 (Game 73) - Saving match to file nineBoardTicTacToe-MiniMaxRandomPlayer-vs-ConfidencePlayer-20160506_074326/game73.json
15:38:43 - Finished 73 of 100 games in 475.05 minutes. Estimated 175.70 minutes remaining.
15:38:46 (Game 74) - Initializing game with players: [ConfidencePlayer, MiniMaxRandomPlayer]
15:38:46 (Game 74) - Playing game...
15:45:50 (Game 74) - WARNING: This match contains errors from the following players: [ConfidencePlayer]
15:45:50 (Game 74) - Completed game with scores [100, 0]
15:45:50 (Game 74) - Cumulative scores: MiniMaxRandomPlayer=2200 ConfidencePlayer=5200 
15:45:50 (Game 74) - Saving match to file nineBoardTicTacToe-MiniMaxRandomPlayer-vs-ConfidencePlayer-20160506_074326/game74.json
15:45:50 - Finished 74 of 100 games in 482.17 minutes. Estimated 169.41 minutes remaining.
15:45:53 (Game 75) - Initializing game with players: [MiniMaxRandomPlayer, ConfidencePlayer]
15:45:53 (Game 75) - Playing game...
15:51:51 (Game 75) - WARNING: This match contains errors from the following players: [MiniMaxRandomPlayer]
15:51:51 (Game 75) - Completed game with scores [0, 100]
15:51:51 (Game 75) - Cumulative scores: MiniMaxRandomPlayer=2200 ConfidencePlayer=5300 
15:51:51 (Game 75) - Saving match to file nineBoardTicTacToe-MiniMaxRandomPlayer-vs-ConfidencePlayer-20160506_074326/game75.json
15:51:51 - Finished 75 of 100 games in 488.19 minutes. Estimated 162.73 minutes remaining.
15:51:54 (Game 76) - Initializing game with players: [ConfidencePlayer, MiniMaxRandomPlayer]
15:51:54 (Game 76) - Playing game...
16:00:02 (Game 76) - WARNING: This match contains errors from the following players: [ConfidencePlayer]
16:00:02 (Game 76) - Completed game with scores [0, 100]
16:00:02 (Game 76) - Cumulative scores: MiniMaxRandomPlayer=2300 ConfidencePlayer=5300 
16:00:02 (Game 76) - Saving match to file nineBoardTicTacToe-MiniMaxRandomPlayer-vs-ConfidencePlayer-20160506_074326/game76.json
16:00:02 - Finished 76 of 100 games in 496.37 minutes. Estimated 156.75 minutes remaining.
16:00:05 (Game 77) - Initializing game with players: [MiniMaxRandomPlayer, ConfidencePlayer]
16:00:05 (Game 77) - Playing game...
16:06:03 (Game 77) - WARNING: This match contains errors from the following players: [MiniMaxRandomPlayer]
16:06:03 (Game 77) - Completed game with scores [0, 100]
16:06:03 (Game 77) - Cumulative scores: MiniMaxRandomPlayer=2300 ConfidencePlayer=5400 
16:06:03 (Game 77) - Saving match to file nineBoardTicTacToe-MiniMaxRandomPlayer-vs-ConfidencePlayer-20160506_074326/game77.json
16:06:03 - Finished 77 of 100 games in 502.39 minutes. Estimated 150.06 minutes remaining.
16:06:06 (Game 78) - Initializing game with players: [ConfidencePlayer, MiniMaxRandomPlayer]
16:06:06 (Game 78) - Playing game...
16:11:58 (Game 78) - WARNING: This match contains errors from the following players: [ConfidencePlayer]
16:11:58 (Game 78) - Completed game with scores [100, 0]
16:11:58 (Game 78) - Cumulative scores: MiniMaxRandomPlayer=2300 ConfidencePlayer=5500 
16:11:58 (Game 78) - Saving match to file nineBoardTicTacToe-MiniMaxRandomPlayer-vs-ConfidencePlayer-20160506_074326/game78.json
16:11:58 - Finished 78 of 100 games in 508.30 minutes. Estimated 143.37 minutes remaining.
16:12:01 (Game 79) - Initializing game with players: [MiniMaxRandomPlayer, ConfidencePlayer]
16:12:01 (Game 79) - Playing game...
16:18:08 (Game 79) - WARNING: This match contains errors from the following players: [MiniMaxRandomPlayer]
16:18:08 (Game 79) - Completed game with scores [100, 0]
16:18:08 (Game 79) - Cumulative scores: MiniMaxRandomPlayer=2400 ConfidencePlayer=5500 
16:18:08 (Game 79) - Saving match to file nineBoardTicTacToe-MiniMaxRandomPlayer-vs-ConfidencePlayer-20160506_074326/game79.json
16:18:08 - Finished 79 of 100 games in 514.47 minutes. Estimated 136.76 minutes remaining.
16:18:11 (Game 80) - Initializing game with players: [ConfidencePlayer, MiniMaxRandomPlayer]
16:18:11 (Game 80) - Playing game...
16:24:39 (Game 80) - WARNING: This match contains errors from the following players: [ConfidencePlayer]
16:24:39 (Game 80) - Completed game with scores [100, 0]
16:24:39 (Game 80) - Cumulative scores: MiniMaxRandomPlayer=2400 ConfidencePlayer=5600 
16:24:39 (Game 80) - Saving match to file nineBoardTicTacToe-MiniMaxRandomPlayer-vs-ConfidencePlayer-20160506_074326/game80.json
16:24:39 - Finished 80 of 100 games in 520.98 minutes. Estimated 130.25 minutes remaining.
16:24:42 (Game 81) - Initializing game with players: [MiniMaxRandomPlayer, ConfidencePlayer]
16:24:42 (Game 81) - Playing game...
16:30:23 (Game 81) - WARNING: This match contains errors from the following players: [MiniMaxRandomPlayer]
16:30:23 (Game 81) - Completed game with scores [0, 100]
16:30:23 (Game 81) - Cumulative scores: MiniMaxRandomPlayer=2400 ConfidencePlayer=5700 
16:30:23 (Game 81) - Saving match to file nineBoardTicTacToe-MiniMaxRandomPlayer-vs-ConfidencePlayer-20160506_074326/game81.json
16:30:23 - Finished 81 of 100 games in 526.72 minutes. Estimated 123.55 minutes remaining.
16:30:26 (Game 82) - Initializing game with players: [ConfidencePlayer, MiniMaxRandomPlayer]
16:30:26 (Game 82) - Playing game...
16:36:36 (Game 82) - WARNING: This match contains errors from the following players: [ConfidencePlayer]
16:36:36 (Game 82) - Completed game with scores [100, 0]
16:36:36 (Game 82) - Cumulative scores: MiniMaxRandomPlayer=2400 ConfidencePlayer=5800 
16:36:36 (Game 82) - Saving match to file nineBoardTicTacToe-MiniMaxRandomPlayer-vs-ConfidencePlayer-20160506_074326/game82.json
16:36:36 - Finished 82 of 100 games in 532.94 minutes. Estimated 116.99 minutes remaining.
16:36:39 (Game 83) - Initializing game with players: [MiniMaxRandomPlayer, ConfidencePlayer]
16:36:39 (Game 83) - Playing game...
16:43:51 (Game 83) - WARNING: This match contains errors from the following players: [MiniMaxRandomPlayer]
16:43:51 (Game 83) - Completed game with scores [0, 100]
16:43:51 (Game 83) - Cumulative scores: MiniMaxRandomPlayer=2400 ConfidencePlayer=5900 
16:43:51 (Game 83) - Saving match to file nineBoardTicTacToe-MiniMaxRandomPlayer-vs-ConfidencePlayer-20160506_074326/game83.json
16:43:51 - Finished 83 of 100 games in 540.18 minutes. Estimated 110.64 minutes remaining.
16:43:54 (Game 84) - Initializing game with players: [ConfidencePlayer, MiniMaxRandomPlayer]
16:43:54 (Game 84) - Playing game...
16:50:59 (Game 84) - WARNING: This match contains errors from the following players: [ConfidencePlayer]
16:50:59 (Game 84) - Completed game with scores [100, 0]
16:50:59 (Game 84) - Cumulative scores: MiniMaxRandomPlayer=2400 ConfidencePlayer=6000 
16:50:59 (Game 84) - Saving match to file nineBoardTicTacToe-MiniMaxRandomPlayer-vs-ConfidencePlayer-20160506_074326/game84.json
16:50:59 - Finished 84 of 100 games in 547.32 minutes. Estimated 104.25 minutes remaining.
16:51:02 (Game 85) - Initializing game with players: [MiniMaxRandomPlayer, ConfidencePlayer]
16:51:02 (Game 85) - Playing game...
16:58:50 (Game 85) - WARNING: This match contains errors from the following players: [MiniMaxRandomPlayer]
16:58:50 (Game 85) - Completed game with scores [0, 100]
16:58:50 (Game 85) - Cumulative scores: MiniMaxRandomPlayer=2400 ConfidencePlayer=6100 
16:58:50 (Game 85) - Saving match to file nineBoardTicTacToe-MiniMaxRandomPlayer-vs-ConfidencePlayer-20160506_074326/game85.json
16:58:50 - Finished 85 of 100 games in 555.18 minutes. Estimated 97.97 minutes remaining.
16:58:54 (Game 86) - Initializing game with players: [ConfidencePlayer, MiniMaxRandomPlayer]
16:58:54 (Game 86) - Playing game...
17:06:08 (Game 86) - WARNING: This match contains errors from the following players: [ConfidencePlayer]
17:06:08 (Game 86) - Completed game with scores [0, 100]
17:06:08 (Game 86) - Cumulative scores: MiniMaxRandomPlayer=2500 ConfidencePlayer=6100 
17:06:08 (Game 86) - Saving match to file nineBoardTicTacToe-MiniMaxRandomPlayer-vs-ConfidencePlayer-20160506_074326/game86.json
17:06:08 - Finished 86 of 100 games in 562.47 minutes. Estimated 91.57 minutes remaining.
17:06:11 (Game 87) - Initializing game with players: [MiniMaxRandomPlayer, ConfidencePlayer]
17:06:11 (Game 87) - Playing game...
17:13:05 (Game 87) - WARNING: This match contains errors from the following players: [MiniMaxRandomPlayer]
17:13:05 (Game 87) - Completed game with scores [0, 100]
17:13:05 (Game 87) - Cumulative scores: MiniMaxRandomPlayer=2500 ConfidencePlayer=6200 
17:13:05 (Game 87) - Saving match to file nineBoardTicTacToe-MiniMaxRandomPlayer-vs-ConfidencePlayer-20160506_074326/game87.json
17:13:05 - Finished 87 of 100 games in 569.43 minutes. Estimated 85.09 minutes remaining.
17:13:08 (Game 88) - Initializing game with players: [ConfidencePlayer, MiniMaxRandomPlayer]
17:13:08 (Game 88) - Playing game...
17:20:13 (Game 88) - WARNING: This match contains errors from the following players: [ConfidencePlayer]
17:20:13 (Game 88) - Completed game with scores [100, 0]
17:20:13 (Game 88) - Cumulative scores: MiniMaxRandomPlayer=2500 ConfidencePlayer=6300 
17:20:13 (Game 88) - Saving match to file nineBoardTicTacToe-MiniMaxRandomPlayer-vs-ConfidencePlayer-20160506_074326/game88.json
17:20:13 - Finished 88 of 100 games in 576.56 minutes. Estimated 78.62 minutes remaining.
17:20:16 (Game 89) - Initializing game with players: [MiniMaxRandomPlayer, ConfidencePlayer]
17:20:16 (Game 89) - Playing game...
17:26:17 (Game 89) - WARNING: This match contains errors from the following players: [MiniMaxRandomPlayer]
17:26:17 (Game 89) - Completed game with scores [0, 100]
17:26:17 (Game 89) - Cumulative scores: MiniMaxRandomPlayer=2500 ConfidencePlayer=6400 
17:26:17 (Game 89) - Saving match to file nineBoardTicTacToe-MiniMaxRandomPlayer-vs-ConfidencePlayer-20160506_074326/game89.json
17:26:17 - Finished 89 of 100 games in 582.62 minutes. Estimated 72.01 minutes remaining.
17:26:20 (Game 90) - Initializing game with players: [ConfidencePlayer, MiniMaxRandomPlayer]
17:26:20 (Game 90) - Playing game...
17:33:52 (Game 90) - WARNING: This match contains errors from the following players: [ConfidencePlayer]
17:33:52 (Game 90) - Completed game with scores [0, 100]
17:33:52 (Game 90) - Cumulative scores: MiniMaxRandomPlayer=2600 ConfidencePlayer=6400 
17:33:52 (Game 90) - Saving match to file nineBoardTicTacToe-MiniMaxRandomPlayer-vs-ConfidencePlayer-20160506_074326/game90.json
17:33:52 - Finished 90 of 100 games in 590.21 minutes. Estimated 65.58 minutes remaining.
17:33:55 (Game 91) - Initializing game with players: [MiniMaxRandomPlayer, ConfidencePlayer]
17:33:55 (Game 91) - Playing game...
17:40:32 (Game 91) - WARNING: This match contains errors from the following players: [MiniMaxRandomPlayer]
17:40:32 (Game 91) - Completed game with scores [0, 100]
17:40:32 (Game 91) - Cumulative scores: MiniMaxRandomPlayer=2600 ConfidencePlayer=6500 
17:40:32 (Game 91) - Saving match to file nineBoardTicTacToe-MiniMaxRandomPlayer-vs-ConfidencePlayer-20160506_074326/game91.json
17:40:32 - Finished 91 of 100 games in 596.87 minutes. Estimated 59.03 minutes remaining.
17:40:35 (Game 92) - Initializing game with players: [ConfidencePlayer, MiniMaxRandomPlayer]
17:40:35 (Game 92) - Playing game...
17:47:14 (Game 92) - WARNING: This match contains errors from the following players: [ConfidencePlayer]
17:47:14 (Game 92) - Completed game with scores [100, 0]
17:47:14 (Game 92) - Cumulative scores: MiniMaxRandomPlayer=2600 ConfidencePlayer=6600 
17:47:14 (Game 92) - Saving match to file nineBoardTicTacToe-MiniMaxRandomPlayer-vs-ConfidencePlayer-20160506_074326/game92.json
17:47:14 - Finished 92 of 100 games in 603.57 minutes. Estimated 52.48 minutes remaining.
17:47:17 (Game 93) - Initializing game with players: [MiniMaxRandomPlayer, ConfidencePlayer]
17:47:17 (Game 93) - Playing game...
17:53:54 (Game 93) - WARNING: This match contains errors from the following players: [MiniMaxRandomPlayer]
17:53:54 (Game 93) - Completed game with scores [100, 0]
17:53:54 (Game 93) - Cumulative scores: MiniMaxRandomPlayer=2700 ConfidencePlayer=6600 
17:53:54 (Game 93) - Saving match to file nineBoardTicTacToe-MiniMaxRandomPlayer-vs-ConfidencePlayer-20160506_074326/game93.json
17:53:54 - Finished 93 of 100 games in 610.24 minutes. Estimated 45.93 minutes remaining.
17:53:57 (Game 94) - Initializing game with players: [ConfidencePlayer, MiniMaxRandomPlayer]
17:53:57 (Game 94) - Playing game...
18:00:45 (Game 94) - WARNING: This match contains errors from the following players: [ConfidencePlayer]
18:00:45 (Game 94) - Completed game with scores [100, 0]
18:00:45 (Game 94) - Cumulative scores: MiniMaxRandomPlayer=2700 ConfidencePlayer=6700 
18:00:45 (Game 94) - Saving match to file nineBoardTicTacToe-MiniMaxRandomPlayer-vs-ConfidencePlayer-20160506_074326/game94.json
18:00:45 - Finished 94 of 100 games in 617.09 minutes. Estimated 39.39 minutes remaining.
18:00:48 (Game 95) - Initializing game with players: [MiniMaxRandomPlayer, ConfidencePlayer]
18:00:48 (Game 95) - Playing game...
18:05:36 (Game 95) - WARNING: This match contains errors from the following players: [MiniMaxRandomPlayer]
18:05:36 (Game 95) - Completed game with scores [0, 100]
18:05:36 (Game 95) - Cumulative scores: MiniMaxRandomPlayer=2700 ConfidencePlayer=6800 
18:05:36 (Game 95) - Saving match to file nineBoardTicTacToe-MiniMaxRandomPlayer-vs-ConfidencePlayer-20160506_074326/game95.json
18:05:36 - Finished 95 of 100 games in 621.93 minutes. Estimated 32.73 minutes remaining.
18:05:39 (Game 96) - Initializing game with players: [ConfidencePlayer, MiniMaxRandomPlayer]
18:05:39 (Game 96) - Playing game...
18:11:50 (Game 96) - WARNING: This match contains errors from the following players: [ConfidencePlayer]
18:11:50 (Game 96) - Completed game with scores [100, 0]
18:11:50 (Game 96) - Cumulative scores: MiniMaxRandomPlayer=2700 ConfidencePlayer=6900 
18:11:50 (Game 96) - Saving match to file nineBoardTicTacToe-MiniMaxRandomPlayer-vs-ConfidencePlayer-20160506_074326/game96.json
18:11:50 - Finished 96 of 100 games in 628.17 minutes. Estimated 26.17 minutes remaining.
18:11:53 (Game 97) - Initializing game with players: [MiniMaxRandomPlayer, ConfidencePlayer]
18:11:53 (Game 97) - Playing game...
18:17:54 (Game 97) - WARNING: This match contains errors from the following players: [MiniMaxRandomPlayer]
18:17:54 (Game 97) - Completed game with scores [0, 100]
18:17:54 (Game 97) - Cumulative scores: MiniMaxRandomPlayer=2700 ConfidencePlayer=7000 
18:17:54 (Game 97) - Saving match to file nineBoardTicTacToe-MiniMaxRandomPlayer-vs-ConfidencePlayer-20160506_074326/game97.json
18:17:54 - Finished 97 of 100 games in 634.23 minutes. Estimated 19.62 minutes remaining.
18:17:57 (Game 98) - Initializing game with players: [ConfidencePlayer, MiniMaxRandomPlayer]
18:17:57 (Game 98) - Playing game...
18:24:45 (Game 98) - WARNING: This match contains errors from the following players: [ConfidencePlayer]
18:24:45 (Game 98) - Completed game with scores [100, 0]
18:24:45 (Game 98) - Cumulative scores: MiniMaxRandomPlayer=2700 ConfidencePlayer=7100 
18:24:45 (Game 98) - Saving match to file nineBoardTicTacToe-MiniMaxRandomPlayer-vs-ConfidencePlayer-20160506_074326/game98.json
18:24:45 - Finished 98 of 100 games in 641.08 minutes. Estimated 13.08 minutes remaining.
18:24:48 (Game 99) - Initializing game with players: [MiniMaxRandomPlayer, ConfidencePlayer]
18:24:48 (Game 99) - Playing game...
18:32:09 (Game 99) - WARNING: This match contains errors from the following players: [MiniMaxRandomPlayer]
18:32:09 (Game 99) - Completed game with scores [0, 100]
18:32:09 (Game 99) - Cumulative scores: MiniMaxRandomPlayer=2700 ConfidencePlayer=7200 
18:32:09 (Game 99) - Saving match to file nineBoardTicTacToe-MiniMaxRandomPlayer-vs-ConfidencePlayer-20160506_074326/game99.json
18:32:09 - Finished 99 of 100 games in 648.49 minutes. Estimated 6.55 minutes remaining.
18:32:12 (Game 100) - Initializing game with players: [ConfidencePlayer, MiniMaxRandomPlayer]
18:32:12 (Game 100) - Playing game...
18:38:43 (Game 100) - WARNING: This match contains errors from the following players: [ConfidencePlayer]
18:38:43 (Game 100) - Completed game with scores [0, 100]
18:38:43 (Game 100) - Cumulative scores: MiniMaxRandomPlayer=2800 ConfidencePlayer=7200 
18:38:43 (Game 100) - Saving match to file nineBoardTicTacToe-MiniMaxRandomPlayer-vs-ConfidencePlayer-20160506_074326/game100.json
18:38:43 - Finished 100 of 100 games in 655.05 minutes. Estimated 0.00 minutes remaining.
18:38:43 - Successfully finished tournament. 100 matches contained errors.
18:38:43 - Average player scores: MiniMaxRandomPlayer=28.0000 ConfidencePlayer=72.0000 
