22:23:19 (Game 1) - Initializing game with players: [MiniMaxRandomPlayer, LearningPlayer]
22:23:19 (Game 1) - Playing game...
22:24:57 (Game 1) - WARNING: This match contains errors from the following players: [MiniMaxRandomPlayer]
22:24:57 (Game 1) - Completed game with scores [100, 0]
22:24:57 (Game 1) - Cumulative scores: MiniMaxRandomPlayer=100 LearningPlayer=0 
22:24:57 (Game 1) - Saving match to file nineBoardTicTacToe-MiniMaxRandomPlayer-vs-LearningPlayer-20160503_222301/game1.json
22:24:57 - Finished 1 of 100 games in 1.69 minutes. Estimated 166.82 minutes remaining.
22:25:00 (Game 2) - Initializing game with players: [LearningPlayer, MiniMaxRandomPlayer]
22:25:00 (Game 2) - Playing game...
22:26:25 (Game 2) - WARNING: This match contains errors from the following players: [LearningPlayer]
22:26:25 (Game 2) - Completed game with scores [0, 100]
22:26:25 (Game 2) - Cumulative scores: MiniMaxRandomPlayer=200 LearningPlayer=0 
22:26:25 (Game 2) - Saving match to file nineBoardTicTacToe-MiniMaxRandomPlayer-vs-LearningPlayer-20160503_222301/game2.json
22:26:25 - Finished 2 of 100 games in 3.15 minutes. Estimated 154.36 minutes remaining.
22:26:28 (Game 3) - Initializing game with players: [MiniMaxRandomPlayer, LearningPlayer]
22:26:28 (Game 3) - Playing game...
22:28:05 (Game 3) - WARNING: This match contains errors from the following players: [MiniMaxRandomPlayer]
22:28:05 (Game 3) - Completed game with scores [0, 100]
22:28:05 (Game 3) - Cumulative scores: MiniMaxRandomPlayer=200 LearningPlayer=100 
22:28:05 (Game 3) - Saving match to file nineBoardTicTacToe-MiniMaxRandomPlayer-vs-LearningPlayer-20160503_222301/game3.json
22:28:05 - Finished 3 of 100 games in 4.82 minutes. Estimated 155.82 minutes remaining.
22:28:08 (Game 4) - Initializing game with players: [LearningPlayer, MiniMaxRandomPlayer]
22:28:08 (Game 4) - Playing game...
22:29:39 (Game 4) - WARNING: This match contains errors from the following players: [LearningPlayer]
22:29:39 (Game 4) - Completed game with scores [0, 100]
22:29:39 (Game 4) - Cumulative scores: MiniMaxRandomPlayer=300 LearningPlayer=100 
22:29:39 (Game 4) - Saving match to file nineBoardTicTacToe-MiniMaxRandomPlayer-vs-LearningPlayer-20160503_222301/game4.json
22:29:39 - Finished 4 of 100 games in 6.39 minutes. Estimated 153.32 minutes remaining.
22:29:42 (Game 5) - Initializing game with players: [MiniMaxRandomPlayer, LearningPlayer]
22:29:42 (Game 5) - Playing game...
22:31:15 (Game 5) - WARNING: This match contains errors from the following players: [MiniMaxRandomPlayer]
22:31:15 (Game 5) - Completed game with scores [100, 0]
22:31:15 (Game 5) - Cumulative scores: MiniMaxRandomPlayer=400 LearningPlayer=100 
22:31:15 (Game 5) - Saving match to file nineBoardTicTacToe-MiniMaxRandomPlayer-vs-LearningPlayer-20160503_222301/game5.json
22:31:15 - Finished 5 of 100 games in 7.98 minutes. Estimated 151.69 minutes remaining.
22:31:18 (Game 6) - Initializing game with players: [LearningPlayer, MiniMaxRandomPlayer]
22:31:18 (Game 6) - Playing game...
22:32:41 (Game 6) - WARNING: This match contains errors from the following players: [LearningPlayer]
22:32:41 (Game 6) - Completed game with scores [100, 0]
22:32:41 (Game 6) - Cumulative scores: MiniMaxRandomPlayer=400 LearningPlayer=200 
22:32:41 (Game 6) - Saving match to file nineBoardTicTacToe-MiniMaxRandomPlayer-vs-LearningPlayer-20160503_222301/game6.json
22:32:41 - Finished 6 of 100 games in 9.42 minutes. Estimated 147.51 minutes remaining.
22:32:44 (Game 7) - Initializing game with players: [MiniMaxRandomPlayer, LearningPlayer]
22:32:44 (Game 7) - Playing game...
22:34:24 (Game 7) - WARNING: This match contains errors from the following players: [MiniMaxRandomPlayer]
22:34:24 (Game 7) - Completed game with scores [0, 100]
22:34:24 (Game 7) - Cumulative scores: MiniMaxRandomPlayer=400 LearningPlayer=300 
22:34:24 (Game 7) - Saving match to file nineBoardTicTacToe-MiniMaxRandomPlayer-vs-LearningPlayer-20160503_222301/game7.json
22:34:24 - Finished 7 of 100 games in 11.13 minutes. Estimated 147.86 minutes remaining.
22:34:27 (Game 8) - Initializing game with players: [LearningPlayer, MiniMaxRandomPlayer]
22:34:27 (Game 8) - Playing game...
22:35:56 (Game 8) - WARNING: This match contains errors from the following players: [LearningPlayer]
22:35:56 (Game 8) - Completed game with scores [0, 100]
22:35:56 (Game 8) - Cumulative scores: MiniMaxRandomPlayer=500 LearningPlayer=300 
22:35:56 (Game 8) - Saving match to file nineBoardTicTacToe-MiniMaxRandomPlayer-vs-LearningPlayer-20160503_222301/game8.json
22:35:56 - Finished 8 of 100 games in 12.66 minutes. Estimated 145.59 minutes remaining.
22:35:59 (Game 9) - Initializing game with players: [MiniMaxRandomPlayer, LearningPlayer]
22:35:59 (Game 9) - Playing game...
22:37:27 (Game 9) - WARNING: This match contains errors from the following players: [MiniMaxRandomPlayer]
22:37:27 (Game 9) - Completed game with scores [0, 100]
22:37:27 (Game 9) - Cumulative scores: MiniMaxRandomPlayer=500 LearningPlayer=400 
22:37:27 (Game 9) - Saving match to file nineBoardTicTacToe-MiniMaxRandomPlayer-vs-LearningPlayer-20160503_222301/game9.json
22:37:27 - Finished 9 of 100 games in 14.18 minutes. Estimated 143.34 minutes remaining.
22:37:30 (Game 10) - Initializing game with players: [LearningPlayer, MiniMaxRandomPlayer]
22:37:30 (Game 10) - Playing game...
22:38:47 (Game 10) - WARNING: This match contains errors from the following players: [LearningPlayer]
22:38:47 (Game 10) - Completed game with scores [100, 0]
22:38:47 (Game 10) - Cumulative scores: MiniMaxRandomPlayer=500 LearningPlayer=500 
22:38:47 (Game 10) - Saving match to file nineBoardTicTacToe-MiniMaxRandomPlayer-vs-LearningPlayer-20160503_222301/game10.json
22:38:47 - Finished 10 of 100 games in 15.52 minutes. Estimated 139.64 minutes remaining.
22:38:50 (Game 11) - Initializing game with players: [MiniMaxRandomPlayer, LearningPlayer]
22:38:50 (Game 11) - Playing game...
22:40:26 (Game 11) - WARNING: This match contains errors from the following players: [MiniMaxRandomPlayer]
22:40:26 (Game 11) - Completed game with scores [0, 100]
22:40:26 (Game 11) - Cumulative scores: MiniMaxRandomPlayer=500 LearningPlayer=600 
22:40:26 (Game 11) - Saving match to file nineBoardTicTacToe-MiniMaxRandomPlayer-vs-LearningPlayer-20160503_222301/game11.json
22:40:26 - Finished 11 of 100 games in 17.17 minutes. Estimated 138.92 minutes remaining.
22:40:29 (Game 12) - Initializing game with players: [LearningPlayer, MiniMaxRandomPlayer]
22:40:29 (Game 12) - Playing game...
22:41:47 (Game 12) - WARNING: This match contains errors from the following players: [LearningPlayer]
22:41:47 (Game 12) - Completed game with scores [0, 100]
22:41:47 (Game 12) - Cumulative scores: MiniMaxRandomPlayer=600 LearningPlayer=600 
22:41:47 (Game 12) - Saving match to file nineBoardTicTacToe-MiniMaxRandomPlayer-vs-LearningPlayer-20160503_222301/game12.json
22:41:47 - Finished 12 of 100 games in 18.52 minutes. Estimated 135.79 minutes remaining.
22:41:50 (Game 13) - Initializing game with players: [MiniMaxRandomPlayer, LearningPlayer]
22:41:50 (Game 13) - Playing game...
22:43:23 (Game 13) - WARNING: This match contains errors from the following players: [MiniMaxRandomPlayer]
22:43:23 (Game 13) - Completed game with scores [0, 100]
22:43:23 (Game 13) - Cumulative scores: MiniMaxRandomPlayer=600 LearningPlayer=700 
22:43:23 (Game 13) - Saving match to file nineBoardTicTacToe-MiniMaxRandomPlayer-vs-LearningPlayer-20160503_222301/game13.json
22:43:23 - Finished 13 of 100 games in 20.11 minutes. Estimated 134.61 minutes remaining.
22:43:26 (Game 14) - Initializing game with players: [LearningPlayer, MiniMaxRandomPlayer]
22:43:26 (Game 14) - Playing game...
22:44:52 (Game 14) - WARNING: This match contains errors from the following players: [LearningPlayer]
22:44:52 (Game 14) - Completed game with scores [0, 100]
22:44:52 (Game 14) - Cumulative scores: MiniMaxRandomPlayer=700 LearningPlayer=700 
22:44:52 (Game 14) - Saving match to file nineBoardTicTacToe-MiniMaxRandomPlayer-vs-LearningPlayer-20160503_222301/game14.json
22:44:52 - Finished 14 of 100 games in 21.59 minutes. Estimated 132.63 minutes remaining.
22:44:55 (Game 15) - Initializing game with players: [MiniMaxRandomPlayer, LearningPlayer]
22:44:55 (Game 15) - Playing game...
22:46:27 (Game 15) - WARNING: This match contains errors from the following players: [MiniMaxRandomPlayer]
22:46:27 (Game 15) - Completed game with scores [100, 0]
22:46:27 (Game 15) - Cumulative scores: MiniMaxRandomPlayer=800 LearningPlayer=700 
22:46:27 (Game 15) - Saving match to file nineBoardTicTacToe-MiniMaxRandomPlayer-vs-LearningPlayer-20160503_222301/game15.json
22:46:27 - Finished 15 of 100 games in 23.19 minutes. Estimated 131.38 minutes remaining.
22:46:30 (Game 16) - Initializing game with players: [LearningPlayer, MiniMaxRandomPlayer]
22:46:30 (Game 16) - Playing game...
22:48:00 (Game 16) - WARNING: This match contains errors from the following players: [LearningPlayer]
22:48:00 (Game 16) - Completed game with scores [100, 0]
22:48:00 (Game 16) - Cumulative scores: MiniMaxRandomPlayer=800 LearningPlayer=800 
22:48:00 (Game 16) - Saving match to file nineBoardTicTacToe-MiniMaxRandomPlayer-vs-LearningPlayer-20160503_222301/game16.json
22:48:00 - Finished 16 of 100 games in 24.73 minutes. Estimated 129.82 minutes remaining.
22:48:03 (Game 17) - Initializing game with players: [MiniMaxRandomPlayer, LearningPlayer]
22:48:03 (Game 17) - Playing game...
22:49:33 (Game 17) - WARNING: This match contains errors from the following players: [MiniMaxRandomPlayer]
22:49:33 (Game 17) - Completed game with scores [0, 100]
22:49:33 (Game 17) - Cumulative scores: MiniMaxRandomPlayer=800 LearningPlayer=900 
22:49:33 (Game 17) - Saving match to file nineBoardTicTacToe-MiniMaxRandomPlayer-vs-LearningPlayer-20160503_222301/game17.json
22:49:33 - Finished 17 of 100 games in 26.28 minutes. Estimated 128.31 minutes remaining.
22:49:36 (Game 18) - Initializing game with players: [LearningPlayer, MiniMaxRandomPlayer]
22:49:36 (Game 18) - Playing game...
22:51:01 (Game 18) - WARNING: This match contains errors from the following players: [LearningPlayer]
22:51:01 (Game 18) - Completed game with scores [100, 0]
22:51:01 (Game 18) - Cumulative scores: MiniMaxRandomPlayer=800 LearningPlayer=1000 
22:51:01 (Game 18) - Saving match to file nineBoardTicTacToe-MiniMaxRandomPlayer-vs-LearningPlayer-20160503_222301/game18.json
22:51:01 - Finished 18 of 100 games in 27.75 minutes. Estimated 126.39 minutes remaining.
22:51:04 (Game 19) - Initializing game with players: [MiniMaxRandomPlayer, LearningPlayer]
22:51:04 (Game 19) - Playing game...
22:52:38 (Game 19) - WARNING: This match contains errors from the following players: [MiniMaxRandomPlayer]
22:52:38 (Game 19) - Completed game with scores [0, 100]
22:52:38 (Game 19) - Cumulative scores: MiniMaxRandomPlayer=800 LearningPlayer=1100 
22:52:38 (Game 19) - Saving match to file nineBoardTicTacToe-MiniMaxRandomPlayer-vs-LearningPlayer-20160503_222301/game19.json
22:52:38 - Finished 19 of 100 games in 29.37 minutes. Estimated 125.20 minutes remaining.
22:52:41 (Game 20) - Initializing game with players: [LearningPlayer, MiniMaxRandomPlayer]
22:52:41 (Game 20) - Playing game...
22:54:06 (Game 20) - WARNING: This match contains errors from the following players: [LearningPlayer]
22:54:06 (Game 20) - Completed game with scores [0, 100]
22:54:06 (Game 20) - Cumulative scores: MiniMaxRandomPlayer=900 LearningPlayer=1100 
22:54:06 (Game 20) - Saving match to file nineBoardTicTacToe-MiniMaxRandomPlayer-vs-LearningPlayer-20160503_222301/game20.json
22:54:06 - Finished 20 of 100 games in 30.84 minutes. Estimated 123.34 minutes remaining.
22:54:09 (Game 21) - Initializing game with players: [MiniMaxRandomPlayer, LearningPlayer]
22:54:09 (Game 21) - Playing game...
22:55:44 (Game 21) - WARNING: This match contains errors from the following players: [MiniMaxRandomPlayer]
22:55:44 (Game 21) - Completed game with scores [100, 0]
22:55:44 (Game 21) - Cumulative scores: MiniMaxRandomPlayer=1000 LearningPlayer=1100 
22:55:44 (Game 21) - Saving match to file nineBoardTicTacToe-MiniMaxRandomPlayer-vs-LearningPlayer-20160503_222301/game21.json
22:55:44 - Finished 21 of 100 games in 32.47 minutes. Estimated 122.14 minutes remaining.
22:55:47 (Game 22) - Initializing game with players: [LearningPlayer, MiniMaxRandomPlayer]
22:55:47 (Game 22) - Playing game...
22:57:15 (Game 22) - WARNING: This match contains errors from the following players: [LearningPlayer]
22:57:15 (Game 22) - Completed game with scores [0, 100]
22:57:15 (Game 22) - Cumulative scores: MiniMaxRandomPlayer=1100 LearningPlayer=1100 
22:57:15 (Game 22) - Saving match to file nineBoardTicTacToe-MiniMaxRandomPlayer-vs-LearningPlayer-20160503_222301/game22.json
22:57:15 - Finished 22 of 100 games in 33.98 minutes. Estimated 120.47 minutes remaining.
22:57:18 (Game 23) - Initializing game with players: [MiniMaxRandomPlayer, LearningPlayer]
22:57:18 (Game 23) - Playing game...
22:58:49 (Game 23) - WARNING: This match contains errors from the following players: [MiniMaxRandomPlayer]
22:58:49 (Game 23) - Completed game with scores [0, 100]
22:58:49 (Game 23) - Cumulative scores: MiniMaxRandomPlayer=1100 LearningPlayer=1200 
22:58:49 (Game 23) - Saving match to file nineBoardTicTacToe-MiniMaxRandomPlayer-vs-LearningPlayer-20160503_222301/game23.json
22:58:49 - Finished 23 of 100 games in 35.55 minutes. Estimated 119.01 minutes remaining.
22:58:52 (Game 24) - Initializing game with players: [LearningPlayer, MiniMaxRandomPlayer]
22:58:52 (Game 24) - Playing game...
23:00:09 (Game 24) - WARNING: This match contains errors from the following players: [LearningPlayer]
23:00:09 (Game 24) - Completed game with scores [100, 0]
23:00:09 (Game 24) - Cumulative scores: MiniMaxRandomPlayer=1100 LearningPlayer=1300 
23:00:09 (Game 24) - Saving match to file nineBoardTicTacToe-MiniMaxRandomPlayer-vs-LearningPlayer-20160503_222301/game24.json
23:00:09 - Finished 24 of 100 games in 36.88 minutes. Estimated 116.78 minutes remaining.
23:00:12 (Game 25) - Initializing game with players: [MiniMaxRandomPlayer, LearningPlayer]
23:00:12 (Game 25) - Playing game...
23:01:45 (Game 25) - WARNING: This match contains errors from the following players: [MiniMaxRandomPlayer]
23:01:45 (Game 25) - Completed game with scores [0, 100]
23:01:45 (Game 25) - Cumulative scores: MiniMaxRandomPlayer=1100 LearningPlayer=1400 
23:01:45 (Game 25) - Saving match to file nineBoardTicTacToe-MiniMaxRandomPlayer-vs-LearningPlayer-20160503_222301/game25.json
23:01:45 - Finished 25 of 100 games in 38.48 minutes. Estimated 115.43 minutes remaining.
23:01:48 (Game 26) - Initializing game with players: [LearningPlayer, MiniMaxRandomPlayer]
23:01:48 (Game 26) - Playing game...
23:03:15 (Game 26) - WARNING: This match contains errors from the following players: [LearningPlayer]
23:03:15 (Game 26) - Completed game with scores [100, 0]
23:03:15 (Game 26) - Cumulative scores: MiniMaxRandomPlayer=1100 LearningPlayer=1500 
23:03:15 (Game 26) - Saving match to file nineBoardTicTacToe-MiniMaxRandomPlayer-vs-LearningPlayer-20160503_222301/game26.json
23:03:15 - Finished 26 of 100 games in 39.97 minutes. Estimated 113.77 minutes remaining.
23:03:18 (Game 27) - Initializing game with players: [MiniMaxRandomPlayer, LearningPlayer]
23:03:18 (Game 27) - Playing game...
23:04:46 (Game 27) - WARNING: This match contains errors from the following players: [MiniMaxRandomPlayer]
23:04:46 (Game 27) - Completed game with scores [100, 0]
23:04:46 (Game 27) - Cumulative scores: MiniMaxRandomPlayer=1200 LearningPlayer=1500 
23:04:46 (Game 27) - Saving match to file nineBoardTicTacToe-MiniMaxRandomPlayer-vs-LearningPlayer-20160503_222301/game27.json
23:04:46 - Finished 27 of 100 games in 41.49 minutes. Estimated 112.18 minutes remaining.
23:04:49 (Game 28) - Initializing game with players: [LearningPlayer, MiniMaxRandomPlayer]
23:04:49 (Game 28) - Playing game...
23:06:09 (Game 28) - WARNING: This match contains errors from the following players: [LearningPlayer]
23:06:09 (Game 28) - Completed game with scores [100, 0]
23:06:09 (Game 28) - Cumulative scores: MiniMaxRandomPlayer=1200 LearningPlayer=1600 
23:06:09 (Game 28) - Saving match to file nineBoardTicTacToe-MiniMaxRandomPlayer-vs-LearningPlayer-20160503_222301/game28.json
23:06:09 - Finished 28 of 100 games in 42.88 minutes. Estimated 110.26 minutes remaining.
23:06:12 (Game 29) - Initializing game with players: [MiniMaxRandomPlayer, LearningPlayer]
23:06:12 (Game 29) - Playing game...
23:07:41 (Game 29) - WARNING: This match contains errors from the following players: [MiniMaxRandomPlayer]
23:07:41 (Game 29) - Completed game with scores [0, 100]
23:07:41 (Game 29) - Cumulative scores: MiniMaxRandomPlayer=1200 LearningPlayer=1700 
23:07:41 (Game 29) - Saving match to file nineBoardTicTacToe-MiniMaxRandomPlayer-vs-LearningPlayer-20160503_222301/game29.json
23:07:41 - Finished 29 of 100 games in 44.41 minutes. Estimated 108.73 minutes remaining.
23:07:44 (Game 30) - Initializing game with players: [LearningPlayer, MiniMaxRandomPlayer]
23:07:44 (Game 30) - Playing game...
23:09:08 (Game 30) - WARNING: This match contains errors from the following players: [LearningPlayer]
23:09:08 (Game 30) - Completed game with scores [100, 0]
23:09:08 (Game 30) - Cumulative scores: MiniMaxRandomPlayer=1200 LearningPlayer=1800 
23:09:08 (Game 30) - Saving match to file nineBoardTicTacToe-MiniMaxRandomPlayer-vs-LearningPlayer-20160503_222301/game30.json
23:09:08 - Finished 30 of 100 games in 45.86 minutes. Estimated 107.01 minutes remaining.
23:09:11 (Game 31) - Initializing game with players: [MiniMaxRandomPlayer, LearningPlayer]
23:09:11 (Game 31) - Playing game...
23:10:46 (Game 31) - WARNING: This match contains errors from the following players: [MiniMaxRandomPlayer]
23:10:46 (Game 31) - Completed game with scores [0, 100]
23:10:46 (Game 31) - Cumulative scores: MiniMaxRandomPlayer=1200 LearningPlayer=1900 
23:10:46 (Game 31) - Saving match to file nineBoardTicTacToe-MiniMaxRandomPlayer-vs-LearningPlayer-20160503_222301/game31.json
23:10:46 - Finished 31 of 100 games in 47.49 minutes. Estimated 105.71 minutes remaining.
23:10:49 (Game 32) - Initializing game with players: [LearningPlayer, MiniMaxRandomPlayer]
23:10:49 (Game 32) - Playing game...
23:12:02 (Game 32) - WARNING: This match contains errors from the following players: [LearningPlayer]
23:12:02 (Game 32) - Completed game with scores [100, 0]
23:12:02 (Game 32) - Cumulative scores: MiniMaxRandomPlayer=1200 LearningPlayer=2000 
23:12:02 (Game 32) - Saving match to file nineBoardTicTacToe-MiniMaxRandomPlayer-vs-LearningPlayer-20160503_222301/game32.json
23:12:02 - Finished 32 of 100 games in 48.76 minutes. Estimated 103.61 minutes remaining.
23:12:05 (Game 33) - Initializing game with players: [MiniMaxRandomPlayer, LearningPlayer]
23:12:05 (Game 33) - Playing game...
23:13:30 (Game 33) - WARNING: This match contains errors from the following players: [MiniMaxRandomPlayer]
23:13:30 (Game 33) - Completed game with scores [100, 0]
23:13:30 (Game 33) - Cumulative scores: MiniMaxRandomPlayer=1300 LearningPlayer=2000 
23:13:30 (Game 33) - Saving match to file nineBoardTicTacToe-MiniMaxRandomPlayer-vs-LearningPlayer-20160503_222301/game33.json
23:13:30 - Finished 33 of 100 games in 50.23 minutes. Estimated 101.97 minutes remaining.
23:13:33 (Game 34) - Initializing game with players: [LearningPlayer, MiniMaxRandomPlayer]
23:13:33 (Game 34) - Playing game...
23:14:49 (Game 34) - WARNING: This match contains errors from the following players: [LearningPlayer]
23:14:49 (Game 34) - Completed game with scores [0, 100]
23:14:49 (Game 34) - Cumulative scores: MiniMaxRandomPlayer=1400 LearningPlayer=2000 
23:14:49 (Game 34) - Saving match to file nineBoardTicTacToe-MiniMaxRandomPlayer-vs-LearningPlayer-20160503_222301/game34.json
23:14:49 - Finished 34 of 100 games in 51.54 minutes. Estimated 100.05 minutes remaining.
23:14:52 (Game 35) - Initializing game with players: [MiniMaxRandomPlayer, LearningPlayer]
23:14:52 (Game 35) - Playing game...
23:16:38 (Game 35) - WARNING: This match contains errors from the following players: [MiniMaxRandomPlayer]
23:16:38 (Game 35) - Completed game with scores [100, 0]
23:16:38 (Game 35) - Cumulative scores: MiniMaxRandomPlayer=1500 LearningPlayer=2000 
23:16:38 (Game 35) - Saving match to file nineBoardTicTacToe-MiniMaxRandomPlayer-vs-LearningPlayer-20160503_222301/game35.json
23:16:38 - Finished 35 of 100 games in 53.36 minutes. Estimated 99.10 minutes remaining.
23:16:41 (Game 36) - Initializing game with players: [LearningPlayer, MiniMaxRandomPlayer]
23:16:41 (Game 36) - Playing game...
23:18:26 (Game 36) - WARNING: This match contains errors from the following players: [LearningPlayer]
23:18:26 (Game 36) - Completed game with scores [0, 100]
23:18:26 (Game 36) - Cumulative scores: MiniMaxRandomPlayer=1600 LearningPlayer=2000 
23:18:26 (Game 36) - Saving match to file nineBoardTicTacToe-MiniMaxRandomPlayer-vs-LearningPlayer-20160503_222301/game36.json
23:18:26 - Finished 36 of 100 games in 55.17 minutes. Estimated 98.08 minutes remaining.
23:18:29 (Game 37) - Initializing game with players: [MiniMaxRandomPlayer, LearningPlayer]
23:18:29 (Game 37) - Playing game...
23:20:18 (Game 37) - WARNING: This match contains errors from the following players: [MiniMaxRandomPlayer]
23:20:18 (Game 37) - Completed game with scores [0, 100]
23:20:18 (Game 37) - Cumulative scores: MiniMaxRandomPlayer=1600 LearningPlayer=2100 
23:20:18 (Game 37) - Saving match to file nineBoardTicTacToe-MiniMaxRandomPlayer-vs-LearningPlayer-20160503_222301/game37.json
23:20:18 - Finished 37 of 100 games in 57.04 minutes. Estimated 97.11 minutes remaining.
23:20:21 (Game 38) - Initializing game with players: [LearningPlayer, MiniMaxRandomPlayer]
23:20:21 (Game 38) - Playing game...
23:22:04 (Game 38) - WARNING: This match contains errors from the following players: [LearningPlayer]
23:22:04 (Game 38) - Completed game with scores [100, 0]
23:22:04 (Game 38) - Cumulative scores: MiniMaxRandomPlayer=1600 LearningPlayer=2200 
23:22:04 (Game 38) - Saving match to file nineBoardTicTacToe-MiniMaxRandomPlayer-vs-LearningPlayer-20160503_222301/game38.json
23:22:04 - Finished 38 of 100 games in 58.80 minutes. Estimated 95.94 minutes remaining.
23:22:07 (Game 39) - Initializing game with players: [MiniMaxRandomPlayer, LearningPlayer]
23:22:07 (Game 39) - Playing game...
23:23:50 (Game 39) - WARNING: This match contains errors from the following players: [MiniMaxRandomPlayer]
23:23:50 (Game 39) - Completed game with scores [100, 0]
23:23:50 (Game 39) - Cumulative scores: MiniMaxRandomPlayer=1700 LearningPlayer=2200 
23:23:50 (Game 39) - Saving match to file nineBoardTicTacToe-MiniMaxRandomPlayer-vs-LearningPlayer-20160503_222301/game39.json
23:23:50 - Finished 39 of 100 games in 60.56 minutes. Estimated 94.72 minutes remaining.
23:23:53 (Game 40) - Initializing game with players: [LearningPlayer, MiniMaxRandomPlayer]
23:23:53 (Game 40) - Playing game...
23:25:26 (Game 40) - WARNING: This match contains errors from the following players: [LearningPlayer]
23:25:26 (Game 40) - Completed game with scores [100, 0]
23:25:26 (Game 40) - Cumulative scores: MiniMaxRandomPlayer=1700 LearningPlayer=2300 
23:25:26 (Game 40) - Saving match to file nineBoardTicTacToe-MiniMaxRandomPlayer-vs-LearningPlayer-20160503_222301/game40.json
23:25:26 - Finished 40 of 100 games in 62.17 minutes. Estimated 93.25 minutes remaining.
23:25:29 (Game 41) - Initializing game with players: [MiniMaxRandomPlayer, LearningPlayer]
23:25:29 (Game 41) - Playing game...
23:27:14 (Game 41) - WARNING: This match contains errors from the following players: [MiniMaxRandomPlayer]
23:27:14 (Game 41) - Completed game with scores [100, 0]
23:27:14 (Game 41) - Cumulative scores: MiniMaxRandomPlayer=1800 LearningPlayer=2300 
23:27:14 (Game 41) - Saving match to file nineBoardTicTacToe-MiniMaxRandomPlayer-vs-LearningPlayer-20160503_222301/game41.json
23:27:14 - Finished 41 of 100 games in 63.96 minutes. Estimated 92.04 minutes remaining.
23:27:17 (Game 42) - Initializing game with players: [LearningPlayer, MiniMaxRandomPlayer]
23:27:17 (Game 42) - Playing game...
23:28:47 (Game 42) - WARNING: This match contains errors from the following players: [LearningPlayer]
23:28:47 (Game 42) - Completed game with scores [0, 100]
23:28:47 (Game 42) - Cumulative scores: MiniMaxRandomPlayer=1900 LearningPlayer=2300 
23:28:47 (Game 42) - Saving match to file nineBoardTicTacToe-MiniMaxRandomPlayer-vs-LearningPlayer-20160503_222301/game42.json
23:28:47 - Finished 42 of 100 games in 65.52 minutes. Estimated 90.48 minutes remaining.
23:28:50 (Game 43) - Initializing game with players: [MiniMaxRandomPlayer, LearningPlayer]
23:28:50 (Game 43) - Playing game...
23:30:45 (Game 43) - WARNING: This match contains errors from the following players: [MiniMaxRandomPlayer]
23:30:45 (Game 43) - Completed game with scores [100, 0]
23:30:45 (Game 43) - Cumulative scores: MiniMaxRandomPlayer=2000 LearningPlayer=2300 
23:30:45 (Game 43) - Saving match to file nineBoardTicTacToe-MiniMaxRandomPlayer-vs-LearningPlayer-20160503_222301/game43.json
23:30:45 - Finished 43 of 100 games in 67.48 minutes. Estimated 89.45 minutes remaining.
23:30:48 (Game 44) - Initializing game with players: [LearningPlayer, MiniMaxRandomPlayer]
23:30:48 (Game 44) - Playing game...
23:32:19 (Game 44) - WARNING: This match contains errors from the following players: [LearningPlayer]
23:32:19 (Game 44) - Completed game with scores [0, 100]
23:32:19 (Game 44) - Cumulative scores: MiniMaxRandomPlayer=2100 LearningPlayer=2300 
23:32:19 (Game 44) - Saving match to file nineBoardTicTacToe-MiniMaxRandomPlayer-vs-LearningPlayer-20160503_222301/game44.json
23:32:19 - Finished 44 of 100 games in 69.04 minutes. Estimated 87.87 minutes remaining.
23:32:22 (Game 45) - Initializing game with players: [MiniMaxRandomPlayer, LearningPlayer]
23:32:22 (Game 45) - Playing game...
23:34:19 (Game 45) - WARNING: This match contains errors from the following players: [MiniMaxRandomPlayer]
23:34:19 (Game 45) - Completed game with scores [100, 0]
23:34:19 (Game 45) - Cumulative scores: MiniMaxRandomPlayer=2200 LearningPlayer=2300 
23:34:19 (Game 45) - Saving match to file nineBoardTicTacToe-MiniMaxRandomPlayer-vs-LearningPlayer-20160503_222301/game45.json
23:34:19 - Finished 45 of 100 games in 71.04 minutes. Estimated 86.83 minutes remaining.
23:34:22 (Game 46) - Initializing game with players: [LearningPlayer, MiniMaxRandomPlayer]
23:34:22 (Game 46) - Playing game...
23:35:55 (Game 46) - WARNING: This match contains errors from the following players: [LearningPlayer]
23:35:55 (Game 46) - Completed game with scores [100, 0]
23:35:55 (Game 46) - Cumulative scores: MiniMaxRandomPlayer=2200 LearningPlayer=2400 
23:35:55 (Game 46) - Saving match to file nineBoardTicTacToe-MiniMaxRandomPlayer-vs-LearningPlayer-20160503_222301/game46.json
23:35:55 - Finished 46 of 100 games in 72.65 minutes. Estimated 85.28 minutes remaining.
23:35:58 (Game 47) - Initializing game with players: [MiniMaxRandomPlayer, LearningPlayer]
23:35:58 (Game 47) - Playing game...
23:37:42 (Game 47) - WARNING: This match contains errors from the following players: [MiniMaxRandomPlayer]
23:37:42 (Game 47) - Completed game with scores [100, 0]
23:37:42 (Game 47) - Cumulative scores: MiniMaxRandomPlayer=2300 LearningPlayer=2400 
23:37:42 (Game 47) - Saving match to file nineBoardTicTacToe-MiniMaxRandomPlayer-vs-LearningPlayer-20160503_222301/game47.json
23:37:42 - Finished 47 of 100 games in 74.43 minutes. Estimated 83.93 minutes remaining.
23:37:45 (Game 48) - Initializing game with players: [LearningPlayer, MiniMaxRandomPlayer]
23:37:45 (Game 48) - Playing game...
23:39:20 (Game 48) - WARNING: This match contains errors from the following players: [LearningPlayer]
23:39:20 (Game 48) - Completed game with scores [100, 0]
23:39:20 (Game 48) - Cumulative scores: MiniMaxRandomPlayer=2300 LearningPlayer=2500 
23:39:20 (Game 48) - Saving match to file nineBoardTicTacToe-MiniMaxRandomPlayer-vs-LearningPlayer-20160503_222301/game48.json
23:39:20 - Finished 48 of 100 games in 76.06 minutes. Estimated 82.40 minutes remaining.
23:39:23 (Game 49) - Initializing game with players: [MiniMaxRandomPlayer, LearningPlayer]
23:39:23 (Game 49) - Playing game...
23:41:11 (Game 49) - WARNING: This match contains errors from the following players: [MiniMaxRandomPlayer]
23:41:11 (Game 49) - Completed game with scores [0, 100]
23:41:11 (Game 49) - Cumulative scores: MiniMaxRandomPlayer=2300 LearningPlayer=2600 
23:41:11 (Game 49) - Saving match to file nineBoardTicTacToe-MiniMaxRandomPlayer-vs-LearningPlayer-20160503_222301/game49.json
23:41:11 - Finished 49 of 100 games in 77.91 minutes. Estimated 81.09 minutes remaining.
23:41:14 (Game 50) - Initializing game with players: [LearningPlayer, MiniMaxRandomPlayer]
23:41:14 (Game 50) - Playing game...
23:43:01 (Game 50) - WARNING: This match contains errors from the following players: [LearningPlayer]
23:43:01 (Game 50) - Completed game with scores [0, 100]
23:43:01 (Game 50) - Cumulative scores: MiniMaxRandomPlayer=2400 LearningPlayer=2600 
23:43:01 (Game 50) - Saving match to file nineBoardTicTacToe-MiniMaxRandomPlayer-vs-LearningPlayer-20160503_222301/game50.json
23:43:01 - Finished 50 of 100 games in 79.74 minutes. Estimated 79.74 minutes remaining.
23:43:04 (Game 51) - Initializing game with players: [MiniMaxRandomPlayer, LearningPlayer]
23:43:04 (Game 51) - Playing game...
23:44:53 (Game 51) - WARNING: This match contains errors from the following players: [MiniMaxRandomPlayer]
23:44:53 (Game 51) - Completed game with scores [0, 100]
23:44:53 (Game 51) - Cumulative scores: MiniMaxRandomPlayer=2400 LearningPlayer=2700 
23:44:53 (Game 51) - Saving match to file nineBoardTicTacToe-MiniMaxRandomPlayer-vs-LearningPlayer-20160503_222301/game51.json
23:44:53 - Finished 51 of 100 games in 81.62 minutes. Estimated 78.42 minutes remaining.
23:44:56 (Game 52) - Initializing game with players: [LearningPlayer, MiniMaxRandomPlayer]
23:44:56 (Game 52) - Playing game...
23:46:28 (Game 52) - WARNING: This match contains errors from the following players: [LearningPlayer]
23:46:28 (Game 52) - Completed game with scores [100, 0]
23:46:28 (Game 52) - Cumulative scores: MiniMaxRandomPlayer=2400 LearningPlayer=2800 
23:46:28 (Game 52) - Saving match to file nineBoardTicTacToe-MiniMaxRandomPlayer-vs-LearningPlayer-20160503_222301/game52.json
23:46:28 - Finished 52 of 100 games in 83.20 minutes. Estimated 76.80 minutes remaining.
23:46:31 (Game 53) - Initializing game with players: [MiniMaxRandomPlayer, LearningPlayer]
23:46:31 (Game 53) - Playing game...
23:48:19 (Game 53) - WARNING: This match contains errors from the following players: [MiniMaxRandomPlayer]
23:48:19 (Game 53) - Completed game with scores [100, 0]
23:48:19 (Game 53) - Cumulative scores: MiniMaxRandomPlayer=2500 LearningPlayer=2800 
23:48:19 (Game 53) - Saving match to file nineBoardTicTacToe-MiniMaxRandomPlayer-vs-LearningPlayer-20160503_222301/game53.json
23:48:19 - Finished 53 of 100 games in 85.05 minutes. Estimated 75.43 minutes remaining.
23:48:22 (Game 54) - Initializing game with players: [LearningPlayer, MiniMaxRandomPlayer]
23:48:22 (Game 54) - Playing game...
23:49:54 (Game 54) - WARNING: This match contains errors from the following players: [LearningPlayer]
23:49:54 (Game 54) - Completed game with scores [0, 100]
23:49:54 (Game 54) - Cumulative scores: MiniMaxRandomPlayer=2600 LearningPlayer=2800 
23:49:54 (Game 54) - Saving match to file nineBoardTicTacToe-MiniMaxRandomPlayer-vs-LearningPlayer-20160503_222301/game54.json
23:49:54 - Finished 54 of 100 games in 86.63 minutes. Estimated 73.79 minutes remaining.
23:49:57 (Game 55) - Initializing game with players: [MiniMaxRandomPlayer, LearningPlayer]
23:49:57 (Game 55) - Playing game...
23:51:51 (Game 55) - WARNING: This match contains errors from the following players: [MiniMaxRandomPlayer]
23:51:51 (Game 55) - Completed game with scores [100, 0]
23:51:51 (Game 55) - Cumulative scores: MiniMaxRandomPlayer=2700 LearningPlayer=2800 
23:51:51 (Game 55) - Saving match to file nineBoardTicTacToe-MiniMaxRandomPlayer-vs-LearningPlayer-20160503_222301/game55.json
23:51:51 - Finished 55 of 100 games in 88.57 minutes. Estimated 72.47 minutes remaining.
23:51:54 (Game 56) - Initializing game with players: [LearningPlayer, MiniMaxRandomPlayer]
23:51:54 (Game 56) - Playing game...
23:53:28 (Game 56) - WARNING: This match contains errors from the following players: [LearningPlayer]
23:53:28 (Game 56) - Completed game with scores [100, 0]
23:53:28 (Game 56) - Cumulative scores: MiniMaxRandomPlayer=2700 LearningPlayer=2900 
23:53:28 (Game 56) - Saving match to file nineBoardTicTacToe-MiniMaxRandomPlayer-vs-LearningPlayer-20160503_222301/game56.json
23:53:28 - Finished 56 of 100 games in 90.20 minutes. Estimated 70.87 minutes remaining.
23:53:31 (Game 57) - Initializing game with players: [MiniMaxRandomPlayer, LearningPlayer]
23:53:31 (Game 57) - Playing game...
23:55:20 (Game 57) - WARNING: This match contains errors from the following players: [MiniMaxRandomPlayer]
23:55:20 (Game 57) - Completed game with scores [0, 100]
23:55:20 (Game 57) - Cumulative scores: MiniMaxRandomPlayer=2700 LearningPlayer=3000 
23:55:20 (Game 57) - Saving match to file nineBoardTicTacToe-MiniMaxRandomPlayer-vs-LearningPlayer-20160503_222301/game57.json
23:55:20 - Finished 57 of 100 games in 92.07 minutes. Estimated 69.45 minutes remaining.
23:55:23 (Game 58) - Initializing game with players: [LearningPlayer, MiniMaxRandomPlayer]
23:55:23 (Game 58) - Playing game...
23:57:01 (Game 58) - WARNING: This match contains errors from the following players: [LearningPlayer]
23:57:01 (Game 58) - Completed game with scores [0, 100]
23:57:01 (Game 58) - Cumulative scores: MiniMaxRandomPlayer=2800 LearningPlayer=3000 
23:57:01 (Game 58) - Saving match to file nineBoardTicTacToe-MiniMaxRandomPlayer-vs-LearningPlayer-20160503_222301/game58.json
23:57:01 - Finished 58 of 100 games in 93.75 minutes. Estimated 67.89 minutes remaining.
23:57:04 (Game 59) - Initializing game with players: [MiniMaxRandomPlayer, LearningPlayer]
23:57:04 (Game 59) - Playing game...
23:58:58 (Game 59) - WARNING: This match contains errors from the following players: [MiniMaxRandomPlayer]
23:58:58 (Game 59) - Completed game with scores [0, 100]
23:58:58 (Game 59) - Cumulative scores: MiniMaxRandomPlayer=2800 LearningPlayer=3100 
23:58:58 (Game 59) - Saving match to file nineBoardTicTacToe-MiniMaxRandomPlayer-vs-LearningPlayer-20160503_222301/game59.json
23:58:58 - Finished 59 of 100 games in 95.69 minutes. Estimated 66.50 minutes remaining.
23:59:01 (Game 60) - Initializing game with players: [LearningPlayer, MiniMaxRandomPlayer]
23:59:01 (Game 60) - Playing game...
00:00:39 (Game 60) - WARNING: This match contains errors from the following players: [LearningPlayer]
00:00:39 (Game 60) - Completed game with scores [0, 100]
00:00:39 (Game 60) - Cumulative scores: MiniMaxRandomPlayer=2900 LearningPlayer=3100 
00:00:39 (Game 60) - Saving match to file nineBoardTicTacToe-MiniMaxRandomPlayer-vs-LearningPlayer-20160503_222301/game60.json
00:00:39 - Finished 60 of 100 games in 97.38 minutes. Estimated 64.92 minutes remaining.
00:00:42 (Game 61) - Initializing game with players: [MiniMaxRandomPlayer, LearningPlayer]
00:00:42 (Game 61) - Playing game...
00:02:29 (Game 61) - WARNING: This match contains errors from the following players: [MiniMaxRandomPlayer]
00:02:29 (Game 61) - Completed game with scores [100, 0]
00:02:29 (Game 61) - Cumulative scores: MiniMaxRandomPlayer=3000 LearningPlayer=3100 
00:02:29 (Game 61) - Saving match to file nineBoardTicTacToe-MiniMaxRandomPlayer-vs-LearningPlayer-20160503_222301/game61.json
00:02:29 - Finished 61 of 100 games in 99.22 minutes. Estimated 63.44 minutes remaining.
00:02:32 (Game 62) - Initializing game with players: [LearningPlayer, MiniMaxRandomPlayer]
00:02:32 (Game 62) - Playing game...
00:04:10 (Game 62) - WARNING: This match contains errors from the following players: [LearningPlayer]
00:04:10 (Game 62) - Completed game with scores [0, 100]
00:04:10 (Game 62) - Cumulative scores: MiniMaxRandomPlayer=3100 LearningPlayer=3100 
00:04:10 (Game 62) - Saving match to file nineBoardTicTacToe-MiniMaxRandomPlayer-vs-LearningPlayer-20160503_222301/game62.json
00:04:10 - Finished 62 of 100 games in 100.90 minutes. Estimated 61.84 minutes remaining.
00:04:13 (Game 63) - Initializing game with players: [MiniMaxRandomPlayer, LearningPlayer]
00:04:13 (Game 63) - Playing game...
00:05:59 (Game 63) - WARNING: This match contains errors from the following players: [MiniMaxRandomPlayer]
00:05:59 (Game 63) - Completed game with scores [100, 0]
00:05:59 (Game 63) - Cumulative scores: MiniMaxRandomPlayer=3200 LearningPlayer=3100 
00:05:59 (Game 63) - Saving match to file nineBoardTicTacToe-MiniMaxRandomPlayer-vs-LearningPlayer-20160503_222301/game63.json
00:05:59 - Finished 63 of 100 games in 102.71 minutes. Estimated 60.32 minutes remaining.
00:06:02 (Game 64) - Initializing game with players: [LearningPlayer, MiniMaxRandomPlayer]
00:06:02 (Game 64) - Playing game...
00:07:40 (Game 64) - WARNING: This match contains errors from the following players: [LearningPlayer]
00:07:40 (Game 64) - Completed game with scores [0, 100]
00:07:40 (Game 64) - Cumulative scores: MiniMaxRandomPlayer=3300 LearningPlayer=3100 
00:07:40 (Game 64) - Saving match to file nineBoardTicTacToe-MiniMaxRandomPlayer-vs-LearningPlayer-20160503_222301/game64.json
00:07:40 - Finished 64 of 100 games in 104.39 minutes. Estimated 58.72 minutes remaining.
00:07:43 (Game 65) - Initializing game with players: [MiniMaxRandomPlayer, LearningPlayer]
00:07:43 (Game 65) - Playing game...
00:09:25 (Game 65) - WARNING: This match contains errors from the following players: [MiniMaxRandomPlayer]
00:09:25 (Game 65) - Completed game with scores [0, 100]
00:09:25 (Game 65) - Cumulative scores: MiniMaxRandomPlayer=3300 LearningPlayer=3200 
00:09:25 (Game 65) - Saving match to file nineBoardTicTacToe-MiniMaxRandomPlayer-vs-LearningPlayer-20160503_222301/game65.json
00:09:25 - Finished 65 of 100 games in 106.15 minutes. Estimated 57.16 minutes remaining.
00:09:28 (Game 66) - Initializing game with players: [LearningPlayer, MiniMaxRandomPlayer]
00:09:28 (Game 66) - Playing game...
00:11:09 (Game 66) - WARNING: This match contains errors from the following players: [LearningPlayer]
00:11:09 (Game 66) - Completed game with scores [100, 0]
00:11:09 (Game 66) - Cumulative scores: MiniMaxRandomPlayer=3300 LearningPlayer=3300 
00:11:09 (Game 66) - Saving match to file nineBoardTicTacToe-MiniMaxRandomPlayer-vs-LearningPlayer-20160503_222301/game66.json
00:11:09 - Finished 66 of 100 games in 107.89 minutes. Estimated 55.58 minutes remaining.
00:11:12 (Game 67) - Initializing game with players: [MiniMaxRandomPlayer, LearningPlayer]
00:11:12 (Game 67) - Playing game...
00:13:07 (Game 67) - WARNING: This match contains errors from the following players: [MiniMaxRandomPlayer]
00:13:07 (Game 67) - Completed game with scores [100, 0]
00:13:07 (Game 67) - Cumulative scores: MiniMaxRandomPlayer=3400 LearningPlayer=3300 
00:13:07 (Game 67) - Saving match to file nineBoardTicTacToe-MiniMaxRandomPlayer-vs-LearningPlayer-20160503_222301/game67.json
00:13:07 - Finished 67 of 100 games in 109.85 minutes. Estimated 54.11 minutes remaining.
00:13:10 (Game 68) - Initializing game with players: [LearningPlayer, MiniMaxRandomPlayer]
00:13:10 (Game 68) - Playing game...
00:14:54 (Game 68) - WARNING: This match contains errors from the following players: [LearningPlayer]
00:14:54 (Game 68) - Completed game with scores [100, 0]
00:14:54 (Game 68) - Cumulative scores: MiniMaxRandomPlayer=3400 LearningPlayer=3400 
00:14:54 (Game 68) - Saving match to file nineBoardTicTacToe-MiniMaxRandomPlayer-vs-LearningPlayer-20160503_222301/game68.json
00:14:54 - Finished 68 of 100 games in 111.63 minutes. Estimated 52.53 minutes remaining.
00:14:57 (Game 69) - Initializing game with players: [MiniMaxRandomPlayer, LearningPlayer]
00:14:57 (Game 69) - Playing game...
00:16:51 (Game 69) - WARNING: This match contains errors from the following players: [MiniMaxRandomPlayer]
00:16:51 (Game 69) - Completed game with scores [100, 0]
00:16:51 (Game 69) - Cumulative scores: MiniMaxRandomPlayer=3500 LearningPlayer=3400 
00:16:51 (Game 69) - Saving match to file nineBoardTicTacToe-MiniMaxRandomPlayer-vs-LearningPlayer-20160503_222301/game69.json
00:16:51 - Finished 69 of 100 games in 113.59 minutes. Estimated 51.03 minutes remaining.
00:16:54 (Game 70) - Initializing game with players: [LearningPlayer, MiniMaxRandomPlayer]
00:16:54 (Game 70) - Playing game...
00:18:25 (Game 70) - WARNING: This match contains errors from the following players: [LearningPlayer]
00:18:25 (Game 70) - Completed game with scores [0, 100]
00:18:25 (Game 70) - Cumulative scores: MiniMaxRandomPlayer=3600 LearningPlayer=3400 
00:18:25 (Game 70) - Saving match to file nineBoardTicTacToe-MiniMaxRandomPlayer-vs-LearningPlayer-20160503_222301/game70.json
00:18:25 - Finished 70 of 100 games in 115.14 minutes. Estimated 49.35 minutes remaining.
00:18:28 (Game 71) - Initializing game with players: [MiniMaxRandomPlayer, LearningPlayer]
00:18:28 (Game 71) - Playing game...
00:20:15 (Game 71) - WARNING: This match contains errors from the following players: [MiniMaxRandomPlayer]
00:20:15 (Game 71) - Completed game with scores [100, 0]
00:20:15 (Game 71) - Cumulative scores: MiniMaxRandomPlayer=3700 LearningPlayer=3400 
00:20:15 (Game 71) - Saving match to file nineBoardTicTacToe-MiniMaxRandomPlayer-vs-LearningPlayer-20160503_222301/game71.json
00:20:15 - Finished 71 of 100 games in 116.98 minutes. Estimated 47.78 minutes remaining.
00:20:18 (Game 72) - Initializing game with players: [LearningPlayer, MiniMaxRandomPlayer]
00:20:18 (Game 72) - Playing game...
00:21:50 (Game 72) - WARNING: This match contains errors from the following players: [LearningPlayer]
00:21:50 (Game 72) - Completed game with scores [100, 0]
00:21:50 (Game 72) - Cumulative scores: MiniMaxRandomPlayer=3700 LearningPlayer=3500 
00:21:50 (Game 72) - Saving match to file nineBoardTicTacToe-MiniMaxRandomPlayer-vs-LearningPlayer-20160503_222301/game72.json
00:21:50 - Finished 72 of 100 games in 118.57 minutes. Estimated 46.11 minutes remaining.
00:21:53 (Game 73) - Initializing game with players: [MiniMaxRandomPlayer, LearningPlayer]
00:21:53 (Game 73) - Playing game...
00:23:42 (Game 73) - WARNING: This match contains errors from the following players: [MiniMaxRandomPlayer]
00:23:42 (Game 73) - Completed game with scores [100, 0]
00:23:42 (Game 73) - Cumulative scores: MiniMaxRandomPlayer=3800 LearningPlayer=3500 
00:23:42 (Game 73) - Saving match to file nineBoardTicTacToe-MiniMaxRandomPlayer-vs-LearningPlayer-20160503_222301/game73.json
00:23:42 - Finished 73 of 100 games in 120.42 minutes. Estimated 44.54 minutes remaining.
00:23:45 (Game 74) - Initializing game with players: [LearningPlayer, MiniMaxRandomPlayer]
00:23:45 (Game 74) - Playing game...
00:25:26 (Game 74) - WARNING: This match contains errors from the following players: [LearningPlayer]
00:25:26 (Game 74) - Completed game with scores [0, 100]
00:25:26 (Game 74) - Cumulative scores: MiniMaxRandomPlayer=3900 LearningPlayer=3500 
00:25:26 (Game 74) - Saving match to file nineBoardTicTacToe-MiniMaxRandomPlayer-vs-LearningPlayer-20160503_222301/game74.json
00:25:26 - Finished 74 of 100 games in 122.17 minutes. Estimated 42.92 minutes remaining.
00:25:29 (Game 75) - Initializing game with players: [MiniMaxRandomPlayer, LearningPlayer]
00:25:29 (Game 75) - Playing game...
00:27:24 (Game 75) - WARNING: This match contains errors from the following players: [MiniMaxRandomPlayer]
00:27:24 (Game 75) - Completed game with scores [100, 0]
00:27:24 (Game 75) - Cumulative scores: MiniMaxRandomPlayer=4000 LearningPlayer=3500 
00:27:24 (Game 75) - Saving match to file nineBoardTicTacToe-MiniMaxRandomPlayer-vs-LearningPlayer-20160503_222301/game75.json
00:27:24 - Finished 75 of 100 games in 124.13 minutes. Estimated 41.38 minutes remaining.
00:27:27 (Game 76) - Initializing game with players: [LearningPlayer, MiniMaxRandomPlayer]
00:27:27 (Game 76) - Playing game...
00:29:11 (Game 76) - WARNING: This match contains errors from the following players: [LearningPlayer]
00:29:11 (Game 76) - Completed game with scores [100, 0]
00:29:11 (Game 76) - Cumulative scores: MiniMaxRandomPlayer=4000 LearningPlayer=3600 
00:29:11 (Game 76) - Saving match to file nineBoardTicTacToe-MiniMaxRandomPlayer-vs-LearningPlayer-20160503_222301/game76.json
00:29:11 - Finished 76 of 100 games in 125.91 minutes. Estimated 39.76 minutes remaining.
00:29:14 (Game 77) - Initializing game with players: [MiniMaxRandomPlayer, LearningPlayer]
00:29:14 (Game 77) - Playing game...
00:31:02 (Game 77) - WARNING: This match contains errors from the following players: [MiniMaxRandomPlayer]
00:31:02 (Game 77) - Completed game with scores [100, 0]
00:31:02 (Game 77) - Cumulative scores: MiniMaxRandomPlayer=4100 LearningPlayer=3600 
00:31:02 (Game 77) - Saving match to file nineBoardTicTacToe-MiniMaxRandomPlayer-vs-LearningPlayer-20160503_222301/game77.json
00:31:02 - Finished 77 of 100 games in 127.76 minutes. Estimated 38.16 minutes remaining.
00:31:05 (Game 78) - Initializing game with players: [LearningPlayer, MiniMaxRandomPlayer]
00:31:05 (Game 78) - Playing game...
00:32:26 (Game 78) - WARNING: This match contains errors from the following players: [LearningPlayer]
00:32:26 (Game 78) - Completed game with scores [0, 100]
00:32:26 (Game 78) - Cumulative scores: MiniMaxRandomPlayer=4200 LearningPlayer=3600 
00:32:26 (Game 78) - Saving match to file nineBoardTicTacToe-MiniMaxRandomPlayer-vs-LearningPlayer-20160503_222301/game78.json
00:32:26 - Finished 78 of 100 games in 129.17 minutes. Estimated 36.43 minutes remaining.
00:32:29 (Game 79) - Initializing game with players: [MiniMaxRandomPlayer, LearningPlayer]
00:32:29 (Game 79) - Playing game...
00:34:19 (Game 79) - WARNING: This match contains errors from the following players: [MiniMaxRandomPlayer]
00:34:19 (Game 79) - Completed game with scores [0, 100]
00:34:19 (Game 79) - Cumulative scores: MiniMaxRandomPlayer=4200 LearningPlayer=3700 
00:34:19 (Game 79) - Saving match to file nineBoardTicTacToe-MiniMaxRandomPlayer-vs-LearningPlayer-20160503_222301/game79.json
00:34:20 - Finished 79 of 100 games in 131.06 minutes. Estimated 34.84 minutes remaining.
00:34:23 (Game 80) - Initializing game with players: [LearningPlayer, MiniMaxRandomPlayer]
00:34:23 (Game 80) - Playing game...
00:36:05 (Game 80) - WARNING: This match contains errors from the following players: [LearningPlayer]
00:36:05 (Game 80) - Completed game with scores [0, 100]
00:36:05 (Game 80) - Cumulative scores: MiniMaxRandomPlayer=4300 LearningPlayer=3700 
00:36:05 (Game 80) - Saving match to file nineBoardTicTacToe-MiniMaxRandomPlayer-vs-LearningPlayer-20160503_222301/game80.json
00:36:05 - Finished 80 of 100 games in 132.81 minutes. Estimated 33.20 minutes remaining.
00:36:08 (Game 81) - Initializing game with players: [MiniMaxRandomPlayer, LearningPlayer]
00:36:08 (Game 81) - Playing game...
00:37:53 (Game 81) - WARNING: This match contains errors from the following players: [MiniMaxRandomPlayer]
00:37:53 (Game 81) - Completed game with scores [0, 100]
00:37:53 (Game 81) - Cumulative scores: MiniMaxRandomPlayer=4300 LearningPlayer=3800 
00:37:53 (Game 81) - Saving match to file nineBoardTicTacToe-MiniMaxRandomPlayer-vs-LearningPlayer-20160503_222301/game81.json
00:37:53 - Finished 81 of 100 games in 134.61 minutes. Estimated 31.57 minutes remaining.
00:37:56 (Game 82) - Initializing game with players: [LearningPlayer, MiniMaxRandomPlayer]
00:37:56 (Game 82) - Playing game...
00:39:32 (Game 82) - WARNING: This match contains errors from the following players: [LearningPlayer]
00:39:32 (Game 82) - Completed game with scores [100, 0]
00:39:32 (Game 82) - Cumulative scores: MiniMaxRandomPlayer=4300 LearningPlayer=3900 
00:39:32 (Game 82) - Saving match to file nineBoardTicTacToe-MiniMaxRandomPlayer-vs-LearningPlayer-20160503_222301/game82.json
00:39:32 - Finished 82 of 100 games in 136.26 minutes. Estimated 29.91 minutes remaining.
00:39:35 (Game 83) - Initializing game with players: [MiniMaxRandomPlayer, LearningPlayer]
00:39:35 (Game 83) - Playing game...
00:41:25 (Game 83) - WARNING: This match contains errors from the following players: [MiniMaxRandomPlayer]
00:41:25 (Game 83) - Completed game with scores [100, 0]
00:41:25 (Game 83) - Cumulative scores: MiniMaxRandomPlayer=4400 LearningPlayer=3900 
00:41:25 (Game 83) - Saving match to file nineBoardTicTacToe-MiniMaxRandomPlayer-vs-LearningPlayer-20160503_222301/game83.json
00:41:25 - Finished 83 of 100 games in 138.14 minutes. Estimated 28.29 minutes remaining.
00:41:28 (Game 84) - Initializing game with players: [LearningPlayer, MiniMaxRandomPlayer]
00:41:28 (Game 84) - Playing game...
00:43:07 (Game 84) - WARNING: This match contains errors from the following players: [LearningPlayer]
00:43:07 (Game 84) - Completed game with scores [100, 0]
00:43:07 (Game 84) - Cumulative scores: MiniMaxRandomPlayer=4400 LearningPlayer=4000 
00:43:07 (Game 84) - Saving match to file nineBoardTicTacToe-MiniMaxRandomPlayer-vs-LearningPlayer-20160503_222301/game84.json
00:43:07 - Finished 84 of 100 games in 139.85 minutes. Estimated 26.64 minutes remaining.
00:43:10 (Game 85) - Initializing game with players: [MiniMaxRandomPlayer, LearningPlayer]
00:43:10 (Game 85) - Playing game...
00:44:58 (Game 85) - WARNING: This match contains errors from the following players: [MiniMaxRandomPlayer]
00:44:58 (Game 85) - Completed game with scores [0, 100]
00:44:58 (Game 85) - Cumulative scores: MiniMaxRandomPlayer=4400 LearningPlayer=4100 
00:44:58 (Game 85) - Saving match to file nineBoardTicTacToe-MiniMaxRandomPlayer-vs-LearningPlayer-20160503_222301/game85.json
00:44:58 - Finished 85 of 100 games in 141.70 minutes. Estimated 25.01 minutes remaining.
00:45:01 (Game 86) - Initializing game with players: [LearningPlayer, MiniMaxRandomPlayer]
00:45:01 (Game 86) - Playing game...
00:46:42 (Game 86) - WARNING: This match contains errors from the following players: [LearningPlayer]
00:46:42 (Game 86) - Completed game with scores [0, 100]
00:46:42 (Game 86) - Cumulative scores: MiniMaxRandomPlayer=4500 LearningPlayer=4100 
00:46:42 (Game 86) - Saving match to file nineBoardTicTacToe-MiniMaxRandomPlayer-vs-LearningPlayer-20160503_222301/game86.json
00:46:42 - Finished 86 of 100 games in 143.43 minutes. Estimated 23.35 minutes remaining.
00:46:45 (Game 87) - Initializing game with players: [MiniMaxRandomPlayer, LearningPlayer]
00:46:45 (Game 87) - Playing game...
00:48:33 (Game 87) - WARNING: This match contains errors from the following players: [MiniMaxRandomPlayer]
00:48:33 (Game 87) - Completed game with scores [100, 0]
00:48:33 (Game 87) - Cumulative scores: MiniMaxRandomPlayer=4600 LearningPlayer=4100 
00:48:33 (Game 87) - Saving match to file nineBoardTicTacToe-MiniMaxRandomPlayer-vs-LearningPlayer-20160503_222301/game87.json
00:48:33 - Finished 87 of 100 games in 145.29 minutes. Estimated 21.71 minutes remaining.
00:48:36 (Game 88) - Initializing game with players: [LearningPlayer, MiniMaxRandomPlayer]
00:48:36 (Game 88) - Playing game...
00:50:06 (Game 88) - WARNING: This match contains errors from the following players: [LearningPlayer]
00:50:06 (Game 88) - Completed game with scores [0, 100]
00:50:06 (Game 88) - Cumulative scores: MiniMaxRandomPlayer=4700 LearningPlayer=4100 
00:50:06 (Game 88) - Saving match to file nineBoardTicTacToe-MiniMaxRandomPlayer-vs-LearningPlayer-20160503_222301/game88.json
00:50:06 - Finished 88 of 100 games in 146.83 minutes. Estimated 20.02 minutes remaining.
00:50:09 (Game 89) - Initializing game with players: [MiniMaxRandomPlayer, LearningPlayer]
00:50:09 (Game 89) - Playing game...
00:51:59 (Game 89) - WARNING: This match contains errors from the following players: [MiniMaxRandomPlayer]
00:51:59 (Game 89) - Completed game with scores [0, 100]
00:51:59 (Game 89) - Cumulative scores: MiniMaxRandomPlayer=4700 LearningPlayer=4200 
00:51:59 (Game 89) - Saving match to file nineBoardTicTacToe-MiniMaxRandomPlayer-vs-LearningPlayer-20160503_222301/game89.json
00:51:59 - Finished 89 of 100 games in 148.72 minutes. Estimated 18.38 minutes remaining.
00:52:02 (Game 90) - Initializing game with players: [LearningPlayer, MiniMaxRandomPlayer]
00:52:02 (Game 90) - Playing game...
00:53:39 (Game 90) - WARNING: This match contains errors from the following players: [LearningPlayer]
00:53:39 (Game 90) - Completed game with scores [100, 0]
00:53:39 (Game 90) - Cumulative scores: MiniMaxRandomPlayer=4700 LearningPlayer=4300 
00:53:39 (Game 90) - Saving match to file nineBoardTicTacToe-MiniMaxRandomPlayer-vs-LearningPlayer-20160503_222301/game90.json
00:53:39 - Finished 90 of 100 games in 150.38 minutes. Estimated 16.71 minutes remaining.
00:53:42 (Game 91) - Initializing game with players: [MiniMaxRandomPlayer, LearningPlayer]
00:53:42 (Game 91) - Playing game...
00:55:37 (Game 91) - WARNING: This match contains errors from the following players: [MiniMaxRandomPlayer]
00:55:37 (Game 91) - Completed game with scores [100, 0]
00:55:37 (Game 91) - Cumulative scores: MiniMaxRandomPlayer=4800 LearningPlayer=4300 
00:55:37 (Game 91) - Saving match to file nineBoardTicTacToe-MiniMaxRandomPlayer-vs-LearningPlayer-20160503_222301/game91.json
00:55:37 - Finished 91 of 100 games in 152.35 minutes. Estimated 15.07 minutes remaining.
00:55:40 (Game 92) - Initializing game with players: [LearningPlayer, MiniMaxRandomPlayer]
00:55:40 (Game 92) - Playing game...
00:57:17 (Game 92) - WARNING: This match contains errors from the following players: [LearningPlayer]
00:57:17 (Game 92) - Completed game with scores [100, 0]
00:57:17 (Game 92) - Cumulative scores: MiniMaxRandomPlayer=4800 LearningPlayer=4400 
00:57:17 (Game 92) - Saving match to file nineBoardTicTacToe-MiniMaxRandomPlayer-vs-LearningPlayer-20160503_222301/game92.json
00:57:17 - Finished 92 of 100 games in 154.01 minutes. Estimated 13.39 minutes remaining.
00:57:20 (Game 93) - Initializing game with players: [MiniMaxRandomPlayer, LearningPlayer]
00:57:20 (Game 93) - Playing game...
00:59:07 (Game 93) - WARNING: This match contains errors from the following players: [MiniMaxRandomPlayer]
00:59:07 (Game 93) - Completed game with scores [0, 100]
00:59:07 (Game 93) - Cumulative scores: MiniMaxRandomPlayer=4800 LearningPlayer=4500 
00:59:07 (Game 93) - Saving match to file nineBoardTicTacToe-MiniMaxRandomPlayer-vs-LearningPlayer-20160503_222301/game93.json
00:59:07 - Finished 93 of 100 games in 155.85 minutes. Estimated 11.73 minutes remaining.
00:59:10 (Game 94) - Initializing game with players: [LearningPlayer, MiniMaxRandomPlayer]
00:59:10 (Game 94) - Playing game...
01:00:40 (Game 94) - WARNING: This match contains errors from the following players: [LearningPlayer]
01:00:40 (Game 94) - Completed game with scores [0, 100]
01:00:40 (Game 94) - Cumulative scores: MiniMaxRandomPlayer=4900 LearningPlayer=4500 
01:00:40 (Game 94) - Saving match to file nineBoardTicTacToe-MiniMaxRandomPlayer-vs-LearningPlayer-20160503_222301/game94.json
01:00:40 - Finished 94 of 100 games in 157.40 minutes. Estimated 10.05 minutes remaining.
01:00:43 (Game 95) - Initializing game with players: [MiniMaxRandomPlayer, LearningPlayer]
01:00:43 (Game 95) - Playing game...
01:02:37 (Game 95) - WARNING: This match contains errors from the following players: [MiniMaxRandomPlayer]
01:02:37 (Game 95) - Completed game with scores [0, 100]
01:02:37 (Game 95) - Cumulative scores: MiniMaxRandomPlayer=4900 LearningPlayer=4600 
01:02:37 (Game 95) - Saving match to file nineBoardTicTacToe-MiniMaxRandomPlayer-vs-LearningPlayer-20160503_222301/game95.json
01:02:37 - Finished 95 of 100 games in 159.34 minutes. Estimated 8.39 minutes remaining.
01:02:40 (Game 96) - Initializing game with players: [LearningPlayer, MiniMaxRandomPlayer]
01:02:40 (Game 96) - Playing game...
01:04:19 (Game 96) - WARNING: This match contains errors from the following players: [LearningPlayer]
01:04:19 (Game 96) - Completed game with scores [100, 0]
01:04:19 (Game 96) - Cumulative scores: MiniMaxRandomPlayer=4900 LearningPlayer=4700 
01:04:19 (Game 96) - Saving match to file nineBoardTicTacToe-MiniMaxRandomPlayer-vs-LearningPlayer-20160503_222301/game96.json
01:04:19 - Finished 96 of 100 games in 161.04 minutes. Estimated 6.71 minutes remaining.
01:04:22 (Game 97) - Initializing game with players: [MiniMaxRandomPlayer, LearningPlayer]
01:04:22 (Game 97) - Playing game...
01:06:05 (Game 97) - WARNING: This match contains errors from the following players: [MiniMaxRandomPlayer]
01:06:05 (Game 97) - Completed game with scores [100, 0]
01:06:05 (Game 97) - Cumulative scores: MiniMaxRandomPlayer=5000 LearningPlayer=4700 
01:06:05 (Game 97) - Saving match to file nineBoardTicTacToe-MiniMaxRandomPlayer-vs-LearningPlayer-20160503_222301/game97.json
01:06:05 - Finished 97 of 100 games in 162.81 minutes. Estimated 5.04 minutes remaining.
01:06:08 (Game 98) - Initializing game with players: [LearningPlayer, MiniMaxRandomPlayer]
01:06:08 (Game 98) - Playing game...
01:07:38 (Game 98) - WARNING: This match contains errors from the following players: [LearningPlayer]
01:07:38 (Game 98) - Completed game with scores [100, 0]
01:07:38 (Game 98) - Cumulative scores: MiniMaxRandomPlayer=5000 LearningPlayer=4800 
01:07:38 (Game 98) - Saving match to file nineBoardTicTacToe-MiniMaxRandomPlayer-vs-LearningPlayer-20160503_222301/game98.json
01:07:38 - Finished 98 of 100 games in 164.36 minutes. Estimated 3.35 minutes remaining.
01:07:41 (Game 99) - Initializing game with players: [MiniMaxRandomPlayer, LearningPlayer]
01:07:41 (Game 99) - Playing game...
01:09:35 (Game 99) - WARNING: This match contains errors from the following players: [MiniMaxRandomPlayer]
01:09:35 (Game 99) - Completed game with scores [100, 0]
01:09:35 (Game 99) - Cumulative scores: MiniMaxRandomPlayer=5100 LearningPlayer=4800 
01:09:35 (Game 99) - Saving match to file nineBoardTicTacToe-MiniMaxRandomPlayer-vs-LearningPlayer-20160503_222301/game99.json
01:09:35 - Finished 99 of 100 games in 166.32 minutes. Estimated 1.68 minutes remaining.
01:09:38 (Game 100) - Initializing game with players: [LearningPlayer, MiniMaxRandomPlayer]
01:09:38 (Game 100) - Playing game...
01:11:24 (Game 100) - WARNING: This match contains errors from the following players: [LearningPlayer]
01:11:24 (Game 100) - Completed game with scores [100, 0]
01:11:24 (Game 100) - Cumulative scores: MiniMaxRandomPlayer=5100 LearningPlayer=4900 
01:11:24 (Game 100) - Saving match to file nineBoardTicTacToe-MiniMaxRandomPlayer-vs-LearningPlayer-20160503_222301/game100.json
01:11:24 - Finished 100 of 100 games in 168.13 minutes. Estimated 0.00 minutes remaining.
01:11:24 - Successfully finished tournament. 100 matches contained errors.
01:11:24 - Average player scores: MiniMaxRandomPlayer=51.0000 LearningPlayer=49.0000 
