Checking if pause file exists
00:36:16 (Game 1) - Initializing game with players: [MiniMaxRandomPlayer, ConfidencePlayer]
00:36:16 (Game 1) - Playing game...
00:39:35 (Game 1) - Completed game with scores [0, 100]
00:39:35 (Game 1) - Cumulative scores: MiniMaxRandomPlayer=0 ConfidencePlayer=100 
00:39:35 (Game 1) - Saving match to file connectFour-MiniMaxRandomPlayer-vs-ConfidencePlayer-20160507_003557/game1.json
00:39:35 - Finished 1 of 100 games in 3.38 minutes. Estimated 334.52 minutes remaining.
00:39:38 (Game 2) - Initializing game with players: [ConfidencePlayer, MiniMaxRandomPlayer]
00:39:38 (Game 2) - Playing game...
00:42:31 (Game 2) - Completed game with scores [100, 0]
00:42:31 (Game 2) - Cumulative scores: MiniMaxRandomPlayer=0 ConfidencePlayer=200 
00:42:31 (Game 2) - Saving match to file connectFour-MiniMaxRandomPlayer-vs-ConfidencePlayer-20160507_003557/game2.json
00:42:31 - Finished 2 of 100 games in 6.30 minutes. Estimated 308.74 minutes remaining.
00:42:34 (Game 3) - Initializing game with players: [MiniMaxRandomPlayer, ConfidencePlayer]
00:42:34 (Game 3) - Playing game...
00:44:04 (Game 3) - Completed game with scores [0, 100]
00:44:04 (Game 3) - Cumulative scores: MiniMaxRandomPlayer=0 ConfidencePlayer=300 
00:44:04 (Game 3) - Saving match to file connectFour-MiniMaxRandomPlayer-vs-ConfidencePlayer-20160507_003557/game3.json
00:44:04 - Finished 3 of 100 games in 7.86 minutes. Estimated 254.19 minutes remaining.
00:44:07 (Game 4) - Initializing game with players: [ConfidencePlayer, MiniMaxRandomPlayer]
00:44:07 (Game 4) - Playing game...
00:45:11 (Game 4) - Completed game with scores [100, 0]
00:45:11 (Game 4) - Cumulative scores: MiniMaxRandomPlayer=0 ConfidencePlayer=400 
00:45:11 (Game 4) - Saving match to file connectFour-MiniMaxRandomPlayer-vs-ConfidencePlayer-20160507_003557/game4.json
00:45:11 - Finished 4 of 100 games in 8.97 minutes. Estimated 215.32 minutes remaining.
00:45:14 (Game 5) - Initializing game with players: [MiniMaxRandomPlayer, ConfidencePlayer]
00:45:14 (Game 5) - Playing game...
00:46:45 (Game 5) - Completed game with scores [0, 100]
00:46:45 (Game 5) - Cumulative scores: MiniMaxRandomPlayer=0 ConfidencePlayer=500 
00:46:45 (Game 5) - Saving match to file connectFour-MiniMaxRandomPlayer-vs-ConfidencePlayer-20160507_003557/game5.json
00:46:45 - Finished 5 of 100 games in 10.53 minutes. Estimated 200.09 minutes remaining.
00:46:48 (Game 6) - Initializing game with players: [ConfidencePlayer, MiniMaxRandomPlayer]
00:46:48 (Game 6) - Playing game...
00:47:51 (Game 6) - Completed game with scores [100, 0]
00:47:51 (Game 6) - Cumulative scores: MiniMaxRandomPlayer=0 ConfidencePlayer=600 
00:47:51 (Game 6) - Saving match to file connectFour-MiniMaxRandomPlayer-vs-ConfidencePlayer-20160507_003557/game6.json
00:47:51 - Finished 6 of 100 games in 11.64 minutes. Estimated 182.37 minutes remaining.
00:47:54 (Game 7) - Initializing game with players: [MiniMaxRandomPlayer, ConfidencePlayer]
00:47:54 (Game 7) - Playing game...
00:49:25 (Game 7) - Completed game with scores [0, 100]
00:49:25 (Game 7) - Cumulative scores: MiniMaxRandomPlayer=0 ConfidencePlayer=700 
00:49:25 (Game 7) - Saving match to file connectFour-MiniMaxRandomPlayer-vs-ConfidencePlayer-20160507_003557/game7.json
00:49:25 - Finished 7 of 100 games in 13.20 minutes. Estimated 175.38 minutes remaining.
00:49:28 (Game 8) - Initializing game with players: [ConfidencePlayer, MiniMaxRandomPlayer]
00:49:28 (Game 8) - Playing game...
00:51:26 (Game 8) - Completed game with scores [100, 0]
00:51:26 (Game 8) - Cumulative scores: MiniMaxRandomPlayer=0 ConfidencePlayer=800 
00:51:26 (Game 8) - Saving match to file connectFour-MiniMaxRandomPlayer-vs-ConfidencePlayer-20160507_003557/game8.json
00:51:26 - Finished 8 of 100 games in 15.21 minutes. Estimated 174.96 minutes remaining.
00:51:29 (Game 9) - Initializing game with players: [MiniMaxRandomPlayer, ConfidencePlayer]
00:51:29 (Game 9) - Playing game...
00:54:30 (Game 9) - Completed game with scores [0, 100]
00:54:30 (Game 9) - Cumulative scores: MiniMaxRandomPlayer=0 ConfidencePlayer=900 
00:54:30 (Game 9) - Saving match to file connectFour-MiniMaxRandomPlayer-vs-ConfidencePlayer-20160507_003557/game9.json
00:54:30 - Finished 9 of 100 games in 18.28 minutes. Estimated 184.84 minutes remaining.
00:54:33 (Game 10) - Initializing game with players: [ConfidencePlayer, MiniMaxRandomPlayer]
00:54:33 (Game 10) - Playing game...
01:01:01 (Game 10) - Completed game with scores [100, 0]
01:01:01 (Game 10) - Cumulative scores: MiniMaxRandomPlayer=0 ConfidencePlayer=1000 
01:01:01 (Game 10) - Saving match to file connectFour-MiniMaxRandomPlayer-vs-ConfidencePlayer-20160507_003557/game10.json
01:01:01 - Finished 10 of 100 games in 24.81 minutes. Estimated 223.25 minutes remaining.
01:01:04 (Game 11) - Initializing game with players: [MiniMaxRandomPlayer, ConfidencePlayer]
01:01:04 (Game 11) - Playing game...
01:02:35 (Game 11) - Completed game with scores [0, 100]
01:02:35 (Game 11) - Cumulative scores: MiniMaxRandomPlayer=0 ConfidencePlayer=1100 
01:02:35 (Game 11) - Saving match to file connectFour-MiniMaxRandomPlayer-vs-ConfidencePlayer-20160507_003557/game11.json
01:02:35 - Finished 11 of 100 games in 26.36 minutes. Estimated 213.31 minutes remaining.
01:02:38 (Game 12) - Initializing game with players: [ConfidencePlayer, MiniMaxRandomPlayer]
01:02:38 (Game 12) - Playing game...
01:03:41 (Game 12) - Completed game with scores [100, 0]
01:03:41 (Game 12) - Cumulative scores: MiniMaxRandomPlayer=0 ConfidencePlayer=1200 
01:03:41 (Game 12) - Saving match to file connectFour-MiniMaxRandomPlayer-vs-ConfidencePlayer-20160507_003557/game12.json
01:03:41 - Finished 12 of 100 games in 27.47 minutes. Estimated 201.46 minutes remaining.
01:03:44 (Game 13) - Initializing game with players: [MiniMaxRandomPlayer, ConfidencePlayer]
01:03:44 (Game 13) - Playing game...
01:05:15 (Game 13) - Completed game with scores [0, 100]
01:05:15 (Game 13) - Cumulative scores: MiniMaxRandomPlayer=0 ConfidencePlayer=1300 
01:05:15 (Game 13) - Saving match to file connectFour-MiniMaxRandomPlayer-vs-ConfidencePlayer-20160507_003557/game13.json
01:05:15 - Finished 13 of 100 games in 29.03 minutes. Estimated 194.29 minutes remaining.
01:05:18 (Game 14) - Initializing game with players: [ConfidencePlayer, MiniMaxRandomPlayer]
01:05:18 (Game 14) - Playing game...
01:06:21 (Game 14) - Completed game with scores [100, 0]
01:06:21 (Game 14) - Cumulative scores: MiniMaxRandomPlayer=0 ConfidencePlayer=1400 
01:06:21 (Game 14) - Saving match to file connectFour-MiniMaxRandomPlayer-vs-ConfidencePlayer-20160507_003557/game14.json
01:06:21 - Finished 14 of 100 games in 30.14 minutes. Estimated 185.14 minutes remaining.
01:06:24 (Game 15) - Initializing game with players: [MiniMaxRandomPlayer, ConfidencePlayer]
01:06:24 (Game 15) - Playing game...
01:08:49 (Game 15) - Completed game with scores [0, 100]
01:08:49 (Game 15) - Cumulative scores: MiniMaxRandomPlayer=0 ConfidencePlayer=1500 
01:08:49 (Game 15) - Saving match to file connectFour-MiniMaxRandomPlayer-vs-ConfidencePlayer-20160507_003557/game15.json
01:08:49 - Finished 15 of 100 games in 32.60 minutes. Estimated 184.76 minutes remaining.
01:08:52 (Game 16) - Initializing game with players: [ConfidencePlayer, MiniMaxRandomPlayer]
01:08:52 (Game 16) - Playing game...
01:09:55 (Game 16) - Completed game with scores [100, 0]
01:09:55 (Game 16) - Cumulative scores: MiniMaxRandomPlayer=0 ConfidencePlayer=1600 
01:09:55 (Game 16) - Saving match to file connectFour-MiniMaxRandomPlayer-vs-ConfidencePlayer-20160507_003557/game16.json
01:09:55 - Finished 16 of 100 games in 33.71 minutes. Estimated 176.99 minutes remaining.
01:09:58 (Game 17) - Initializing game with players: [MiniMaxRandomPlayer, ConfidencePlayer]
01:09:58 (Game 17) - Playing game...
01:11:29 (Game 17) - Completed game with scores [0, 100]
01:11:29 (Game 17) - Cumulative scores: MiniMaxRandomPlayer=0 ConfidencePlayer=1700 
01:11:29 (Game 17) - Saving match to file connectFour-MiniMaxRandomPlayer-vs-ConfidencePlayer-20160507_003557/game17.json
01:11:29 - Finished 17 of 100 games in 35.27 minutes. Estimated 172.21 minutes remaining.
01:11:32 (Game 18) - Initializing game with players: [ConfidencePlayer, MiniMaxRandomPlayer]
01:11:32 (Game 18) - Playing game...
01:12:35 (Game 18) - Completed game with scores [100, 0]
01:12:35 (Game 18) - Cumulative scores: MiniMaxRandomPlayer=0 ConfidencePlayer=1800 
01:12:35 (Game 18) - Saving match to file connectFour-MiniMaxRandomPlayer-vs-ConfidencePlayer-20160507_003557/game18.json
01:12:35 - Finished 18 of 100 games in 36.38 minutes. Estimated 165.73 minutes remaining.
01:12:38 (Game 19) - Initializing game with players: [MiniMaxRandomPlayer, ConfidencePlayer]
01:12:38 (Game 19) - Playing game...
01:16:52 (Game 19) - Completed game with scores [0, 100]
01:16:52 (Game 19) - Cumulative scores: MiniMaxRandomPlayer=0 ConfidencePlayer=1900 
01:16:52 (Game 19) - Saving match to file connectFour-MiniMaxRandomPlayer-vs-ConfidencePlayer-20160507_003557/game19.json
01:16:52 - Finished 19 of 100 games in 40.65 minutes. Estimated 173.29 minutes remaining.
01:16:55 (Game 20) - Initializing game with players: [ConfidencePlayer, MiniMaxRandomPlayer]
01:16:55 (Game 20) - Playing game...
01:19:47 (Game 20) - Completed game with scores [100, 0]
01:19:47 (Game 20) - Cumulative scores: MiniMaxRandomPlayer=0 ConfidencePlayer=2000 
01:19:47 (Game 20) - Saving match to file connectFour-MiniMaxRandomPlayer-vs-ConfidencePlayer-20160507_003557/game20.json
01:19:47 - Finished 20 of 100 games in 43.56 minutes. Estimated 174.26 minutes remaining.
01:19:50 (Game 21) - Initializing game with players: [MiniMaxRandomPlayer, ConfidencePlayer]
01:19:50 (Game 21) - Playing game...
01:21:20 (Game 21) - Completed game with scores [0, 100]
01:21:20 (Game 21) - Cumulative scores: MiniMaxRandomPlayer=0 ConfidencePlayer=2100 
01:21:20 (Game 21) - Saving match to file connectFour-MiniMaxRandomPlayer-vs-ConfidencePlayer-20160507_003557/game21.json
01:21:20 - Finished 21 of 100 games in 45.12 minutes. Estimated 169.75 minutes remaining.
01:21:23 (Game 22) - Initializing game with players: [ConfidencePlayer, MiniMaxRandomPlayer]
01:21:23 (Game 22) - Playing game...
01:23:21 (Game 22) - Completed game with scores [100, 0]
01:23:21 (Game 22) - Cumulative scores: MiniMaxRandomPlayer=0 ConfidencePlayer=2200 
01:23:21 (Game 22) - Saving match to file connectFour-MiniMaxRandomPlayer-vs-ConfidencePlayer-20160507_003557/game22.json
01:23:21 - Finished 22 of 100 games in 47.14 minutes. Estimated 167.12 minutes remaining.
01:23:24 (Game 23) - Initializing game with players: [MiniMaxRandomPlayer, ConfidencePlayer]
01:23:24 (Game 23) - Playing game...
01:26:43 (Game 23) - Completed game with scores [0, 100]
01:26:43 (Game 23) - Cumulative scores: MiniMaxRandomPlayer=0 ConfidencePlayer=2300 
01:26:43 (Game 23) - Saving match to file connectFour-MiniMaxRandomPlayer-vs-ConfidencePlayer-20160507_003557/game23.json
01:26:43 - Finished 23 of 100 games in 50.50 minutes. Estimated 169.07 minutes remaining.
01:26:46 (Game 24) - Initializing game with players: [ConfidencePlayer, MiniMaxRandomPlayer]
01:26:46 (Game 24) - Playing game...
01:27:49 (Game 24) - Completed game with scores [100, 0]
01:27:49 (Game 24) - Cumulative scores: MiniMaxRandomPlayer=0 ConfidencePlayer=2400 
01:27:49 (Game 24) - Saving match to file connectFour-MiniMaxRandomPlayer-vs-ConfidencePlayer-20160507_003557/game24.json
01:27:49 - Finished 24 of 100 games in 51.61 minutes. Estimated 163.43 minutes remaining.
01:27:52 (Game 25) - Initializing game with players: [MiniMaxRandomPlayer, ConfidencePlayer]
01:27:52 (Game 25) - Playing game...
01:29:23 (Game 25) - Completed game with scores [0, 100]
01:29:23 (Game 25) - Cumulative scores: MiniMaxRandomPlayer=0 ConfidencePlayer=2500 
01:29:23 (Game 25) - Saving match to file connectFour-MiniMaxRandomPlayer-vs-ConfidencePlayer-20160507_003557/game25.json
01:29:23 - Finished 25 of 100 games in 53.17 minutes. Estimated 159.51 minutes remaining.
01:29:26 (Game 26) - Initializing game with players: [ConfidencePlayer, MiniMaxRandomPlayer]
01:29:26 (Game 26) - Playing game...
01:30:29 (Game 26) - Completed game with scores [100, 0]
01:30:29 (Game 26) - Cumulative scores: MiniMaxRandomPlayer=0 ConfidencePlayer=2600 
01:30:29 (Game 26) - Saving match to file connectFour-MiniMaxRandomPlayer-vs-ConfidencePlayer-20160507_003557/game26.json
01:30:29 - Finished 26 of 100 games in 54.28 minutes. Estimated 154.48 minutes remaining.
01:30:32 (Game 27) - Initializing game with players: [MiniMaxRandomPlayer, ConfidencePlayer]
01:30:32 (Game 27) - Playing game...
01:32:03 (Game 27) - Completed game with scores [0, 100]
01:32:03 (Game 27) - Cumulative scores: MiniMaxRandomPlayer=0 ConfidencePlayer=2700 
01:32:03 (Game 27) - Saving match to file connectFour-MiniMaxRandomPlayer-vs-ConfidencePlayer-20160507_003557/game27.json
01:32:03 - Finished 27 of 100 games in 55.84 minutes. Estimated 150.97 minutes remaining.
01:32:06 (Game 28) - Initializing game with players: [ConfidencePlayer, MiniMaxRandomPlayer]
01:32:06 (Game 28) - Playing game...
01:33:10 (Game 28) - Completed game with scores [100, 0]
01:33:10 (Game 28) - Cumulative scores: MiniMaxRandomPlayer=0 ConfidencePlayer=2800 
01:33:10 (Game 28) - Saving match to file connectFour-MiniMaxRandomPlayer-vs-ConfidencePlayer-20160507_003557/game28.json
01:33:10 - Finished 28 of 100 games in 56.95 minutes. Estimated 146.43 minutes remaining.
01:33:13 (Game 29) - Initializing game with players: [MiniMaxRandomPlayer, ConfidencePlayer]
01:33:13 (Game 29) - Playing game...
01:35:19 (Game 29) - Completed game with scores [0, 100]
01:35:19 (Game 29) - Cumulative scores: MiniMaxRandomPlayer=0 ConfidencePlayer=2900 
01:35:19 (Game 29) - Saving match to file connectFour-MiniMaxRandomPlayer-vs-ConfidencePlayer-20160507_003557/game29.json
01:35:19 - Finished 29 of 100 games in 59.11 minutes. Estimated 144.71 minutes remaining.
01:35:22 (Game 30) - Initializing game with players: [ConfidencePlayer, MiniMaxRandomPlayer]
01:35:22 (Game 30) - Playing game...
01:36:26 (Game 30) - Completed game with scores [100, 0]
01:36:26 (Game 30) - Cumulative scores: MiniMaxRandomPlayer=0 ConfidencePlayer=3000 
01:36:26 (Game 30) - Saving match to file connectFour-MiniMaxRandomPlayer-vs-ConfidencePlayer-20160507_003557/game30.json
01:36:26 - Finished 30 of 100 games in 60.22 minutes. Estimated 140.51 minutes remaining.
01:36:29 (Game 31) - Initializing game with players: [MiniMaxRandomPlayer, ConfidencePlayer]
01:36:29 (Game 31) - Playing game...
01:37:59 (Game 31) - Completed game with scores [0, 100]
01:37:59 (Game 31) - Cumulative scores: MiniMaxRandomPlayer=0 ConfidencePlayer=3100 
01:37:59 (Game 31) - Saving match to file connectFour-MiniMaxRandomPlayer-vs-ConfidencePlayer-20160507_003557/game31.json
01:37:59 - Finished 31 of 100 games in 61.78 minutes. Estimated 137.50 minutes remaining.
01:38:02 (Game 32) - Initializing game with players: [ConfidencePlayer, MiniMaxRandomPlayer]
01:38:02 (Game 32) - Playing game...
01:39:06 (Game 32) - Completed game with scores [100, 0]
01:39:06 (Game 32) - Cumulative scores: MiniMaxRandomPlayer=0 ConfidencePlayer=3200 
01:39:06 (Game 32) - Saving match to file connectFour-MiniMaxRandomPlayer-vs-ConfidencePlayer-20160507_003557/game32.json
01:39:06 - Finished 32 of 100 games in 62.89 minutes. Estimated 133.64 minutes remaining.
01:39:09 (Game 33) - Initializing game with players: [MiniMaxRandomPlayer, ConfidencePlayer]
01:39:09 (Game 33) - Playing game...
01:40:58 (Game 33) - Completed game with scores [0, 100]
01:40:58 (Game 33) - Cumulative scores: MiniMaxRandomPlayer=0 ConfidencePlayer=3300 
01:40:58 (Game 33) - Saving match to file connectFour-MiniMaxRandomPlayer-vs-ConfidencePlayer-20160507_003557/game33.json
01:40:58 - Finished 33 of 100 games in 64.75 minutes. Estimated 131.46 minutes remaining.
01:41:01 (Game 34) - Initializing game with players: [ConfidencePlayer, MiniMaxRandomPlayer]
01:41:01 (Game 34) - Playing game...
01:42:04 (Game 34) - Completed game with scores [100, 0]
01:42:04 (Game 34) - Cumulative scores: MiniMaxRandomPlayer=0 ConfidencePlayer=3400 
01:42:04 (Game 34) - Saving match to file connectFour-MiniMaxRandomPlayer-vs-ConfidencePlayer-20160507_003557/game34.json
01:42:04 - Finished 34 of 100 games in 65.86 minutes. Estimated 127.84 minutes remaining.
01:42:07 (Game 35) - Initializing game with players: [MiniMaxRandomPlayer, ConfidencePlayer]
01:42:07 (Game 35) - Playing game...
01:43:56 (Game 35) - Completed game with scores [0, 100]
01:43:56 (Game 35) - Cumulative scores: MiniMaxRandomPlayer=0 ConfidencePlayer=3500 
01:43:56 (Game 35) - Saving match to file connectFour-MiniMaxRandomPlayer-vs-ConfidencePlayer-20160507_003557/game35.json
01:43:56 - Finished 35 of 100 games in 67.72 minutes. Estimated 125.77 minutes remaining.
01:43:59 (Game 36) - Initializing game with players: [ConfidencePlayer, MiniMaxRandomPlayer]
01:43:59 (Game 36) - Playing game...
01:45:02 (Game 36) - Completed game with scores [100, 0]
01:45:02 (Game 36) - Cumulative scores: MiniMaxRandomPlayer=0 ConfidencePlayer=3600 
01:45:02 (Game 36) - Saving match to file connectFour-MiniMaxRandomPlayer-vs-ConfidencePlayer-20160507_003557/game36.json
01:45:02 - Finished 36 of 100 games in 68.83 minutes. Estimated 122.36 minutes remaining.
01:45:05 (Game 37) - Initializing game with players: [MiniMaxRandomPlayer, ConfidencePlayer]
01:45:05 (Game 37) - Playing game...
01:48:43 (Game 37) - Completed game with scores [0, 100]
01:48:43 (Game 37) - Cumulative scores: MiniMaxRandomPlayer=0 ConfidencePlayer=3700 
01:48:43 (Game 37) - Saving match to file connectFour-MiniMaxRandomPlayer-vs-ConfidencePlayer-20160507_003557/game37.json
01:48:43 - Finished 37 of 100 games in 72.50 minutes. Estimated 123.44 minutes remaining.
01:48:46 (Game 38) - Initializing game with players: [ConfidencePlayer, MiniMaxRandomPlayer]
01:48:46 (Game 38) - Playing game...
01:49:49 (Game 38) - Completed game with scores [100, 0]
01:49:49 (Game 38) - Cumulative scores: MiniMaxRandomPlayer=0 ConfidencePlayer=3800 
01:49:49 (Game 38) - Saving match to file connectFour-MiniMaxRandomPlayer-vs-ConfidencePlayer-20160507_003557/game38.json
01:49:49 - Finished 38 of 100 games in 73.60 minutes. Estimated 120.09 minutes remaining.
01:49:52 (Game 39) - Initializing game with players: [MiniMaxRandomPlayer, ConfidencePlayer]
01:49:52 (Game 39) - Playing game...
01:51:23 (Game 39) - Completed game with scores [0, 100]
01:51:23 (Game 39) - Cumulative scores: MiniMaxRandomPlayer=0 ConfidencePlayer=3900 
01:51:23 (Game 39) - Saving match to file connectFour-MiniMaxRandomPlayer-vs-ConfidencePlayer-20160507_003557/game39.json
01:51:23 - Finished 39 of 100 games in 75.16 minutes. Estimated 117.56 minutes remaining.
01:51:26 (Game 40) - Initializing game with players: [ConfidencePlayer, MiniMaxRandomPlayer]
01:51:26 (Game 40) - Playing game...
01:52:29 (Game 40) - Completed game with scores [100, 0]
01:52:29 (Game 40) - Cumulative scores: MiniMaxRandomPlayer=0 ConfidencePlayer=4000 
01:52:29 (Game 40) - Saving match to file connectFour-MiniMaxRandomPlayer-vs-ConfidencePlayer-20160507_003557/game40.json
01:52:29 - Finished 40 of 100 games in 76.27 minutes. Estimated 114.41 minutes remaining.
01:52:32 (Game 41) - Initializing game with players: [MiniMaxRandomPlayer, ConfidencePlayer]
01:52:32 (Game 41) - Playing game...
01:55:33 (Game 41) - Completed game with scores [0, 100]
01:55:33 (Game 41) - Cumulative scores: MiniMaxRandomPlayer=0 ConfidencePlayer=4100 
01:55:33 (Game 41) - Saving match to file connectFour-MiniMaxRandomPlayer-vs-ConfidencePlayer-20160507_003557/game41.json
01:55:33 - Finished 41 of 100 games in 79.34 minutes. Estimated 114.17 minutes remaining.
01:55:36 (Game 42) - Initializing game with players: [ConfidencePlayer, MiniMaxRandomPlayer]
01:55:36 (Game 42) - Playing game...
01:56:39 (Game 42) - Completed game with scores [100, 0]
01:56:39 (Game 42) - Cumulative scores: MiniMaxRandomPlayer=0 ConfidencePlayer=4200 
01:56:39 (Game 42) - Saving match to file connectFour-MiniMaxRandomPlayer-vs-ConfidencePlayer-20160507_003557/game42.json
01:56:39 - Finished 42 of 100 games in 80.44 minutes. Estimated 111.09 minutes remaining.
01:56:42 (Game 43) - Initializing game with players: [MiniMaxRandomPlayer, ConfidencePlayer]
01:56:42 (Game 43) - Playing game...
02:00:56 (Game 43) - Completed game with scores [0, 100]
02:00:56 (Game 43) - Cumulative scores: MiniMaxRandomPlayer=0 ConfidencePlayer=4300 
02:00:56 (Game 43) - Saving match to file connectFour-MiniMaxRandomPlayer-vs-ConfidencePlayer-20160507_003557/game43.json
02:00:56 - Finished 43 of 100 games in 84.71 minutes. Estimated 112.30 minutes remaining.
02:00:59 (Game 44) - Initializing game with players: [ConfidencePlayer, MiniMaxRandomPlayer]
02:00:59 (Game 44) - Playing game...
02:02:02 (Game 44) - Completed game with scores [100, 0]
02:02:02 (Game 44) - Cumulative scores: MiniMaxRandomPlayer=0 ConfidencePlayer=4400 
02:02:02 (Game 44) - Saving match to file connectFour-MiniMaxRandomPlayer-vs-ConfidencePlayer-20160507_003557/game44.json
02:02:02 - Finished 44 of 100 games in 85.82 minutes. Estimated 109.23 minutes remaining.
02:02:05 (Game 45) - Initializing game with players: [MiniMaxRandomPlayer, ConfidencePlayer]
02:02:05 (Game 45) - Playing game...
02:06:27 (Game 45) - Completed game with scores [100, 0]
02:06:27 (Game 45) - Cumulative scores: MiniMaxRandomPlayer=100 ConfidencePlayer=4400 
02:06:27 (Game 45) - Saving match to file connectFour-MiniMaxRandomPlayer-vs-ConfidencePlayer-20160507_003557/game45.json
02:06:27 - Finished 45 of 100 games in 90.24 minutes. Estimated 110.29 minutes remaining.
02:06:30 (Game 46) - Initializing game with players: [ConfidencePlayer, MiniMaxRandomPlayer]
02:06:30 (Game 46) - Playing game...
02:07:34 (Game 46) - Completed game with scores [100, 0]
02:07:34 (Game 46) - Cumulative scores: MiniMaxRandomPlayer=100 ConfidencePlayer=4500 
02:07:34 (Game 46) - Saving match to file connectFour-MiniMaxRandomPlayer-vs-ConfidencePlayer-20160507_003557/game46.json
02:07:34 - Finished 46 of 100 games in 91.35 minutes. Estimated 107.24 minutes remaining.
02:07:37 (Game 47) - Initializing game with players: [MiniMaxRandomPlayer, ConfidencePlayer]
02:07:37 (Game 47) - Playing game...
02:10:37 (Game 47) - Completed game with scores [0, 100]
02:10:37 (Game 47) - Cumulative scores: MiniMaxRandomPlayer=100 ConfidencePlayer=4600 
02:10:37 (Game 47) - Saving match to file connectFour-MiniMaxRandomPlayer-vs-ConfidencePlayer-20160507_003557/game47.json
02:10:37 - Finished 47 of 100 games in 94.41 minutes. Estimated 106.47 minutes remaining.
02:10:40 (Game 48) - Initializing game with players: [ConfidencePlayer, MiniMaxRandomPlayer]
02:10:40 (Game 48) - Playing game...
02:11:44 (Game 48) - Completed game with scores [100, 0]
02:11:44 (Game 48) - Cumulative scores: MiniMaxRandomPlayer=100 ConfidencePlayer=4700 
02:11:44 (Game 48) - Saving match to file connectFour-MiniMaxRandomPlayer-vs-ConfidencePlayer-20160507_003557/game48.json
02:11:44 - Finished 48 of 100 games in 95.52 minutes. Estimated 103.48 minutes remaining.
02:11:47 (Game 49) - Initializing game with players: [MiniMaxRandomPlayer, ConfidencePlayer]
02:11:47 (Game 49) - Playing game...
02:13:18 (Game 49) - Completed game with scores [0, 100]
02:13:18 (Game 49) - Cumulative scores: MiniMaxRandomPlayer=100 ConfidencePlayer=4800 
02:13:18 (Game 49) - Saving match to file connectFour-MiniMaxRandomPlayer-vs-ConfidencePlayer-20160507_003557/game49.json
02:13:18 - Finished 49 of 100 games in 97.08 minutes. Estimated 101.04 minutes remaining.
02:13:21 (Game 50) - Initializing game with players: [ConfidencePlayer, MiniMaxRandomPlayer]
02:13:21 (Game 50) - Playing game...
02:14:24 (Game 50) - Completed game with scores [100, 0]
02:14:24 (Game 50) - Cumulative scores: MiniMaxRandomPlayer=100 ConfidencePlayer=4900 
02:14:24 (Game 50) - Saving match to file connectFour-MiniMaxRandomPlayer-vs-ConfidencePlayer-20160507_003557/game50.json
02:14:24 - Finished 50 of 100 games in 98.19 minutes. Estimated 98.19 minutes remaining.
02:14:27 (Game 51) - Initializing game with players: [MiniMaxRandomPlayer, ConfidencePlayer]
02:14:27 (Game 51) - Playing game...
02:15:58 (Game 51) - Completed game with scores [0, 100]
02:15:58 (Game 51) - Cumulative scores: MiniMaxRandomPlayer=100 ConfidencePlayer=5000 
02:15:58 (Game 51) - Saving match to file connectFour-MiniMaxRandomPlayer-vs-ConfidencePlayer-20160507_003557/game51.json
02:15:58 - Finished 51 of 100 games in 99.75 minutes. Estimated 95.84 minutes remaining.
02:16:01 (Game 52) - Initializing game with players: [ConfidencePlayer, MiniMaxRandomPlayer]
02:16:01 (Game 52) - Playing game...
02:17:04 (Game 52) - Completed game with scores [100, 0]
02:17:04 (Game 52) - Cumulative scores: MiniMaxRandomPlayer=100 ConfidencePlayer=5100 
02:17:04 (Game 52) - Saving match to file connectFour-MiniMaxRandomPlayer-vs-ConfidencePlayer-20160507_003557/game52.json
02:17:04 - Finished 52 of 100 games in 100.86 minutes. Estimated 93.10 minutes remaining.
02:17:07 (Game 53) - Initializing game with players: [MiniMaxRandomPlayer, ConfidencePlayer]
02:17:07 (Game 53) - Playing game...
02:20:26 (Game 53) - Completed game with scores [0, 100]
02:20:26 (Game 53) - Cumulative scores: MiniMaxRandomPlayer=100 ConfidencePlayer=5200 
02:20:26 (Game 53) - Saving match to file connectFour-MiniMaxRandomPlayer-vs-ConfidencePlayer-20160507_003557/game53.json
02:20:26 - Finished 53 of 100 games in 104.22 minutes. Estimated 92.42 minutes remaining.
02:20:29 (Game 54) - Initializing game with players: [ConfidencePlayer, MiniMaxRandomPlayer]
02:20:29 (Game 54) - Playing game...
02:23:39 (Game 54) - Completed game with scores [100, 0]
02:23:39 (Game 54) - Cumulative scores: MiniMaxRandomPlayer=100 ConfidencePlayer=5300 
02:23:39 (Game 54) - Saving match to file connectFour-MiniMaxRandomPlayer-vs-ConfidencePlayer-20160507_003557/game54.json
02:23:39 - Finished 54 of 100 games in 107.44 minutes. Estimated 91.52 minutes remaining.
02:23:42 (Game 55) - Initializing game with players: [MiniMaxRandomPlayer, ConfidencePlayer]
02:23:42 (Game 55) - Playing game...
02:25:13 (Game 55) - Completed game with scores [0, 100]
02:25:13 (Game 55) - Cumulative scores: MiniMaxRandomPlayer=100 ConfidencePlayer=5400 
02:25:13 (Game 55) - Saving match to file connectFour-MiniMaxRandomPlayer-vs-ConfidencePlayer-20160507_003557/game55.json
02:25:13 - Finished 55 of 100 games in 109.00 minutes. Estimated 89.18 minutes remaining.
02:25:16 (Game 56) - Initializing game with players: [ConfidencePlayer, MiniMaxRandomPlayer]
02:25:16 (Game 56) - Playing game...
02:26:19 (Game 56) - Completed game with scores [100, 0]
02:26:19 (Game 56) - Cumulative scores: MiniMaxRandomPlayer=100 ConfidencePlayer=5500 
02:26:19 (Game 56) - Saving match to file connectFour-MiniMaxRandomPlayer-vs-ConfidencePlayer-20160507_003557/game56.json
02:26:19 - Finished 56 of 100 games in 110.11 minutes. Estimated 86.51 minutes remaining.
02:26:22 (Game 57) - Initializing game with players: [MiniMaxRandomPlayer, ConfidencePlayer]
02:26:22 (Game 57) - Playing game...
02:27:53 (Game 57) - Completed game with scores [0, 100]
02:27:53 (Game 57) - Cumulative scores: MiniMaxRandomPlayer=100 ConfidencePlayer=5600 
02:27:53 (Game 57) - Saving match to file connectFour-MiniMaxRandomPlayer-vs-ConfidencePlayer-20160507_003557/game57.json
02:27:53 - Finished 57 of 100 games in 111.67 minutes. Estimated 84.24 minutes remaining.
02:27:56 (Game 58) - Initializing game with players: [ConfidencePlayer, MiniMaxRandomPlayer]
02:27:56 (Game 58) - Playing game...
02:28:59 (Game 58) - Completed game with scores [100, 0]
02:28:59 (Game 58) - Cumulative scores: MiniMaxRandomPlayer=100 ConfidencePlayer=5700 
02:28:59 (Game 58) - Saving match to file connectFour-MiniMaxRandomPlayer-vs-ConfidencePlayer-20160507_003557/game58.json
02:28:59 - Finished 58 of 100 games in 112.77 minutes. Estimated 81.66 minutes remaining.
02:29:02 (Game 59) - Initializing game with players: [MiniMaxRandomPlayer, ConfidencePlayer]
02:29:02 (Game 59) - Playing game...
02:30:33 (Game 59) - Completed game with scores [0, 100]
02:30:33 (Game 59) - Cumulative scores: MiniMaxRandomPlayer=100 ConfidencePlayer=5800 
02:30:33 (Game 59) - Saving match to file connectFour-MiniMaxRandomPlayer-vs-ConfidencePlayer-20160507_003557/game59.json
02:30:33 - Finished 59 of 100 games in 114.33 minutes. Estimated 79.45 minutes remaining.
02:30:36 (Game 60) - Initializing game with players: [ConfidencePlayer, MiniMaxRandomPlayer]
02:30:36 (Game 60) - Playing game...
02:32:34 (Game 60) - Completed game with scores [100, 0]
02:32:34 (Game 60) - Cumulative scores: MiniMaxRandomPlayer=100 ConfidencePlayer=5900 
02:32:34 (Game 60) - Saving match to file connectFour-MiniMaxRandomPlayer-vs-ConfidencePlayer-20160507_003557/game60.json
02:32:34 - Finished 60 of 100 games in 116.35 minutes. Estimated 77.57 minutes remaining.
02:32:37 (Game 61) - Initializing game with players: [MiniMaxRandomPlayer, ConfidencePlayer]
02:32:37 (Game 61) - Playing game...
02:34:07 (Game 61) - Completed game with scores [0, 100]
02:34:07 (Game 61) - Cumulative scores: MiniMaxRandomPlayer=100 ConfidencePlayer=6000 
02:34:07 (Game 61) - Saving match to file connectFour-MiniMaxRandomPlayer-vs-ConfidencePlayer-20160507_003557/game61.json
02:34:07 - Finished 61 of 100 games in 117.91 minutes. Estimated 75.38 minutes remaining.
02:34:10 (Game 62) - Initializing game with players: [ConfidencePlayer, MiniMaxRandomPlayer]
02:34:10 (Game 62) - Playing game...
02:35:14 (Game 62) - Completed game with scores [100, 0]
02:35:14 (Game 62) - Cumulative scores: MiniMaxRandomPlayer=100 ConfidencePlayer=6100 
02:35:14 (Game 62) - Saving match to file connectFour-MiniMaxRandomPlayer-vs-ConfidencePlayer-20160507_003557/game62.json
02:35:14 - Finished 62 of 100 games in 119.02 minutes. Estimated 72.95 minutes remaining.
02:35:17 (Game 63) - Initializing game with players: [MiniMaxRandomPlayer, ConfidencePlayer]
02:35:17 (Game 63) - Playing game...
02:36:47 (Game 63) - Completed game with scores [0, 100]
02:36:47 (Game 63) - Cumulative scores: MiniMaxRandomPlayer=100 ConfidencePlayer=6200 
02:36:47 (Game 63) - Saving match to file connectFour-MiniMaxRandomPlayer-vs-ConfidencePlayer-20160507_003557/game63.json
02:36:47 - Finished 63 of 100 games in 120.58 minutes. Estimated 70.82 minutes remaining.
02:36:50 (Game 64) - Initializing game with players: [ConfidencePlayer, MiniMaxRandomPlayer]
02:36:50 (Game 64) - Playing game...
02:37:54 (Game 64) - Completed game with scores [100, 0]
02:37:54 (Game 64) - Cumulative scores: MiniMaxRandomPlayer=100 ConfidencePlayer=6300 
02:37:54 (Game 64) - Saving match to file connectFour-MiniMaxRandomPlayer-vs-ConfidencePlayer-20160507_003557/game64.json
02:37:54 - Finished 64 of 100 games in 121.69 minutes. Estimated 68.45 minutes remaining.
02:37:57 (Game 65) - Initializing game with players: [MiniMaxRandomPlayer, ConfidencePlayer]
02:37:57 (Game 65) - Playing game...
02:39:27 (Game 65) - Completed game with scores [0, 100]
02:39:27 (Game 65) - Cumulative scores: MiniMaxRandomPlayer=100 ConfidencePlayer=6400 
02:39:27 (Game 65) - Saving match to file connectFour-MiniMaxRandomPlayer-vs-ConfidencePlayer-20160507_003557/game65.json
02:39:27 - Finished 65 of 100 games in 123.25 minutes. Estimated 66.36 minutes remaining.
02:39:30 (Game 66) - Initializing game with players: [ConfidencePlayer, MiniMaxRandomPlayer]
02:39:31 (Game 66) - Playing game...
02:40:34 (Game 66) - Completed game with scores [100, 0]
02:40:34 (Game 66) - Cumulative scores: MiniMaxRandomPlayer=100 ConfidencePlayer=6500 
02:40:34 (Game 66) - Saving match to file connectFour-MiniMaxRandomPlayer-vs-ConfidencePlayer-20160507_003557/game66.json
02:40:34 - Finished 66 of 100 games in 124.35 minutes. Estimated 64.06 minutes remaining.
02:40:37 (Game 67) - Initializing game with players: [MiniMaxRandomPlayer, ConfidencePlayer]
02:40:37 (Game 67) - Playing game...
02:42:08 (Game 67) - Completed game with scores [0, 100]
02:42:08 (Game 67) - Cumulative scores: MiniMaxRandomPlayer=100 ConfidencePlayer=6600 
02:42:08 (Game 67) - Saving match to file connectFour-MiniMaxRandomPlayer-vs-ConfidencePlayer-20160507_003557/game67.json
02:42:08 - Finished 67 of 100 games in 125.91 minutes. Estimated 62.02 minutes remaining.
02:42:11 (Game 68) - Initializing game with players: [ConfidencePlayer, MiniMaxRandomPlayer]
02:42:11 (Game 68) - Playing game...
02:45:02 (Game 68) - Completed game with scores [100, 0]
02:45:02 (Game 68) - Cumulative scores: MiniMaxRandomPlayer=100 ConfidencePlayer=6700 
02:45:02 (Game 68) - Saving match to file connectFour-MiniMaxRandomPlayer-vs-ConfidencePlayer-20160507_003557/game68.json
02:45:02 - Finished 68 of 100 games in 128.83 minutes. Estimated 60.62 minutes remaining.
02:45:05 (Game 69) - Initializing game with players: [MiniMaxRandomPlayer, ConfidencePlayer]
02:45:05 (Game 69) - Playing game...
02:50:40 (Game 69) - Completed game with scores [100, 0]
02:50:40 (Game 69) - Cumulative scores: MiniMaxRandomPlayer=200 ConfidencePlayer=6700 
02:50:40 (Game 69) - Saving match to file connectFour-MiniMaxRandomPlayer-vs-ConfidencePlayer-20160507_003557/game69.json
02:50:40 - Finished 69 of 100 games in 134.45 minutes. Estimated 60.40 minutes remaining.
02:50:43 (Game 70) - Initializing game with players: [ConfidencePlayer, MiniMaxRandomPlayer]
02:50:43 (Game 70) - Playing game...
02:51:46 (Game 70) - Completed game with scores [100, 0]
02:51:46 (Game 70) - Cumulative scores: MiniMaxRandomPlayer=200 ConfidencePlayer=6800 
02:51:46 (Game 70) - Saving match to file connectFour-MiniMaxRandomPlayer-vs-ConfidencePlayer-20160507_003557/game70.json
02:51:46 - Finished 70 of 100 games in 135.56 minutes. Estimated 58.10 minutes remaining.
02:51:49 (Game 71) - Initializing game with players: [MiniMaxRandomPlayer, ConfidencePlayer]
02:51:49 (Game 71) - Playing game...
02:53:20 (Game 71) - Completed game with scores [0, 100]
02:53:20 (Game 71) - Cumulative scores: MiniMaxRandomPlayer=200 ConfidencePlayer=6900 
02:53:20 (Game 71) - Saving match to file connectFour-MiniMaxRandomPlayer-vs-ConfidencePlayer-20160507_003557/game71.json
02:53:20 - Finished 71 of 100 games in 137.12 minutes. Estimated 56.00 minutes remaining.
02:53:23 (Game 72) - Initializing game with players: [ConfidencePlayer, MiniMaxRandomPlayer]
02:53:23 (Game 72) - Playing game...
02:54:26 (Game 72) - Completed game with scores [100, 0]
02:54:26 (Game 72) - Cumulative scores: MiniMaxRandomPlayer=200 ConfidencePlayer=7000 
02:54:26 (Game 72) - Saving match to file connectFour-MiniMaxRandomPlayer-vs-ConfidencePlayer-20160507_003557/game72.json
02:54:26 - Finished 72 of 100 games in 138.22 minutes. Estimated 53.75 minutes remaining.
02:54:29 (Game 73) - Initializing game with players: [MiniMaxRandomPlayer, ConfidencePlayer]
02:54:29 (Game 73) - Playing game...
02:56:00 (Game 73) - Completed game with scores [0, 100]
02:56:00 (Game 73) - Cumulative scores: MiniMaxRandomPlayer=200 ConfidencePlayer=7100 
02:56:00 (Game 73) - Saving match to file connectFour-MiniMaxRandomPlayer-vs-ConfidencePlayer-20160507_003557/game73.json
02:56:00 - Finished 73 of 100 games in 139.78 minutes. Estimated 51.70 minutes remaining.
02:56:03 (Game 74) - Initializing game with players: [ConfidencePlayer, MiniMaxRandomPlayer]
02:56:03 (Game 74) - Playing game...
02:59:13 (Game 74) - Completed game with scores [100, 0]
02:59:13 (Game 74) - Cumulative scores: MiniMaxRandomPlayer=200 ConfidencePlayer=7200 
02:59:13 (Game 74) - Saving match to file connectFour-MiniMaxRandomPlayer-vs-ConfidencePlayer-20160507_003557/game74.json
02:59:13 - Finished 74 of 100 games in 143.00 minutes. Estimated 50.24 minutes remaining.
02:59:16 (Game 75) - Initializing game with players: [MiniMaxRandomPlayer, ConfidencePlayer]
02:59:16 (Game 75) - Playing game...
03:00:46 (Game 75) - Completed game with scores [0, 100]
03:00:46 (Game 75) - Cumulative scores: MiniMaxRandomPlayer=200 ConfidencePlayer=7300 
03:00:46 (Game 75) - Saving match to file connectFour-MiniMaxRandomPlayer-vs-ConfidencePlayer-20160507_003557/game75.json
03:00:46 - Finished 75 of 100 games in 144.56 minutes. Estimated 48.19 minutes remaining.
03:00:49 (Game 76) - Initializing game with players: [ConfidencePlayer, MiniMaxRandomPlayer]
03:00:49 (Game 76) - Playing game...
03:05:03 (Game 76) - Completed game with scores [0, 100]
03:05:03 (Game 76) - Cumulative scores: MiniMaxRandomPlayer=300 ConfidencePlayer=7300 
03:05:03 (Game 76) - Saving match to file connectFour-MiniMaxRandomPlayer-vs-ConfidencePlayer-20160507_003557/game76.json
03:05:03 - Finished 76 of 100 games in 148.83 minutes. Estimated 47.00 minutes remaining.
03:05:06 (Game 77) - Initializing game with players: [MiniMaxRandomPlayer, ConfidencePlayer]
03:05:06 (Game 77) - Playing game...
03:06:36 (Game 77) - Completed game with scores [0, 100]
03:06:36 (Game 77) - Cumulative scores: MiniMaxRandomPlayer=300 ConfidencePlayer=7400 
03:06:36 (Game 77) - Saving match to file connectFour-MiniMaxRandomPlayer-vs-ConfidencePlayer-20160507_003557/game77.json
03:06:36 - Finished 77 of 100 games in 150.39 minutes. Estimated 44.92 minutes remaining.
03:06:39 (Game 78) - Initializing game with players: [ConfidencePlayer, MiniMaxRandomPlayer]
03:06:39 (Game 78) - Playing game...
03:09:31 (Game 78) - Completed game with scores [100, 0]
03:09:31 (Game 78) - Cumulative scores: MiniMaxRandomPlayer=300 ConfidencePlayer=7500 
03:09:31 (Game 78) - Saving match to file connectFour-MiniMaxRandomPlayer-vs-ConfidencePlayer-20160507_003557/game78.json
03:09:31 - Finished 78 of 100 games in 153.31 minutes. Estimated 43.24 minutes remaining.
03:09:34 (Game 79) - Initializing game with players: [MiniMaxRandomPlayer, ConfidencePlayer]
03:09:34 (Game 79) - Playing game...
03:11:05 (Game 79) - Completed game with scores [0, 100]
03:11:05 (Game 79) - Cumulative scores: MiniMaxRandomPlayer=300 ConfidencePlayer=7600 
03:11:05 (Game 79) - Saving match to file connectFour-MiniMaxRandomPlayer-vs-ConfidencePlayer-20160507_003557/game79.json
03:11:05 - Finished 79 of 100 games in 154.87 minutes. Estimated 41.17 minutes remaining.
03:11:08 (Game 80) - Initializing game with players: [ConfidencePlayer, MiniMaxRandomPlayer]
03:11:08 (Game 80) - Playing game...
03:12:11 (Game 80) - Completed game with scores [100, 0]
03:12:11 (Game 80) - Cumulative scores: MiniMaxRandomPlayer=300 ConfidencePlayer=7700 
03:12:11 (Game 80) - Saving match to file connectFour-MiniMaxRandomPlayer-vs-ConfidencePlayer-20160507_003557/game80.json
03:12:11 - Finished 80 of 100 games in 155.98 minutes. Estimated 38.99 minutes remaining.
03:12:14 (Game 81) - Initializing game with players: [MiniMaxRandomPlayer, ConfidencePlayer]
03:12:14 (Game 81) - Playing game...
03:13:45 (Game 81) - Completed game with scores [0, 100]
03:13:45 (Game 81) - Cumulative scores: MiniMaxRandomPlayer=300 ConfidencePlayer=7800 
03:13:45 (Game 81) - Saving match to file connectFour-MiniMaxRandomPlayer-vs-ConfidencePlayer-20160507_003557/game81.json
03:13:45 - Finished 81 of 100 games in 157.53 minutes. Estimated 36.95 minutes remaining.
03:13:48 (Game 82) - Initializing game with players: [ConfidencePlayer, MiniMaxRandomPlayer]
03:13:48 (Game 82) - Playing game...
03:16:58 (Game 82) - Completed game with scores [100, 0]
03:16:58 (Game 82) - Cumulative scores: MiniMaxRandomPlayer=300 ConfidencePlayer=7900 
03:16:58 (Game 82) - Saving match to file connectFour-MiniMaxRandomPlayer-vs-ConfidencePlayer-20160507_003557/game82.json
03:16:58 - Finished 82 of 100 games in 160.75 minutes. Estimated 35.29 minutes remaining.
03:17:01 (Game 83) - Initializing game with players: [MiniMaxRandomPlayer, ConfidencePlayer]
03:17:01 (Game 83) - Playing game...
03:18:31 (Game 83) - Completed game with scores [0, 100]
03:18:31 (Game 83) - Cumulative scores: MiniMaxRandomPlayer=300 ConfidencePlayer=8000 
03:18:31 (Game 83) - Saving match to file connectFour-MiniMaxRandomPlayer-vs-ConfidencePlayer-20160507_003557/game83.json
03:18:31 - Finished 83 of 100 games in 162.31 minutes. Estimated 33.24 minutes remaining.
03:18:34 (Game 84) - Initializing game with players: [ConfidencePlayer, MiniMaxRandomPlayer]
03:18:34 (Game 84) - Playing game...
03:19:38 (Game 84) - Completed game with scores [100, 0]
03:19:38 (Game 84) - Cumulative scores: MiniMaxRandomPlayer=300 ConfidencePlayer=8100 
03:19:38 (Game 84) - Saving match to file connectFour-MiniMaxRandomPlayer-vs-ConfidencePlayer-20160507_003557/game84.json
03:19:38 - Finished 84 of 100 games in 163.42 minutes. Estimated 31.13 minutes remaining.
03:19:41 (Game 85) - Initializing game with players: [MiniMaxRandomPlayer, ConfidencePlayer]
03:19:41 (Game 85) - Playing game...
03:21:11 (Game 85) - Completed game with scores [0, 100]
03:21:11 (Game 85) - Cumulative scores: MiniMaxRandomPlayer=300 ConfidencePlayer=8200 
03:21:11 (Game 85) - Saving match to file connectFour-MiniMaxRandomPlayer-vs-ConfidencePlayer-20160507_003557/game85.json
03:21:11 - Finished 85 of 100 games in 164.98 minutes. Estimated 29.11 minutes remaining.
03:21:14 (Game 86) - Initializing game with players: [ConfidencePlayer, MiniMaxRandomPlayer]
03:21:14 (Game 86) - Playing game...
03:22:18 (Game 86) - Completed game with scores [100, 0]
03:22:18 (Game 86) - Cumulative scores: MiniMaxRandomPlayer=300 ConfidencePlayer=8300 
03:22:18 (Game 86) - Saving match to file connectFour-MiniMaxRandomPlayer-vs-ConfidencePlayer-20160507_003557/game86.json
03:22:18 - Finished 86 of 100 games in 166.08 minutes. Estimated 27.04 minutes remaining.
03:22:21 (Game 87) - Initializing game with players: [MiniMaxRandomPlayer, ConfidencePlayer]
03:22:21 (Game 87) - Playing game...
03:23:51 (Game 87) - Completed game with scores [0, 100]
03:23:51 (Game 87) - Cumulative scores: MiniMaxRandomPlayer=300 ConfidencePlayer=8400 
03:23:51 (Game 87) - Saving match to file connectFour-MiniMaxRandomPlayer-vs-ConfidencePlayer-20160507_003557/game87.json
03:23:51 - Finished 87 of 100 games in 167.64 minutes. Estimated 25.05 minutes remaining.
03:23:54 (Game 88) - Initializing game with players: [ConfidencePlayer, MiniMaxRandomPlayer]
03:23:54 (Game 88) - Playing game...
03:24:58 (Game 88) - Completed game with scores [100, 0]
03:24:58 (Game 88) - Cumulative scores: MiniMaxRandomPlayer=300 ConfidencePlayer=8500 
03:24:58 (Game 88) - Saving match to file connectFour-MiniMaxRandomPlayer-vs-ConfidencePlayer-20160507_003557/game88.json
03:24:58 - Finished 88 of 100 games in 168.75 minutes. Estimated 23.01 minutes remaining.
03:25:01 (Game 89) - Initializing game with players: [MiniMaxRandomPlayer, ConfidencePlayer]
03:25:01 (Game 89) - Playing game...
03:28:56 (Game 89) - Completed game with scores [0, 100]
03:28:56 (Game 89) - Cumulative scores: MiniMaxRandomPlayer=300 ConfidencePlayer=8600 
03:28:56 (Game 89) - Saving match to file connectFour-MiniMaxRandomPlayer-vs-ConfidencePlayer-20160507_003557/game89.json
03:28:56 - Finished 89 of 100 games in 172.72 minutes. Estimated 21.35 minutes remaining.
03:28:59 (Game 90) - Initializing game with players: [ConfidencePlayer, MiniMaxRandomPlayer]
03:28:59 (Game 90) - Playing game...
03:30:02 (Game 90) - Completed game with scores [100, 0]
03:30:02 (Game 90) - Cumulative scores: MiniMaxRandomPlayer=300 ConfidencePlayer=8700 
03:30:02 (Game 90) - Saving match to file connectFour-MiniMaxRandomPlayer-vs-ConfidencePlayer-20160507_003557/game90.json
03:30:02 - Finished 90 of 100 games in 173.83 minutes. Estimated 19.31 minutes remaining.
03:30:05 (Game 91) - Initializing game with players: [MiniMaxRandomPlayer, ConfidencePlayer]
03:30:05 (Game 91) - Playing game...
03:31:36 (Game 91) - Completed game with scores [0, 100]
03:31:36 (Game 91) - Cumulative scores: MiniMaxRandomPlayer=300 ConfidencePlayer=8800 
03:31:36 (Game 91) - Saving match to file connectFour-MiniMaxRandomPlayer-vs-ConfidencePlayer-20160507_003557/game91.json
03:31:36 - Finished 91 of 100 games in 175.39 minutes. Estimated 17.35 minutes remaining.
03:31:39 (Game 92) - Initializing game with players: [ConfidencePlayer, MiniMaxRandomPlayer]
03:31:39 (Game 92) - Playing game...
03:34:31 (Game 92) - Completed game with scores [100, 0]
03:34:31 (Game 92) - Cumulative scores: MiniMaxRandomPlayer=300 ConfidencePlayer=8900 
03:34:31 (Game 92) - Saving match to file connectFour-MiniMaxRandomPlayer-vs-ConfidencePlayer-20160507_003557/game92.json
03:34:31 - Finished 92 of 100 games in 178.30 minutes. Estimated 15.50 minutes remaining.
03:34:34 (Game 93) - Initializing game with players: [MiniMaxRandomPlayer, ConfidencePlayer]
03:34:34 (Game 93) - Playing game...
03:36:05 (Game 93) - Completed game with scores [0, 100]
03:36:05 (Game 93) - Cumulative scores: MiniMaxRandomPlayer=300 ConfidencePlayer=9000 
03:36:05 (Game 93) - Saving match to file connectFour-MiniMaxRandomPlayer-vs-ConfidencePlayer-20160507_003557/game93.json
03:36:05 - Finished 93 of 100 games in 179.86 minutes. Estimated 13.54 minutes remaining.
03:36:08 (Game 94) - Initializing game with players: [ConfidencePlayer, MiniMaxRandomPlayer]
03:36:08 (Game 94) - Playing game...
03:37:11 (Game 94) - Completed game with scores [100, 0]
03:37:11 (Game 94) - Cumulative scores: MiniMaxRandomPlayer=300 ConfidencePlayer=9100 
03:37:11 (Game 94) - Saving match to file connectFour-MiniMaxRandomPlayer-vs-ConfidencePlayer-20160507_003557/game94.json
03:37:11 - Finished 94 of 100 games in 180.97 minutes. Estimated 11.55 minutes remaining.
03:37:14 (Game 95) - Initializing game with players: [MiniMaxRandomPlayer, ConfidencePlayer]
03:37:14 (Game 95) - Playing game...
03:38:45 (Game 95) - Completed game with scores [0, 100]
03:38:45 (Game 95) - Cumulative scores: MiniMaxRandomPlayer=300 ConfidencePlayer=9200 
03:38:45 (Game 95) - Saving match to file connectFour-MiniMaxRandomPlayer-vs-ConfidencePlayer-20160507_003557/game95.json
03:38:45 - Finished 95 of 100 games in 182.53 minutes. Estimated 9.61 minutes remaining.
03:38:48 (Game 96) - Initializing game with players: [ConfidencePlayer, MiniMaxRandomPlayer]
03:38:48 (Game 96) - Playing game...
03:39:51 (Game 96) - Completed game with scores [100, 0]
03:39:51 (Game 96) - Cumulative scores: MiniMaxRandomPlayer=300 ConfidencePlayer=9300 
03:39:51 (Game 96) - Saving match to file connectFour-MiniMaxRandomPlayer-vs-ConfidencePlayer-20160507_003557/game96.json
03:39:51 - Finished 96 of 100 games in 183.64 minutes. Estimated 7.65 minutes remaining.
03:39:54 (Game 97) - Initializing game with players: [MiniMaxRandomPlayer, ConfidencePlayer]
03:39:54 (Game 97) - Playing game...
03:41:25 (Game 97) - Completed game with scores [0, 100]
03:41:25 (Game 97) - Cumulative scores: MiniMaxRandomPlayer=300 ConfidencePlayer=9400 
03:41:25 (Game 97) - Saving match to file connectFour-MiniMaxRandomPlayer-vs-ConfidencePlayer-20160507_003557/game97.json
03:41:25 - Finished 97 of 100 games in 185.20 minutes. Estimated 5.73 minutes remaining.
03:41:28 (Game 98) - Initializing game with players: [ConfidencePlayer, MiniMaxRandomPlayer]
03:41:28 (Game 98) - Playing game...
03:42:31 (Game 98) - Completed game with scores [100, 0]
03:42:31 (Game 98) - Cumulative scores: MiniMaxRandomPlayer=300 ConfidencePlayer=9500 
03:42:31 (Game 98) - Saving match to file connectFour-MiniMaxRandomPlayer-vs-ConfidencePlayer-20160507_003557/game98.json
03:42:31 - Finished 98 of 100 games in 186.31 minutes. Estimated 3.80 minutes remaining.
03:42:34 (Game 99) - Initializing game with players: [MiniMaxRandomPlayer, ConfidencePlayer]
03:42:34 (Game 99) - Playing game...
03:44:41 (Game 99) - Completed game with scores [0, 100]
03:44:41 (Game 99) - Cumulative scores: MiniMaxRandomPlayer=300 ConfidencePlayer=9600 
03:44:41 (Game 99) - Saving match to file connectFour-MiniMaxRandomPlayer-vs-ConfidencePlayer-20160507_003557/game99.json
03:44:41 - Finished 99 of 100 games in 188.47 minutes. Estimated 1.90 minutes remaining.
03:44:44 (Game 100) - Initializing game with players: [ConfidencePlayer, MiniMaxRandomPlayer]
03:44:44 (Game 100) - Playing game...
03:46:41 (Game 100) - Completed game with scores [100, 0]
03:46:41 (Game 100) - Cumulative scores: MiniMaxRandomPlayer=300 ConfidencePlayer=9700 
03:46:41 (Game 100) - Saving match to file connectFour-MiniMaxRandomPlayer-vs-ConfidencePlayer-20160507_003557/game100.json
03:46:41 - Finished 100 of 100 games in 190.48 minutes. Estimated 0.00 minutes remaining.
03:46:41 - Successfully finished tournament. 0 matches contained errors.
03:46:41 - Average player scores: MiniMaxRandomPlayer=3.0000 ConfidencePlayer=97.0000 
