Checking if pause file exists
03:47:00 (Game 1) - Initializing game with players: [MiniMaxRandomPlayer, ConfidencePlayer]
03:47:00 (Game 1) - Playing game...
03:59:08 (Game 1) - Completed game with scores [0, 100]
03:59:08 (Game 1) - Cumulative scores: MiniMaxRandomPlayer=0 ConfidencePlayer=100 
03:59:08 (Game 1) - Saving match to file checkers-MiniMaxRandomPlayer-vs-ConfidencePlayer-20160507_034642/game1.json
03:59:08 - Finished 1 of 100 games in 12.18 minutes. Estimated 1206.19 minutes remaining.
03:59:11 (Game 2) - Initializing game with players: [ConfidencePlayer, MiniMaxRandomPlayer]
03:59:11 (Game 2) - Playing game...
04:13:42 (Game 2) - Completed game with scores [100, 0]
04:13:42 (Game 2) - Cumulative scores: MiniMaxRandomPlayer=0 ConfidencePlayer=200 
04:13:42 (Game 2) - Saving match to file checkers-MiniMaxRandomPlayer-vs-ConfidencePlayer-20160507_034642/game2.json
04:13:42 - Finished 2 of 100 games in 26.74 minutes. Estimated 1310.50 minutes remaining.
04:13:45 (Game 3) - Initializing game with players: [MiniMaxRandomPlayer, ConfidencePlayer]
04:13:45 (Game 3) - Playing game...
04:29:20 (Game 3) - Completed game with scores [0, 100]
04:29:20 (Game 3) - Cumulative scores: MiniMaxRandomPlayer=0 ConfidencePlayer=300 
04:29:20 (Game 3) - Saving match to file checkers-MiniMaxRandomPlayer-vs-ConfidencePlayer-20160507_034642/game3.json
04:29:20 - Finished 3 of 100 games in 42.38 minutes. Estimated 1370.18 minutes remaining.
04:29:23 (Game 4) - Initializing game with players: [ConfidencePlayer, MiniMaxRandomPlayer]
04:29:23 (Game 4) - Playing game...
04:44:56 (Game 4) - Completed game with scores [0, 100]
04:44:56 (Game 4) - Cumulative scores: MiniMaxRandomPlayer=100 ConfidencePlayer=300 
04:44:56 (Game 4) - Saving match to file checkers-MiniMaxRandomPlayer-vs-ConfidencePlayer-20160507_034642/game4.json
04:44:56 - Finished 4 of 100 games in 57.98 minutes. Estimated 1391.62 minutes remaining.
04:44:59 (Game 5) - Initializing game with players: [MiniMaxRandomPlayer, ConfidencePlayer]
04:44:59 (Game 5) - Playing game...
04:59:12 (Game 5) - Completed game with scores [0, 100]
04:59:12 (Game 5) - Cumulative scores: MiniMaxRandomPlayer=100 ConfidencePlayer=400 
04:59:12 (Game 5) - Saving match to file checkers-MiniMaxRandomPlayer-vs-ConfidencePlayer-20160507_034642/game5.json
04:59:12 - Finished 5 of 100 games in 72.25 minutes. Estimated 1372.81 minutes remaining.
04:59:15 (Game 6) - Initializing game with players: [ConfidencePlayer, MiniMaxRandomPlayer]
04:59:15 (Game 6) - Playing game...
05:14:50 (Game 6) - Completed game with scores [100, 0]
05:14:50 (Game 6) - Cumulative scores: MiniMaxRandomPlayer=100 ConfidencePlayer=500 
05:14:50 (Game 6) - Saving match to file checkers-MiniMaxRandomPlayer-vs-ConfidencePlayer-20160507_034642/game6.json
05:14:50 - Finished 6 of 100 games in 87.88 minutes. Estimated 1376.83 minutes remaining.
05:14:53 (Game 7) - Initializing game with players: [MiniMaxRandomPlayer, ConfidencePlayer]
05:14:53 (Game 7) - Playing game...
05:30:28 (Game 7) - Completed game with scores [0, 100]
05:30:28 (Game 7) - Cumulative scores: MiniMaxRandomPlayer=100 ConfidencePlayer=600 
05:30:28 (Game 7) - Saving match to file checkers-MiniMaxRandomPlayer-vs-ConfidencePlayer-20160507_034642/game7.json
05:30:28 - Finished 7 of 100 games in 103.51 minutes. Estimated 1375.26 minutes remaining.
05:30:31 (Game 8) - Initializing game with players: [ConfidencePlayer, MiniMaxRandomPlayer]
05:30:31 (Game 8) - Playing game...
05:46:05 (Game 8) - Completed game with scores [100, 0]
05:46:05 (Game 8) - Cumulative scores: MiniMaxRandomPlayer=100 ConfidencePlayer=700 
05:46:05 (Game 8) - Saving match to file checkers-MiniMaxRandomPlayer-vs-ConfidencePlayer-20160507_034642/game8.json
05:46:05 - Finished 8 of 100 games in 119.13 minutes. Estimated 1369.97 minutes remaining.
05:46:08 (Game 9) - Initializing game with players: [MiniMaxRandomPlayer, ConfidencePlayer]
05:46:08 (Game 9) - Playing game...
06:01:41 (Game 9) - Completed game with scores [0, 100]
06:01:41 (Game 9) - Cumulative scores: MiniMaxRandomPlayer=100 ConfidencePlayer=800 
06:01:41 (Game 9) - Saving match to file checkers-MiniMaxRandomPlayer-vs-ConfidencePlayer-20160507_034642/game9.json
06:01:41 - Finished 9 of 100 games in 134.74 minutes. Estimated 1362.33 minutes remaining.
06:01:44 (Game 10) - Initializing game with players: [ConfidencePlayer, MiniMaxRandomPlayer]
06:01:44 (Game 10) - Playing game...
06:17:19 (Game 10) - Completed game with scores [100, 0]
06:17:19 (Game 10) - Cumulative scores: MiniMaxRandomPlayer=100 ConfidencePlayer=900 
06:17:19 (Game 10) - Saving match to file checkers-MiniMaxRandomPlayer-vs-ConfidencePlayer-20160507_034642/game10.json
06:17:19 - Finished 10 of 100 games in 150.36 minutes. Estimated 1353.23 minutes remaining.
06:17:22 (Game 11) - Initializing game with players: [MiniMaxRandomPlayer, ConfidencePlayer]
06:17:22 (Game 11) - Playing game...
06:32:57 (Game 11) - Completed game with scores [0, 100]
06:32:57 (Game 11) - Cumulative scores: MiniMaxRandomPlayer=100 ConfidencePlayer=1000 
06:32:57 (Game 11) - Saving match to file checkers-MiniMaxRandomPlayer-vs-ConfidencePlayer-20160507_034642/game11.json
06:32:57 - Finished 11 of 100 games in 165.99 minutes. Estimated 1343.04 minutes remaining.
06:33:00 (Game 12) - Initializing game with players: [ConfidencePlayer, MiniMaxRandomPlayer]
06:33:00 (Game 12) - Playing game...
06:48:33 (Game 12) - Completed game with scores [100, 0]
06:48:33 (Game 12) - Cumulative scores: MiniMaxRandomPlayer=100 ConfidencePlayer=1100 
06:48:33 (Game 12) - Saving match to file checkers-MiniMaxRandomPlayer-vs-ConfidencePlayer-20160507_034642/game12.json
06:48:33 - Finished 12 of 100 games in 181.60 minutes. Estimated 1331.71 minutes remaining.
06:48:36 (Game 13) - Initializing game with players: [MiniMaxRandomPlayer, ConfidencePlayer]
06:48:36 (Game 13) - Playing game...
07:04:10 (Game 13) - Completed game with scores [0, 100]
07:04:10 (Game 13) - Cumulative scores: MiniMaxRandomPlayer=100 ConfidencePlayer=1200 
07:04:10 (Game 13) - Saving match to file checkers-MiniMaxRandomPlayer-vs-ConfidencePlayer-20160507_034642/game13.json
07:04:10 - Finished 13 of 100 games in 197.21 minutes. Estimated 1319.80 minutes remaining.
07:04:13 (Game 14) - Initializing game with players: [ConfidencePlayer, MiniMaxRandomPlayer]
07:04:13 (Game 14) - Playing game...
07:19:47 (Game 14) - Completed game with scores [100, 0]
07:19:47 (Game 14) - Cumulative scores: MiniMaxRandomPlayer=100 ConfidencePlayer=1300 
07:19:47 (Game 14) - Saving match to file checkers-MiniMaxRandomPlayer-vs-ConfidencePlayer-20160507_034642/game14.json
07:19:47 - Finished 14 of 100 games in 212.83 minutes. Estimated 1307.37 minutes remaining.
07:19:50 (Game 15) - Initializing game with players: [MiniMaxRandomPlayer, ConfidencePlayer]
07:19:50 (Game 15) - Playing game...
07:35:24 (Game 15) - Completed game with scores [0, 100]
07:35:24 (Game 15) - Cumulative scores: MiniMaxRandomPlayer=100 ConfidencePlayer=1400 
07:35:24 (Game 15) - Saving match to file checkers-MiniMaxRandomPlayer-vs-ConfidencePlayer-20160507_034642/game15.json
07:35:24 - Finished 15 of 100 games in 228.45 minutes. Estimated 1294.57 minutes remaining.
07:35:27 (Game 16) - Initializing game with players: [ConfidencePlayer, MiniMaxRandomPlayer]
07:35:27 (Game 16) - Playing game...
07:51:02 (Game 16) - Completed game with scores [100, 0]
07:51:02 (Game 16) - Cumulative scores: MiniMaxRandomPlayer=100 ConfidencePlayer=1500 
07:51:02 (Game 16) - Saving match to file checkers-MiniMaxRandomPlayer-vs-ConfidencePlayer-20160507_034642/game16.json
07:51:02 - Finished 16 of 100 games in 244.09 minutes. Estimated 1281.48 minutes remaining.
07:51:06 (Game 17) - Initializing game with players: [MiniMaxRandomPlayer, ConfidencePlayer]
07:51:06 (Game 17) - Playing game...
08:06:40 (Game 17) - Completed game with scores [0, 100]
08:06:40 (Game 17) - Cumulative scores: MiniMaxRandomPlayer=100 ConfidencePlayer=1600 
08:06:40 (Game 17) - Saving match to file checkers-MiniMaxRandomPlayer-vs-ConfidencePlayer-20160507_034642/game17.json
08:06:40 - Finished 17 of 100 games in 259.71 minutes. Estimated 1268.00 minutes remaining.
08:06:43 (Game 18) - Initializing game with players: [ConfidencePlayer, MiniMaxRandomPlayer]
08:06:43 (Game 18) - Playing game...
08:22:16 (Game 18) - Completed game with scores [100, 0]
08:22:16 (Game 18) - Cumulative scores: MiniMaxRandomPlayer=100 ConfidencePlayer=1700 
08:22:16 (Game 18) - Saving match to file checkers-MiniMaxRandomPlayer-vs-ConfidencePlayer-20160507_034642/game18.json
08:22:16 - Finished 18 of 100 games in 275.31 minutes. Estimated 1254.19 minutes remaining.
08:22:19 (Game 19) - Initializing game with players: [MiniMaxRandomPlayer, ConfidencePlayer]
08:22:19 (Game 19) - Playing game...
08:37:54 (Game 19) - Completed game with scores [0, 100]
08:37:54 (Game 19) - Cumulative scores: MiniMaxRandomPlayer=100 ConfidencePlayer=1800 
08:37:54 (Game 19) - Saving match to file checkers-MiniMaxRandomPlayer-vs-ConfidencePlayer-20160507_034642/game19.json
08:37:54 - Finished 19 of 100 games in 290.95 minutes. Estimated 1240.38 minutes remaining.
08:37:57 (Game 20) - Initializing game with players: [ConfidencePlayer, MiniMaxRandomPlayer]
08:37:57 (Game 20) - Playing game...
08:53:33 (Game 20) - Completed game with scores [100, 0]
08:53:33 (Game 20) - Cumulative scores: MiniMaxRandomPlayer=100 ConfidencePlayer=1900 
08:53:33 (Game 20) - Saving match to file checkers-MiniMaxRandomPlayer-vs-ConfidencePlayer-20160507_034642/game20.json
08:53:33 - Finished 20 of 100 games in 306.59 minutes. Estimated 1226.37 minutes remaining.
08:53:36 (Game 21) - Initializing game with players: [MiniMaxRandomPlayer, ConfidencePlayer]
08:53:36 (Game 21) - Playing game...
09:09:11 (Game 21) - Completed game with scores [0, 100]
09:09:11 (Game 21) - Cumulative scores: MiniMaxRandomPlayer=100 ConfidencePlayer=2000 
09:09:11 (Game 21) - Saving match to file checkers-MiniMaxRandomPlayer-vs-ConfidencePlayer-20160507_034642/game21.json
09:09:11 - Finished 21 of 100 games in 322.23 minutes. Estimated 1212.20 minutes remaining.
09:09:14 (Game 22) - Initializing game with players: [ConfidencePlayer, MiniMaxRandomPlayer]
09:09:14 (Game 22) - Playing game...
09:24:48 (Game 22) - Completed game with scores [100, 0]
09:24:48 (Game 22) - Cumulative scores: MiniMaxRandomPlayer=100 ConfidencePlayer=2100 
09:24:48 (Game 22) - Saving match to file checkers-MiniMaxRandomPlayer-vs-ConfidencePlayer-20160507_034642/game22.json
09:24:48 - Finished 22 of 100 games in 337.85 minutes. Estimated 1197.84 minutes remaining.
09:24:51 (Game 23) - Initializing game with players: [MiniMaxRandomPlayer, ConfidencePlayer]
09:24:51 (Game 23) - Playing game...
09:40:26 (Game 23) - Completed game with scores [0, 100]
09:40:26 (Game 23) - Cumulative scores: MiniMaxRandomPlayer=100 ConfidencePlayer=2200 
09:40:26 (Game 23) - Saving match to file checkers-MiniMaxRandomPlayer-vs-ConfidencePlayer-20160507_034642/game23.json
09:40:26 - Finished 23 of 100 games in 353.49 minutes. Estimated 1183.41 minutes remaining.
09:40:29 (Game 24) - Initializing game with players: [ConfidencePlayer, MiniMaxRandomPlayer]
09:40:29 (Game 24) - Playing game...
09:56:02 (Game 24) - Completed game with scores [100, 0]
09:56:02 (Game 24) - Cumulative scores: MiniMaxRandomPlayer=100 ConfidencePlayer=2300 
09:56:02 (Game 24) - Saving match to file checkers-MiniMaxRandomPlayer-vs-ConfidencePlayer-20160507_034642/game24.json
09:56:02 - Finished 24 of 100 games in 369.09 minutes. Estimated 1168.77 minutes remaining.
09:56:05 (Game 25) - Initializing game with players: [MiniMaxRandomPlayer, ConfidencePlayer]
09:56:05 (Game 25) - Playing game...
10:11:40 (Game 25) - Completed game with scores [0, 100]
10:11:40 (Game 25) - Cumulative scores: MiniMaxRandomPlayer=100 ConfidencePlayer=2400 
10:11:40 (Game 25) - Saving match to file checkers-MiniMaxRandomPlayer-vs-ConfidencePlayer-20160507_034642/game25.json
10:11:40 - Finished 25 of 100 games in 384.71 minutes. Estimated 1154.13 minutes remaining.
10:11:43 (Game 26) - Initializing game with players: [ConfidencePlayer, MiniMaxRandomPlayer]
10:11:43 (Game 26) - Playing game...
10:27:15 (Game 26) - Completed game with scores [100, 0]
10:27:15 (Game 26) - Cumulative scores: MiniMaxRandomPlayer=100 ConfidencePlayer=2500 
10:27:15 (Game 26) - Saving match to file checkers-MiniMaxRandomPlayer-vs-ConfidencePlayer-20160507_034642/game26.json
10:27:15 - Finished 26 of 100 games in 400.31 minutes. Estimated 1139.34 minutes remaining.
10:27:18 (Game 27) - Initializing game with players: [MiniMaxRandomPlayer, ConfidencePlayer]
10:27:18 (Game 27) - Playing game...
10:42:52 (Game 27) - Completed game with scores [0, 100]
10:42:52 (Game 27) - Cumulative scores: MiniMaxRandomPlayer=100 ConfidencePlayer=2600 
10:42:52 (Game 27) - Saving match to file checkers-MiniMaxRandomPlayer-vs-ConfidencePlayer-20160507_034642/game27.json
10:42:52 - Finished 27 of 100 games in 415.92 minutes. Estimated 1124.53 minutes remaining.
10:42:55 (Game 28) - Initializing game with players: [ConfidencePlayer, MiniMaxRandomPlayer]
10:42:55 (Game 28) - Playing game...
10:58:29 (Game 28) - Completed game with scores [100, 0]
10:58:29 (Game 28) - Cumulative scores: MiniMaxRandomPlayer=100 ConfidencePlayer=2700 
10:58:29 (Game 28) - Saving match to file checkers-MiniMaxRandomPlayer-vs-ConfidencePlayer-20160507_034642/game28.json
10:58:29 - Finished 28 of 100 games in 431.54 minutes. Estimated 1109.67 minutes remaining.
10:58:32 (Game 29) - Initializing game with players: [MiniMaxRandomPlayer, ConfidencePlayer]
10:58:32 (Game 29) - Playing game...
11:11:31 (Game 29) - Completed game with scores [0, 100]
11:11:31 (Game 29) - Cumulative scores: MiniMaxRandomPlayer=100 ConfidencePlayer=2800 
11:11:31 (Game 29) - Saving match to file checkers-MiniMaxRandomPlayer-vs-ConfidencePlayer-20160507_034642/game29.json
11:11:31 - Finished 29 of 100 games in 444.57 minutes. Estimated 1088.44 minutes remaining.
11:11:34 (Game 30) - Initializing game with players: [ConfidencePlayer, MiniMaxRandomPlayer]
11:11:34 (Game 30) - Playing game...
11:27:07 (Game 30) - Completed game with scores [100, 0]
11:27:07 (Game 30) - Cumulative scores: MiniMaxRandomPlayer=100 ConfidencePlayer=2900 
11:27:07 (Game 30) - Saving match to file checkers-MiniMaxRandomPlayer-vs-ConfidencePlayer-20160507_034642/game30.json
11:27:07 - Finished 30 of 100 games in 460.17 minutes. Estimated 1073.72 minutes remaining.
11:27:10 (Game 31) - Initializing game with players: [MiniMaxRandomPlayer, ConfidencePlayer]
11:27:10 (Game 31) - Playing game...
11:42:45 (Game 31) - Completed game with scores [0, 100]
11:42:45 (Game 31) - Cumulative scores: MiniMaxRandomPlayer=100 ConfidencePlayer=3000 
11:42:45 (Game 31) - Saving match to file checkers-MiniMaxRandomPlayer-vs-ConfidencePlayer-20160507_034642/game31.json
11:42:45 - Finished 31 of 100 games in 475.80 minutes. Estimated 1059.04 minutes remaining.
11:42:48 (Game 32) - Initializing game with players: [ConfidencePlayer, MiniMaxRandomPlayer]
11:42:48 (Game 32) - Playing game...
11:58:22 (Game 32) - Completed game with scores [50, 50]
11:58:22 (Game 32) - Cumulative scores: MiniMaxRandomPlayer=150 ConfidencePlayer=3050 
11:58:22 (Game 32) - Saving match to file checkers-MiniMaxRandomPlayer-vs-ConfidencePlayer-20160507_034642/game32.json
11:58:22 - Finished 32 of 100 games in 491.42 minutes. Estimated 1044.26 minutes remaining.
11:58:25 (Game 33) - Initializing game with players: [MiniMaxRandomPlayer, ConfidencePlayer]
11:58:25 (Game 33) - Playing game...
12:14:00 (Game 33) - Completed game with scores [0, 100]
12:14:00 (Game 33) - Cumulative scores: MiniMaxRandomPlayer=150 ConfidencePlayer=3150 
12:14:00 (Game 33) - Saving match to file checkers-MiniMaxRandomPlayer-vs-ConfidencePlayer-20160507_034642/game33.json
12:14:00 - Finished 33 of 100 games in 507.05 minutes. Estimated 1029.46 minutes remaining.
12:14:03 (Game 34) - Initializing game with players: [ConfidencePlayer, MiniMaxRandomPlayer]
12:14:03 (Game 34) - Playing game...
12:29:38 (Game 34) - Completed game with scores [100, 0]
12:29:38 (Game 34) - Cumulative scores: MiniMaxRandomPlayer=150 ConfidencePlayer=3250 
12:29:38 (Game 34) - Saving match to file checkers-MiniMaxRandomPlayer-vs-ConfidencePlayer-20160507_034642/game34.json
12:29:38 - Finished 34 of 100 games in 522.68 minutes. Estimated 1014.62 minutes remaining.
12:29:41 (Game 35) - Initializing game with players: [MiniMaxRandomPlayer, ConfidencePlayer]
12:29:41 (Game 35) - Playing game...
12:45:18 (Game 35) - Completed game with scores [0, 100]
12:45:18 (Game 35) - Cumulative scores: MiniMaxRandomPlayer=150 ConfidencePlayer=3350 
12:45:18 (Game 35) - Saving match to file checkers-MiniMaxRandomPlayer-vs-ConfidencePlayer-20160507_034642/game35.json
12:45:18 - Finished 35 of 100 games in 538.34 minutes. Estimated 999.78 minutes remaining.
12:45:21 (Game 36) - Initializing game with players: [ConfidencePlayer, MiniMaxRandomPlayer]
12:45:21 (Game 36) - Playing game...
13:00:56 (Game 36) - Completed game with scores [100, 0]
13:00:56 (Game 36) - Cumulative scores: MiniMaxRandomPlayer=150 ConfidencePlayer=3450 
13:00:56 (Game 36) - Saving match to file checkers-MiniMaxRandomPlayer-vs-ConfidencePlayer-20160507_034642/game36.json
13:00:56 - Finished 36 of 100 games in 553.98 minutes. Estimated 984.86 minutes remaining.
13:00:59 (Game 37) - Initializing game with players: [MiniMaxRandomPlayer, ConfidencePlayer]
13:00:59 (Game 37) - Playing game...
13:16:33 (Game 37) - Completed game with scores [0, 100]
13:16:33 (Game 37) - Cumulative scores: MiniMaxRandomPlayer=150 ConfidencePlayer=3550 
13:16:33 (Game 37) - Saving match to file checkers-MiniMaxRandomPlayer-vs-ConfidencePlayer-20160507_034642/game37.json
13:16:33 - Finished 37 of 100 games in 569.60 minutes. Estimated 969.87 minutes remaining.
13:16:36 (Game 38) - Initializing game with players: [ConfidencePlayer, MiniMaxRandomPlayer]
13:16:36 (Game 38) - Playing game...
13:32:11 (Game 38) - Completed game with scores [100, 0]
13:32:11 (Game 38) - Cumulative scores: MiniMaxRandomPlayer=150 ConfidencePlayer=3650 
13:32:11 (Game 38) - Saving match to file checkers-MiniMaxRandomPlayer-vs-ConfidencePlayer-20160507_034642/game38.json
13:32:11 - Finished 38 of 100 games in 585.24 minutes. Estimated 954.86 minutes remaining.
13:32:14 (Game 39) - Initializing game with players: [MiniMaxRandomPlayer, ConfidencePlayer]
13:32:14 (Game 39) - Playing game...
13:47:50 (Game 39) - Completed game with scores [100, 0]
13:47:50 (Game 39) - Cumulative scores: MiniMaxRandomPlayer=250 ConfidencePlayer=3650 
13:47:50 (Game 39) - Saving match to file checkers-MiniMaxRandomPlayer-vs-ConfidencePlayer-20160507_034642/game39.json
13:47:50 - Finished 39 of 100 games in 600.88 minutes. Estimated 939.84 minutes remaining.
13:47:53 (Game 40) - Initializing game with players: [ConfidencePlayer, MiniMaxRandomPlayer]
13:47:53 (Game 40) - Playing game...
14:03:27 (Game 40) - Completed game with scores [100, 0]
14:03:27 (Game 40) - Cumulative scores: MiniMaxRandomPlayer=250 ConfidencePlayer=3750 
14:03:27 (Game 40) - Saving match to file checkers-MiniMaxRandomPlayer-vs-ConfidencePlayer-20160507_034642/game40.json
14:03:27 - Finished 40 of 100 games in 616.49 minutes. Estimated 924.74 minutes remaining.
14:03:30 (Game 41) - Initializing game with players: [MiniMaxRandomPlayer, ConfidencePlayer]
14:03:30 (Game 41) - Playing game...
14:19:06 (Game 41) - Completed game with scores [0, 100]
14:19:06 (Game 41) - Cumulative scores: MiniMaxRandomPlayer=250 ConfidencePlayer=3850 
14:19:06 (Game 41) - Saving match to file checkers-MiniMaxRandomPlayer-vs-ConfidencePlayer-20160507_034642/game41.json
14:19:06 - Finished 41 of 100 games in 632.14 minutes. Estimated 909.67 minutes remaining.
14:19:09 (Game 42) - Initializing game with players: [ConfidencePlayer, MiniMaxRandomPlayer]
14:19:09 (Game 42) - Playing game...
14:34:44 (Game 42) - Completed game with scores [100, 0]
14:34:44 (Game 42) - Cumulative scores: MiniMaxRandomPlayer=250 ConfidencePlayer=3950 
14:34:44 (Game 42) - Saving match to file checkers-MiniMaxRandomPlayer-vs-ConfidencePlayer-20160507_034642/game42.json
14:34:44 - Finished 42 of 100 games in 647.78 minutes. Estimated 894.55 minutes remaining.
14:34:47 (Game 43) - Initializing game with players: [MiniMaxRandomPlayer, ConfidencePlayer]
14:34:47 (Game 43) - Playing game...
14:50:22 (Game 43) - Completed game with scores [0, 100]
14:50:22 (Game 43) - Cumulative scores: MiniMaxRandomPlayer=250 ConfidencePlayer=4050 
14:50:22 (Game 43) - Saving match to file checkers-MiniMaxRandomPlayer-vs-ConfidencePlayer-20160507_034642/game43.json
14:50:22 - Finished 43 of 100 games in 663.42 minutes. Estimated 879.42 minutes remaining.
14:50:25 (Game 44) - Initializing game with players: [ConfidencePlayer, MiniMaxRandomPlayer]
14:50:25 (Game 44) - Playing game...
15:06:00 (Game 44) - Completed game with scores [100, 0]
15:06:00 (Game 44) - Cumulative scores: MiniMaxRandomPlayer=250 ConfidencePlayer=4150 
15:06:00 (Game 44) - Saving match to file checkers-MiniMaxRandomPlayer-vs-ConfidencePlayer-20160507_034642/game44.json
15:06:00 - Finished 44 of 100 games in 679.04 minutes. Estimated 864.24 minutes remaining.
15:06:03 (Game 45) - Initializing game with players: [MiniMaxRandomPlayer, ConfidencePlayer]
15:06:03 (Game 45) - Playing game...
15:21:37 (Game 45) - Completed game with scores [0, 100]
15:21:37 (Game 45) - Cumulative scores: MiniMaxRandomPlayer=250 ConfidencePlayer=4250 
15:21:37 (Game 45) - Saving match to file checkers-MiniMaxRandomPlayer-vs-ConfidencePlayer-20160507_034642/game45.json
15:21:37 - Finished 45 of 100 games in 694.67 minutes. Estimated 849.04 minutes remaining.
15:21:40 (Game 46) - Initializing game with players: [ConfidencePlayer, MiniMaxRandomPlayer]
15:21:40 (Game 46) - Playing game...
15:37:17 (Game 46) - Completed game with scores [100, 0]
15:37:17 (Game 46) - Cumulative scores: MiniMaxRandomPlayer=250 ConfidencePlayer=4350 
15:37:17 (Game 46) - Saving match to file checkers-MiniMaxRandomPlayer-vs-ConfidencePlayer-20160507_034642/game46.json
15:37:17 - Finished 46 of 100 games in 710.33 minutes. Estimated 833.87 minutes remaining.
15:37:20 (Game 47) - Initializing game with players: [MiniMaxRandomPlayer, ConfidencePlayer]
15:37:20 (Game 47) - Playing game...
15:52:55 (Game 47) - Completed game with scores [0, 100]
15:52:55 (Game 47) - Cumulative scores: MiniMaxRandomPlayer=250 ConfidencePlayer=4450 
15:52:55 (Game 47) - Saving match to file checkers-MiniMaxRandomPlayer-vs-ConfidencePlayer-20160507_034642/game47.json
15:52:55 - Finished 47 of 100 games in 725.97 minutes. Estimated 818.64 minutes remaining.
15:52:58 (Game 48) - Initializing game with players: [ConfidencePlayer, MiniMaxRandomPlayer]
15:52:58 (Game 48) - Playing game...
16:08:34 (Game 48) - Completed game with scores [100, 0]
16:08:34 (Game 48) - Cumulative scores: MiniMaxRandomPlayer=250 ConfidencePlayer=4550 
16:08:34 (Game 48) - Saving match to file checkers-MiniMaxRandomPlayer-vs-ConfidencePlayer-20160507_034642/game48.json
16:08:34 - Finished 48 of 100 games in 741.61 minutes. Estimated 803.41 minutes remaining.
16:08:37 (Game 49) - Initializing game with players: [MiniMaxRandomPlayer, ConfidencePlayer]
16:08:37 (Game 49) - Playing game...
16:24:14 (Game 49) - Completed game with scores [0, 100]
16:24:14 (Game 49) - Cumulative scores: MiniMaxRandomPlayer=250 ConfidencePlayer=4650 
16:24:14 (Game 49) - Saving match to file checkers-MiniMaxRandomPlayer-vs-ConfidencePlayer-20160507_034642/game49.json
16:24:14 - Finished 49 of 100 games in 757.29 minutes. Estimated 788.20 minutes remaining.
16:24:17 (Game 50) - Initializing game with players: [ConfidencePlayer, MiniMaxRandomPlayer]
16:24:17 (Game 50) - Playing game...
16:39:51 (Game 50) - Completed game with scores [100, 0]
16:39:51 (Game 50) - Cumulative scores: MiniMaxRandomPlayer=250 ConfidencePlayer=4750 
16:39:51 (Game 50) - Saving match to file checkers-MiniMaxRandomPlayer-vs-ConfidencePlayer-20160507_034642/game50.json
16:39:51 - Finished 50 of 100 games in 772.90 minutes. Estimated 772.90 minutes remaining.
16:39:54 (Game 51) - Initializing game with players: [MiniMaxRandomPlayer, ConfidencePlayer]
16:39:54 (Game 51) - Playing game...
16:55:29 (Game 51) - Completed game with scores [0, 100]
16:55:29 (Game 51) - Cumulative scores: MiniMaxRandomPlayer=250 ConfidencePlayer=4850 
16:55:29 (Game 51) - Saving match to file checkers-MiniMaxRandomPlayer-vs-ConfidencePlayer-20160507_034642/game51.json
16:55:29 - Finished 51 of 100 games in 788.53 minutes. Estimated 757.61 minutes remaining.
16:55:32 (Game 52) - Initializing game with players: [ConfidencePlayer, MiniMaxRandomPlayer]
16:55:32 (Game 52) - Playing game...
17:11:07 (Game 52) - Completed game with scores [100, 0]
17:11:07 (Game 52) - Cumulative scores: MiniMaxRandomPlayer=250 ConfidencePlayer=4950 
17:11:07 (Game 52) - Saving match to file checkers-MiniMaxRandomPlayer-vs-ConfidencePlayer-20160507_034642/game52.json
17:11:07 - Finished 52 of 100 games in 804.16 minutes. Estimated 742.30 minutes remaining.
17:11:10 (Game 53) - Initializing game with players: [MiniMaxRandomPlayer, ConfidencePlayer]
17:11:10 (Game 53) - Playing game...
17:19:27 (Game 53) - Completed game with scores [100, 0]
17:19:27 (Game 53) - Cumulative scores: MiniMaxRandomPlayer=350 ConfidencePlayer=4950 
17:19:27 (Game 53) - Saving match to file checkers-MiniMaxRandomPlayer-vs-ConfidencePlayer-20160507_034642/game53.json
17:19:27 - Finished 53 of 100 games in 812.50 minutes. Estimated 720.51 minutes remaining.
17:19:30 (Game 54) - Initializing game with players: [ConfidencePlayer, MiniMaxRandomPlayer]
17:19:30 (Game 54) - Playing game...
17:32:39 (Game 54) - Completed game with scores [100, 0]
17:32:39 (Game 54) - Cumulative scores: MiniMaxRandomPlayer=350 ConfidencePlayer=5050 
17:32:39 (Game 54) - Saving match to file checkers-MiniMaxRandomPlayer-vs-ConfidencePlayer-20160507_034642/game54.json
17:32:39 - Finished 54 of 100 games in 825.69 minutes. Estimated 703.37 minutes remaining.
17:32:42 (Game 55) - Initializing game with players: [MiniMaxRandomPlayer, ConfidencePlayer]
17:32:42 (Game 55) - Playing game...
17:42:58 (Game 55) - Completed game with scores [0, 100]
17:42:58 (Game 55) - Cumulative scores: MiniMaxRandomPlayer=350 ConfidencePlayer=5150 
17:42:58 (Game 55) - Saving match to file checkers-MiniMaxRandomPlayer-vs-ConfidencePlayer-20160507_034642/game55.json
17:42:58 - Finished 55 of 100 games in 836.02 minutes. Estimated 684.02 minutes remaining.
17:43:01 (Game 56) - Initializing game with players: [ConfidencePlayer, MiniMaxRandomPlayer]
17:43:01 (Game 56) - Playing game...
17:58:38 (Game 56) - WARNING: This match contains errors from the following players: [ConfidencePlayer]
17:58:38 (Game 56) - Completed game with scores [100, 0]
17:58:38 (Game 56) - Cumulative scores: MiniMaxRandomPlayer=350 ConfidencePlayer=5250 
17:58:38 (Game 56) - Saving match to file checkers-MiniMaxRandomPlayer-vs-ConfidencePlayer-20160507_034642/game56.json
17:58:38 - Finished 56 of 100 games in 851.69 minutes. Estimated 669.18 minutes remaining.
17:58:41 (Game 57) - Initializing game with players: [MiniMaxRandomPlayer, ConfidencePlayer]
17:58:41 (Game 57) - Playing game...
18:14:16 (Game 57) - Completed game with scores [0, 100]
18:14:16 (Game 57) - Cumulative scores: MiniMaxRandomPlayer=350 ConfidencePlayer=5350 
18:14:16 (Game 57) - Saving match to file checkers-MiniMaxRandomPlayer-vs-ConfidencePlayer-20160507_034642/game57.json
18:14:16 - Finished 57 of 100 games in 867.31 minutes. Estimated 654.29 minutes remaining.
18:14:19 (Game 58) - Initializing game with players: [ConfidencePlayer, MiniMaxRandomPlayer]
18:14:19 (Game 58) - Playing game...
18:29:54 (Game 58) - Completed game with scores [100, 0]
18:29:54 (Game 58) - Cumulative scores: MiniMaxRandomPlayer=350 ConfidencePlayer=5450 
18:29:54 (Game 58) - Saving match to file checkers-MiniMaxRandomPlayer-vs-ConfidencePlayer-20160507_034642/game58.json
18:29:54 - Finished 58 of 100 games in 882.94 minutes. Estimated 639.37 minutes remaining.
18:29:57 (Game 59) - Initializing game with players: [MiniMaxRandomPlayer, ConfidencePlayer]
18:29:57 (Game 59) - Playing game...
18:45:35 (Game 59) - Completed game with scores [0, 100]
18:45:35 (Game 59) - Cumulative scores: MiniMaxRandomPlayer=350 ConfidencePlayer=5550 
18:45:35 (Game 59) - Saving match to file checkers-MiniMaxRandomPlayer-vs-ConfidencePlayer-20160507_034642/game59.json
18:45:35 - Finished 59 of 100 games in 898.63 minutes. Estimated 624.47 minutes remaining.
18:45:38 (Game 60) - Initializing game with players: [ConfidencePlayer, MiniMaxRandomPlayer]
18:45:38 (Game 60) - Playing game...
19:01:13 (Game 60) - Completed game with scores [100, 0]
19:01:13 (Game 60) - Cumulative scores: MiniMaxRandomPlayer=350 ConfidencePlayer=5650 
19:01:13 (Game 60) - Saving match to file checkers-MiniMaxRandomPlayer-vs-ConfidencePlayer-20160507_034642/game60.json
19:01:13 - Finished 60 of 100 games in 914.27 minutes. Estimated 609.51 minutes remaining.
19:01:16 (Game 61) - Initializing game with players: [MiniMaxRandomPlayer, ConfidencePlayer]
19:01:16 (Game 61) - Playing game...
19:16:50 (Game 61) - Completed game with scores [0, 100]
19:16:50 (Game 61) - Cumulative scores: MiniMaxRandomPlayer=350 ConfidencePlayer=5750 
19:16:50 (Game 61) - Saving match to file checkers-MiniMaxRandomPlayer-vs-ConfidencePlayer-20160507_034642/game61.json
19:16:50 - Finished 61 of 100 games in 929.88 minutes. Estimated 594.51 minutes remaining.
19:16:53 (Game 62) - Initializing game with players: [ConfidencePlayer, MiniMaxRandomPlayer]
19:16:53 (Game 62) - Playing game...
19:32:26 (Game 62) - Completed game with scores [100, 0]
19:32:26 (Game 62) - Cumulative scores: MiniMaxRandomPlayer=350 ConfidencePlayer=5850 
19:32:26 (Game 62) - Saving match to file checkers-MiniMaxRandomPlayer-vs-ConfidencePlayer-20160507_034642/game62.json
19:32:26 - Finished 62 of 100 games in 945.49 minutes. Estimated 579.49 minutes remaining.
19:32:29 (Game 63) - Initializing game with players: [MiniMaxRandomPlayer, ConfidencePlayer]
19:32:29 (Game 63) - Playing game...
19:42:54 (Game 63) - Completed game with scores [100, 0]
19:42:54 (Game 63) - Cumulative scores: MiniMaxRandomPlayer=450 ConfidencePlayer=5850 
19:42:54 (Game 63) - Saving match to file checkers-MiniMaxRandomPlayer-vs-ConfidencePlayer-20160507_034642/game63.json
19:42:54 - Finished 63 of 100 games in 955.96 minutes. Estimated 561.43 minutes remaining.
19:42:57 (Game 64) - Initializing game with players: [ConfidencePlayer, MiniMaxRandomPlayer]
19:42:57 (Game 64) - Playing game...
19:58:32 (Game 64) - Completed game with scores [100, 0]
19:58:32 (Game 64) - Cumulative scores: MiniMaxRandomPlayer=450 ConfidencePlayer=5950 
19:58:32 (Game 64) - Saving match to file checkers-MiniMaxRandomPlayer-vs-ConfidencePlayer-20160507_034642/game64.json
19:58:32 - Finished 64 of 100 games in 971.58 minutes. Estimated 546.52 minutes remaining.
19:58:35 (Game 65) - Initializing game with players: [MiniMaxRandomPlayer, ConfidencePlayer]
19:58:35 (Game 65) - Playing game...
20:14:11 (Game 65) - Completed game with scores [100, 0]
20:14:11 (Game 65) - Cumulative scores: MiniMaxRandomPlayer=550 ConfidencePlayer=5950 
20:14:11 (Game 65) - Saving match to file checkers-MiniMaxRandomPlayer-vs-ConfidencePlayer-20160507_034642/game65.json
20:14:11 - Finished 65 of 100 games in 987.23 minutes. Estimated 531.59 minutes remaining.
20:14:14 (Game 66) - Initializing game with players: [ConfidencePlayer, MiniMaxRandomPlayer]
20:14:14 (Game 66) - Playing game...
20:29:50 (Game 66) - Completed game with scores [100, 0]
20:29:50 (Game 66) - Cumulative scores: MiniMaxRandomPlayer=550 ConfidencePlayer=6050 
20:29:50 (Game 66) - Saving match to file checkers-MiniMaxRandomPlayer-vs-ConfidencePlayer-20160507_034642/game66.json
20:29:50 - Finished 66 of 100 games in 1002.88 minutes. Estimated 516.64 minutes remaining.
20:29:53 (Game 67) - Initializing game with players: [MiniMaxRandomPlayer, ConfidencePlayer]
20:29:53 (Game 67) - Playing game...
20:45:42 (Game 67) - Completed game with scores [0, 100]
20:45:42 (Game 67) - Cumulative scores: MiniMaxRandomPlayer=550 ConfidencePlayer=6150 
20:45:42 (Game 67) - Saving match to file checkers-MiniMaxRandomPlayer-vs-ConfidencePlayer-20160507_034642/game67.json
20:45:42 - Finished 67 of 100 games in 1018.75 minutes. Estimated 501.77 minutes remaining.
20:45:45 (Game 68) - Initializing game with players: [ConfidencePlayer, MiniMaxRandomPlayer]
20:45:45 (Game 68) - Playing game...
20:55:50 (Game 68) - WARNING: This match contains errors from the following players: [MiniMaxRandomPlayer]
20:55:50 (Game 68) - Completed game with scores [100, 0]
20:55:50 (Game 68) - Cumulative scores: MiniMaxRandomPlayer=550 ConfidencePlayer=6250 
20:55:50 (Game 68) - Saving match to file checkers-MiniMaxRandomPlayer-vs-ConfidencePlayer-20160507_034642/game68.json
20:55:50 - Finished 68 of 100 games in 1028.89 minutes. Estimated 484.18 minutes remaining.
20:55:53 (Game 69) - Initializing game with players: [MiniMaxRandomPlayer, ConfidencePlayer]
20:55:53 (Game 69) - Playing game...
21:04:03 (Game 69) - Completed game with scores [100, 0]
21:04:03 (Game 69) - Cumulative scores: MiniMaxRandomPlayer=650 ConfidencePlayer=6250 
21:04:03 (Game 69) - Saving match to file checkers-MiniMaxRandomPlayer-vs-ConfidencePlayer-20160507_034642/game69.json
21:04:03 - Finished 69 of 100 games in 1037.10 minutes. Estimated 465.94 minutes remaining.
21:04:06 (Game 70) - Initializing game with players: [ConfidencePlayer, MiniMaxRandomPlayer]
21:04:06 (Game 70) - Playing game...
21:19:52 (Game 70) - WARNING: This match contains errors from the following players: [MiniMaxRandomPlayer]
21:19:52 (Game 70) - Completed game with scores [100, 0]
21:19:52 (Game 70) - Cumulative scores: MiniMaxRandomPlayer=650 ConfidencePlayer=6350 
21:19:52 (Game 70) - Saving match to file checkers-MiniMaxRandomPlayer-vs-ConfidencePlayer-20160507_034642/game70.json
21:19:52 - Finished 70 of 100 games in 1052.92 minutes. Estimated 451.25 minutes remaining.
21:19:55 (Game 71) - Initializing game with players: [MiniMaxRandomPlayer, ConfidencePlayer]
21:19:55 (Game 71) - Playing game...
21:33:56 (Game 71) - Completed game with scores [0, 100]
21:33:56 (Game 71) - Cumulative scores: MiniMaxRandomPlayer=650 ConfidencePlayer=6450 
21:33:56 (Game 71) - Saving match to file checkers-MiniMaxRandomPlayer-vs-ConfidencePlayer-20160507_034642/game71.json
21:33:56 - Finished 71 of 100 games in 1066.99 minutes. Estimated 435.81 minutes remaining.
21:33:59 (Game 72) - Initializing game with players: [ConfidencePlayer, MiniMaxRandomPlayer]
21:33:59 (Game 72) - Playing game...
21:49:35 (Game 72) - Completed game with scores [100, 0]
21:49:35 (Game 72) - Cumulative scores: MiniMaxRandomPlayer=650 ConfidencePlayer=6550 
21:49:35 (Game 72) - Saving match to file checkers-MiniMaxRandomPlayer-vs-ConfidencePlayer-20160507_034642/game72.json
21:49:35 - Finished 72 of 100 games in 1082.63 minutes. Estimated 421.02 minutes remaining.
21:49:38 (Game 73) - Initializing game with players: [MiniMaxRandomPlayer, ConfidencePlayer]
21:49:38 (Game 73) - Playing game...
22:05:14 (Game 73) - Completed game with scores [0, 100]
22:05:14 (Game 73) - Cumulative scores: MiniMaxRandomPlayer=650 ConfidencePlayer=6650 
22:05:14 (Game 73) - Saving match to file checkers-MiniMaxRandomPlayer-vs-ConfidencePlayer-20160507_034642/game73.json
22:05:14 - Finished 73 of 100 games in 1098.28 minutes. Estimated 406.21 minutes remaining.
22:05:17 (Game 74) - Initializing game with players: [ConfidencePlayer, MiniMaxRandomPlayer]
22:05:17 (Game 74) - Playing game...
22:20:53 (Game 74) - Completed game with scores [100, 0]
22:20:53 (Game 74) - Cumulative scores: MiniMaxRandomPlayer=650 ConfidencePlayer=6750 
22:20:53 (Game 74) - Saving match to file checkers-MiniMaxRandomPlayer-vs-ConfidencePlayer-20160507_034642/game74.json
22:20:53 - Finished 74 of 100 games in 1113.93 minutes. Estimated 391.38 minutes remaining.
22:20:56 (Game 75) - Initializing game with players: [MiniMaxRandomPlayer, ConfidencePlayer]
22:20:56 (Game 75) - Playing game...
22:36:32 (Game 75) - Completed game with scores [0, 100]
22:36:32 (Game 75) - Cumulative scores: MiniMaxRandomPlayer=650 ConfidencePlayer=6850 
22:36:32 (Game 75) - Saving match to file checkers-MiniMaxRandomPlayer-vs-ConfidencePlayer-20160507_034642/game75.json
22:36:32 - Finished 75 of 100 games in 1129.59 minutes. Estimated 376.53 minutes remaining.
22:36:35 (Game 76) - Initializing game with players: [ConfidencePlayer, MiniMaxRandomPlayer]
22:36:35 (Game 76) - Playing game...
22:52:17 (Game 76) - Completed game with scores [0, 100]
22:52:17 (Game 76) - Cumulative scores: MiniMaxRandomPlayer=750 ConfidencePlayer=6850 
22:52:17 (Game 76) - Saving match to file checkers-MiniMaxRandomPlayer-vs-ConfidencePlayer-20160507_034642/game76.json
22:52:17 - Finished 76 of 100 games in 1145.33 minutes. Estimated 361.68 minutes remaining.
22:52:20 (Game 77) - Initializing game with players: [MiniMaxRandomPlayer, ConfidencePlayer]
22:52:20 (Game 77) - Playing game...
23:07:59 (Game 77) - Completed game with scores [0, 100]
23:07:59 (Game 77) - Cumulative scores: MiniMaxRandomPlayer=750 ConfidencePlayer=6950 
23:07:59 (Game 77) - Saving match to file checkers-MiniMaxRandomPlayer-vs-ConfidencePlayer-20160507_034642/game77.json
23:07:59 - Finished 77 of 100 games in 1161.03 minutes. Estimated 346.80 minutes remaining.
23:08:02 (Game 78) - Initializing game with players: [ConfidencePlayer, MiniMaxRandomPlayer]
23:08:02 (Game 78) - Playing game...
23:23:38 (Game 78) - Completed game with scores [100, 0]
23:23:38 (Game 78) - Cumulative scores: MiniMaxRandomPlayer=750 ConfidencePlayer=7050 
23:23:38 (Game 78) - Saving match to file checkers-MiniMaxRandomPlayer-vs-ConfidencePlayer-20160507_034642/game78.json
23:23:38 - Finished 78 of 100 games in 1176.68 minutes. Estimated 331.88 minutes remaining.
23:23:41 (Game 79) - Initializing game with players: [MiniMaxRandomPlayer, ConfidencePlayer]
23:23:41 (Game 79) - Playing game...
23:39:15 (Game 79) - Completed game with scores [0, 100]
23:39:15 (Game 79) - Cumulative scores: MiniMaxRandomPlayer=750 ConfidencePlayer=7150 
23:39:15 (Game 79) - Saving match to file checkers-MiniMaxRandomPlayer-vs-ConfidencePlayer-20160507_034642/game79.json
23:39:15 - Finished 79 of 100 games in 1192.31 minutes. Estimated 316.94 minutes remaining.
23:39:18 (Game 80) - Initializing game with players: [ConfidencePlayer, MiniMaxRandomPlayer]
23:39:18 (Game 80) - Playing game...
23:54:55 (Game 80) - Completed game with scores [100, 0]
23:54:55 (Game 80) - Cumulative scores: MiniMaxRandomPlayer=750 ConfidencePlayer=7250 
23:54:55 (Game 80) - Saving match to file checkers-MiniMaxRandomPlayer-vs-ConfidencePlayer-20160507_034642/game80.json
23:54:55 - Finished 80 of 100 games in 1207.97 minutes. Estimated 301.99 minutes remaining.
23:54:58 (Game 81) - Initializing game with players: [MiniMaxRandomPlayer, ConfidencePlayer]
23:54:58 (Game 81) - Playing game...
00:09:50 (Game 81) - Completed game with scores [0, 100]
00:09:50 (Game 81) - Cumulative scores: MiniMaxRandomPlayer=750 ConfidencePlayer=7350 
00:09:50 (Game 81) - Saving match to file checkers-MiniMaxRandomPlayer-vs-ConfidencePlayer-20160507_034642/game81.json
00:09:51 - Finished 81 of 100 games in 1222.89 minutes. Estimated 286.85 minutes remaining.
00:09:54 (Game 82) - Initializing game with players: [ConfidencePlayer, MiniMaxRandomPlayer]
00:09:54 (Game 82) - Playing game...
00:25:30 (Game 82) - Completed game with scores [100, 0]
00:25:30 (Game 82) - Cumulative scores: MiniMaxRandomPlayer=750 ConfidencePlayer=7450 
00:25:30 (Game 82) - Saving match to file checkers-MiniMaxRandomPlayer-vs-ConfidencePlayer-20160507_034642/game82.json
00:25:30 - Finished 82 of 100 games in 1238.56 minutes. Estimated 271.88 minutes remaining.
00:25:33 (Game 83) - Initializing game with players: [MiniMaxRandomPlayer, ConfidencePlayer]
00:25:33 (Game 83) - Playing game...
00:41:09 (Game 83) - Completed game with scores [0, 100]
00:41:09 (Game 83) - Cumulative scores: MiniMaxRandomPlayer=750 ConfidencePlayer=7550 
00:41:09 (Game 83) - Saving match to file checkers-MiniMaxRandomPlayer-vs-ConfidencePlayer-20160507_034642/game83.json
00:41:09 - Finished 83 of 100 games in 1254.20 minutes. Estimated 256.88 minutes remaining.
00:41:12 (Game 84) - Initializing game with players: [ConfidencePlayer, MiniMaxRandomPlayer]
00:41:12 (Game 84) - Playing game...
00:56:50 (Game 84) - Completed game with scores [100, 0]
00:56:50 (Game 84) - Cumulative scores: MiniMaxRandomPlayer=750 ConfidencePlayer=7650 
00:56:50 (Game 84) - Saving match to file checkers-MiniMaxRandomPlayer-vs-ConfidencePlayer-20160507_034642/game84.json
00:56:50 - Finished 84 of 100 games in 1269.89 minutes. Estimated 241.88 minutes remaining.
00:56:53 (Game 85) - Initializing game with players: [MiniMaxRandomPlayer, ConfidencePlayer]
00:56:53 (Game 85) - Playing game...
01:07:09 (Game 85) - Completed game with scores [0, 100]
01:07:09 (Game 85) - Cumulative scores: MiniMaxRandomPlayer=750 ConfidencePlayer=7750 
01:07:09 (Game 85) - Saving match to file checkers-MiniMaxRandomPlayer-vs-ConfidencePlayer-20160507_034642/game85.json
01:07:09 - Finished 85 of 100 games in 1280.20 minutes. Estimated 225.92 minutes remaining.
01:07:12 (Game 86) - Initializing game with players: [ConfidencePlayer, MiniMaxRandomPlayer]
01:07:12 (Game 86) - Playing game...
01:22:45 (Game 86) - Completed game with scores [100, 0]
01:22:45 (Game 86) - Cumulative scores: MiniMaxRandomPlayer=750 ConfidencePlayer=7850 
01:22:45 (Game 86) - Saving match to file checkers-MiniMaxRandomPlayer-vs-ConfidencePlayer-20160507_034642/game86.json
01:22:45 - Finished 86 of 100 games in 1295.81 minutes. Estimated 210.95 minutes remaining.
01:22:48 (Game 87) - Initializing game with players: [MiniMaxRandomPlayer, ConfidencePlayer]
01:22:48 (Game 87) - Playing game...
01:38:24 (Game 87) - Completed game with scores [50, 50]
01:38:24 (Game 87) - Cumulative scores: MiniMaxRandomPlayer=800 ConfidencePlayer=7900 
01:38:24 (Game 87) - Saving match to file checkers-MiniMaxRandomPlayer-vs-ConfidencePlayer-20160507_034642/game87.json
01:38:24 - Finished 87 of 100 games in 1311.45 minutes. Estimated 195.96 minutes remaining.
01:38:27 (Game 88) - Initializing game with players: [ConfidencePlayer, MiniMaxRandomPlayer]
01:38:27 (Game 88) - Playing game...
01:54:01 (Game 88) - Completed game with scores [100, 0]
01:54:01 (Game 88) - Cumulative scores: MiniMaxRandomPlayer=800 ConfidencePlayer=8000 
01:54:01 (Game 88) - Saving match to file checkers-MiniMaxRandomPlayer-vs-ConfidencePlayer-20160507_034642/game88.json
01:54:01 - Finished 88 of 100 games in 1327.06 minutes. Estimated 180.96 minutes remaining.
01:54:04 (Game 89) - Initializing game with players: [MiniMaxRandomPlayer, ConfidencePlayer]
01:54:04 (Game 89) - Playing game...
02:09:39 (Game 89) - Completed game with scores [0, 100]
02:09:39 (Game 89) - Cumulative scores: MiniMaxRandomPlayer=800 ConfidencePlayer=8100 
02:09:39 (Game 89) - Saving match to file checkers-MiniMaxRandomPlayer-vs-ConfidencePlayer-20160507_034642/game89.json
02:09:39 - Finished 89 of 100 games in 1342.70 minutes. Estimated 165.95 minutes remaining.
02:09:42 (Game 90) - Initializing game with players: [ConfidencePlayer, MiniMaxRandomPlayer]
02:09:42 (Game 90) - Playing game...
02:20:42 (Game 90) - Completed game with scores [100, 0]
02:20:42 (Game 90) - Cumulative scores: MiniMaxRandomPlayer=800 ConfidencePlayer=8200 
02:20:42 (Game 90) - Saving match to file checkers-MiniMaxRandomPlayer-vs-ConfidencePlayer-20160507_034642/game90.json
02:20:42 - Finished 90 of 100 games in 1353.76 minutes. Estimated 150.42 minutes remaining.
02:20:45 (Game 91) - Initializing game with players: [MiniMaxRandomPlayer, ConfidencePlayer]
02:20:45 (Game 91) - Playing game...
02:36:20 (Game 91) - Completed game with scores [0, 100]
02:36:20 (Game 91) - Cumulative scores: MiniMaxRandomPlayer=800 ConfidencePlayer=8300 
02:36:20 (Game 91) - Saving match to file checkers-MiniMaxRandomPlayer-vs-ConfidencePlayer-20160507_034642/game91.json
02:36:20 - Finished 91 of 100 games in 1369.38 minutes. Estimated 135.43 minutes remaining.
02:36:23 (Game 92) - Initializing game with players: [ConfidencePlayer, MiniMaxRandomPlayer]
02:36:23 (Game 92) - Playing game...
02:51:55 (Game 92) - Completed game with scores [100, 0]
02:51:55 (Game 92) - Cumulative scores: MiniMaxRandomPlayer=800 ConfidencePlayer=8400 
02:51:55 (Game 92) - Saving match to file checkers-MiniMaxRandomPlayer-vs-ConfidencePlayer-20160507_034642/game92.json
02:51:55 - Finished 92 of 100 games in 1384.97 minutes. Estimated 120.43 minutes remaining.
02:51:58 (Game 93) - Initializing game with players: [MiniMaxRandomPlayer, ConfidencePlayer]
02:51:58 (Game 93) - Playing game...
03:01:18 (Game 93) - Completed game with scores [0, 100]
03:01:18 (Game 93) - Cumulative scores: MiniMaxRandomPlayer=800 ConfidencePlayer=8500 
03:01:18 (Game 93) - Saving match to file checkers-MiniMaxRandomPlayer-vs-ConfidencePlayer-20160507_034642/game93.json
03:01:18 - Finished 93 of 100 games in 1394.35 minutes. Estimated 104.95 minutes remaining.
03:01:21 (Game 94) - Initializing game with players: [ConfidencePlayer, MiniMaxRandomPlayer]
03:01:21 (Game 94) - Playing game...
03:16:56 (Game 94) - Completed game with scores [100, 0]
03:16:56 (Game 94) - Cumulative scores: MiniMaxRandomPlayer=800 ConfidencePlayer=8600 
03:16:56 (Game 94) - Saving match to file checkers-MiniMaxRandomPlayer-vs-ConfidencePlayer-20160507_034642/game94.json
03:16:56 - Finished 94 of 100 games in 1409.98 minutes. Estimated 90.00 minutes remaining.
03:16:59 (Game 95) - Initializing game with players: [MiniMaxRandomPlayer, ConfidencePlayer]
03:16:59 (Game 95) - Playing game...
03:32:34 (Game 95) - Completed game with scores [0, 100]
03:32:34 (Game 95) - Cumulative scores: MiniMaxRandomPlayer=800 ConfidencePlayer=8700 
03:32:34 (Game 95) - Saving match to file checkers-MiniMaxRandomPlayer-vs-ConfidencePlayer-20160507_034642/game95.json
03:32:34 - Finished 95 of 100 games in 1425.62 minutes. Estimated 75.03 minutes remaining.
03:32:37 (Game 96) - Initializing game with players: [ConfidencePlayer, MiniMaxRandomPlayer]
03:32:37 (Game 96) - Playing game...
03:48:10 (Game 96) - Completed game with scores [100, 0]
03:48:10 (Game 96) - Cumulative scores: MiniMaxRandomPlayer=800 ConfidencePlayer=8800 
03:48:10 (Game 96) - Saving match to file checkers-MiniMaxRandomPlayer-vs-ConfidencePlayer-20160507_034642/game96.json
03:48:10 - Finished 96 of 100 games in 1441.21 minutes. Estimated 60.05 minutes remaining.
03:48:13 (Game 97) - Initializing game with players: [MiniMaxRandomPlayer, ConfidencePlayer]
03:48:13 (Game 97) - Playing game...
04:03:47 (Game 97) - Completed game with scores [0, 100]
04:03:47 (Game 97) - Cumulative scores: MiniMaxRandomPlayer=800 ConfidencePlayer=8900 
04:03:47 (Game 97) - Saving match to file checkers-MiniMaxRandomPlayer-vs-ConfidencePlayer-20160507_034642/game97.json
04:03:47 - Finished 97 of 100 games in 1456.83 minutes. Estimated 45.06 minutes remaining.
04:03:50 (Game 98) - Initializing game with players: [ConfidencePlayer, MiniMaxRandomPlayer]
04:03:50 (Game 98) - Playing game...
04:19:24 (Game 98) - Completed game with scores [100, 0]
04:19:24 (Game 98) - Cumulative scores: MiniMaxRandomPlayer=800 ConfidencePlayer=9000 
04:19:24 (Game 98) - Saving match to file checkers-MiniMaxRandomPlayer-vs-ConfidencePlayer-20160507_034642/game98.json
04:19:24 - Finished 98 of 100 games in 1472.44 minutes. Estimated 30.05 minutes remaining.
04:19:27 (Game 99) - Initializing game with players: [MiniMaxRandomPlayer, ConfidencePlayer]
04:19:27 (Game 99) - Playing game...
04:35:00 (Game 99) - Completed game with scores [0, 100]
04:35:00 (Game 99) - Cumulative scores: MiniMaxRandomPlayer=800 ConfidencePlayer=9100 
04:35:00 (Game 99) - Saving match to file checkers-MiniMaxRandomPlayer-vs-ConfidencePlayer-20160507_034642/game99.json
04:35:00 - Finished 99 of 100 games in 1488.04 minutes. Estimated 15.03 minutes remaining.
04:35:03 (Game 100) - Initializing game with players: [ConfidencePlayer, MiniMaxRandomPlayer]
04:35:03 (Game 100) - Playing game...
04:50:37 (Game 100) - Completed game with scores [100, 0]
04:50:37 (Game 100) - Cumulative scores: MiniMaxRandomPlayer=800 ConfidencePlayer=9200 
04:50:37 (Game 100) - Saving match to file checkers-MiniMaxRandomPlayer-vs-ConfidencePlayer-20160507_034642/game100.json
04:50:37 - Finished 100 of 100 games in 1503.67 minutes. Estimated 0.00 minutes remaining.
04:50:37 - Successfully finished tournament. 3 matches contained errors.
04:50:37 - Average player scores: MiniMaxRandomPlayer=8.0000 ConfidencePlayer=92.0000 
