17:29:13 (Game 1) - Initializing game with players: [ConfidencePlayer, LearningPlayer]
17:29:13 (Game 1) - Playing game...
17:29:29 (Game 1) - WARNING: This match contains errors from the following players: [ConfidencePlayer]
17:29:29 (Game 1) - Completed game with scores [100, 0]
17:29:29 (Game 1) - Cumulative scores: ConfidencePlayer=100 LearningPlayer=0 
17:29:29 (Game 1) - Saving match to file connectFour-ConfidencePlayer-vs-LearningPlayer-20160504_172855/game1.json
17:29:29 - Finished 1 of 100 games in 0.31 minutes. Estimated 30.72 minutes remaining.
17:29:32 (Game 2) - Initializing game with players: [LearningPlayer, ConfidencePlayer]
17:29:32 (Game 2) - Playing game...
17:29:54 (Game 2) - WARNING: This match contains errors from the following players: [ConfidencePlayer]
17:29:54 (Game 2) - Completed game with scores [100, 0]
17:29:54 (Game 2) - Cumulative scores: ConfidencePlayer=100 LearningPlayer=100 
17:29:54 (Game 2) - Saving match to file connectFour-ConfidencePlayer-vs-LearningPlayer-20160504_172855/game2.json
17:29:54 - Finished 2 of 100 games in 0.74 minutes. Estimated 36.28 minutes remaining.
17:29:57 (Game 3) - Initializing game with players: [ConfidencePlayer, LearningPlayer]
17:29:57 (Game 3) - Playing game...
17:30:06 (Game 3) - WARNING: This match contains errors from the following players: [ConfidencePlayer]
17:30:06 (Game 3) - Completed game with scores [0, 100]
17:30:06 (Game 3) - Cumulative scores: ConfidencePlayer=100 LearningPlayer=200 
17:30:06 (Game 3) - Saving match to file connectFour-ConfidencePlayer-vs-LearningPlayer-20160504_172855/game3.json
17:30:06 - Finished 3 of 100 games in 0.93 minutes. Estimated 29.97 minutes remaining.
17:30:09 (Game 4) - Initializing game with players: [LearningPlayer, ConfidencePlayer]
17:30:09 (Game 4) - Playing game...
17:30:22 (Game 4) - WARNING: This match contains errors from the following players: [ConfidencePlayer]
17:30:22 (Game 4) - Completed game with scores [100, 0]
17:30:22 (Game 4) - Cumulative scores: ConfidencePlayer=100 LearningPlayer=300 
17:30:22 (Game 4) - Saving match to file connectFour-ConfidencePlayer-vs-LearningPlayer-20160504_172855/game4.json
17:30:22 - Finished 4 of 100 games in 1.20 minutes. Estimated 28.87 minutes remaining.
17:30:25 (Game 5) - Initializing game with players: [ConfidencePlayer, LearningPlayer]
17:30:25 (Game 5) - Playing game...
17:30:34 (Game 5) - WARNING: This match contains errors from the following players: [ConfidencePlayer]
17:30:34 (Game 5) - Completed game with scores [0, 100]
17:30:34 (Game 5) - Cumulative scores: ConfidencePlayer=100 LearningPlayer=400 
17:30:34 (Game 5) - Saving match to file connectFour-ConfidencePlayer-vs-LearningPlayer-20160504_172855/game5.json
17:30:34 - Finished 5 of 100 games in 1.41 minutes. Estimated 26.72 minutes remaining.
17:30:37 (Game 6) - Initializing game with players: [LearningPlayer, ConfidencePlayer]
17:30:37 (Game 6) - Playing game...
17:30:43 (Game 6) - WARNING: This match contains errors from the following players: [ConfidencePlayer]
17:30:43 (Game 6) - Completed game with scores [100, 0]
17:30:43 (Game 6) - Cumulative scores: ConfidencePlayer=100 LearningPlayer=500 
17:30:43 (Game 6) - Saving match to file connectFour-ConfidencePlayer-vs-LearningPlayer-20160504_172855/game6.json
17:30:43 - Finished 6 of 100 games in 1.55 minutes. Estimated 24.31 minutes remaining.
17:30:46 (Game 7) - Initializing game with players: [ConfidencePlayer, LearningPlayer]
17:30:46 (Game 7) - Playing game...
17:31:08 (Game 7) - WARNING: This match contains errors from the following players: [ConfidencePlayer]
17:31:08 (Game 7) - Completed game with scores [0, 100]
17:31:08 (Game 7) - Cumulative scores: ConfidencePlayer=100 LearningPlayer=600 
17:31:08 (Game 7) - Saving match to file connectFour-ConfidencePlayer-vs-LearningPlayer-20160504_172855/game7.json
17:31:08 - Finished 7 of 100 games in 1.96 minutes. Estimated 26.03 minutes remaining.
17:31:11 (Game 8) - Initializing game with players: [LearningPlayer, ConfidencePlayer]
17:31:11 (Game 8) - Playing game...
17:31:17 (Game 8) - WARNING: This match contains errors from the following players: [ConfidencePlayer]
17:31:17 (Game 8) - Completed game with scores [100, 0]
17:31:17 (Game 8) - Cumulative scores: ConfidencePlayer=100 LearningPlayer=700 
17:31:17 (Game 8) - Saving match to file connectFour-ConfidencePlayer-vs-LearningPlayer-20160504_172855/game8.json
17:31:17 - Finished 8 of 100 games in 2.12 minutes. Estimated 24.34 minutes remaining.
17:31:20 (Game 9) - Initializing game with players: [ConfidencePlayer, LearningPlayer]
17:31:20 (Game 9) - Playing game...
17:31:34 (Game 9) - WARNING: This match contains errors from the following players: [ConfidencePlayer]
17:31:34 (Game 9) - Completed game with scores [0, 100]
17:31:34 (Game 9) - Cumulative scores: ConfidencePlayer=100 LearningPlayer=800 
17:31:34 (Game 9) - Saving match to file connectFour-ConfidencePlayer-vs-LearningPlayer-20160504_172855/game9.json
17:31:34 - Finished 9 of 100 games in 2.40 minutes. Estimated 24.30 minutes remaining.
17:31:37 (Game 10) - Initializing game with players: [LearningPlayer, ConfidencePlayer]
17:31:37 (Game 10) - Playing game...
17:31:42 (Game 10) - WARNING: This match contains errors from the following players: [ConfidencePlayer]
17:31:42 (Game 10) - Completed game with scores [100, 0]
17:31:42 (Game 10) - Cumulative scores: ConfidencePlayer=100 LearningPlayer=900 
17:31:42 (Game 10) - Saving match to file connectFour-ConfidencePlayer-vs-LearningPlayer-20160504_172855/game10.json
17:31:42 - Finished 10 of 100 games in 2.54 minutes. Estimated 22.88 minutes remaining.
17:31:45 (Game 11) - Initializing game with players: [ConfidencePlayer, LearningPlayer]
17:31:45 (Game 11) - Playing game...
17:31:54 (Game 11) - WARNING: This match contains errors from the following players: [ConfidencePlayer]
17:31:54 (Game 11) - Completed game with scores [0, 100]
17:31:54 (Game 11) - Cumulative scores: ConfidencePlayer=100 LearningPlayer=1000 
17:31:54 (Game 11) - Saving match to file connectFour-ConfidencePlayer-vs-LearningPlayer-20160504_172855/game11.json
17:31:54 - Finished 11 of 100 games in 2.73 minutes. Estimated 22.10 minutes remaining.
17:31:57 (Game 12) - Initializing game with players: [LearningPlayer, ConfidencePlayer]
17:31:57 (Game 12) - Playing game...
17:32:35 (Game 12) - WARNING: This match contains errors from the following players: [ConfidencePlayer]
17:32:35 (Game 12) - Completed game with scores [100, 0]
17:32:35 (Game 12) - Cumulative scores: ConfidencePlayer=100 LearningPlayer=1100 
17:32:35 (Game 12) - Saving match to file connectFour-ConfidencePlayer-vs-LearningPlayer-20160504_172855/game12.json
17:32:35 - Finished 12 of 100 games in 3.42 minutes. Estimated 25.08 minutes remaining.
17:32:38 (Game 13) - Initializing game with players: [ConfidencePlayer, LearningPlayer]
17:32:38 (Game 13) - Playing game...
17:33:10 (Game 13) - WARNING: This match contains errors from the following players: [ConfidencePlayer]
17:33:10 (Game 13) - Completed game with scores [0, 100]
17:33:10 (Game 13) - Cumulative scores: ConfidencePlayer=100 LearningPlayer=1200 
17:33:10 (Game 13) - Saving match to file connectFour-ConfidencePlayer-vs-LearningPlayer-20160504_172855/game13.json
17:33:10 - Finished 13 of 100 games in 3.99 minutes. Estimated 26.73 minutes remaining.
17:33:13 (Game 14) - Initializing game with players: [LearningPlayer, ConfidencePlayer]
17:33:13 (Game 14) - Playing game...
17:33:22 (Game 14) - WARNING: This match contains errors from the following players: [ConfidencePlayer]
17:33:22 (Game 14) - Completed game with scores [100, 0]
17:33:22 (Game 14) - Cumulative scores: ConfidencePlayer=100 LearningPlayer=1300 
17:33:22 (Game 14) - Saving match to file connectFour-ConfidencePlayer-vs-LearningPlayer-20160504_172855/game14.json
17:33:22 - Finished 14 of 100 games in 4.20 minutes. Estimated 25.82 minutes remaining.
17:33:25 (Game 15) - Initializing game with players: [ConfidencePlayer, LearningPlayer]
17:33:25 (Game 15) - Playing game...
17:33:34 (Game 15) - WARNING: This match contains errors from the following players: [ConfidencePlayer]
17:33:34 (Game 15) - Completed game with scores [0, 100]
17:33:34 (Game 15) - Cumulative scores: ConfidencePlayer=100 LearningPlayer=1400 
17:33:34 (Game 15) - Saving match to file connectFour-ConfidencePlayer-vs-LearningPlayer-20160504_172855/game15.json
17:33:34 - Finished 15 of 100 games in 4.40 minutes. Estimated 24.92 minutes remaining.
17:33:37 (Game 16) - Initializing game with players: [LearningPlayer, ConfidencePlayer]
17:33:37 (Game 16) - Playing game...
17:34:01 (Game 16) - WARNING: This match contains errors from the following players: [ConfidencePlayer]
17:34:01 (Game 16) - Completed game with scores [100, 0]
17:34:01 (Game 16) - Cumulative scores: ConfidencePlayer=100 LearningPlayer=1500 
17:34:01 (Game 16) - Saving match to file connectFour-ConfidencePlayer-vs-LearningPlayer-20160504_172855/game16.json
17:34:01 - Finished 16 of 100 games in 4.84 minutes. Estimated 25.43 minutes remaining.
17:34:04 (Game 17) - Initializing game with players: [ConfidencePlayer, LearningPlayer]
17:34:04 (Game 17) - Playing game...
17:34:20 (Game 17) - WARNING: This match contains errors from the following players: [ConfidencePlayer]
17:34:20 (Game 17) - Completed game with scores [0, 100]
17:34:20 (Game 17) - Cumulative scores: ConfidencePlayer=100 LearningPlayer=1600 
17:34:20 (Game 17) - Saving match to file connectFour-ConfidencePlayer-vs-LearningPlayer-20160504_172855/game17.json
17:34:20 - Finished 17 of 100 games in 5.18 minutes. Estimated 25.27 minutes remaining.
17:34:23 (Game 18) - Initializing game with players: [LearningPlayer, ConfidencePlayer]
17:34:23 (Game 18) - Playing game...
17:34:37 (Game 18) - WARNING: This match contains errors from the following players: [ConfidencePlayer]
17:34:37 (Game 18) - Completed game with scores [100, 0]
17:34:37 (Game 18) - Cumulative scores: ConfidencePlayer=100 LearningPlayer=1700 
17:34:37 (Game 18) - Saving match to file connectFour-ConfidencePlayer-vs-LearningPlayer-20160504_172855/game18.json
17:34:37 - Finished 18 of 100 games in 5.45 minutes. Estimated 24.83 minutes remaining.
17:34:40 (Game 19) - Initializing game with players: [ConfidencePlayer, LearningPlayer]
17:34:40 (Game 19) - Playing game...
17:34:51 (Game 19) - WARNING: This match contains errors from the following players: [ConfidencePlayer]
17:34:51 (Game 19) - Completed game with scores [0, 100]
17:34:51 (Game 19) - Cumulative scores: ConfidencePlayer=100 LearningPlayer=1800 
17:34:51 (Game 19) - Saving match to file connectFour-ConfidencePlayer-vs-LearningPlayer-20160504_172855/game19.json
17:34:51 - Finished 19 of 100 games in 5.68 minutes. Estimated 24.23 minutes remaining.
17:34:54 (Game 20) - Initializing game with players: [LearningPlayer, ConfidencePlayer]
17:34:54 (Game 20) - Playing game...
17:35:01 (Game 20) - WARNING: This match contains errors from the following players: [ConfidencePlayer]
17:35:01 (Game 20) - Completed game with scores [100, 0]
17:35:01 (Game 20) - Cumulative scores: ConfidencePlayer=100 LearningPlayer=1900 
17:35:01 (Game 20) - Saving match to file connectFour-ConfidencePlayer-vs-LearningPlayer-20160504_172855/game20.json
17:35:01 - Finished 20 of 100 games in 5.86 minutes. Estimated 23.43 minutes remaining.
17:35:04 (Game 21) - Initializing game with players: [ConfidencePlayer, LearningPlayer]
17:35:04 (Game 21) - Playing game...
17:35:18 (Game 21) - WARNING: This match contains errors from the following players: [ConfidencePlayer]
17:35:18 (Game 21) - Completed game with scores [0, 100]
17:35:18 (Game 21) - Cumulative scores: ConfidencePlayer=100 LearningPlayer=2000 
17:35:18 (Game 21) - Saving match to file connectFour-ConfidencePlayer-vs-LearningPlayer-20160504_172855/game21.json
17:35:18 - Finished 21 of 100 games in 6.14 minutes. Estimated 23.10 minutes remaining.
17:35:21 (Game 22) - Initializing game with players: [LearningPlayer, ConfidencePlayer]
17:35:21 (Game 22) - Playing game...
17:35:39 (Game 22) - WARNING: This match contains errors from the following players: [ConfidencePlayer]
17:35:39 (Game 22) - Completed game with scores [100, 0]
17:35:39 (Game 22) - Cumulative scores: ConfidencePlayer=100 LearningPlayer=2100 
17:35:39 (Game 22) - Saving match to file connectFour-ConfidencePlayer-vs-LearningPlayer-20160504_172855/game22.json
17:35:39 - Finished 22 of 100 games in 6.49 minutes. Estimated 23.02 minutes remaining.
17:35:42 (Game 23) - Initializing game with players: [ConfidencePlayer, LearningPlayer]
17:35:42 (Game 23) - Playing game...
17:35:56 (Game 23) - WARNING: This match contains errors from the following players: [ConfidencePlayer]
17:35:56 (Game 23) - Completed game with scores [0, 100]
17:35:56 (Game 23) - Cumulative scores: ConfidencePlayer=100 LearningPlayer=2200 
17:35:56 (Game 23) - Saving match to file connectFour-ConfidencePlayer-vs-LearningPlayer-20160504_172855/game23.json
17:35:56 - Finished 23 of 100 games in 6.76 minutes. Estimated 22.63 minutes remaining.
17:35:59 (Game 24) - Initializing game with players: [LearningPlayer, ConfidencePlayer]
17:35:59 (Game 24) - Playing game...
17:36:09 (Game 24) - WARNING: This match contains errors from the following players: [ConfidencePlayer]
17:36:09 (Game 24) - Completed game with scores [100, 0]
17:36:09 (Game 24) - Cumulative scores: ConfidencePlayer=100 LearningPlayer=2300 
17:36:09 (Game 24) - Saving match to file connectFour-ConfidencePlayer-vs-LearningPlayer-20160504_172855/game24.json
17:36:09 - Finished 24 of 100 games in 6.99 minutes. Estimated 22.12 minutes remaining.
17:36:12 (Game 25) - Initializing game with players: [ConfidencePlayer, LearningPlayer]
17:36:12 (Game 25) - Playing game...
17:36:22 (Game 25) - WARNING: This match contains errors from the following players: [ConfidencePlayer]
17:36:22 (Game 25) - Completed game with scores [0, 100]
17:36:22 (Game 25) - Cumulative scores: ConfidencePlayer=100 LearningPlayer=2400 
17:36:22 (Game 25) - Saving match to file connectFour-ConfidencePlayer-vs-LearningPlayer-20160504_172855/game25.json
17:36:22 - Finished 25 of 100 games in 7.20 minutes. Estimated 21.60 minutes remaining.
17:36:25 (Game 26) - Initializing game with players: [LearningPlayer, ConfidencePlayer]
17:36:25 (Game 26) - Playing game...
17:36:34 (Game 26) - WARNING: This match contains errors from the following players: [ConfidencePlayer]
17:36:34 (Game 26) - Completed game with scores [100, 0]
17:36:34 (Game 26) - Cumulative scores: ConfidencePlayer=100 LearningPlayer=2500 
17:36:34 (Game 26) - Saving match to file connectFour-ConfidencePlayer-vs-LearningPlayer-20160504_172855/game26.json
17:36:34 - Finished 26 of 100 games in 7.39 minutes. Estimated 21.04 minutes remaining.
17:36:37 (Game 27) - Initializing game with players: [ConfidencePlayer, LearningPlayer]
17:36:37 (Game 27) - Playing game...
17:36:53 (Game 27) - WARNING: This match contains errors from the following players: [ConfidencePlayer]
17:36:53 (Game 27) - Completed game with scores [0, 100]
17:36:53 (Game 27) - Cumulative scores: ConfidencePlayer=100 LearningPlayer=2600 
17:36:53 (Game 27) - Saving match to file connectFour-ConfidencePlayer-vs-LearningPlayer-20160504_172855/game27.json
17:36:53 - Finished 27 of 100 games in 7.71 minutes. Estimated 20.85 minutes remaining.
17:36:56 (Game 28) - Initializing game with players: [LearningPlayer, ConfidencePlayer]
17:36:56 (Game 28) - Playing game...
17:37:01 (Game 28) - WARNING: This match contains errors from the following players: [ConfidencePlayer]
17:37:01 (Game 28) - Completed game with scores [100, 0]
17:37:01 (Game 28) - Cumulative scores: ConfidencePlayer=100 LearningPlayer=2700 
17:37:01 (Game 28) - Saving match to file connectFour-ConfidencePlayer-vs-LearningPlayer-20160504_172855/game28.json
17:37:01 - Finished 28 of 100 games in 7.85 minutes. Estimated 20.19 minutes remaining.
17:37:04 (Game 29) - Initializing game with players: [ConfidencePlayer, LearningPlayer]
17:37:04 (Game 29) - Playing game...
17:37:11 (Game 29) - WARNING: This match contains errors from the following players: [ConfidencePlayer]
17:37:11 (Game 29) - Completed game with scores [0, 100]
17:37:11 (Game 29) - Cumulative scores: ConfidencePlayer=100 LearningPlayer=2800 
17:37:11 (Game 29) - Saving match to file connectFour-ConfidencePlayer-vs-LearningPlayer-20160504_172855/game29.json
17:37:11 - Finished 29 of 100 games in 8.02 minutes. Estimated 19.62 minutes remaining.
17:37:14 (Game 30) - Initializing game with players: [LearningPlayer, ConfidencePlayer]
17:37:14 (Game 30) - Playing game...
17:37:45 (Game 30) - WARNING: This match contains errors from the following players: [ConfidencePlayer]
17:37:45 (Game 30) - Completed game with scores [100, 0]
17:37:45 (Game 30) - Cumulative scores: ConfidencePlayer=100 LearningPlayer=2900 
17:37:45 (Game 30) - Saving match to file connectFour-ConfidencePlayer-vs-LearningPlayer-20160504_172855/game30.json
17:37:45 - Finished 30 of 100 games in 8.58 minutes. Estimated 20.03 minutes remaining.
17:37:48 (Game 31) - Initializing game with players: [ConfidencePlayer, LearningPlayer]
17:37:48 (Game 31) - Playing game...
17:37:58 (Game 31) - WARNING: This match contains errors from the following players: [ConfidencePlayer]
17:37:58 (Game 31) - Completed game with scores [0, 100]
17:37:58 (Game 31) - Cumulative scores: ConfidencePlayer=100 LearningPlayer=3000 
17:37:58 (Game 31) - Saving match to file connectFour-ConfidencePlayer-vs-LearningPlayer-20160504_172855/game31.json
17:37:58 - Finished 31 of 100 games in 8.79 minutes. Estimated 19.57 minutes remaining.
17:38:01 (Game 32) - Initializing game with players: [LearningPlayer, ConfidencePlayer]
17:38:01 (Game 32) - Playing game...
17:38:27 (Game 32) - WARNING: This match contains errors from the following players: [ConfidencePlayer]
17:38:27 (Game 32) - Completed game with scores [100, 0]
17:38:27 (Game 32) - Cumulative scores: ConfidencePlayer=100 LearningPlayer=3100 
17:38:27 (Game 32) - Saving match to file connectFour-ConfidencePlayer-vs-LearningPlayer-20160504_172855/game32.json
17:38:27 - Finished 32 of 100 games in 9.28 minutes. Estimated 19.72 minutes remaining.
17:38:30 (Game 33) - Initializing game with players: [ConfidencePlayer, LearningPlayer]
17:38:30 (Game 33) - Playing game...
17:38:50 (Game 33) - WARNING: This match contains errors from the following players: [ConfidencePlayer]
17:38:50 (Game 33) - Completed game with scores [0, 100]
17:38:50 (Game 33) - Cumulative scores: ConfidencePlayer=100 LearningPlayer=3200 
17:38:50 (Game 33) - Saving match to file connectFour-ConfidencePlayer-vs-LearningPlayer-20160504_172855/game33.json
17:38:50 - Finished 33 of 100 games in 9.66 minutes. Estimated 19.62 minutes remaining.
17:38:53 (Game 34) - Initializing game with players: [LearningPlayer, ConfidencePlayer]
17:38:53 (Game 34) - Playing game...
17:39:17 (Game 34) - WARNING: This match contains errors from the following players: [ConfidencePlayer]
17:39:17 (Game 34) - Completed game with scores [100, 0]
17:39:17 (Game 34) - Cumulative scores: ConfidencePlayer=100 LearningPlayer=3300 
17:39:17 (Game 34) - Saving match to file connectFour-ConfidencePlayer-vs-LearningPlayer-20160504_172855/game34.json
17:39:17 - Finished 34 of 100 games in 10.12 minutes. Estimated 19.65 minutes remaining.
17:39:20 (Game 35) - Initializing game with players: [ConfidencePlayer, LearningPlayer]
17:39:20 (Game 35) - Playing game...
17:39:31 (Game 35) - WARNING: This match contains errors from the following players: [ConfidencePlayer]
17:39:31 (Game 35) - Completed game with scores [0, 100]
17:39:31 (Game 35) - Cumulative scores: ConfidencePlayer=100 LearningPlayer=3400 
17:39:31 (Game 35) - Saving match to file connectFour-ConfidencePlayer-vs-LearningPlayer-20160504_172855/game35.json
17:39:31 - Finished 35 of 100 games in 10.35 minutes. Estimated 19.22 minutes remaining.
17:39:34 (Game 36) - Initializing game with players: [LearningPlayer, ConfidencePlayer]
17:39:34 (Game 36) - Playing game...
17:40:03 (Game 36) - WARNING: This match contains errors from the following players: [ConfidencePlayer]
17:40:03 (Game 36) - Completed game with scores [100, 0]
17:40:03 (Game 36) - Cumulative scores: ConfidencePlayer=100 LearningPlayer=3500 
17:40:03 (Game 36) - Saving match to file connectFour-ConfidencePlayer-vs-LearningPlayer-20160504_172855/game36.json
17:40:03 - Finished 36 of 100 games in 10.89 minutes. Estimated 19.36 minutes remaining.
17:40:06 (Game 37) - Initializing game with players: [ConfidencePlayer, LearningPlayer]
17:40:06 (Game 37) - Playing game...
17:40:18 (Game 37) - WARNING: This match contains errors from the following players: [ConfidencePlayer]
17:40:18 (Game 37) - Completed game with scores [0, 100]
17:40:18 (Game 37) - Cumulative scores: ConfidencePlayer=100 LearningPlayer=3600 
17:40:18 (Game 37) - Saving match to file connectFour-ConfidencePlayer-vs-LearningPlayer-20160504_172855/game37.json
17:40:18 - Finished 37 of 100 games in 11.13 minutes. Estimated 18.95 minutes remaining.
17:40:21 (Game 38) - Initializing game with players: [LearningPlayer, ConfidencePlayer]
17:40:21 (Game 38) - Playing game...
17:40:31 (Game 38) - WARNING: This match contains errors from the following players: [ConfidencePlayer]
17:40:31 (Game 38) - Completed game with scores [100, 0]
17:40:31 (Game 38) - Cumulative scores: ConfidencePlayer=100 LearningPlayer=3700 
17:40:31 (Game 38) - Saving match to file connectFour-ConfidencePlayer-vs-LearningPlayer-20160504_172855/game38.json
17:40:31 - Finished 38 of 100 games in 11.34 minutes. Estimated 18.51 minutes remaining.
17:40:34 (Game 39) - Initializing game with players: [ConfidencePlayer, LearningPlayer]
17:40:34 (Game 39) - Playing game...
17:40:49 (Game 39) - WARNING: This match contains errors from the following players: [ConfidencePlayer]
17:40:49 (Game 39) - Completed game with scores [0, 100]
17:40:49 (Game 39) - Cumulative scores: ConfidencePlayer=100 LearningPlayer=3800 
17:40:49 (Game 39) - Saving match to file connectFour-ConfidencePlayer-vs-LearningPlayer-20160504_172855/game39.json
17:40:49 - Finished 39 of 100 games in 11.65 minutes. Estimated 18.22 minutes remaining.
17:40:52 (Game 40) - Initializing game with players: [LearningPlayer, ConfidencePlayer]
17:40:52 (Game 40) - Playing game...
17:41:21 (Game 40) - WARNING: This match contains errors from the following players: [ConfidencePlayer]
17:41:21 (Game 40) - Completed game with scores [0, 100]
17:41:21 (Game 40) - Cumulative scores: ConfidencePlayer=200 LearningPlayer=3800 
17:41:21 (Game 40) - Saving match to file connectFour-ConfidencePlayer-vs-LearningPlayer-20160504_172855/game40.json
17:41:21 - Finished 40 of 100 games in 12.19 minutes. Estimated 18.28 minutes remaining.
17:41:24 (Game 41) - Initializing game with players: [ConfidencePlayer, LearningPlayer]
17:41:24 (Game 41) - Playing game...
17:41:38 (Game 41) - WARNING: This match contains errors from the following players: [ConfidencePlayer]
17:41:38 (Game 41) - Completed game with scores [0, 100]
17:41:38 (Game 41) - Cumulative scores: ConfidencePlayer=200 LearningPlayer=3900 
17:41:38 (Game 41) - Saving match to file connectFour-ConfidencePlayer-vs-LearningPlayer-20160504_172855/game41.json
17:41:38 - Finished 41 of 100 games in 12.47 minutes. Estimated 17.94 minutes remaining.
17:41:41 (Game 42) - Initializing game with players: [LearningPlayer, ConfidencePlayer]
17:41:41 (Game 42) - Playing game...
17:41:49 (Game 42) - WARNING: This match contains errors from the following players: [ConfidencePlayer]
17:41:49 (Game 42) - Completed game with scores [100, 0]
17:41:49 (Game 42) - Cumulative scores: ConfidencePlayer=200 LearningPlayer=4000 
17:41:49 (Game 42) - Saving match to file connectFour-ConfidencePlayer-vs-LearningPlayer-20160504_172855/game42.json
17:41:49 - Finished 42 of 100 games in 12.64 minutes. Estimated 17.46 minutes remaining.
17:41:52 (Game 43) - Initializing game with players: [ConfidencePlayer, LearningPlayer]
17:41:52 (Game 43) - Playing game...
17:42:04 (Game 43) - WARNING: This match contains errors from the following players: [ConfidencePlayer]
17:42:04 (Game 43) - Completed game with scores [0, 100]
17:42:04 (Game 43) - Cumulative scores: ConfidencePlayer=200 LearningPlayer=4100 
17:42:04 (Game 43) - Saving match to file connectFour-ConfidencePlayer-vs-LearningPlayer-20160504_172855/game43.json
17:42:04 - Finished 43 of 100 games in 12.90 minutes. Estimated 17.10 minutes remaining.
17:42:07 (Game 44) - Initializing game with players: [LearningPlayer, ConfidencePlayer]
17:42:07 (Game 44) - Playing game...
17:42:38 (Game 44) - WARNING: This match contains errors from the following players: [ConfidencePlayer]
17:42:38 (Game 44) - Completed game with scores [100, 0]
17:42:38 (Game 44) - Cumulative scores: ConfidencePlayer=200 LearningPlayer=4200 
17:42:38 (Game 44) - Saving match to file connectFour-ConfidencePlayer-vs-LearningPlayer-20160504_172855/game44.json
17:42:38 - Finished 44 of 100 games in 13.47 minutes. Estimated 17.14 minutes remaining.
17:42:41 (Game 45) - Initializing game with players: [ConfidencePlayer, LearningPlayer]
17:42:41 (Game 45) - Playing game...
17:43:04 (Game 45) - WARNING: This match contains errors from the following players: [ConfidencePlayer]
17:43:04 (Game 45) - Completed game with scores [0, 100]
17:43:04 (Game 45) - Cumulative scores: ConfidencePlayer=200 LearningPlayer=4300 
17:43:04 (Game 45) - Saving match to file connectFour-ConfidencePlayer-vs-LearningPlayer-20160504_172855/game45.json
17:43:04 - Finished 45 of 100 games in 13.91 minutes. Estimated 17.00 minutes remaining.
17:43:07 (Game 46) - Initializing game with players: [LearningPlayer, ConfidencePlayer]
17:43:07 (Game 46) - Playing game...
17:43:17 (Game 46) - WARNING: This match contains errors from the following players: [ConfidencePlayer]
17:43:17 (Game 46) - Completed game with scores [100, 0]
17:43:17 (Game 46) - Cumulative scores: ConfidencePlayer=200 LearningPlayer=4400 
17:43:17 (Game 46) - Saving match to file connectFour-ConfidencePlayer-vs-LearningPlayer-20160504_172855/game46.json
17:43:17 - Finished 46 of 100 games in 14.11 minutes. Estimated 16.56 minutes remaining.
17:43:20 (Game 47) - Initializing game with players: [ConfidencePlayer, LearningPlayer]
17:43:20 (Game 47) - Playing game...
17:43:44 (Game 47) - WARNING: This match contains errors from the following players: [ConfidencePlayer]
17:43:44 (Game 47) - Completed game with scores [0, 100]
17:43:44 (Game 47) - Cumulative scores: ConfidencePlayer=200 LearningPlayer=4500 
17:43:44 (Game 47) - Saving match to file connectFour-ConfidencePlayer-vs-LearningPlayer-20160504_172855/game47.json
17:43:44 - Finished 47 of 100 games in 14.57 minutes. Estimated 16.43 minutes remaining.
17:43:47 (Game 48) - Initializing game with players: [LearningPlayer, ConfidencePlayer]
17:43:47 (Game 48) - Playing game...
17:43:57 (Game 48) - WARNING: This match contains errors from the following players: [ConfidencePlayer]
17:43:57 (Game 48) - Completed game with scores [100, 0]
17:43:57 (Game 48) - Cumulative scores: ConfidencePlayer=200 LearningPlayer=4600 
17:43:57 (Game 48) - Saving match to file connectFour-ConfidencePlayer-vs-LearningPlayer-20160504_172855/game48.json
17:43:57 - Finished 48 of 100 games in 14.78 minutes. Estimated 16.01 minutes remaining.
17:44:00 (Game 49) - Initializing game with players: [ConfidencePlayer, LearningPlayer]
17:44:00 (Game 49) - Playing game...
17:44:18 (Game 49) - WARNING: This match contains errors from the following players: [ConfidencePlayer]
17:44:18 (Game 49) - Completed game with scores [0, 100]
17:44:18 (Game 49) - Cumulative scores: ConfidencePlayer=200 LearningPlayer=4700 
17:44:18 (Game 49) - Saving match to file connectFour-ConfidencePlayer-vs-LearningPlayer-20160504_172855/game49.json
17:44:18 - Finished 49 of 100 games in 15.14 minutes. Estimated 15.76 minutes remaining.
17:44:21 (Game 50) - Initializing game with players: [LearningPlayer, ConfidencePlayer]
17:44:21 (Game 50) - Playing game...
17:44:37 (Game 50) - WARNING: This match contains errors from the following players: [ConfidencePlayer]
17:44:37 (Game 50) - Completed game with scores [100, 0]
17:44:37 (Game 50) - Cumulative scores: ConfidencePlayer=200 LearningPlayer=4800 
17:44:37 (Game 50) - Saving match to file connectFour-ConfidencePlayer-vs-LearningPlayer-20160504_172855/game50.json
17:44:37 - Finished 50 of 100 games in 15.45 minutes. Estimated 15.45 minutes remaining.
17:44:40 (Game 51) - Initializing game with players: [ConfidencePlayer, LearningPlayer]
17:44:40 (Game 51) - Playing game...
17:44:55 (Game 51) - WARNING: This match contains errors from the following players: [ConfidencePlayer]
17:44:55 (Game 51) - Completed game with scores [0, 100]
17:44:55 (Game 51) - Cumulative scores: ConfidencePlayer=200 LearningPlayer=4900 
17:44:55 (Game 51) - Saving match to file connectFour-ConfidencePlayer-vs-LearningPlayer-20160504_172855/game51.json
17:44:55 - Finished 51 of 100 games in 15.75 minutes. Estimated 15.13 minutes remaining.
17:44:58 (Game 52) - Initializing game with players: [LearningPlayer, ConfidencePlayer]
17:44:58 (Game 52) - Playing game...
17:45:12 (Game 52) - WARNING: This match contains errors from the following players: [ConfidencePlayer]
17:45:12 (Game 52) - Completed game with scores [100, 0]
17:45:12 (Game 52) - Cumulative scores: ConfidencePlayer=200 LearningPlayer=5000 
17:45:12 (Game 52) - Saving match to file connectFour-ConfidencePlayer-vs-LearningPlayer-20160504_172855/game52.json
17:45:12 - Finished 52 of 100 games in 16.03 minutes. Estimated 14.80 minutes remaining.
17:45:15 (Game 53) - Initializing game with players: [ConfidencePlayer, LearningPlayer]
17:45:15 (Game 53) - Playing game...
17:45:25 (Game 53) - WARNING: This match contains errors from the following players: [ConfidencePlayer]
17:45:25 (Game 53) - Completed game with scores [0, 100]
17:45:25 (Game 53) - Cumulative scores: ConfidencePlayer=200 LearningPlayer=5100 
17:45:25 (Game 53) - Saving match to file connectFour-ConfidencePlayer-vs-LearningPlayer-20160504_172855/game53.json
17:45:25 - Finished 53 of 100 games in 16.25 minutes. Estimated 14.41 minutes remaining.
17:45:28 (Game 54) - Initializing game with players: [LearningPlayer, ConfidencePlayer]
17:45:28 (Game 54) - Playing game...
17:45:48 (Game 54) - WARNING: This match contains errors from the following players: [ConfidencePlayer]
17:45:48 (Game 54) - Completed game with scores [100, 0]
17:45:48 (Game 54) - Cumulative scores: ConfidencePlayer=200 LearningPlayer=5200 
17:45:48 (Game 54) - Saving match to file connectFour-ConfidencePlayer-vs-LearningPlayer-20160504_172855/game54.json
17:45:48 - Finished 54 of 100 games in 16.64 minutes. Estimated 14.18 minutes remaining.
17:45:51 (Game 55) - Initializing game with players: [ConfidencePlayer, LearningPlayer]
17:45:51 (Game 55) - Playing game...
17:46:07 (Game 55) - WARNING: This match contains errors from the following players: [ConfidencePlayer]
17:46:07 (Game 55) - Completed game with scores [0, 100]
17:46:07 (Game 55) - Cumulative scores: ConfidencePlayer=200 LearningPlayer=5300 
17:46:07 (Game 55) - Saving match to file connectFour-ConfidencePlayer-vs-LearningPlayer-20160504_172855/game55.json
17:46:07 - Finished 55 of 100 games in 16.94 minutes. Estimated 13.86 minutes remaining.
17:46:10 (Game 56) - Initializing game with players: [LearningPlayer, ConfidencePlayer]
17:46:10 (Game 56) - Playing game...
17:46:17 (Game 56) - WARNING: This match contains errors from the following players: [ConfidencePlayer]
17:46:17 (Game 56) - Completed game with scores [100, 0]
17:46:17 (Game 56) - Cumulative scores: ConfidencePlayer=200 LearningPlayer=5400 
17:46:17 (Game 56) - Saving match to file connectFour-ConfidencePlayer-vs-LearningPlayer-20160504_172855/game56.json
17:46:17 - Finished 56 of 100 games in 17.11 minutes. Estimated 13.44 minutes remaining.
17:46:20 (Game 57) - Initializing game with players: [ConfidencePlayer, LearningPlayer]
17:46:20 (Game 57) - Playing game...
17:46:28 (Game 57) - WARNING: This match contains errors from the following players: [ConfidencePlayer]
17:46:28 (Game 57) - Completed game with scores [0, 100]
17:46:28 (Game 57) - Cumulative scores: ConfidencePlayer=200 LearningPlayer=5500 
17:46:28 (Game 57) - Saving match to file connectFour-ConfidencePlayer-vs-LearningPlayer-20160504_172855/game57.json
17:46:28 - Finished 57 of 100 games in 17.29 minutes. Estimated 13.05 minutes remaining.
17:46:31 (Game 58) - Initializing game with players: [LearningPlayer, ConfidencePlayer]
17:46:31 (Game 58) - Playing game...
17:46:59 (Game 58) - WARNING: This match contains errors from the following players: [ConfidencePlayer]
17:46:59 (Game 58) - Completed game with scores [100, 0]
17:46:59 (Game 58) - Cumulative scores: ConfidencePlayer=200 LearningPlayer=5600 
17:46:59 (Game 58) - Saving match to file connectFour-ConfidencePlayer-vs-LearningPlayer-20160504_172855/game58.json
17:46:59 - Finished 58 of 100 games in 17.83 minutes. Estimated 12.91 minutes remaining.
17:47:02 (Game 59) - Initializing game with players: [ConfidencePlayer, LearningPlayer]
17:47:02 (Game 59) - Playing game...
17:47:11 (Game 59) - WARNING: This match contains errors from the following players: [ConfidencePlayer]
17:47:11 (Game 59) - Completed game with scores [0, 100]
17:47:11 (Game 59) - Cumulative scores: ConfidencePlayer=200 LearningPlayer=5700 
17:47:11 (Game 59) - Saving match to file connectFour-ConfidencePlayer-vs-LearningPlayer-20160504_172855/game59.json
17:47:11 - Finished 59 of 100 games in 18.01 minutes. Estimated 12.52 minutes remaining.
17:47:14 (Game 60) - Initializing game with players: [LearningPlayer, ConfidencePlayer]
17:47:14 (Game 60) - Playing game...
17:47:30 (Game 60) - WARNING: This match contains errors from the following players: [ConfidencePlayer]
17:47:30 (Game 60) - Completed game with scores [100, 0]
17:47:30 (Game 60) - Cumulative scores: ConfidencePlayer=200 LearningPlayer=5800 
17:47:30 (Game 60) - Saving match to file connectFour-ConfidencePlayer-vs-LearningPlayer-20160504_172855/game60.json
17:47:30 - Finished 60 of 100 games in 18.34 minutes. Estimated 12.22 minutes remaining.
17:47:33 (Game 61) - Initializing game with players: [ConfidencePlayer, LearningPlayer]
17:47:33 (Game 61) - Playing game...
17:47:58 (Game 61) - WARNING: This match contains errors from the following players: [ConfidencePlayer]
17:47:58 (Game 61) - Completed game with scores [0, 100]
17:47:58 (Game 61) - Cumulative scores: ConfidencePlayer=200 LearningPlayer=5900 
17:47:58 (Game 61) - Saving match to file connectFour-ConfidencePlayer-vs-LearningPlayer-20160504_172855/game61.json
17:47:58 - Finished 61 of 100 games in 18.81 minutes. Estimated 12.02 minutes remaining.
17:48:01 (Game 62) - Initializing game with players: [LearningPlayer, ConfidencePlayer]
17:48:01 (Game 62) - Playing game...
17:48:07 (Game 62) - WARNING: This match contains errors from the following players: [ConfidencePlayer]
17:48:07 (Game 62) - Completed game with scores [100, 0]
17:48:07 (Game 62) - Cumulative scores: ConfidencePlayer=200 LearningPlayer=6000 
17:48:07 (Game 62) - Saving match to file connectFour-ConfidencePlayer-vs-LearningPlayer-20160504_172855/game62.json
17:48:07 - Finished 62 of 100 games in 18.95 minutes. Estimated 11.61 minutes remaining.
17:48:10 (Game 63) - Initializing game with players: [ConfidencePlayer, LearningPlayer]
17:48:10 (Game 63) - Playing game...
17:48:22 (Game 63) - WARNING: This match contains errors from the following players: [ConfidencePlayer]
17:48:22 (Game 63) - Completed game with scores [0, 100]
17:48:22 (Game 63) - Cumulative scores: ConfidencePlayer=200 LearningPlayer=6100 
17:48:22 (Game 63) - Saving match to file connectFour-ConfidencePlayer-vs-LearningPlayer-20160504_172855/game63.json
17:48:22 - Finished 63 of 100 games in 19.20 minutes. Estimated 11.28 minutes remaining.
17:48:25 (Game 64) - Initializing game with players: [LearningPlayer, ConfidencePlayer]
17:48:25 (Game 64) - Playing game...
17:48:40 (Game 64) - WARNING: This match contains errors from the following players: [ConfidencePlayer]
17:48:40 (Game 64) - Completed game with scores [100, 0]
17:48:40 (Game 64) - Cumulative scores: ConfidencePlayer=200 LearningPlayer=6200 
17:48:40 (Game 64) - Saving match to file connectFour-ConfidencePlayer-vs-LearningPlayer-20160504_172855/game64.json
17:48:40 - Finished 64 of 100 games in 19.50 minutes. Estimated 10.97 minutes remaining.
17:48:43 (Game 65) - Initializing game with players: [ConfidencePlayer, LearningPlayer]
17:48:43 (Game 65) - Playing game...
17:48:51 (Game 65) - WARNING: This match contains errors from the following players: [ConfidencePlayer]
17:48:51 (Game 65) - Completed game with scores [0, 100]
17:48:51 (Game 65) - Cumulative scores: ConfidencePlayer=200 LearningPlayer=6300 
17:48:51 (Game 65) - Saving match to file connectFour-ConfidencePlayer-vs-LearningPlayer-20160504_172855/game65.json
17:48:51 - Finished 65 of 100 games in 19.68 minutes. Estimated 10.60 minutes remaining.
17:48:54 (Game 66) - Initializing game with players: [LearningPlayer, ConfidencePlayer]
17:48:54 (Game 66) - Playing game...
17:48:59 (Game 66) - WARNING: This match contains errors from the following players: [ConfidencePlayer]
17:48:59 (Game 66) - Completed game with scores [100, 0]
17:48:59 (Game 66) - Cumulative scores: ConfidencePlayer=200 LearningPlayer=6400 
17:48:59 (Game 66) - Saving match to file connectFour-ConfidencePlayer-vs-LearningPlayer-20160504_172855/game66.json
17:48:59 - Finished 66 of 100 games in 19.81 minutes. Estimated 10.21 minutes remaining.
17:49:02 (Game 67) - Initializing game with players: [ConfidencePlayer, LearningPlayer]
17:49:02 (Game 67) - Playing game...
17:49:08 (Game 67) - WARNING: This match contains errors from the following players: [ConfidencePlayer]
17:49:08 (Game 67) - Completed game with scores [0, 100]
17:49:08 (Game 67) - Cumulative scores: ConfidencePlayer=200 LearningPlayer=6500 
17:49:08 (Game 67) - Saving match to file connectFour-ConfidencePlayer-vs-LearningPlayer-20160504_172855/game67.json
17:49:08 - Finished 67 of 100 games in 19.97 minutes. Estimated 9.83 minutes remaining.
17:49:11 (Game 68) - Initializing game with players: [LearningPlayer, ConfidencePlayer]
17:49:11 (Game 68) - Playing game...
17:49:16 (Game 68) - WARNING: This match contains errors from the following players: [ConfidencePlayer]
17:49:16 (Game 68) - Completed game with scores [100, 0]
17:49:16 (Game 68) - Cumulative scores: ConfidencePlayer=200 LearningPlayer=6600 
17:49:16 (Game 68) - Saving match to file connectFour-ConfidencePlayer-vs-LearningPlayer-20160504_172855/game68.json
17:49:16 - Finished 68 of 100 games in 20.10 minutes. Estimated 9.46 minutes remaining.
17:49:19 (Game 69) - Initializing game with players: [ConfidencePlayer, LearningPlayer]
17:49:19 (Game 69) - Playing game...
17:49:32 (Game 69) - WARNING: This match contains errors from the following players: [ConfidencePlayer]
17:49:32 (Game 69) - Completed game with scores [0, 100]
17:49:32 (Game 69) - Cumulative scores: ConfidencePlayer=200 LearningPlayer=6700 
17:49:32 (Game 69) - Saving match to file connectFour-ConfidencePlayer-vs-LearningPlayer-20160504_172855/game69.json
17:49:32 - Finished 69 of 100 games in 20.36 minutes. Estimated 9.15 minutes remaining.
17:49:35 (Game 70) - Initializing game with players: [LearningPlayer, ConfidencePlayer]
17:49:35 (Game 70) - Playing game...
17:49:59 (Game 70) - WARNING: This match contains errors from the following players: [ConfidencePlayer]
17:49:59 (Game 70) - Completed game with scores [100, 0]
17:49:59 (Game 70) - Cumulative scores: ConfidencePlayer=200 LearningPlayer=6800 
17:49:59 (Game 70) - Saving match to file connectFour-ConfidencePlayer-vs-LearningPlayer-20160504_172855/game70.json
17:49:59 - Finished 70 of 100 games in 20.82 minutes. Estimated 8.92 minutes remaining.
17:50:02 (Game 71) - Initializing game with players: [ConfidencePlayer, LearningPlayer]
17:50:02 (Game 71) - Playing game...
17:50:10 (Game 71) - WARNING: This match contains errors from the following players: [ConfidencePlayer]
17:50:10 (Game 71) - Completed game with scores [0, 100]
17:50:10 (Game 71) - Cumulative scores: ConfidencePlayer=200 LearningPlayer=6900 
17:50:10 (Game 71) - Saving match to file connectFour-ConfidencePlayer-vs-LearningPlayer-20160504_172855/game71.json
17:50:10 - Finished 71 of 100 games in 21.00 minutes. Estimated 8.58 minutes remaining.
17:50:13 (Game 72) - Initializing game with players: [LearningPlayer, ConfidencePlayer]
17:50:13 (Game 72) - Playing game...
17:50:21 (Game 72) - WARNING: This match contains errors from the following players: [ConfidencePlayer]
17:50:21 (Game 72) - Completed game with scores [100, 0]
17:50:21 (Game 72) - Cumulative scores: ConfidencePlayer=200 LearningPlayer=7000 
17:50:21 (Game 72) - Saving match to file connectFour-ConfidencePlayer-vs-LearningPlayer-20160504_172855/game72.json
17:50:21 - Finished 72 of 100 games in 21.18 minutes. Estimated 8.24 minutes remaining.
17:50:24 (Game 73) - Initializing game with players: [ConfidencePlayer, LearningPlayer]
17:50:24 (Game 73) - Playing game...
17:50:50 (Game 73) - WARNING: This match contains errors from the following players: [ConfidencePlayer]
17:50:50 (Game 73) - Completed game with scores [0, 100]
17:50:50 (Game 73) - Cumulative scores: ConfidencePlayer=200 LearningPlayer=7100 
17:50:50 (Game 73) - Saving match to file connectFour-ConfidencePlayer-vs-LearningPlayer-20160504_172855/game73.json
17:50:50 - Finished 73 of 100 games in 21.67 minutes. Estimated 8.02 minutes remaining.
17:50:53 (Game 74) - Initializing game with players: [LearningPlayer, ConfidencePlayer]
17:50:53 (Game 74) - Playing game...
17:51:00 (Game 74) - WARNING: This match contains errors from the following players: [ConfidencePlayer]
17:51:00 (Game 74) - Completed game with scores [100, 0]
17:51:00 (Game 74) - Cumulative scores: ConfidencePlayer=200 LearningPlayer=7200 
17:51:00 (Game 74) - Saving match to file connectFour-ConfidencePlayer-vs-LearningPlayer-20160504_172855/game74.json
17:51:00 - Finished 74 of 100 games in 21.84 minutes. Estimated 7.67 minutes remaining.
17:51:03 (Game 75) - Initializing game with players: [ConfidencePlayer, LearningPlayer]
17:51:03 (Game 75) - Playing game...
17:51:10 (Game 75) - WARNING: This match contains errors from the following players: [ConfidencePlayer]
17:51:10 (Game 75) - Completed game with scores [0, 100]
17:51:10 (Game 75) - Cumulative scores: ConfidencePlayer=200 LearningPlayer=7300 
17:51:10 (Game 75) - Saving match to file connectFour-ConfidencePlayer-vs-LearningPlayer-20160504_172855/game75.json
17:51:10 - Finished 75 of 100 games in 22.00 minutes. Estimated 7.33 minutes remaining.
17:51:13 (Game 76) - Initializing game with players: [LearningPlayer, ConfidencePlayer]
17:51:13 (Game 76) - Playing game...
17:51:42 (Game 76) - WARNING: This match contains errors from the following players: [ConfidencePlayer]
17:51:42 (Game 76) - Completed game with scores [100, 0]
17:51:42 (Game 76) - Cumulative scores: ConfidencePlayer=200 LearningPlayer=7400 
17:51:42 (Game 76) - Saving match to file connectFour-ConfidencePlayer-vs-LearningPlayer-20160504_172855/game76.json
17:51:42 - Finished 76 of 100 games in 22.53 minutes. Estimated 7.11 minutes remaining.
17:51:45 (Game 77) - Initializing game with players: [ConfidencePlayer, LearningPlayer]
17:51:45 (Game 77) - Playing game...
17:51:51 (Game 77) - WARNING: This match contains errors from the following players: [ConfidencePlayer]
17:51:51 (Game 77) - Completed game with scores [0, 100]
17:51:51 (Game 77) - Cumulative scores: ConfidencePlayer=200 LearningPlayer=7500 
17:51:51 (Game 77) - Saving match to file connectFour-ConfidencePlayer-vs-LearningPlayer-20160504_172855/game77.json
17:51:51 - Finished 77 of 100 games in 22.68 minutes. Estimated 6.77 minutes remaining.
17:51:54 (Game 78) - Initializing game with players: [LearningPlayer, ConfidencePlayer]
17:51:54 (Game 78) - Playing game...
17:51:59 (Game 78) - WARNING: This match contains errors from the following players: [ConfidencePlayer]
17:51:59 (Game 78) - Completed game with scores [100, 0]
17:51:59 (Game 78) - Cumulative scores: ConfidencePlayer=200 LearningPlayer=7600 
17:51:59 (Game 78) - Saving match to file connectFour-ConfidencePlayer-vs-LearningPlayer-20160504_172855/game78.json
17:51:59 - Finished 78 of 100 games in 22.82 minutes. Estimated 6.44 minutes remaining.
17:52:02 (Game 79) - Initializing game with players: [ConfidencePlayer, LearningPlayer]
17:52:02 (Game 79) - Playing game...
17:52:08 (Game 79) - WARNING: This match contains errors from the following players: [ConfidencePlayer]
17:52:08 (Game 79) - Completed game with scores [0, 100]
17:52:08 (Game 79) - Cumulative scores: ConfidencePlayer=200 LearningPlayer=7700 
17:52:08 (Game 79) - Saving match to file connectFour-ConfidencePlayer-vs-LearningPlayer-20160504_172855/game79.json
17:52:08 - Finished 79 of 100 games in 22.97 minutes. Estimated 6.11 minutes remaining.
17:52:11 (Game 80) - Initializing game with players: [LearningPlayer, ConfidencePlayer]
17:52:11 (Game 80) - Playing game...
17:52:23 (Game 80) - WARNING: This match contains errors from the following players: [ConfidencePlayer]
17:52:23 (Game 80) - Completed game with scores [100, 0]
17:52:23 (Game 80) - Cumulative scores: ConfidencePlayer=200 LearningPlayer=7800 
17:52:23 (Game 80) - Saving match to file connectFour-ConfidencePlayer-vs-LearningPlayer-20160504_172855/game80.json
17:52:23 - Finished 80 of 100 games in 23.21 minutes. Estimated 5.80 minutes remaining.
17:52:26 (Game 81) - Initializing game with players: [ConfidencePlayer, LearningPlayer]
17:52:26 (Game 81) - Playing game...
17:52:53 (Game 81) - WARNING: This match contains errors from the following players: [ConfidencePlayer]
17:52:53 (Game 81) - Completed game with scores [0, 100]
17:52:53 (Game 81) - Cumulative scores: ConfidencePlayer=200 LearningPlayer=7900 
17:52:53 (Game 81) - Saving match to file connectFour-ConfidencePlayer-vs-LearningPlayer-20160504_172855/game81.json
17:52:53 - Finished 81 of 100 games in 23.72 minutes. Estimated 5.56 minutes remaining.
17:52:56 (Game 82) - Initializing game with players: [LearningPlayer, ConfidencePlayer]
17:52:56 (Game 82) - Playing game...
17:53:02 (Game 82) - WARNING: This match contains errors from the following players: [ConfidencePlayer]
17:53:02 (Game 82) - Completed game with scores [100, 0]
17:53:02 (Game 82) - Cumulative scores: ConfidencePlayer=200 LearningPlayer=8000 
17:53:02 (Game 82) - Saving match to file connectFour-ConfidencePlayer-vs-LearningPlayer-20160504_172855/game82.json
17:53:02 - Finished 82 of 100 games in 23.86 minutes. Estimated 5.24 minutes remaining.
17:53:05 (Game 83) - Initializing game with players: [ConfidencePlayer, LearningPlayer]
17:53:05 (Game 83) - Playing game...
17:53:11 (Game 83) - WARNING: This match contains errors from the following players: [ConfidencePlayer]
17:53:11 (Game 83) - Completed game with scores [0, 100]
17:53:11 (Game 83) - Cumulative scores: ConfidencePlayer=200 LearningPlayer=8100 
17:53:11 (Game 83) - Saving match to file connectFour-ConfidencePlayer-vs-LearningPlayer-20160504_172855/game83.json
17:53:11 - Finished 83 of 100 games in 24.02 minutes. Estimated 4.92 minutes remaining.
17:53:14 (Game 84) - Initializing game with players: [LearningPlayer, ConfidencePlayer]
17:53:14 (Game 84) - Playing game...
17:53:54 (Game 84) - WARNING: This match contains errors from the following players: [ConfidencePlayer]
17:53:54 (Game 84) - Completed game with scores [100, 0]
17:53:54 (Game 84) - Cumulative scores: ConfidencePlayer=200 LearningPlayer=8200 
17:53:54 (Game 84) - Saving match to file connectFour-ConfidencePlayer-vs-LearningPlayer-20160504_172855/game84.json
17:53:54 - Finished 84 of 100 games in 24.73 minutes. Estimated 4.71 minutes remaining.
17:53:57 (Game 85) - Initializing game with players: [ConfidencePlayer, LearningPlayer]
17:53:57 (Game 85) - Playing game...
17:54:05 (Game 85) - WARNING: This match contains errors from the following players: [ConfidencePlayer]
17:54:05 (Game 85) - Completed game with scores [0, 100]
17:54:05 (Game 85) - Cumulative scores: ConfidencePlayer=200 LearningPlayer=8300 
17:54:05 (Game 85) - Saving match to file connectFour-ConfidencePlayer-vs-LearningPlayer-20160504_172855/game85.json
17:54:05 - Finished 85 of 100 games in 24.91 minutes. Estimated 4.40 minutes remaining.
17:54:08 (Game 86) - Initializing game with players: [LearningPlayer, ConfidencePlayer]
17:54:08 (Game 86) - Playing game...
17:54:29 (Game 86) - WARNING: This match contains errors from the following players: [ConfidencePlayer]
17:54:29 (Game 86) - Completed game with scores [100, 0]
17:54:29 (Game 86) - Cumulative scores: ConfidencePlayer=200 LearningPlayer=8400 
17:54:29 (Game 86) - Saving match to file connectFour-ConfidencePlayer-vs-LearningPlayer-20160504_172855/game86.json
17:54:29 - Finished 86 of 100 games in 25.32 minutes. Estimated 4.12 minutes remaining.
17:54:32 (Game 87) - Initializing game with players: [ConfidencePlayer, LearningPlayer]
17:54:32 (Game 87) - Playing game...
17:54:40 (Game 87) - WARNING: This match contains errors from the following players: [ConfidencePlayer]
17:54:40 (Game 87) - Completed game with scores [0, 100]
17:54:40 (Game 87) - Cumulative scores: ConfidencePlayer=200 LearningPlayer=8500 
17:54:40 (Game 87) - Saving match to file connectFour-ConfidencePlayer-vs-LearningPlayer-20160504_172855/game87.json
17:54:40 - Finished 87 of 100 games in 25.50 minutes. Estimated 3.81 minutes remaining.
17:54:43 (Game 88) - Initializing game with players: [LearningPlayer, ConfidencePlayer]
17:54:43 (Game 88) - Playing game...
17:55:11 (Game 88) - WARNING: This match contains errors from the following players: [ConfidencePlayer]
17:55:11 (Game 88) - Completed game with scores [100, 0]
17:55:11 (Game 88) - Cumulative scores: ConfidencePlayer=200 LearningPlayer=8600 
17:55:11 (Game 88) - Saving match to file connectFour-ConfidencePlayer-vs-LearningPlayer-20160504_172855/game88.json
17:55:11 - Finished 88 of 100 games in 26.01 minutes. Estimated 3.55 minutes remaining.
17:55:14 (Game 89) - Initializing game with players: [ConfidencePlayer, LearningPlayer]
17:55:14 (Game 89) - Playing game...
17:55:26 (Game 89) - WARNING: This match contains errors from the following players: [ConfidencePlayer]
17:55:26 (Game 89) - Completed game with scores [0, 100]
17:55:26 (Game 89) - Cumulative scores: ConfidencePlayer=200 LearningPlayer=8700 
17:55:26 (Game 89) - Saving match to file connectFour-ConfidencePlayer-vs-LearningPlayer-20160504_172855/game89.json
17:55:26 - Finished 89 of 100 games in 26.27 minutes. Estimated 3.25 minutes remaining.
17:55:29 (Game 90) - Initializing game with players: [LearningPlayer, ConfidencePlayer]
17:55:29 (Game 90) - Playing game...
17:55:41 (Game 90) - WARNING: This match contains errors from the following players: [ConfidencePlayer]
17:55:41 (Game 90) - Completed game with scores [100, 0]
17:55:41 (Game 90) - Cumulative scores: ConfidencePlayer=200 LearningPlayer=8800 
17:55:41 (Game 90) - Saving match to file connectFour-ConfidencePlayer-vs-LearningPlayer-20160504_172855/game90.json
17:55:41 - Finished 90 of 100 games in 26.51 minutes. Estimated 2.95 minutes remaining.
17:55:44 (Game 91) - Initializing game with players: [ConfidencePlayer, LearningPlayer]
17:55:44 (Game 91) - Playing game...
17:55:54 (Game 91) - WARNING: This match contains errors from the following players: [ConfidencePlayer]
17:55:54 (Game 91) - Completed game with scores [0, 100]
17:55:54 (Game 91) - Cumulative scores: ConfidencePlayer=200 LearningPlayer=8900 
17:55:54 (Game 91) - Saving match to file connectFour-ConfidencePlayer-vs-LearningPlayer-20160504_172855/game91.json
17:55:54 - Finished 91 of 100 games in 26.73 minutes. Estimated 2.64 minutes remaining.
17:55:57 (Game 92) - Initializing game with players: [LearningPlayer, ConfidencePlayer]
17:55:57 (Game 92) - Playing game...
17:56:16 (Game 92) - WARNING: This match contains errors from the following players: [ConfidencePlayer]
17:56:16 (Game 92) - Completed game with scores [100, 0]
17:56:16 (Game 92) - Cumulative scores: ConfidencePlayer=200 LearningPlayer=9000 
17:56:16 (Game 92) - Saving match to file connectFour-ConfidencePlayer-vs-LearningPlayer-20160504_172855/game92.json
17:56:16 - Finished 92 of 100 games in 27.10 minutes. Estimated 2.36 minutes remaining.
17:56:19 (Game 93) - Initializing game with players: [ConfidencePlayer, LearningPlayer]
17:56:19 (Game 93) - Playing game...
17:56:27 (Game 93) - WARNING: This match contains errors from the following players: [ConfidencePlayer]
17:56:27 (Game 93) - Completed game with scores [0, 100]
17:56:27 (Game 93) - Cumulative scores: ConfidencePlayer=200 LearningPlayer=9100 
17:56:27 (Game 93) - Saving match to file connectFour-ConfidencePlayer-vs-LearningPlayer-20160504_172855/game93.json
17:56:27 - Finished 93 of 100 games in 27.28 minutes. Estimated 2.05 minutes remaining.
17:56:30 (Game 94) - Initializing game with players: [LearningPlayer, ConfidencePlayer]
17:56:30 (Game 94) - Playing game...
17:56:41 (Game 94) - WARNING: This match contains errors from the following players: [ConfidencePlayer]
17:56:41 (Game 94) - Completed game with scores [100, 0]
17:56:41 (Game 94) - Cumulative scores: ConfidencePlayer=200 LearningPlayer=9200 
17:56:41 (Game 94) - Saving match to file connectFour-ConfidencePlayer-vs-LearningPlayer-20160504_172855/game94.json
17:56:41 - Finished 94 of 100 games in 27.52 minutes. Estimated 1.76 minutes remaining.
17:56:44 (Game 95) - Initializing game with players: [ConfidencePlayer, LearningPlayer]
17:56:44 (Game 95) - Playing game...
17:56:55 (Game 95) - WARNING: This match contains errors from the following players: [ConfidencePlayer]
17:56:55 (Game 95) - Completed game with scores [0, 100]
17:56:55 (Game 95) - Cumulative scores: ConfidencePlayer=200 LearningPlayer=9300 
17:56:55 (Game 95) - Saving match to file connectFour-ConfidencePlayer-vs-LearningPlayer-20160504_172855/game95.json
17:56:55 - Finished 95 of 100 games in 27.76 minutes. Estimated 1.46 minutes remaining.
17:56:58 (Game 96) - Initializing game with players: [LearningPlayer, ConfidencePlayer]
17:56:58 (Game 96) - Playing game...
17:57:14 (Game 96) - WARNING: This match contains errors from the following players: [ConfidencePlayer]
17:57:14 (Game 96) - Completed game with scores [100, 0]
17:57:14 (Game 96) - Cumulative scores: ConfidencePlayer=200 LearningPlayer=9400 
17:57:14 (Game 96) - Saving match to file connectFour-ConfidencePlayer-vs-LearningPlayer-20160504_172855/game96.json
17:57:14 - Finished 96 of 100 games in 28.07 minutes. Estimated 1.17 minutes remaining.
17:57:17 (Game 97) - Initializing game with players: [ConfidencePlayer, LearningPlayer]
17:57:17 (Game 97) - Playing game...
17:57:33 (Game 97) - WARNING: This match contains errors from the following players: [ConfidencePlayer]
17:57:33 (Game 97) - Completed game with scores [0, 100]
17:57:33 (Game 97) - Cumulative scores: ConfidencePlayer=200 LearningPlayer=9500 
17:57:33 (Game 97) - Saving match to file connectFour-ConfidencePlayer-vs-LearningPlayer-20160504_172855/game97.json
17:57:33 - Finished 97 of 100 games in 28.39 minutes. Estimated 0.88 minutes remaining.
17:57:36 (Game 98) - Initializing game with players: [LearningPlayer, ConfidencePlayer]
17:57:36 (Game 98) - Playing game...
17:57:54 (Game 98) - WARNING: This match contains errors from the following players: [ConfidencePlayer]
17:57:54 (Game 98) - Completed game with scores [100, 0]
17:57:54 (Game 98) - Cumulative scores: ConfidencePlayer=200 LearningPlayer=9600 
17:57:54 (Game 98) - Saving match to file connectFour-ConfidencePlayer-vs-LearningPlayer-20160504_172855/game98.json
17:57:54 - Finished 98 of 100 games in 28.73 minutes. Estimated 0.59 minutes remaining.
17:57:57 (Game 99) - Initializing game with players: [ConfidencePlayer, LearningPlayer]
17:57:57 (Game 99) - Playing game...
17:58:05 (Game 99) - WARNING: This match contains errors from the following players: [ConfidencePlayer]
17:58:05 (Game 99) - Completed game with scores [0, 100]
17:58:05 (Game 99) - Cumulative scores: ConfidencePlayer=200 LearningPlayer=9700 
17:58:05 (Game 99) - Saving match to file connectFour-ConfidencePlayer-vs-LearningPlayer-20160504_172855/game99.json
17:58:05 - Finished 99 of 100 games in 28.92 minutes. Estimated 0.29 minutes remaining.
17:58:08 (Game 100) - Initializing game with players: [LearningPlayer, ConfidencePlayer]
17:58:08 (Game 100) - Playing game...
17:58:15 (Game 100) - WARNING: This match contains errors from the following players: [ConfidencePlayer]
17:58:15 (Game 100) - Completed game with scores [100, 0]
17:58:15 (Game 100) - Cumulative scores: ConfidencePlayer=200 LearningPlayer=9800 
17:58:15 (Game 100) - Saving match to file connectFour-ConfidencePlayer-vs-LearningPlayer-20160504_172855/game100.json
17:58:15 - Finished 100 of 100 games in 29.08 minutes. Estimated 0.00 minutes remaining.
17:58:15 - Successfully finished tournament. 100 matches contained errors.
17:58:15 - Average player scores: ConfidencePlayer=2.0000 LearningPlayer=98.0000 
