22:39:25 (Game 1) - Initializing game with players: [MiniMaxRandomPlayer, LearningPlayer]
22:39:25 (Game 1) - Playing game...
22:39:43 (Game 1) - Completed game with scores [0, 100]
22:39:43 (Game 1) - Cumulative scores: MiniMaxRandomPlayer=0 LearningPlayer=100 
22:39:43 (Game 1) - Saving match to file connectFour-MiniMaxRandomPlayer-vs-LearningPlayer-20160503_223902/game1.json
22:39:43 - Finished 1 of 100 games in 0.34 minutes. Estimated 33.31 minutes remaining.
22:39:46 (Game 2) - Initializing game with players: [LearningPlayer, MiniMaxRandomPlayer]
22:39:46 (Game 2) - Playing game...
22:39:53 (Game 2) - Completed game with scores [100, 0]
22:39:53 (Game 2) - Cumulative scores: MiniMaxRandomPlayer=0 LearningPlayer=200 
22:39:53 (Game 2) - Saving match to file connectFour-MiniMaxRandomPlayer-vs-LearningPlayer-20160503_223902/game2.json
22:39:53 - Finished 2 of 100 games in 0.52 minutes. Estimated 25.24 minutes remaining.
22:39:56 (Game 3) - Initializing game with players: [MiniMaxRandomPlayer, LearningPlayer]
22:39:56 (Game 3) - Playing game...
22:40:10 (Game 3) - Completed game with scores [0, 100]
22:40:10 (Game 3) - Cumulative scores: MiniMaxRandomPlayer=0 LearningPlayer=300 
22:40:10 (Game 3) - Saving match to file connectFour-MiniMaxRandomPlayer-vs-LearningPlayer-20160503_223902/game3.json
22:40:10 - Finished 3 of 100 games in 0.80 minutes. Estimated 25.87 minutes remaining.
22:40:13 (Game 4) - Initializing game with players: [LearningPlayer, MiniMaxRandomPlayer]
22:40:13 (Game 4) - Playing game...
22:40:21 (Game 4) - Completed game with scores [100, 0]
22:40:21 (Game 4) - Cumulative scores: MiniMaxRandomPlayer=0 LearningPlayer=400 
22:40:21 (Game 4) - Saving match to file connectFour-MiniMaxRandomPlayer-vs-LearningPlayer-20160503_223902/game4.json
22:40:21 - Finished 4 of 100 games in 0.97 minutes. Estimated 23.37 minutes remaining.
22:40:24 (Game 5) - Initializing game with players: [MiniMaxRandomPlayer, LearningPlayer]
22:40:24 (Game 5) - Playing game...
22:40:37 (Game 5) - Completed game with scores [0, 100]
22:40:37 (Game 5) - Cumulative scores: MiniMaxRandomPlayer=0 LearningPlayer=500 
22:40:37 (Game 5) - Saving match to file connectFour-MiniMaxRandomPlayer-vs-LearningPlayer-20160503_223902/game5.json
22:40:37 - Finished 5 of 100 games in 1.25 minutes. Estimated 23.75 minutes remaining.
22:40:40 (Game 6) - Initializing game with players: [LearningPlayer, MiniMaxRandomPlayer]
22:40:40 (Game 6) - Playing game...
22:40:48 (Game 6) - Completed game with scores [100, 0]
22:40:48 (Game 6) - Cumulative scores: MiniMaxRandomPlayer=0 LearningPlayer=600 
22:40:48 (Game 6) - Saving match to file connectFour-MiniMaxRandomPlayer-vs-LearningPlayer-20160503_223902/game6.json
22:40:48 - Finished 6 of 100 games in 1.42 minutes. Estimated 22.32 minutes remaining.
22:40:51 (Game 7) - Initializing game with players: [MiniMaxRandomPlayer, LearningPlayer]
22:40:51 (Game 7) - Playing game...
22:41:05 (Game 7) - Completed game with scores [0, 100]
22:41:05 (Game 7) - Cumulative scores: MiniMaxRandomPlayer=0 LearningPlayer=700 
22:41:05 (Game 7) - Saving match to file connectFour-MiniMaxRandomPlayer-vs-LearningPlayer-20160503_223902/game7.json
22:41:05 - Finished 7 of 100 games in 1.71 minutes. Estimated 22.69 minutes remaining.
22:41:08 (Game 8) - Initializing game with players: [LearningPlayer, MiniMaxRandomPlayer]
22:41:08 (Game 8) - Playing game...
22:41:16 (Game 8) - Completed game with scores [100, 0]
22:41:16 (Game 8) - Cumulative scores: MiniMaxRandomPlayer=0 LearningPlayer=800 
22:41:16 (Game 8) - Saving match to file connectFour-MiniMaxRandomPlayer-vs-LearningPlayer-20160503_223902/game8.json
22:41:16 - Finished 8 of 100 games in 1.89 minutes. Estimated 21.69 minutes remaining.
22:41:19 (Game 9) - Initializing game with players: [MiniMaxRandomPlayer, LearningPlayer]
22:41:19 (Game 9) - Playing game...
22:41:32 (Game 9) - Completed game with scores [0, 100]
22:41:32 (Game 9) - Cumulative scores: MiniMaxRandomPlayer=0 LearningPlayer=900 
22:41:32 (Game 9) - Saving match to file connectFour-MiniMaxRandomPlayer-vs-LearningPlayer-20160503_223902/game9.json
22:41:32 - Finished 9 of 100 games in 2.16 minutes. Estimated 21.81 minutes remaining.
22:41:35 (Game 10) - Initializing game with players: [LearningPlayer, MiniMaxRandomPlayer]
22:41:35 (Game 10) - Playing game...
22:41:42 (Game 10) - Completed game with scores [100, 0]
22:41:42 (Game 10) - Cumulative scores: MiniMaxRandomPlayer=0 LearningPlayer=1000 
22:41:42 (Game 10) - Saving match to file connectFour-MiniMaxRandomPlayer-vs-LearningPlayer-20160503_223902/game10.json
22:41:42 - Finished 10 of 100 games in 2.33 minutes. Estimated 20.93 minutes remaining.
22:41:45 (Game 11) - Initializing game with players: [MiniMaxRandomPlayer, LearningPlayer]
22:41:45 (Game 11) - Playing game...
22:41:58 (Game 11) - Completed game with scores [0, 100]
22:41:58 (Game 11) - Cumulative scores: MiniMaxRandomPlayer=0 LearningPlayer=1100 
22:41:58 (Game 11) - Saving match to file connectFour-MiniMaxRandomPlayer-vs-LearningPlayer-20160503_223902/game11.json
22:41:58 - Finished 11 of 100 games in 2.60 minutes. Estimated 21.02 minutes remaining.
22:42:01 (Game 12) - Initializing game with players: [LearningPlayer, MiniMaxRandomPlayer]
22:42:01 (Game 12) - Playing game...
22:42:08 (Game 12) - Completed game with scores [100, 0]
22:42:08 (Game 12) - Cumulative scores: MiniMaxRandomPlayer=0 LearningPlayer=1200 
22:42:08 (Game 12) - Saving match to file connectFour-MiniMaxRandomPlayer-vs-LearningPlayer-20160503_223902/game12.json
22:42:08 - Finished 12 of 100 games in 2.77 minutes. Estimated 20.30 minutes remaining.
22:42:11 (Game 13) - Initializing game with players: [MiniMaxRandomPlayer, LearningPlayer]
22:42:11 (Game 13) - Playing game...
22:42:25 (Game 13) - Completed game with scores [0, 100]
22:42:25 (Game 13) - Cumulative scores: MiniMaxRandomPlayer=0 LearningPlayer=1300 
22:42:25 (Game 13) - Saving match to file connectFour-MiniMaxRandomPlayer-vs-LearningPlayer-20160503_223902/game13.json
22:42:25 - Finished 13 of 100 games in 3.04 minutes. Estimated 20.33 minutes remaining.
22:42:28 (Game 14) - Initializing game with players: [LearningPlayer, MiniMaxRandomPlayer]
22:42:28 (Game 14) - Playing game...
22:42:35 (Game 14) - Completed game with scores [100, 0]
22:42:35 (Game 14) - Cumulative scores: MiniMaxRandomPlayer=0 LearningPlayer=1400 
22:42:35 (Game 14) - Saving match to file connectFour-MiniMaxRandomPlayer-vs-LearningPlayer-20160503_223902/game14.json
22:42:35 - Finished 14 of 100 games in 3.20 minutes. Estimated 19.69 minutes remaining.
22:42:38 (Game 15) - Initializing game with players: [MiniMaxRandomPlayer, LearningPlayer]
22:42:38 (Game 15) - Playing game...
22:42:52 (Game 15) - Completed game with scores [0, 100]
22:42:52 (Game 15) - Cumulative scores: MiniMaxRandomPlayer=0 LearningPlayer=1500 
22:42:52 (Game 15) - Saving match to file connectFour-MiniMaxRandomPlayer-vs-LearningPlayer-20160503_223902/game15.json
22:42:52 - Finished 15 of 100 games in 3.49 minutes. Estimated 19.76 minutes remaining.
22:42:55 (Game 16) - Initializing game with players: [LearningPlayer, MiniMaxRandomPlayer]
22:42:55 (Game 16) - Playing game...
22:43:02 (Game 16) - Completed game with scores [100, 0]
22:43:02 (Game 16) - Cumulative scores: MiniMaxRandomPlayer=0 LearningPlayer=1600 
22:43:02 (Game 16) - Saving match to file connectFour-MiniMaxRandomPlayer-vs-LearningPlayer-20160503_223902/game16.json
22:43:02 - Finished 16 of 100 games in 3.66 minutes. Estimated 19.22 minutes remaining.
22:43:05 (Game 17) - Initializing game with players: [MiniMaxRandomPlayer, LearningPlayer]
22:43:05 (Game 17) - Playing game...
22:43:19 (Game 17) - Completed game with scores [0, 100]
22:43:19 (Game 17) - Cumulative scores: MiniMaxRandomPlayer=0 LearningPlayer=1700 
22:43:19 (Game 17) - Saving match to file connectFour-MiniMaxRandomPlayer-vs-LearningPlayer-20160503_223902/game17.json
22:43:19 - Finished 17 of 100 games in 3.94 minutes. Estimated 19.25 minutes remaining.
22:43:22 (Game 18) - Initializing game with players: [LearningPlayer, MiniMaxRandomPlayer]
22:43:22 (Game 18) - Playing game...
22:43:29 (Game 18) - Completed game with scores [100, 0]
22:43:29 (Game 18) - Cumulative scores: MiniMaxRandomPlayer=0 LearningPlayer=1800 
22:43:29 (Game 18) - Saving match to file connectFour-MiniMaxRandomPlayer-vs-LearningPlayer-20160503_223902/game18.json
22:43:29 - Finished 18 of 100 games in 4.11 minutes. Estimated 18.74 minutes remaining.
22:43:32 (Game 19) - Initializing game with players: [MiniMaxRandomPlayer, LearningPlayer]
22:43:32 (Game 19) - Playing game...
22:43:46 (Game 19) - Completed game with scores [0, 100]
22:43:46 (Game 19) - Cumulative scores: MiniMaxRandomPlayer=0 LearningPlayer=1900 
22:43:46 (Game 19) - Saving match to file connectFour-MiniMaxRandomPlayer-vs-LearningPlayer-20160503_223902/game19.json
22:43:46 - Finished 19 of 100 games in 4.39 minutes. Estimated 18.71 minutes remaining.
22:43:49 (Game 20) - Initializing game with players: [LearningPlayer, MiniMaxRandomPlayer]
22:43:49 (Game 20) - Playing game...
22:43:56 (Game 20) - Completed game with scores [100, 0]
22:43:56 (Game 20) - Cumulative scores: MiniMaxRandomPlayer=0 LearningPlayer=2000 
22:43:56 (Game 20) - Saving match to file connectFour-MiniMaxRandomPlayer-vs-LearningPlayer-20160503_223902/game20.json
22:43:56 - Finished 20 of 100 games in 4.56 minutes. Estimated 18.24 minutes remaining.
22:43:59 (Game 21) - Initializing game with players: [MiniMaxRandomPlayer, LearningPlayer]
22:43:59 (Game 21) - Playing game...
22:44:12 (Game 21) - Completed game with scores [0, 100]
22:44:12 (Game 21) - Cumulative scores: MiniMaxRandomPlayer=0 LearningPlayer=2100 
22:44:12 (Game 21) - Saving match to file connectFour-MiniMaxRandomPlayer-vs-LearningPlayer-20160503_223902/game21.json
22:44:13 - Finished 21 of 100 games in 4.84 minutes. Estimated 18.19 minutes remaining.
22:44:16 (Game 22) - Initializing game with players: [LearningPlayer, MiniMaxRandomPlayer]
22:44:16 (Game 22) - Playing game...
22:44:22 (Game 22) - Completed game with scores [100, 0]
22:44:22 (Game 22) - Cumulative scores: MiniMaxRandomPlayer=0 LearningPlayer=2200 
22:44:22 (Game 22) - Saving match to file connectFour-MiniMaxRandomPlayer-vs-LearningPlayer-20160503_223902/game22.json
22:44:22 - Finished 22 of 100 games in 5.00 minutes. Estimated 17.72 minutes remaining.
22:44:25 (Game 23) - Initializing game with players: [MiniMaxRandomPlayer, LearningPlayer]
22:44:25 (Game 23) - Playing game...
22:44:38 (Game 23) - Completed game with scores [0, 100]
22:44:38 (Game 23) - Cumulative scores: MiniMaxRandomPlayer=0 LearningPlayer=2300 
22:44:38 (Game 23) - Saving match to file connectFour-MiniMaxRandomPlayer-vs-LearningPlayer-20160503_223902/game23.json
22:44:38 - Finished 23 of 100 games in 5.26 minutes. Estimated 17.60 minutes remaining.
22:44:41 (Game 24) - Initializing game with players: [LearningPlayer, MiniMaxRandomPlayer]
22:44:41 (Game 24) - Playing game...
22:44:48 (Game 24) - Completed game with scores [100, 0]
22:44:48 (Game 24) - Cumulative scores: MiniMaxRandomPlayer=0 LearningPlayer=2400 
22:44:48 (Game 24) - Saving match to file connectFour-MiniMaxRandomPlayer-vs-LearningPlayer-20160503_223902/game24.json
22:44:48 - Finished 24 of 100 games in 5.42 minutes. Estimated 17.17 minutes remaining.
22:44:51 (Game 25) - Initializing game with players: [MiniMaxRandomPlayer, LearningPlayer]
22:44:51 (Game 25) - Playing game...
22:45:04 (Game 25) - Completed game with scores [0, 100]
22:45:04 (Game 25) - Cumulative scores: MiniMaxRandomPlayer=0 LearningPlayer=2500 
22:45:04 (Game 25) - Saving match to file connectFour-MiniMaxRandomPlayer-vs-LearningPlayer-20160503_223902/game25.json
22:45:04 - Finished 25 of 100 games in 5.70 minutes. Estimated 17.09 minutes remaining.
22:45:07 (Game 26) - Initializing game with players: [LearningPlayer, MiniMaxRandomPlayer]
22:45:07 (Game 26) - Playing game...
22:45:14 (Game 26) - Completed game with scores [100, 0]
22:45:14 (Game 26) - Cumulative scores: MiniMaxRandomPlayer=0 LearningPlayer=2600 
22:45:14 (Game 26) - Saving match to file connectFour-MiniMaxRandomPlayer-vs-LearningPlayer-20160503_223902/game26.json
22:45:14 - Finished 26 of 100 games in 5.86 minutes. Estimated 16.68 minutes remaining.
22:45:17 (Game 27) - Initializing game with players: [MiniMaxRandomPlayer, LearningPlayer]
22:45:17 (Game 27) - Playing game...
22:45:30 (Game 27) - Completed game with scores [0, 100]
22:45:30 (Game 27) - Cumulative scores: MiniMaxRandomPlayer=0 LearningPlayer=2700 
22:45:30 (Game 27) - Saving match to file connectFour-MiniMaxRandomPlayer-vs-LearningPlayer-20160503_223902/game27.json
22:45:30 - Finished 27 of 100 games in 6.12 minutes. Estimated 16.55 minutes remaining.
22:45:33 (Game 28) - Initializing game with players: [LearningPlayer, MiniMaxRandomPlayer]
22:45:33 (Game 28) - Playing game...
22:45:40 (Game 28) - Completed game with scores [100, 0]
22:45:40 (Game 28) - Cumulative scores: MiniMaxRandomPlayer=0 LearningPlayer=2800 
22:45:40 (Game 28) - Saving match to file connectFour-MiniMaxRandomPlayer-vs-LearningPlayer-20160503_223902/game28.json
22:45:40 - Finished 28 of 100 games in 6.29 minutes. Estimated 16.18 minutes remaining.
22:45:43 (Game 29) - Initializing game with players: [MiniMaxRandomPlayer, LearningPlayer]
22:45:43 (Game 29) - Playing game...
22:45:56 (Game 29) - Completed game with scores [0, 100]
22:45:56 (Game 29) - Cumulative scores: MiniMaxRandomPlayer=0 LearningPlayer=2900 
22:45:56 (Game 29) - Saving match to file connectFour-MiniMaxRandomPlayer-vs-LearningPlayer-20160503_223902/game29.json
22:45:56 - Finished 29 of 100 games in 6.55 minutes. Estimated 16.05 minutes remaining.
22:45:59 (Game 30) - Initializing game with players: [LearningPlayer, MiniMaxRandomPlayer]
22:45:59 (Game 30) - Playing game...
22:46:06 (Game 30) - Completed game with scores [100, 0]
22:46:06 (Game 30) - Cumulative scores: MiniMaxRandomPlayer=0 LearningPlayer=3000 
22:46:06 (Game 30) - Saving match to file connectFour-MiniMaxRandomPlayer-vs-LearningPlayer-20160503_223902/game30.json
22:46:06 - Finished 30 of 100 games in 6.72 minutes. Estimated 15.69 minutes remaining.
22:46:09 (Game 31) - Initializing game with players: [MiniMaxRandomPlayer, LearningPlayer]
22:46:09 (Game 31) - Playing game...
22:46:21 (Game 31) - Completed game with scores [0, 100]
22:46:21 (Game 31) - Cumulative scores: MiniMaxRandomPlayer=0 LearningPlayer=3100 
22:46:21 (Game 31) - Saving match to file connectFour-MiniMaxRandomPlayer-vs-LearningPlayer-20160503_223902/game31.json
22:46:21 - Finished 31 of 100 games in 6.98 minutes. Estimated 15.54 minutes remaining.
22:46:24 (Game 32) - Initializing game with players: [LearningPlayer, MiniMaxRandomPlayer]
22:46:24 (Game 32) - Playing game...
22:46:31 (Game 32) - Completed game with scores [100, 0]
22:46:31 (Game 32) - Cumulative scores: MiniMaxRandomPlayer=0 LearningPlayer=3200 
22:46:31 (Game 32) - Saving match to file connectFour-MiniMaxRandomPlayer-vs-LearningPlayer-20160503_223902/game32.json
22:46:31 - Finished 32 of 100 games in 7.14 minutes. Estimated 15.18 minutes remaining.
22:46:34 (Game 33) - Initializing game with players: [MiniMaxRandomPlayer, LearningPlayer]
22:46:34 (Game 33) - Playing game...
22:46:46 (Game 33) - Completed game with scores [0, 100]
22:46:46 (Game 33) - Cumulative scores: MiniMaxRandomPlayer=0 LearningPlayer=3300 
22:46:46 (Game 33) - Saving match to file connectFour-MiniMaxRandomPlayer-vs-LearningPlayer-20160503_223902/game33.json
22:46:46 - Finished 33 of 100 games in 7.40 minutes. Estimated 15.03 minutes remaining.
22:46:49 (Game 34) - Initializing game with players: [LearningPlayer, MiniMaxRandomPlayer]
22:46:49 (Game 34) - Playing game...
22:46:56 (Game 34) - Completed game with scores [100, 0]
22:46:56 (Game 34) - Cumulative scores: MiniMaxRandomPlayer=0 LearningPlayer=3400 
22:46:56 (Game 34) - Saving match to file connectFour-MiniMaxRandomPlayer-vs-LearningPlayer-20160503_223902/game34.json
22:46:56 - Finished 34 of 100 games in 7.57 minutes. Estimated 14.69 minutes remaining.
22:46:59 (Game 35) - Initializing game with players: [MiniMaxRandomPlayer, LearningPlayer]
22:46:59 (Game 35) - Playing game...
22:47:13 (Game 35) - Completed game with scores [0, 100]
22:47:13 (Game 35) - Cumulative scores: MiniMaxRandomPlayer=0 LearningPlayer=3500 
22:47:13 (Game 35) - Saving match to file connectFour-MiniMaxRandomPlayer-vs-LearningPlayer-20160503_223902/game35.json
22:47:13 - Finished 35 of 100 games in 7.85 minutes. Estimated 14.58 minutes remaining.
22:47:16 (Game 36) - Initializing game with players: [LearningPlayer, MiniMaxRandomPlayer]
22:47:16 (Game 36) - Playing game...
22:47:24 (Game 36) - Completed game with scores [100, 0]
22:47:24 (Game 36) - Cumulative scores: MiniMaxRandomPlayer=0 LearningPlayer=3600 
22:47:24 (Game 36) - Saving match to file connectFour-MiniMaxRandomPlayer-vs-LearningPlayer-20160503_223902/game36.json
22:47:24 - Finished 36 of 100 games in 8.02 minutes. Estimated 14.26 minutes remaining.
22:47:27 (Game 37) - Initializing game with players: [MiniMaxRandomPlayer, LearningPlayer]
22:47:27 (Game 37) - Playing game...
22:47:39 (Game 37) - Completed game with scores [0, 100]
22:47:39 (Game 37) - Cumulative scores: MiniMaxRandomPlayer=0 LearningPlayer=3700 
22:47:39 (Game 37) - Saving match to file connectFour-MiniMaxRandomPlayer-vs-LearningPlayer-20160503_223902/game37.json
22:47:39 - Finished 37 of 100 games in 8.28 minutes. Estimated 14.10 minutes remaining.
22:47:42 (Game 38) - Initializing game with players: [LearningPlayer, MiniMaxRandomPlayer]
22:47:42 (Game 38) - Playing game...
22:47:49 (Game 38) - Completed game with scores [100, 0]
22:47:49 (Game 38) - Cumulative scores: MiniMaxRandomPlayer=0 LearningPlayer=3800 
22:47:49 (Game 38) - Saving match to file connectFour-MiniMaxRandomPlayer-vs-LearningPlayer-20160503_223902/game38.json
22:47:49 - Finished 38 of 100 games in 8.45 minutes. Estimated 13.78 minutes remaining.
22:47:52 (Game 39) - Initializing game with players: [MiniMaxRandomPlayer, LearningPlayer]
22:47:52 (Game 39) - Playing game...
22:48:04 (Game 39) - Completed game with scores [0, 100]
22:48:04 (Game 39) - Cumulative scores: MiniMaxRandomPlayer=0 LearningPlayer=3900 
22:48:04 (Game 39) - Saving match to file connectFour-MiniMaxRandomPlayer-vs-LearningPlayer-20160503_223902/game39.json
22:48:04 - Finished 39 of 100 games in 8.70 minutes. Estimated 13.61 minutes remaining.
22:48:07 (Game 40) - Initializing game with players: [LearningPlayer, MiniMaxRandomPlayer]
22:48:07 (Game 40) - Playing game...
22:48:14 (Game 40) - Completed game with scores [100, 0]
22:48:14 (Game 40) - Cumulative scores: MiniMaxRandomPlayer=0 LearningPlayer=4000 
22:48:14 (Game 40) - Saving match to file connectFour-MiniMaxRandomPlayer-vs-LearningPlayer-20160503_223902/game40.json
22:48:14 - Finished 40 of 100 games in 8.87 minutes. Estimated 13.30 minutes remaining.
22:48:17 (Game 41) - Initializing game with players: [MiniMaxRandomPlayer, LearningPlayer]
22:48:17 (Game 41) - Playing game...
22:48:31 (Game 41) - Completed game with scores [0, 100]
22:48:31 (Game 41) - Cumulative scores: MiniMaxRandomPlayer=0 LearningPlayer=4100 
22:48:31 (Game 41) - Saving match to file connectFour-MiniMaxRandomPlayer-vs-LearningPlayer-20160503_223902/game41.json
22:48:31 - Finished 41 of 100 games in 9.14 minutes. Estimated 13.16 minutes remaining.
22:48:34 (Game 42) - Initializing game with players: [LearningPlayer, MiniMaxRandomPlayer]
22:48:34 (Game 42) - Playing game...
22:48:41 (Game 42) - Completed game with scores [100, 0]
22:48:41 (Game 42) - Cumulative scores: MiniMaxRandomPlayer=0 LearningPlayer=4200 
22:48:41 (Game 42) - Saving match to file connectFour-MiniMaxRandomPlayer-vs-LearningPlayer-20160503_223902/game42.json
22:48:41 - Finished 42 of 100 games in 9.31 minutes. Estimated 12.86 minutes remaining.
22:48:44 (Game 43) - Initializing game with players: [MiniMaxRandomPlayer, LearningPlayer]
22:48:44 (Game 43) - Playing game...
22:48:58 (Game 43) - Completed game with scores [0, 100]
22:48:58 (Game 43) - Cumulative scores: MiniMaxRandomPlayer=0 LearningPlayer=4300 
22:48:58 (Game 43) - Saving match to file connectFour-MiniMaxRandomPlayer-vs-LearningPlayer-20160503_223902/game43.json
22:48:58 - Finished 43 of 100 games in 9.59 minutes. Estimated 12.72 minutes remaining.
22:49:01 (Game 44) - Initializing game with players: [LearningPlayer, MiniMaxRandomPlayer]
22:49:01 (Game 44) - Playing game...
22:49:08 (Game 44) - Completed game with scores [100, 0]
22:49:08 (Game 44) - Cumulative scores: MiniMaxRandomPlayer=0 LearningPlayer=4400 
22:49:08 (Game 44) - Saving match to file connectFour-MiniMaxRandomPlayer-vs-LearningPlayer-20160503_223902/game44.json
22:49:08 - Finished 44 of 100 games in 9.76 minutes. Estimated 12.42 minutes remaining.
22:49:11 (Game 45) - Initializing game with players: [MiniMaxRandomPlayer, LearningPlayer]
22:49:11 (Game 45) - Playing game...
22:49:24 (Game 45) - Completed game with scores [0, 100]
22:49:24 (Game 45) - Cumulative scores: MiniMaxRandomPlayer=0 LearningPlayer=4500 
22:49:24 (Game 45) - Saving match to file connectFour-MiniMaxRandomPlayer-vs-LearningPlayer-20160503_223902/game45.json
22:49:24 - Finished 45 of 100 games in 10.03 minutes. Estimated 12.26 minutes remaining.
22:49:27 (Game 46) - Initializing game with players: [LearningPlayer, MiniMaxRandomPlayer]
22:49:27 (Game 46) - Playing game...
22:49:35 (Game 46) - Completed game with scores [100, 0]
22:49:35 (Game 46) - Cumulative scores: MiniMaxRandomPlayer=0 LearningPlayer=4600 
22:49:35 (Game 46) - Saving match to file connectFour-MiniMaxRandomPlayer-vs-LearningPlayer-20160503_223902/game46.json
22:49:35 - Finished 46 of 100 games in 10.20 minutes. Estimated 11.98 minutes remaining.
22:49:38 (Game 47) - Initializing game with players: [MiniMaxRandomPlayer, LearningPlayer]
22:49:38 (Game 47) - Playing game...
22:49:51 (Game 47) - Completed game with scores [0, 100]
22:49:51 (Game 47) - Cumulative scores: MiniMaxRandomPlayer=0 LearningPlayer=4700 
22:49:51 (Game 47) - Saving match to file connectFour-MiniMaxRandomPlayer-vs-LearningPlayer-20160503_223902/game47.json
22:49:51 - Finished 47 of 100 games in 10.48 minutes. Estimated 11.82 minutes remaining.
22:49:54 (Game 48) - Initializing game with players: [LearningPlayer, MiniMaxRandomPlayer]
22:49:54 (Game 48) - Playing game...
22:50:01 (Game 48) - Completed game with scores [100, 0]
22:50:01 (Game 48) - Cumulative scores: MiniMaxRandomPlayer=0 LearningPlayer=4800 
22:50:01 (Game 48) - Saving match to file connectFour-MiniMaxRandomPlayer-vs-LearningPlayer-20160503_223902/game48.json
22:50:01 - Finished 48 of 100 games in 10.65 minutes. Estimated 11.54 minutes remaining.
22:50:04 (Game 49) - Initializing game with players: [MiniMaxRandomPlayer, LearningPlayer]
22:50:04 (Game 49) - Playing game...
22:50:18 (Game 49) - Completed game with scores [0, 100]
22:50:18 (Game 49) - Cumulative scores: MiniMaxRandomPlayer=0 LearningPlayer=4900 
22:50:18 (Game 49) - Saving match to file connectFour-MiniMaxRandomPlayer-vs-LearningPlayer-20160503_223902/game49.json
22:50:18 - Finished 49 of 100 games in 10.93 minutes. Estimated 11.38 minutes remaining.
22:50:21 (Game 50) - Initializing game with players: [LearningPlayer, MiniMaxRandomPlayer]
22:50:21 (Game 50) - Playing game...
22:50:28 (Game 50) - Completed game with scores [100, 0]
22:50:28 (Game 50) - Cumulative scores: MiniMaxRandomPlayer=0 LearningPlayer=5000 
22:50:28 (Game 50) - Saving match to file connectFour-MiniMaxRandomPlayer-vs-LearningPlayer-20160503_223902/game50.json
22:50:28 - Finished 50 of 100 games in 11.10 minutes. Estimated 11.10 minutes remaining.
22:50:31 (Game 51) - Initializing game with players: [MiniMaxRandomPlayer, LearningPlayer]
22:50:31 (Game 51) - Playing game...
22:50:45 (Game 51) - Completed game with scores [0, 100]
22:50:45 (Game 51) - Cumulative scores: MiniMaxRandomPlayer=0 LearningPlayer=5100 
22:50:45 (Game 51) - Saving match to file connectFour-MiniMaxRandomPlayer-vs-LearningPlayer-20160503_223902/game51.json
22:50:45 - Finished 51 of 100 games in 11.38 minutes. Estimated 10.93 minutes remaining.
22:50:48 (Game 52) - Initializing game with players: [LearningPlayer, MiniMaxRandomPlayer]
22:50:48 (Game 52) - Playing game...
22:50:56 (Game 52) - Completed game with scores [100, 0]
22:50:56 (Game 52) - Cumulative scores: MiniMaxRandomPlayer=0 LearningPlayer=5200 
22:50:56 (Game 52) - Saving match to file connectFour-MiniMaxRandomPlayer-vs-LearningPlayer-20160503_223902/game52.json
22:50:56 - Finished 52 of 100 games in 11.55 minutes. Estimated 10.66 minutes remaining.
22:50:59 (Game 53) - Initializing game with players: [MiniMaxRandomPlayer, LearningPlayer]
22:50:59 (Game 53) - Playing game...
22:51:12 (Game 53) - Completed game with scores [0, 100]
22:51:12 (Game 53) - Cumulative scores: MiniMaxRandomPlayer=0 LearningPlayer=5300 
22:51:12 (Game 53) - Saving match to file connectFour-MiniMaxRandomPlayer-vs-LearningPlayer-20160503_223902/game53.json
22:51:12 - Finished 53 of 100 games in 11.82 minutes. Estimated 10.48 minutes remaining.
22:51:15 (Game 54) - Initializing game with players: [LearningPlayer, MiniMaxRandomPlayer]
22:51:15 (Game 54) - Playing game...
22:51:22 (Game 54) - Completed game with scores [100, 0]
22:51:22 (Game 54) - Cumulative scores: MiniMaxRandomPlayer=0 LearningPlayer=5400 
22:51:22 (Game 54) - Saving match to file connectFour-MiniMaxRandomPlayer-vs-LearningPlayer-20160503_223902/game54.json
22:51:22 - Finished 54 of 100 games in 12.00 minutes. Estimated 10.22 minutes remaining.
22:51:25 (Game 55) - Initializing game with players: [MiniMaxRandomPlayer, LearningPlayer]
22:51:25 (Game 55) - Playing game...
22:51:38 (Game 55) - Completed game with scores [0, 100]
22:51:38 (Game 55) - Cumulative scores: MiniMaxRandomPlayer=0 LearningPlayer=5500 
22:51:38 (Game 55) - Saving match to file connectFour-MiniMaxRandomPlayer-vs-LearningPlayer-20160503_223902/game55.json
22:51:38 - Finished 55 of 100 games in 12.27 minutes. Estimated 10.04 minutes remaining.
22:51:41 (Game 56) - Initializing game with players: [LearningPlayer, MiniMaxRandomPlayer]
22:51:41 (Game 56) - Playing game...
22:51:48 (Game 56) - Completed game with scores [100, 0]
22:51:48 (Game 56) - Cumulative scores: MiniMaxRandomPlayer=0 LearningPlayer=5600 
22:51:48 (Game 56) - Saving match to file connectFour-MiniMaxRandomPlayer-vs-LearningPlayer-20160503_223902/game56.json
22:51:48 - Finished 56 of 100 games in 12.42 minutes. Estimated 9.76 minutes remaining.
22:51:51 (Game 57) - Initializing game with players: [MiniMaxRandomPlayer, LearningPlayer]
22:51:51 (Game 57) - Playing game...
22:52:03 (Game 57) - Completed game with scores [0, 100]
22:52:03 (Game 57) - Cumulative scores: MiniMaxRandomPlayer=0 LearningPlayer=5700 
22:52:03 (Game 57) - Saving match to file connectFour-MiniMaxRandomPlayer-vs-LearningPlayer-20160503_223902/game57.json
22:52:03 - Finished 57 of 100 games in 12.67 minutes. Estimated 9.56 minutes remaining.
22:52:06 (Game 58) - Initializing game with players: [LearningPlayer, MiniMaxRandomPlayer]
22:52:06 (Game 58) - Playing game...
22:52:12 (Game 58) - Completed game with scores [100, 0]
22:52:12 (Game 58) - Cumulative scores: MiniMaxRandomPlayer=0 LearningPlayer=5800 
22:52:12 (Game 58) - Saving match to file connectFour-MiniMaxRandomPlayer-vs-LearningPlayer-20160503_223902/game58.json
22:52:12 - Finished 58 of 100 games in 12.83 minutes. Estimated 9.29 minutes remaining.
22:52:15 (Game 59) - Initializing game with players: [MiniMaxRandomPlayer, LearningPlayer]
22:52:15 (Game 59) - Playing game...
22:52:28 (Game 59) - Completed game with scores [0, 100]
22:52:28 (Game 59) - Cumulative scores: MiniMaxRandomPlayer=0 LearningPlayer=5900 
22:52:28 (Game 59) - Saving match to file connectFour-MiniMaxRandomPlayer-vs-LearningPlayer-20160503_223902/game59.json
22:52:28 - Finished 59 of 100 games in 13.09 minutes. Estimated 9.10 minutes remaining.
22:52:31 (Game 60) - Initializing game with players: [LearningPlayer, MiniMaxRandomPlayer]
22:52:31 (Game 60) - Playing game...
22:52:37 (Game 60) - Completed game with scores [100, 0]
22:52:37 (Game 60) - Cumulative scores: MiniMaxRandomPlayer=0 LearningPlayer=6000 
22:52:37 (Game 60) - Saving match to file connectFour-MiniMaxRandomPlayer-vs-LearningPlayer-20160503_223902/game60.json
22:52:37 - Finished 60 of 100 games in 13.25 minutes. Estimated 8.83 minutes remaining.
22:52:40 (Game 61) - Initializing game with players: [MiniMaxRandomPlayer, LearningPlayer]
22:52:40 (Game 61) - Playing game...
22:52:53 (Game 61) - Completed game with scores [0, 100]
22:52:53 (Game 61) - Cumulative scores: MiniMaxRandomPlayer=0 LearningPlayer=6100 
22:52:53 (Game 61) - Saving match to file connectFour-MiniMaxRandomPlayer-vs-LearningPlayer-20160503_223902/game61.json
22:52:53 - Finished 61 of 100 games in 13.51 minutes. Estimated 8.64 minutes remaining.
22:52:56 (Game 62) - Initializing game with players: [LearningPlayer, MiniMaxRandomPlayer]
22:52:56 (Game 62) - Playing game...
22:53:03 (Game 62) - Completed game with scores [100, 0]
22:53:03 (Game 62) - Cumulative scores: MiniMaxRandomPlayer=0 LearningPlayer=6200 
22:53:03 (Game 62) - Saving match to file connectFour-MiniMaxRandomPlayer-vs-LearningPlayer-20160503_223902/game62.json
22:53:03 - Finished 62 of 100 games in 13.67 minutes. Estimated 8.38 minutes remaining.
22:53:06 (Game 63) - Initializing game with players: [MiniMaxRandomPlayer, LearningPlayer]
22:53:06 (Game 63) - Playing game...
22:53:18 (Game 63) - Completed game with scores [0, 100]
22:53:18 (Game 63) - Cumulative scores: MiniMaxRandomPlayer=0 LearningPlayer=6300 
22:53:18 (Game 63) - Saving match to file connectFour-MiniMaxRandomPlayer-vs-LearningPlayer-20160503_223902/game63.json
22:53:18 - Finished 63 of 100 games in 13.93 minutes. Estimated 8.18 minutes remaining.
22:53:21 (Game 64) - Initializing game with players: [LearningPlayer, MiniMaxRandomPlayer]
22:53:21 (Game 64) - Playing game...
22:53:28 (Game 64) - Completed game with scores [100, 0]
22:53:28 (Game 64) - Cumulative scores: MiniMaxRandomPlayer=0 LearningPlayer=6400 
22:53:28 (Game 64) - Saving match to file connectFour-MiniMaxRandomPlayer-vs-LearningPlayer-20160503_223902/game64.json
22:53:28 - Finished 64 of 100 games in 14.10 minutes. Estimated 7.93 minutes remaining.
22:53:31 (Game 65) - Initializing game with players: [MiniMaxRandomPlayer, LearningPlayer]
22:53:31 (Game 65) - Playing game...
22:53:44 (Game 65) - Completed game with scores [0, 100]
22:53:44 (Game 65) - Cumulative scores: MiniMaxRandomPlayer=0 LearningPlayer=6500 
22:53:44 (Game 65) - Saving match to file connectFour-MiniMaxRandomPlayer-vs-LearningPlayer-20160503_223902/game65.json
22:53:44 - Finished 65 of 100 games in 14.36 minutes. Estimated 7.73 minutes remaining.
22:53:47 (Game 66) - Initializing game with players: [LearningPlayer, MiniMaxRandomPlayer]
22:53:47 (Game 66) - Playing game...
22:53:54 (Game 66) - Completed game with scores [100, 0]
22:53:54 (Game 66) - Cumulative scores: MiniMaxRandomPlayer=0 LearningPlayer=6600 
22:53:54 (Game 66) - Saving match to file connectFour-MiniMaxRandomPlayer-vs-LearningPlayer-20160503_223902/game66.json
22:53:54 - Finished 66 of 100 games in 14.52 minutes. Estimated 7.48 minutes remaining.
22:53:57 (Game 67) - Initializing game with players: [MiniMaxRandomPlayer, LearningPlayer]
22:53:57 (Game 67) - Playing game...
22:54:09 (Game 67) - Completed game with scores [0, 100]
22:54:09 (Game 67) - Cumulative scores: MiniMaxRandomPlayer=0 LearningPlayer=6700 
22:54:09 (Game 67) - Saving match to file connectFour-MiniMaxRandomPlayer-vs-LearningPlayer-20160503_223902/game67.json
22:54:09 - Finished 67 of 100 games in 14.77 minutes. Estimated 7.28 minutes remaining.
22:54:12 (Game 68) - Initializing game with players: [LearningPlayer, MiniMaxRandomPlayer]
22:54:12 (Game 68) - Playing game...
22:54:18 (Game 68) - Completed game with scores [100, 0]
22:54:18 (Game 68) - Cumulative scores: MiniMaxRandomPlayer=0 LearningPlayer=6800 
22:54:18 (Game 68) - Saving match to file connectFour-MiniMaxRandomPlayer-vs-LearningPlayer-20160503_223902/game68.json
22:54:18 - Finished 68 of 100 games in 14.93 minutes. Estimated 7.03 minutes remaining.
22:54:21 (Game 69) - Initializing game with players: [MiniMaxRandomPlayer, LearningPlayer]
22:54:21 (Game 69) - Playing game...
22:54:33 (Game 69) - Completed game with scores [0, 100]
22:54:33 (Game 69) - Cumulative scores: MiniMaxRandomPlayer=0 LearningPlayer=6900 
22:54:33 (Game 69) - Saving match to file connectFour-MiniMaxRandomPlayer-vs-LearningPlayer-20160503_223902/game69.json
22:54:33 - Finished 69 of 100 games in 15.18 minutes. Estimated 6.82 minutes remaining.
22:54:36 (Game 70) - Initializing game with players: [LearningPlayer, MiniMaxRandomPlayer]
22:54:36 (Game 70) - Playing game...
22:54:43 (Game 70) - Completed game with scores [100, 0]
22:54:43 (Game 70) - Cumulative scores: MiniMaxRandomPlayer=0 LearningPlayer=7000 
22:54:43 (Game 70) - Saving match to file connectFour-MiniMaxRandomPlayer-vs-LearningPlayer-20160503_223902/game70.json
22:54:43 - Finished 70 of 100 games in 15.34 minutes. Estimated 6.57 minutes remaining.
22:54:46 (Game 71) - Initializing game with players: [MiniMaxRandomPlayer, LearningPlayer]
22:54:46 (Game 71) - Playing game...
22:54:58 (Game 71) - Completed game with scores [0, 100]
22:54:58 (Game 71) - Cumulative scores: MiniMaxRandomPlayer=0 LearningPlayer=7100 
22:54:58 (Game 71) - Saving match to file connectFour-MiniMaxRandomPlayer-vs-LearningPlayer-20160503_223902/game71.json
22:54:58 - Finished 71 of 100 games in 15.60 minutes. Estimated 6.37 minutes remaining.
22:55:01 (Game 72) - Initializing game with players: [LearningPlayer, MiniMaxRandomPlayer]
22:55:01 (Game 72) - Playing game...
22:55:08 (Game 72) - Completed game with scores [100, 0]
22:55:08 (Game 72) - Cumulative scores: MiniMaxRandomPlayer=0 LearningPlayer=7200 
22:55:08 (Game 72) - Saving match to file connectFour-MiniMaxRandomPlayer-vs-LearningPlayer-20160503_223902/game72.json
22:55:08 - Finished 72 of 100 games in 15.76 minutes. Estimated 6.13 minutes remaining.
22:55:11 (Game 73) - Initializing game with players: [MiniMaxRandomPlayer, LearningPlayer]
22:55:11 (Game 73) - Playing game...
22:55:23 (Game 73) - Completed game with scores [0, 100]
22:55:23 (Game 73) - Cumulative scores: MiniMaxRandomPlayer=0 LearningPlayer=7300 
22:55:23 (Game 73) - Saving match to file connectFour-MiniMaxRandomPlayer-vs-LearningPlayer-20160503_223902/game73.json
22:55:23 - Finished 73 of 100 games in 16.01 minutes. Estimated 5.92 minutes remaining.
22:55:26 (Game 74) - Initializing game with players: [LearningPlayer, MiniMaxRandomPlayer]
22:55:26 (Game 74) - Playing game...
22:55:32 (Game 74) - Completed game with scores [100, 0]
22:55:32 (Game 74) - Cumulative scores: MiniMaxRandomPlayer=0 LearningPlayer=7400 
22:55:32 (Game 74) - Saving match to file connectFour-MiniMaxRandomPlayer-vs-LearningPlayer-20160503_223902/game74.json
22:55:32 - Finished 74 of 100 games in 16.17 minutes. Estimated 5.68 minutes remaining.
22:55:35 (Game 75) - Initializing game with players: [MiniMaxRandomPlayer, LearningPlayer]
22:55:35 (Game 75) - Playing game...
22:55:48 (Game 75) - Completed game with scores [0, 100]
22:55:48 (Game 75) - Cumulative scores: MiniMaxRandomPlayer=0 LearningPlayer=7500 
22:55:48 (Game 75) - Saving match to file connectFour-MiniMaxRandomPlayer-vs-LearningPlayer-20160503_223902/game75.json
22:55:48 - Finished 75 of 100 games in 16.42 minutes. Estimated 5.47 minutes remaining.
22:55:51 (Game 76) - Initializing game with players: [LearningPlayer, MiniMaxRandomPlayer]
22:55:51 (Game 76) - Playing game...
22:55:58 (Game 76) - Completed game with scores [100, 0]
22:55:58 (Game 76) - Cumulative scores: MiniMaxRandomPlayer=0 LearningPlayer=7600 
22:55:58 (Game 76) - Saving match to file connectFour-MiniMaxRandomPlayer-vs-LearningPlayer-20160503_223902/game76.json
22:55:58 - Finished 76 of 100 games in 16.59 minutes. Estimated 5.24 minutes remaining.
22:56:01 (Game 77) - Initializing game with players: [MiniMaxRandomPlayer, LearningPlayer]
22:56:01 (Game 77) - Playing game...
22:56:13 (Game 77) - Completed game with scores [0, 100]
22:56:13 (Game 77) - Cumulative scores: MiniMaxRandomPlayer=0 LearningPlayer=7700 
22:56:13 (Game 77) - Saving match to file connectFour-MiniMaxRandomPlayer-vs-LearningPlayer-20160503_223902/game77.json
22:56:13 - Finished 77 of 100 games in 16.85 minutes. Estimated 5.03 minutes remaining.
22:56:16 (Game 78) - Initializing game with players: [LearningPlayer, MiniMaxRandomPlayer]
22:56:16 (Game 78) - Playing game...
22:56:23 (Game 78) - Completed game with scores [100, 0]
22:56:23 (Game 78) - Cumulative scores: MiniMaxRandomPlayer=0 LearningPlayer=7800 
22:56:23 (Game 78) - Saving match to file connectFour-MiniMaxRandomPlayer-vs-LearningPlayer-20160503_223902/game78.json
22:56:23 - Finished 78 of 100 games in 17.02 minutes. Estimated 4.80 minutes remaining.
22:56:26 (Game 79) - Initializing game with players: [MiniMaxRandomPlayer, LearningPlayer]
22:56:26 (Game 79) - Playing game...
22:56:39 (Game 79) - Completed game with scores [0, 100]
22:56:39 (Game 79) - Cumulative scores: MiniMaxRandomPlayer=0 LearningPlayer=7900 
22:56:39 (Game 79) - Saving match to file connectFour-MiniMaxRandomPlayer-vs-LearningPlayer-20160503_223902/game79.json
22:56:39 - Finished 79 of 100 games in 17.27 minutes. Estimated 4.59 minutes remaining.
22:56:42 (Game 80) - Initializing game with players: [LearningPlayer, MiniMaxRandomPlayer]
22:56:42 (Game 80) - Playing game...
22:56:49 (Game 80) - Completed game with scores [100, 0]
22:56:49 (Game 80) - Cumulative scores: MiniMaxRandomPlayer=0 LearningPlayer=8000 
22:56:49 (Game 80) - Saving match to file connectFour-MiniMaxRandomPlayer-vs-LearningPlayer-20160503_223902/game80.json
22:56:49 - Finished 80 of 100 games in 17.44 minutes. Estimated 4.36 minutes remaining.
22:56:52 (Game 81) - Initializing game with players: [MiniMaxRandomPlayer, LearningPlayer]
22:56:52 (Game 81) - Playing game...
22:57:05 (Game 81) - Completed game with scores [0, 100]
22:57:05 (Game 81) - Cumulative scores: MiniMaxRandomPlayer=0 LearningPlayer=8100 
22:57:05 (Game 81) - Saving match to file connectFour-MiniMaxRandomPlayer-vs-LearningPlayer-20160503_223902/game81.json
22:57:05 - Finished 81 of 100 games in 17.70 minutes. Estimated 4.15 minutes remaining.
22:57:08 (Game 82) - Initializing game with players: [LearningPlayer, MiniMaxRandomPlayer]
22:57:08 (Game 82) - Playing game...
22:57:14 (Game 82) - Completed game with scores [100, 0]
22:57:14 (Game 82) - Cumulative scores: MiniMaxRandomPlayer=0 LearningPlayer=8200 
22:57:14 (Game 82) - Saving match to file connectFour-MiniMaxRandomPlayer-vs-LearningPlayer-20160503_223902/game82.json
22:57:14 - Finished 82 of 100 games in 17.86 minutes. Estimated 3.92 minutes remaining.
22:57:17 (Game 83) - Initializing game with players: [MiniMaxRandomPlayer, LearningPlayer]
22:57:17 (Game 83) - Playing game...
22:57:30 (Game 83) - Completed game with scores [0, 100]
22:57:30 (Game 83) - Cumulative scores: MiniMaxRandomPlayer=0 LearningPlayer=8300 
22:57:30 (Game 83) - Saving match to file connectFour-MiniMaxRandomPlayer-vs-LearningPlayer-20160503_223902/game83.json
22:57:30 - Finished 83 of 100 games in 18.12 minutes. Estimated 3.71 minutes remaining.
22:57:33 (Game 84) - Initializing game with players: [LearningPlayer, MiniMaxRandomPlayer]
22:57:33 (Game 84) - Playing game...
22:57:39 (Game 84) - Completed game with scores [100, 0]
22:57:39 (Game 84) - Cumulative scores: MiniMaxRandomPlayer=0 LearningPlayer=8400 
22:57:39 (Game 84) - Saving match to file connectFour-MiniMaxRandomPlayer-vs-LearningPlayer-20160503_223902/game84.json
22:57:39 - Finished 84 of 100 games in 18.28 minutes. Estimated 3.48 minutes remaining.
22:57:42 (Game 85) - Initializing game with players: [MiniMaxRandomPlayer, LearningPlayer]
22:57:42 (Game 85) - Playing game...
22:57:55 (Game 85) - Completed game with scores [0, 100]
22:57:55 (Game 85) - Cumulative scores: MiniMaxRandomPlayer=0 LearningPlayer=8500 
22:57:55 (Game 85) - Saving match to file connectFour-MiniMaxRandomPlayer-vs-LearningPlayer-20160503_223902/game85.json
22:57:55 - Finished 85 of 100 games in 18.54 minutes. Estimated 3.27 minutes remaining.
22:57:58 (Game 86) - Initializing game with players: [LearningPlayer, MiniMaxRandomPlayer]
22:57:58 (Game 86) - Playing game...
22:58:05 (Game 86) - Completed game with scores [100, 0]
22:58:05 (Game 86) - Cumulative scores: MiniMaxRandomPlayer=0 LearningPlayer=8600 
22:58:05 (Game 86) - Saving match to file connectFour-MiniMaxRandomPlayer-vs-LearningPlayer-20160503_223902/game86.json
22:58:05 - Finished 86 of 100 games in 18.71 minutes. Estimated 3.05 minutes remaining.
22:58:08 (Game 87) - Initializing game with players: [MiniMaxRandomPlayer, LearningPlayer]
22:58:08 (Game 87) - Playing game...
22:58:21 (Game 87) - Completed game with scores [0, 100]
22:58:21 (Game 87) - Cumulative scores: MiniMaxRandomPlayer=0 LearningPlayer=8700 
22:58:21 (Game 87) - Saving match to file connectFour-MiniMaxRandomPlayer-vs-LearningPlayer-20160503_223902/game87.json
22:58:21 - Finished 87 of 100 games in 18.97 minutes. Estimated 2.83 minutes remaining.
22:58:24 (Game 88) - Initializing game with players: [LearningPlayer, MiniMaxRandomPlayer]
22:58:24 (Game 88) - Playing game...
22:58:31 (Game 88) - Completed game with scores [100, 0]
22:58:31 (Game 88) - Cumulative scores: MiniMaxRandomPlayer=0 LearningPlayer=8800 
22:58:31 (Game 88) - Saving match to file connectFour-MiniMaxRandomPlayer-vs-LearningPlayer-20160503_223902/game88.json
22:58:31 - Finished 88 of 100 games in 19.14 minutes. Estimated 2.61 minutes remaining.
22:58:34 (Game 89) - Initializing game with players: [MiniMaxRandomPlayer, LearningPlayer]
22:58:34 (Game 89) - Playing game...
22:58:47 (Game 89) - Completed game with scores [0, 100]
22:58:47 (Game 89) - Cumulative scores: MiniMaxRandomPlayer=0 LearningPlayer=8900 
22:58:47 (Game 89) - Saving match to file connectFour-MiniMaxRandomPlayer-vs-LearningPlayer-20160503_223902/game89.json
22:58:47 - Finished 89 of 100 games in 19.41 minutes. Estimated 2.40 minutes remaining.
22:58:50 (Game 90) - Initializing game with players: [LearningPlayer, MiniMaxRandomPlayer]
22:58:50 (Game 90) - Playing game...
22:58:57 (Game 90) - Completed game with scores [100, 0]
22:58:57 (Game 90) - Cumulative scores: MiniMaxRandomPlayer=0 LearningPlayer=9000 
22:58:57 (Game 90) - Saving match to file connectFour-MiniMaxRandomPlayer-vs-LearningPlayer-20160503_223902/game90.json
22:58:57 - Finished 90 of 100 games in 19.57 minutes. Estimated 2.17 minutes remaining.
22:59:00 (Game 91) - Initializing game with players: [MiniMaxRandomPlayer, LearningPlayer]
22:59:00 (Game 91) - Playing game...
22:59:13 (Game 91) - Completed game with scores [0, 100]
22:59:13 (Game 91) - Cumulative scores: MiniMaxRandomPlayer=0 LearningPlayer=9100 
22:59:13 (Game 91) - Saving match to file connectFour-MiniMaxRandomPlayer-vs-LearningPlayer-20160503_223902/game91.json
22:59:13 - Finished 91 of 100 games in 19.84 minutes. Estimated 1.96 minutes remaining.
22:59:16 (Game 92) - Initializing game with players: [LearningPlayer, MiniMaxRandomPlayer]
22:59:16 (Game 92) - Playing game...
22:59:23 (Game 92) - Completed game with scores [100, 0]
22:59:23 (Game 92) - Cumulative scores: MiniMaxRandomPlayer=0 LearningPlayer=9200 
22:59:23 (Game 92) - Saving match to file connectFour-MiniMaxRandomPlayer-vs-LearningPlayer-20160503_223902/game92.json
22:59:23 - Finished 92 of 100 games in 20.00 minutes. Estimated 1.74 minutes remaining.
22:59:26 (Game 93) - Initializing game with players: [MiniMaxRandomPlayer, LearningPlayer]
22:59:26 (Game 93) - Playing game...
22:59:39 (Game 93) - Completed game with scores [0, 100]
22:59:39 (Game 93) - Cumulative scores: MiniMaxRandomPlayer=0 LearningPlayer=9300 
22:59:39 (Game 93) - Saving match to file connectFour-MiniMaxRandomPlayer-vs-LearningPlayer-20160503_223902/game93.json
22:59:39 - Finished 93 of 100 games in 20.27 minutes. Estimated 1.53 minutes remaining.
22:59:42 (Game 94) - Initializing game with players: [LearningPlayer, MiniMaxRandomPlayer]
22:59:42 (Game 94) - Playing game...
22:59:49 (Game 94) - Completed game with scores [100, 0]
22:59:49 (Game 94) - Cumulative scores: MiniMaxRandomPlayer=0 LearningPlayer=9400 
22:59:49 (Game 94) - Saving match to file connectFour-MiniMaxRandomPlayer-vs-LearningPlayer-20160503_223902/game94.json
22:59:49 - Finished 94 of 100 games in 20.45 minutes. Estimated 1.31 minutes remaining.
22:59:52 (Game 95) - Initializing game with players: [MiniMaxRandomPlayer, LearningPlayer]
22:59:52 (Game 95) - Playing game...
23:00:05 (Game 95) - Completed game with scores [0, 100]
23:00:05 (Game 95) - Cumulative scores: MiniMaxRandomPlayer=0 LearningPlayer=9500 
23:00:05 (Game 95) - Saving match to file connectFour-MiniMaxRandomPlayer-vs-LearningPlayer-20160503_223902/game95.json
23:00:05 - Finished 95 of 100 games in 20.72 minutes. Estimated 1.09 minutes remaining.
23:00:08 (Game 96) - Initializing game with players: [LearningPlayer, MiniMaxRandomPlayer]
23:00:08 (Game 96) - Playing game...
23:00:15 (Game 96) - Completed game with scores [100, 0]
23:00:15 (Game 96) - Cumulative scores: MiniMaxRandomPlayer=0 LearningPlayer=9600 
23:00:15 (Game 96) - Saving match to file connectFour-MiniMaxRandomPlayer-vs-LearningPlayer-20160503_223902/game96.json
23:00:15 - Finished 96 of 100 games in 20.89 minutes. Estimated 0.87 minutes remaining.
23:00:18 (Game 97) - Initializing game with players: [MiniMaxRandomPlayer, LearningPlayer]
23:00:18 (Game 97) - Playing game...
23:00:33 (Game 97) - Completed game with scores [0, 100]
23:00:33 (Game 97) - Cumulative scores: MiniMaxRandomPlayer=0 LearningPlayer=9700 
23:00:33 (Game 97) - Saving match to file connectFour-MiniMaxRandomPlayer-vs-LearningPlayer-20160503_223902/game97.json
23:00:33 - Finished 97 of 100 games in 21.17 minutes. Estimated 0.65 minutes remaining.
23:00:36 (Game 98) - Initializing game with players: [LearningPlayer, MiniMaxRandomPlayer]
23:00:36 (Game 98) - Playing game...
23:00:44 (Game 98) - Completed game with scores [100, 0]
23:00:44 (Game 98) - Cumulative scores: MiniMaxRandomPlayer=0 LearningPlayer=9800 
23:00:44 (Game 98) - Saving match to file connectFour-MiniMaxRandomPlayer-vs-LearningPlayer-20160503_223902/game98.json
23:00:44 - Finished 98 of 100 games in 21.35 minutes. Estimated 0.44 minutes remaining.
23:00:47 (Game 99) - Initializing game with players: [MiniMaxRandomPlayer, LearningPlayer]
23:00:47 (Game 99) - Playing game...
23:01:00 (Game 99) - Completed game with scores [0, 100]
23:01:00 (Game 99) - Cumulative scores: MiniMaxRandomPlayer=0 LearningPlayer=9900 
23:01:00 (Game 99) - Saving match to file connectFour-MiniMaxRandomPlayer-vs-LearningPlayer-20160503_223902/game99.json
23:01:00 - Finished 99 of 100 games in 21.62 minutes. Estimated 0.22 minutes remaining.
23:01:03 (Game 100) - Initializing game with players: [LearningPlayer, MiniMaxRandomPlayer]
23:01:03 (Game 100) - Playing game...
23:01:09 (Game 100) - Completed game with scores [100, 0]
23:01:09 (Game 100) - Cumulative scores: MiniMaxRandomPlayer=0 LearningPlayer=10000 
23:01:09 (Game 100) - Saving match to file connectFour-MiniMaxRandomPlayer-vs-LearningPlayer-20160503_223902/game100.json
23:01:09 - Finished 100 of 100 games in 21.78 minutes. Estimated 0.00 minutes remaining.
23:01:09 - Successfully finished tournament. 0 matches contained errors.
23:01:09 - Average player scores: MiniMaxRandomPlayer=0.0000 LearningPlayer=100.0000 
