Checking if pause file exists
23:02:52 (Game 1) - Initializing game with players: [ConfidencePlayer, LearningPlayer]
23:02:52 (Game 1) - Playing game...
23:18:27 (Game 1) - Completed game with scores [100, 0]
23:18:27 (Game 1) - Cumulative scores: ConfidencePlayer=100 LearningPlayer=0 
23:18:27 (Game 1) - Saving match to file checkers-ConfidencePlayer-vs-LearningPlayer-20160507_230235/game1.json
23:18:27 - Finished 1 of 100 games in 15.65 minutes. Estimated 1548.94 minutes remaining.
23:18:30 (Game 2) - Initializing game with players: [LearningPlayer, ConfidencePlayer]
23:18:30 (Game 2) - Playing game...
23:25:03 (Game 2) - Completed game with scores [0, 100]
23:25:03 (Game 2) - Cumulative scores: ConfidencePlayer=200 LearningPlayer=0 
23:25:03 (Game 2) - Saving match to file checkers-ConfidencePlayer-vs-LearningPlayer-20160507_230235/game2.json
23:25:03 - Finished 2 of 100 games in 22.25 minutes. Estimated 1090.01 minutes remaining.
23:25:06 (Game 3) - Initializing game with players: [ConfidencePlayer, LearningPlayer]
23:25:06 (Game 3) - Playing game...
23:40:41 (Game 3) - Completed game with scores [100, 0]
23:40:41 (Game 3) - Cumulative scores: ConfidencePlayer=300 LearningPlayer=0 
23:40:41 (Game 3) - Saving match to file checkers-ConfidencePlayer-vs-LearningPlayer-20160507_230235/game3.json
23:40:41 - Finished 3 of 100 games in 37.88 minutes. Estimated 1224.71 minutes remaining.
23:40:44 (Game 4) - Initializing game with players: [LearningPlayer, ConfidencePlayer]
23:40:44 (Game 4) - Playing game...
23:55:44 (Game 4) - Completed game with scores [0, 100]
23:55:44 (Game 4) - Cumulative scores: ConfidencePlayer=400 LearningPlayer=0 
23:55:44 (Game 4) - Saving match to file checkers-ConfidencePlayer-vs-LearningPlayer-20160507_230235/game4.json
23:55:44 - Finished 4 of 100 games in 52.92 minutes. Estimated 1270.09 minutes remaining.
23:55:47 (Game 5) - Initializing game with players: [ConfidencePlayer, LearningPlayer]
23:55:47 (Game 5) - Playing game...
00:11:23 (Game 5) - Completed game with scores [100, 0]
00:11:23 (Game 5) - Cumulative scores: ConfidencePlayer=500 LearningPlayer=0 
00:11:23 (Game 5) - Saving match to file checkers-ConfidencePlayer-vs-LearningPlayer-20160507_230235/game5.json
00:11:23 - Finished 5 of 100 games in 68.58 minutes. Estimated 1303.06 minutes remaining.
00:11:26 (Game 6) - Initializing game with players: [LearningPlayer, ConfidencePlayer]
00:11:26 (Game 6) - Playing game...
00:16:31 (Game 6) - Completed game with scores [0, 100]
00:16:31 (Game 6) - Cumulative scores: ConfidencePlayer=600 LearningPlayer=0 
00:16:31 (Game 6) - Saving match to file checkers-ConfidencePlayer-vs-LearningPlayer-20160507_230235/game6.json
00:16:31 - Finished 6 of 100 games in 73.71 minutes. Estimated 1154.81 minutes remaining.
00:16:34 (Game 7) - Initializing game with players: [ConfidencePlayer, LearningPlayer]
00:16:34 (Game 7) - Playing game...
00:32:25 (Game 7) - Completed game with scores [100, 0]
00:32:25 (Game 7) - Cumulative scores: ConfidencePlayer=700 LearningPlayer=0 
00:32:25 (Game 7) - Saving match to file checkers-ConfidencePlayer-vs-LearningPlayer-20160507_230235/game7.json
00:32:25 - Finished 7 of 100 games in 89.61 minutes. Estimated 1190.55 minutes remaining.
00:32:28 (Game 8) - Initializing game with players: [LearningPlayer, ConfidencePlayer]
00:32:28 (Game 8) - Playing game...
00:48:15 (Game 8) - Completed game with scores [0, 100]
00:48:15 (Game 8) - Cumulative scores: ConfidencePlayer=800 LearningPlayer=0 
00:48:15 (Game 8) - Saving match to file checkers-ConfidencePlayer-vs-LearningPlayer-20160507_230235/game8.json
00:48:15 - Finished 8 of 100 games in 105.45 minutes. Estimated 1212.63 minutes remaining.
00:48:18 (Game 9) - Initializing game with players: [ConfidencePlayer, LearningPlayer]
00:48:18 (Game 9) - Playing game...
01:04:05 (Game 9) - Completed game with scores [100, 0]
01:04:05 (Game 9) - Cumulative scores: ConfidencePlayer=900 LearningPlayer=0 
01:04:05 (Game 9) - Saving match to file checkers-ConfidencePlayer-vs-LearningPlayer-20160507_230235/game9.json
01:04:05 - Finished 9 of 100 games in 121.28 minutes. Estimated 1226.28 minutes remaining.
01:04:08 (Game 10) - Initializing game with players: [LearningPlayer, ConfidencePlayer]
01:04:08 (Game 10) - Playing game...
01:07:59 (Game 10) - Completed game with scores [50, 50]
01:07:59 (Game 10) - Cumulative scores: ConfidencePlayer=950 LearningPlayer=50 
01:07:59 (Game 10) - Saving match to file checkers-ConfidencePlayer-vs-LearningPlayer-20160507_230235/game10.json
01:07:59 - Finished 10 of 100 games in 125.18 minutes. Estimated 1126.64 minutes remaining.
01:08:02 (Game 11) - Initializing game with players: [ConfidencePlayer, LearningPlayer]
01:08:02 (Game 11) - Playing game...
01:23:49 (Game 11) - Completed game with scores [0, 100]
01:23:49 (Game 11) - Cumulative scores: ConfidencePlayer=950 LearningPlayer=150 
01:23:49 (Game 11) - Saving match to file checkers-ConfidencePlayer-vs-LearningPlayer-20160507_230235/game11.json
01:23:49 - Finished 11 of 100 games in 141.01 minutes. Estimated 1140.93 minutes remaining.
01:23:52 (Game 12) - Initializing game with players: [LearningPlayer, ConfidencePlayer]
01:23:52 (Game 12) - Playing game...
01:29:18 (Game 12) - Completed game with scores [0, 100]
01:29:18 (Game 12) - Cumulative scores: ConfidencePlayer=1050 LearningPlayer=150 
01:29:18 (Game 12) - Saving match to file checkers-ConfidencePlayer-vs-LearningPlayer-20160507_230235/game12.json
01:29:18 - Finished 12 of 100 games in 146.49 minutes. Estimated 1074.29 minutes remaining.
01:29:21 (Game 13) - Initializing game with players: [ConfidencePlayer, LearningPlayer]
01:29:21 (Game 13) - Playing game...
01:34:56 (Game 13) - Completed game with scores [100, 0]
01:34:56 (Game 13) - Cumulative scores: ConfidencePlayer=1150 LearningPlayer=150 
01:34:56 (Game 13) - Saving match to file checkers-ConfidencePlayer-vs-LearningPlayer-20160507_230235/game13.json
01:34:56 - Finished 13 of 100 games in 152.12 minutes. Estimated 1018.04 minutes remaining.
01:34:59 (Game 14) - Initializing game with players: [LearningPlayer, ConfidencePlayer]
01:34:59 (Game 14) - Playing game...
01:50:45 (Game 14) - Completed game with scores [0, 100]
01:50:45 (Game 14) - Cumulative scores: ConfidencePlayer=1250 LearningPlayer=150 
01:50:45 (Game 14) - Saving match to file checkers-ConfidencePlayer-vs-LearningPlayer-20160507_230235/game14.json
01:50:45 - Finished 14 of 100 games in 167.94 minutes. Estimated 1031.60 minutes remaining.
01:50:48 (Game 15) - Initializing game with players: [ConfidencePlayer, LearningPlayer]
01:50:48 (Game 15) - Playing game...
02:06:35 (Game 15) - Completed game with scores [0, 100]
02:06:35 (Game 15) - Cumulative scores: ConfidencePlayer=1250 LearningPlayer=250 
02:06:35 (Game 15) - Saving match to file checkers-ConfidencePlayer-vs-LearningPlayer-20160507_230235/game15.json
02:06:35 - Finished 15 of 100 games in 183.77 minutes. Estimated 1041.36 minutes remaining.
02:06:38 (Game 16) - Initializing game with players: [LearningPlayer, ConfidencePlayer]
02:06:38 (Game 16) - Playing game...
02:22:25 (Game 16) - Completed game with scores [0, 100]
02:22:25 (Game 16) - Cumulative scores: ConfidencePlayer=1350 LearningPlayer=250 
02:22:25 (Game 16) - Saving match to file checkers-ConfidencePlayer-vs-LearningPlayer-20160507_230235/game16.json
02:22:25 - Finished 16 of 100 games in 199.61 minutes. Estimated 1047.96 minutes remaining.
02:22:28 (Game 17) - Initializing game with players: [ConfidencePlayer, LearningPlayer]
02:22:28 (Game 17) - Playing game...
02:38:17 (Game 17) - Completed game with scores [100, 0]
02:38:17 (Game 17) - Cumulative scores: ConfidencePlayer=1450 LearningPlayer=250 
02:38:17 (Game 17) - Saving match to file checkers-ConfidencePlayer-vs-LearningPlayer-20160507_230235/game17.json
02:38:17 - Finished 17 of 100 games in 215.47 minutes. Estimated 1052.00 minutes remaining.
02:38:20 (Game 18) - Initializing game with players: [LearningPlayer, ConfidencePlayer]
02:38:20 (Game 18) - Playing game...
02:54:05 (Game 18) - Completed game with scores [0, 100]
02:54:05 (Game 18) - Cumulative scores: ConfidencePlayer=1550 LearningPlayer=250 
02:54:05 (Game 18) - Saving match to file checkers-ConfidencePlayer-vs-LearningPlayer-20160507_230235/game18.json
02:54:05 - Finished 18 of 100 games in 231.27 minutes. Estimated 1053.58 minutes remaining.
02:54:08 (Game 19) - Initializing game with players: [ConfidencePlayer, LearningPlayer]
02:54:08 (Game 19) - Playing game...
03:09:57 (Game 19) - Completed game with scores [100, 0]
03:09:57 (Game 19) - Cumulative scores: ConfidencePlayer=1650 LearningPlayer=250 
03:09:57 (Game 19) - Saving match to file checkers-ConfidencePlayer-vs-LearningPlayer-20160507_230235/game19.json
03:09:57 - Finished 19 of 100 games in 247.13 minutes. Estimated 1053.57 minutes remaining.
03:10:00 (Game 20) - Initializing game with players: [LearningPlayer, ConfidencePlayer]
03:10:00 (Game 20) - Playing game...
03:14:56 (Game 20) - Completed game with scores [100, 0]
03:14:56 (Game 20) - Cumulative scores: ConfidencePlayer=1650 LearningPlayer=350 
03:14:56 (Game 20) - Saving match to file checkers-ConfidencePlayer-vs-LearningPlayer-20160507_230235/game20.json
03:14:56 - Finished 20 of 100 games in 252.12 minutes. Estimated 1008.48 minutes remaining.
03:14:59 (Game 21) - Initializing game with players: [ConfidencePlayer, LearningPlayer]
03:14:59 (Game 21) - Playing game...
03:30:45 (Game 21) - Completed game with scores [100, 0]
03:30:45 (Game 21) - Cumulative scores: ConfidencePlayer=1750 LearningPlayer=350 
03:30:45 (Game 21) - Saving match to file checkers-ConfidencePlayer-vs-LearningPlayer-20160507_230235/game21.json
03:30:45 - Finished 21 of 100 games in 267.95 minutes. Estimated 1007.98 minutes remaining.
03:30:48 (Game 22) - Initializing game with players: [LearningPlayer, ConfidencePlayer]
03:30:48 (Game 22) - Playing game...
03:46:33 (Game 22) - Completed game with scores [0, 100]
03:46:33 (Game 22) - Cumulative scores: ConfidencePlayer=1850 LearningPlayer=350 
03:46:33 (Game 22) - Saving match to file checkers-ConfidencePlayer-vs-LearningPlayer-20160507_230235/game22.json
03:46:33 - Finished 22 of 100 games in 283.75 minutes. Estimated 1006.01 minutes remaining.
03:46:36 (Game 23) - Initializing game with players: [ConfidencePlayer, LearningPlayer]
03:46:36 (Game 23) - Playing game...
04:02:26 (Game 23) - Completed game with scores [100, 0]
04:02:26 (Game 23) - Cumulative scores: ConfidencePlayer=1950 LearningPlayer=350 
04:02:26 (Game 23) - Saving match to file checkers-ConfidencePlayer-vs-LearningPlayer-20160507_230235/game23.json
04:02:26 - Finished 23 of 100 games in 299.62 minutes. Estimated 1003.07 minutes remaining.
04:02:29 (Game 24) - Initializing game with players: [LearningPlayer, ConfidencePlayer]
04:02:29 (Game 24) - Playing game...
04:18:18 (Game 24) - Completed game with scores [50, 50]
04:18:18 (Game 24) - Cumulative scores: ConfidencePlayer=2000 LearningPlayer=400 
04:18:18 (Game 24) - Saving match to file checkers-ConfidencePlayer-vs-LearningPlayer-20160507_230235/game24.json
04:18:18 - Finished 24 of 100 games in 315.48 minutes. Estimated 999.03 minutes remaining.
04:18:21 (Game 25) - Initializing game with players: [ConfidencePlayer, LearningPlayer]
04:18:21 (Game 25) - Playing game...
04:34:08 (Game 25) - Completed game with scores [100, 0]
04:34:08 (Game 25) - Cumulative scores: ConfidencePlayer=2100 LearningPlayer=400 
04:34:08 (Game 25) - Saving match to file checkers-ConfidencePlayer-vs-LearningPlayer-20160507_230235/game25.json
04:34:08 - Finished 25 of 100 games in 331.33 minutes. Estimated 993.99 minutes remaining.
04:34:11 (Game 26) - Initializing game with players: [LearningPlayer, ConfidencePlayer]
04:34:11 (Game 26) - Playing game...
04:49:58 (Game 26) - Completed game with scores [0, 100]
04:49:58 (Game 26) - Cumulative scores: ConfidencePlayer=2200 LearningPlayer=400 
04:49:58 (Game 26) - Saving match to file checkers-ConfidencePlayer-vs-LearningPlayer-20160507_230235/game26.json
04:49:59 - Finished 26 of 100 games in 347.17 minutes. Estimated 988.09 minutes remaining.
04:50:02 (Game 27) - Initializing game with players: [ConfidencePlayer, LearningPlayer]
04:50:02 (Game 27) - Playing game...
05:05:45 (Game 27) - Completed game with scores [100, 0]
05:05:45 (Game 27) - Cumulative scores: ConfidencePlayer=2300 LearningPlayer=400 
05:05:45 (Game 27) - Saving match to file checkers-ConfidencePlayer-vs-LearningPlayer-20160507_230235/game27.json
05:05:45 - Finished 27 of 100 games in 362.94 minutes. Estimated 981.29 minutes remaining.
05:05:48 (Game 28) - Initializing game with players: [LearningPlayer, ConfidencePlayer]
05:05:48 (Game 28) - Playing game...
05:21:36 (Game 28) - Completed game with scores [0, 100]
05:21:36 (Game 28) - Cumulative scores: ConfidencePlayer=2400 LearningPlayer=400 
05:21:36 (Game 28) - Saving match to file checkers-ConfidencePlayer-vs-LearningPlayer-20160507_230235/game28.json
05:21:36 - Finished 28 of 100 games in 378.79 minutes. Estimated 974.04 minutes remaining.
05:21:39 (Game 29) - Initializing game with players: [ConfidencePlayer, LearningPlayer]
05:21:39 (Game 29) - Playing game...
05:37:15 (Game 29) - Completed game with scores [0, 100]
05:37:15 (Game 29) - Cumulative scores: ConfidencePlayer=2400 LearningPlayer=500 
05:37:15 (Game 29) - Saving match to file checkers-ConfidencePlayer-vs-LearningPlayer-20160507_230235/game29.json
05:37:15 - Finished 29 of 100 games in 394.44 minutes. Estimated 965.70 minutes remaining.
05:37:18 (Game 30) - Initializing game with players: [LearningPlayer, ConfidencePlayer]
05:37:18 (Game 30) - Playing game...
05:43:41 (Game 30) - Completed game with scores [0, 100]
05:43:41 (Game 30) - Cumulative scores: ConfidencePlayer=2500 LearningPlayer=500 
05:43:41 (Game 30) - Saving match to file checkers-ConfidencePlayer-vs-LearningPlayer-20160507_230235/game30.json
05:43:41 - Finished 30 of 100 games in 400.87 minutes. Estimated 935.37 minutes remaining.
05:43:44 (Game 31) - Initializing game with players: [ConfidencePlayer, LearningPlayer]
05:43:44 (Game 31) - Playing game...
05:59:28 (Game 31) - Completed game with scores [100, 0]
05:59:28 (Game 31) - Cumulative scores: ConfidencePlayer=2600 LearningPlayer=500 
05:59:28 (Game 31) - Saving match to file checkers-ConfidencePlayer-vs-LearningPlayer-20160507_230235/game31.json
05:59:28 - Finished 31 of 100 games in 416.65 minutes. Estimated 927.39 minutes remaining.
05:59:31 (Game 32) - Initializing game with players: [LearningPlayer, ConfidencePlayer]
05:59:31 (Game 32) - Playing game...
06:04:10 (Game 32) - Completed game with scores [0, 100]
06:04:10 (Game 32) - Cumulative scores: ConfidencePlayer=2700 LearningPlayer=500 
06:04:10 (Game 32) - Saving match to file checkers-ConfidencePlayer-vs-LearningPlayer-20160507_230235/game32.json
06:04:10 - Finished 32 of 100 games in 421.35 minutes. Estimated 895.37 minutes remaining.
06:04:13 (Game 33) - Initializing game with players: [ConfidencePlayer, LearningPlayer]
06:04:13 (Game 33) - Playing game...
06:19:59 (Game 33) - Completed game with scores [0, 100]
06:19:59 (Game 33) - Cumulative scores: ConfidencePlayer=2700 LearningPlayer=600 
06:19:59 (Game 33) - Saving match to file checkers-ConfidencePlayer-vs-LearningPlayer-20160507_230235/game33.json
06:19:59 - Finished 33 of 100 games in 437.17 minutes. Estimated 887.59 minutes remaining.
06:20:02 (Game 34) - Initializing game with players: [LearningPlayer, ConfidencePlayer]
06:20:02 (Game 34) - Playing game...
06:35:47 (Game 34) - Completed game with scores [0, 100]
06:35:47 (Game 34) - Cumulative scores: ConfidencePlayer=2800 LearningPlayer=600 
06:35:47 (Game 34) - Saving match to file checkers-ConfidencePlayer-vs-LearningPlayer-20160507_230235/game34.json
06:35:47 - Finished 34 of 100 games in 452.97 minutes. Estimated 879.30 minutes remaining.
06:35:50 (Game 35) - Initializing game with players: [ConfidencePlayer, LearningPlayer]
06:35:50 (Game 35) - Playing game...
06:51:37 (Game 35) - Completed game with scores [100, 0]
06:51:37 (Game 35) - Cumulative scores: ConfidencePlayer=2900 LearningPlayer=600 
06:51:37 (Game 35) - Saving match to file checkers-ConfidencePlayer-vs-LearningPlayer-20160507_230235/game35.json
06:51:37 - Finished 35 of 100 games in 468.81 minutes. Estimated 870.65 minutes remaining.
06:51:40 (Game 36) - Initializing game with players: [LearningPlayer, ConfidencePlayer]
06:51:40 (Game 36) - Playing game...
07:07:26 (Game 36) - Completed game with scores [0, 100]
07:07:26 (Game 36) - Cumulative scores: ConfidencePlayer=3000 LearningPlayer=600 
07:07:26 (Game 36) - Saving match to file checkers-ConfidencePlayer-vs-LearningPlayer-20160507_230235/game36.json
07:07:26 - Finished 36 of 100 games in 484.63 minutes. Estimated 861.56 minutes remaining.
07:07:29 (Game 37) - Initializing game with players: [ConfidencePlayer, LearningPlayer]
07:07:29 (Game 37) - Playing game...
07:23:14 (Game 37) - Completed game with scores [100, 0]
07:23:14 (Game 37) - Cumulative scores: ConfidencePlayer=3100 LearningPlayer=600 
07:23:14 (Game 37) - Saving match to file checkers-ConfidencePlayer-vs-LearningPlayer-20160507_230235/game37.json
07:23:14 - Finished 37 of 100 games in 500.42 minutes. Estimated 852.06 minutes remaining.
07:23:17 (Game 38) - Initializing game with players: [LearningPlayer, ConfidencePlayer]
07:23:17 (Game 38) - Playing game...
07:39:05 (Game 38) - Completed game with scores [0, 100]
07:39:05 (Game 38) - Cumulative scores: ConfidencePlayer=3200 LearningPlayer=600 
07:39:05 (Game 38) - Saving match to file checkers-ConfidencePlayer-vs-LearningPlayer-20160507_230235/game38.json
07:39:05 - Finished 38 of 100 games in 516.28 minutes. Estimated 842.35 minutes remaining.
07:39:08 (Game 39) - Initializing game with players: [ConfidencePlayer, LearningPlayer]
07:39:08 (Game 39) - Playing game...
07:54:55 (Game 39) - Completed game with scores [100, 0]
07:54:55 (Game 39) - Cumulative scores: ConfidencePlayer=3300 LearningPlayer=600 
07:54:55 (Game 39) - Saving match to file checkers-ConfidencePlayer-vs-LearningPlayer-20160507_230235/game39.json
07:54:55 - Finished 39 of 100 games in 532.10 minutes. Estimated 832.26 minutes remaining.
07:54:58 (Game 40) - Initializing game with players: [LearningPlayer, ConfidencePlayer]
07:54:58 (Game 40) - Playing game...
08:02:35 (Game 40) - Completed game with scores [0, 100]
08:02:35 (Game 40) - Cumulative scores: ConfidencePlayer=3400 LearningPlayer=600 
08:02:35 (Game 40) - Saving match to file checkers-ConfidencePlayer-vs-LearningPlayer-20160507_230235/game40.json
08:02:35 - Finished 40 of 100 games in 539.77 minutes. Estimated 809.65 minutes remaining.
08:02:38 (Game 41) - Initializing game with players: [ConfidencePlayer, LearningPlayer]
08:02:38 (Game 41) - Playing game...
08:18:27 (Game 41) - Completed game with scores [0, 100]
08:18:27 (Game 41) - Cumulative scores: ConfidencePlayer=3400 LearningPlayer=700 
08:18:27 (Game 41) - Saving match to file checkers-ConfidencePlayer-vs-LearningPlayer-20160507_230235/game41.json
08:18:27 - Finished 41 of 100 games in 555.65 minutes. Estimated 799.59 minutes remaining.
08:18:30 (Game 42) - Initializing game with players: [LearningPlayer, ConfidencePlayer]
08:18:30 (Game 42) - Playing game...
08:34:16 (Game 42) - Completed game with scores [0, 100]
08:34:16 (Game 42) - Cumulative scores: ConfidencePlayer=3500 LearningPlayer=700 
08:34:16 (Game 42) - Saving match to file checkers-ConfidencePlayer-vs-LearningPlayer-20160507_230235/game42.json
08:34:16 - Finished 42 of 100 games in 571.46 minutes. Estimated 789.17 minutes remaining.
08:34:19 (Game 43) - Initializing game with players: [ConfidencePlayer, LearningPlayer]
08:34:19 (Game 43) - Playing game...
08:50:06 (Game 43) - Completed game with scores [100, 0]
08:50:06 (Game 43) - Cumulative scores: ConfidencePlayer=3600 LearningPlayer=700 
08:50:06 (Game 43) - Saving match to file checkers-ConfidencePlayer-vs-LearningPlayer-20160507_230235/game43.json
08:50:06 - Finished 43 of 100 games in 587.29 minutes. Estimated 778.50 minutes remaining.
08:50:09 (Game 44) - Initializing game with players: [LearningPlayer, ConfidencePlayer]
08:50:09 (Game 44) - Playing game...
08:54:19 (Game 44) - Completed game with scores [0, 100]
08:54:19 (Game 44) - Cumulative scores: ConfidencePlayer=3700 LearningPlayer=700 
08:54:19 (Game 44) - Saving match to file checkers-ConfidencePlayer-vs-LearningPlayer-20160507_230235/game44.json
08:54:19 - Finished 44 of 100 games in 591.50 minutes. Estimated 752.82 minutes remaining.
08:54:22 (Game 45) - Initializing game with players: [ConfidencePlayer, LearningPlayer]
08:54:22 (Game 45) - Playing game...
09:10:08 (Game 45) - Completed game with scores [100, 0]
09:10:08 (Game 45) - Cumulative scores: ConfidencePlayer=3800 LearningPlayer=700 
09:10:08 (Game 45) - Saving match to file checkers-ConfidencePlayer-vs-LearningPlayer-20160507_230235/game45.json
09:10:08 - Finished 45 of 100 games in 607.33 minutes. Estimated 742.29 minutes remaining.
09:10:11 (Game 46) - Initializing game with players: [LearningPlayer, ConfidencePlayer]
09:10:11 (Game 46) - Playing game...
09:26:00 (Game 46) - Completed game with scores [100, 0]
09:26:00 (Game 46) - Cumulative scores: ConfidencePlayer=3800 LearningPlayer=800 
09:26:00 (Game 46) - Saving match to file checkers-ConfidencePlayer-vs-LearningPlayer-20160507_230235/game46.json
09:26:00 - Finished 46 of 100 games in 623.19 minutes. Estimated 731.57 minutes remaining.
09:26:03 (Game 47) - Initializing game with players: [ConfidencePlayer, LearningPlayer]
09:26:03 (Game 47) - Playing game...
09:41:41 (Game 47) - Completed game with scores [100, 0]
09:41:41 (Game 47) - Cumulative scores: ConfidencePlayer=3900 LearningPlayer=800 
09:41:41 (Game 47) - Saving match to file checkers-ConfidencePlayer-vs-LearningPlayer-20160507_230235/game47.json
09:41:41 - Finished 47 of 100 games in 638.87 minutes. Estimated 720.43 minutes remaining.
09:41:44 (Game 48) - Initializing game with players: [LearningPlayer, ConfidencePlayer]
09:41:44 (Game 48) - Playing game...
09:47:58 (Game 48) - Completed game with scores [100, 0]
09:47:58 (Game 48) - Cumulative scores: ConfidencePlayer=3900 LearningPlayer=900 
09:47:58 (Game 48) - Saving match to file checkers-ConfidencePlayer-vs-LearningPlayer-20160507_230235/game48.json
09:47:58 - Finished 48 of 100 games in 645.16 minutes. Estimated 698.92 minutes remaining.
09:48:01 (Game 49) - Initializing game with players: [ConfidencePlayer, LearningPlayer]
09:48:01 (Game 49) - Playing game...
10:03:47 (Game 49) - Completed game with scores [100, 0]
10:03:47 (Game 49) - Cumulative scores: ConfidencePlayer=4000 LearningPlayer=900 
10:03:47 (Game 49) - Saving match to file checkers-ConfidencePlayer-vs-LearningPlayer-20160507_230235/game49.json
10:03:47 - Finished 49 of 100 games in 660.98 minutes. Estimated 687.95 minutes remaining.
10:03:50 (Game 50) - Initializing game with players: [LearningPlayer, ConfidencePlayer]
10:03:50 (Game 50) - Playing game...
10:19:37 (Game 50) - Completed game with scores [0, 100]
10:19:37 (Game 50) - Cumulative scores: ConfidencePlayer=4100 LearningPlayer=900 
10:19:37 (Game 50) - Saving match to file checkers-ConfidencePlayer-vs-LearningPlayer-20160507_230235/game50.json
10:19:37 - Finished 50 of 100 games in 676.81 minutes. Estimated 676.81 minutes remaining.
10:19:40 (Game 51) - Initializing game with players: [ConfidencePlayer, LearningPlayer]
10:19:40 (Game 51) - Playing game...
10:26:05 (Game 51) - Completed game with scores [0, 100]
10:26:05 (Game 51) - Cumulative scores: ConfidencePlayer=4100 LearningPlayer=1000 
10:26:05 (Game 51) - Saving match to file checkers-ConfidencePlayer-vs-LearningPlayer-20160507_230235/game51.json
10:26:05 - Finished 51 of 100 games in 683.28 minutes. Estimated 656.48 minutes remaining.
10:26:08 (Game 52) - Initializing game with players: [LearningPlayer, ConfidencePlayer]
10:26:08 (Game 52) - Playing game...
10:41:56 (Game 52) - Completed game with scores [0, 100]
10:41:56 (Game 52) - Cumulative scores: ConfidencePlayer=4200 LearningPlayer=1000 
10:41:56 (Game 52) - Saving match to file checkers-ConfidencePlayer-vs-LearningPlayer-20160507_230235/game52.json
10:41:56 - Finished 52 of 100 games in 699.13 minutes. Estimated 645.35 minutes remaining.
10:41:59 (Game 53) - Initializing game with players: [ConfidencePlayer, LearningPlayer]
10:41:59 (Game 53) - Playing game...
10:57:49 (Game 53) - Completed game with scores [50, 50]
10:57:49 (Game 53) - Cumulative scores: ConfidencePlayer=4250 LearningPlayer=1050 
10:57:49 (Game 53) - Saving match to file checkers-ConfidencePlayer-vs-LearningPlayer-20160507_230235/game53.json
10:57:49 - Finished 53 of 100 games in 715.01 minutes. Estimated 634.07 minutes remaining.
10:57:52 (Game 54) - Initializing game with players: [LearningPlayer, ConfidencePlayer]
10:57:52 (Game 54) - Playing game...
11:02:02 (Game 54) - Completed game with scores [50, 50]
11:02:02 (Game 54) - Cumulative scores: ConfidencePlayer=4300 LearningPlayer=1100 
11:02:02 (Game 54) - Saving match to file checkers-ConfidencePlayer-vs-LearningPlayer-20160507_230235/game54.json
11:02:02 - Finished 54 of 100 games in 719.22 minutes. Estimated 612.67 minutes remaining.
11:02:05 (Game 55) - Initializing game with players: [ConfidencePlayer, LearningPlayer]
11:02:05 (Game 55) - Playing game...
11:17:53 (Game 55) - Completed game with scores [100, 0]
11:17:53 (Game 55) - Cumulative scores: ConfidencePlayer=4400 LearningPlayer=1100 
11:17:53 (Game 55) - Saving match to file checkers-ConfidencePlayer-vs-LearningPlayer-20160507_230235/game55.json
11:17:53 - Finished 55 of 100 games in 735.07 minutes. Estimated 601.42 minutes remaining.
11:17:56 (Game 56) - Initializing game with players: [LearningPlayer, ConfidencePlayer]
11:17:56 (Game 56) - Playing game...
11:33:45 (Game 56) - Completed game with scores [0, 100]
11:33:45 (Game 56) - Cumulative scores: ConfidencePlayer=4500 LearningPlayer=1100 
11:33:45 (Game 56) - Saving match to file checkers-ConfidencePlayer-vs-LearningPlayer-20160507_230235/game56.json
11:33:45 - Finished 56 of 100 games in 750.94 minutes. Estimated 590.02 minutes remaining.
11:33:48 (Game 57) - Initializing game with players: [ConfidencePlayer, LearningPlayer]
11:33:48 (Game 57) - Playing game...
11:49:34 (Game 57) - Completed game with scores [100, 0]
11:49:34 (Game 57) - Cumulative scores: ConfidencePlayer=4600 LearningPlayer=1100 
11:49:34 (Game 57) - Saving match to file checkers-ConfidencePlayer-vs-LearningPlayer-20160507_230235/game57.json
11:49:34 - Finished 57 of 100 games in 766.75 minutes. Estimated 578.43 minutes remaining.
11:49:37 (Game 58) - Initializing game with players: [LearningPlayer, ConfidencePlayer]
11:49:37 (Game 58) - Playing game...
12:05:23 (Game 58) - Completed game with scores [0, 100]
12:05:23 (Game 58) - Cumulative scores: ConfidencePlayer=4700 LearningPlayer=1100 
12:05:23 (Game 58) - Saving match to file checkers-ConfidencePlayer-vs-LearningPlayer-20160507_230235/game58.json
12:05:23 - Finished 58 of 100 games in 782.58 minutes. Estimated 566.70 minutes remaining.
12:05:26 (Game 59) - Initializing game with players: [ConfidencePlayer, LearningPlayer]
12:05:26 (Game 59) - Playing game...
12:21:16 (Game 59) - Completed game with scores [100, 0]
12:21:16 (Game 59) - Cumulative scores: ConfidencePlayer=4800 LearningPlayer=1100 
12:21:16 (Game 59) - Saving match to file checkers-ConfidencePlayer-vs-LearningPlayer-20160507_230235/game59.json
12:21:16 - Finished 59 of 100 games in 798.46 minutes. Estimated 554.86 minutes remaining.
12:21:19 (Game 60) - Initializing game with players: [LearningPlayer, ConfidencePlayer]
12:21:19 (Game 60) - Playing game...
12:27:23 (Game 60) - Completed game with scores [0, 100]
12:27:23 (Game 60) - Cumulative scores: ConfidencePlayer=4900 LearningPlayer=1100 
12:27:23 (Game 60) - Saving match to file checkers-ConfidencePlayer-vs-LearningPlayer-20160507_230235/game60.json
12:27:23 - Finished 60 of 100 games in 804.58 minutes. Estimated 536.39 minutes remaining.
12:27:26 (Game 61) - Initializing game with players: [ConfidencePlayer, LearningPlayer]
12:27:26 (Game 61) - Playing game...
12:43:09 (Game 61) - Completed game with scores [100, 0]
12:43:09 (Game 61) - Cumulative scores: ConfidencePlayer=5000 LearningPlayer=1100 
12:43:09 (Game 61) - Saving match to file checkers-ConfidencePlayer-vs-LearningPlayer-20160507_230235/game61.json
12:43:09 - Finished 61 of 100 games in 820.35 minutes. Estimated 524.48 minutes remaining.
12:43:12 (Game 62) - Initializing game with players: [LearningPlayer, ConfidencePlayer]
12:43:12 (Game 62) - Playing game...
12:58:48 (Game 62) - Completed game with scores [0, 100]
12:58:48 (Game 62) - Cumulative scores: ConfidencePlayer=5100 LearningPlayer=1100 
12:58:48 (Game 62) - Saving match to file checkers-ConfidencePlayer-vs-LearningPlayer-20160507_230235/game62.json
12:58:48 - Finished 62 of 100 games in 835.99 minutes. Estimated 512.38 minutes remaining.
12:58:51 (Game 63) - Initializing game with players: [ConfidencePlayer, LearningPlayer]
12:58:51 (Game 63) - Playing game...
13:14:26 (Game 63) - Completed game with scores [100, 0]
13:14:26 (Game 63) - Cumulative scores: ConfidencePlayer=5200 LearningPlayer=1100 
13:14:26 (Game 63) - Saving match to file checkers-ConfidencePlayer-vs-LearningPlayer-20160507_230235/game63.json
13:14:26 - Finished 63 of 100 games in 851.62 minutes. Estimated 500.16 minutes remaining.
13:14:29 (Game 64) - Initializing game with players: [LearningPlayer, ConfidencePlayer]
13:14:29 (Game 64) - Playing game...
13:30:03 (Game 64) - Completed game with scores [0, 100]
13:30:03 (Game 64) - Cumulative scores: ConfidencePlayer=5300 LearningPlayer=1100 
13:30:03 (Game 64) - Saving match to file checkers-ConfidencePlayer-vs-LearningPlayer-20160507_230235/game64.json
13:30:03 - Finished 64 of 100 games in 867.24 minutes. Estimated 487.82 minutes remaining.
13:30:06 (Game 65) - Initializing game with players: [ConfidencePlayer, LearningPlayer]
13:30:06 (Game 65) - Playing game...
13:45:39 (Game 65) - Completed game with scores [100, 0]
13:45:39 (Game 65) - Cumulative scores: ConfidencePlayer=5400 LearningPlayer=1100 
13:45:39 (Game 65) - Saving match to file checkers-ConfidencePlayer-vs-LearningPlayer-20160507_230235/game65.json
13:45:39 - Finished 65 of 100 games in 882.84 minutes. Estimated 475.38 minutes remaining.
13:45:42 (Game 66) - Initializing game with players: [LearningPlayer, ConfidencePlayer]
13:45:42 (Game 66) - Playing game...
14:01:17 (Game 66) - Completed game with scores [0, 100]
14:01:17 (Game 66) - Cumulative scores: ConfidencePlayer=5500 LearningPlayer=1100 
14:01:17 (Game 66) - Saving match to file checkers-ConfidencePlayer-vs-LearningPlayer-20160507_230235/game66.json
14:01:17 - Finished 66 of 100 games in 898.47 minutes. Estimated 462.85 minutes remaining.
14:01:20 (Game 67) - Initializing game with players: [ConfidencePlayer, LearningPlayer]
14:01:20 (Game 67) - Playing game...
14:16:55 (Game 67) - Completed game with scores [100, 0]
14:16:55 (Game 67) - Cumulative scores: ConfidencePlayer=5600 LearningPlayer=1100 
14:16:55 (Game 67) - Saving match to file checkers-ConfidencePlayer-vs-LearningPlayer-20160507_230235/game67.json
14:16:55 - Finished 67 of 100 games in 914.11 minutes. Estimated 450.24 minutes remaining.
14:16:58 (Game 68) - Initializing game with players: [LearningPlayer, ConfidencePlayer]
14:16:58 (Game 68) - Playing game...
14:23:39 (Game 68) - Completed game with scores [0, 100]
14:23:39 (Game 68) - Cumulative scores: ConfidencePlayer=5700 LearningPlayer=1100 
14:23:39 (Game 68) - Saving match to file checkers-ConfidencePlayer-vs-LearningPlayer-20160507_230235/game68.json
14:23:39 - Finished 68 of 100 games in 920.85 minutes. Estimated 433.34 minutes remaining.
14:23:42 (Game 69) - Initializing game with players: [ConfidencePlayer, LearningPlayer]
14:23:42 (Game 69) - Playing game...
14:39:30 (Game 69) - Completed game with scores [100, 0]
14:39:30 (Game 69) - Cumulative scores: ConfidencePlayer=5800 LearningPlayer=1100 
14:39:30 (Game 69) - Saving match to file checkers-ConfidencePlayer-vs-LearningPlayer-20160507_230235/game69.json
14:39:30 - Finished 69 of 100 games in 936.70 minutes. Estimated 420.84 minutes remaining.
14:39:33 (Game 70) - Initializing game with players: [LearningPlayer, ConfidencePlayer]
14:39:33 (Game 70) - Playing game...
14:55:23 (Game 70) - Completed game with scores [0, 100]
14:55:23 (Game 70) - Cumulative scores: ConfidencePlayer=5900 LearningPlayer=1100 
14:55:23 (Game 70) - Saving match to file checkers-ConfidencePlayer-vs-LearningPlayer-20160507_230235/game70.json
14:55:23 - Finished 70 of 100 games in 952.58 minutes. Estimated 408.25 minutes remaining.
14:55:26 (Game 71) - Initializing game with players: [ConfidencePlayer, LearningPlayer]
14:55:26 (Game 71) - Playing game...
15:11:16 (Game 71) - Completed game with scores [100, 0]
15:11:16 (Game 71) - Cumulative scores: ConfidencePlayer=6000 LearningPlayer=1100 
15:11:16 (Game 71) - Saving match to file checkers-ConfidencePlayer-vs-LearningPlayer-20160507_230235/game71.json
15:11:16 - Finished 71 of 100 games in 968.46 minutes. Estimated 395.57 minutes remaining.
15:11:19 (Game 72) - Initializing game with players: [LearningPlayer, ConfidencePlayer]
15:11:19 (Game 72) - Playing game...
15:17:24 (Game 72) - Completed game with scores [0, 100]
15:17:24 (Game 72) - Cumulative scores: ConfidencePlayer=6100 LearningPlayer=1100 
15:17:24 (Game 72) - Saving match to file checkers-ConfidencePlayer-vs-LearningPlayer-20160507_230235/game72.json
15:17:24 - Finished 72 of 100 games in 974.59 minutes. Estimated 379.01 minutes remaining.
15:17:27 (Game 73) - Initializing game with players: [ConfidencePlayer, LearningPlayer]
15:17:27 (Game 73) - Playing game...
15:25:34 (Game 73) - Completed game with scores [100, 0]
15:25:34 (Game 73) - Cumulative scores: ConfidencePlayer=6200 LearningPlayer=1100 
15:25:34 (Game 73) - Saving match to file checkers-ConfidencePlayer-vs-LearningPlayer-20160507_230235/game73.json
15:25:34 - Finished 73 of 100 games in 982.76 minutes. Estimated 363.49 minutes remaining.
15:25:37 (Game 74) - Initializing game with players: [LearningPlayer, ConfidencePlayer]
15:25:37 (Game 74) - Playing game...
15:41:21 (Game 74) - Completed game with scores [0, 100]
15:41:21 (Game 74) - Cumulative scores: ConfidencePlayer=6300 LearningPlayer=1100 
15:41:21 (Game 74) - Saving match to file checkers-ConfidencePlayer-vs-LearningPlayer-20160507_230235/game74.json
15:41:21 - Finished 74 of 100 games in 998.55 minutes. Estimated 350.84 minutes remaining.
15:41:24 (Game 75) - Initializing game with players: [ConfidencePlayer, LearningPlayer]
15:41:24 (Game 75) - Playing game...
15:47:30 (Game 75) - Completed game with scores [0, 100]
15:47:30 (Game 75) - Cumulative scores: ConfidencePlayer=6300 LearningPlayer=1200 
15:47:30 (Game 75) - Saving match to file checkers-ConfidencePlayer-vs-LearningPlayer-20160507_230235/game75.json
15:47:30 - Finished 75 of 100 games in 1004.69 minutes. Estimated 334.90 minutes remaining.
15:47:33 (Game 76) - Initializing game with players: [LearningPlayer, ConfidencePlayer]
15:47:33 (Game 76) - Playing game...
15:52:02 (Game 76) - Completed game with scores [50, 50]
15:52:02 (Game 76) - Cumulative scores: ConfidencePlayer=6350 LearningPlayer=1250 
15:52:02 (Game 76) - Saving match to file checkers-ConfidencePlayer-vs-LearningPlayer-20160507_230235/game76.json
15:52:02 - Finished 76 of 100 games in 1009.22 minutes. Estimated 318.70 minutes remaining.
15:52:05 (Game 77) - Initializing game with players: [ConfidencePlayer, LearningPlayer]
15:52:05 (Game 77) - Playing game...
15:57:52 (Game 77) - Completed game with scores [0, 100]
15:57:52 (Game 77) - Cumulative scores: ConfidencePlayer=6350 LearningPlayer=1350 
15:57:52 (Game 77) - Saving match to file checkers-ConfidencePlayer-vs-LearningPlayer-20160507_230235/game77.json
15:57:52 - Finished 77 of 100 games in 1015.05 minutes. Estimated 303.20 minutes remaining.
15:57:55 (Game 78) - Initializing game with players: [LearningPlayer, ConfidencePlayer]
15:57:55 (Game 78) - Playing game...
16:13:42 (Game 78) - Completed game with scores [0, 100]
16:13:42 (Game 78) - Cumulative scores: ConfidencePlayer=6450 LearningPlayer=1350 
16:13:42 (Game 78) - Saving match to file checkers-ConfidencePlayer-vs-LearningPlayer-20160507_230235/game78.json
16:13:42 - Finished 78 of 100 games in 1030.90 minutes. Estimated 290.77 minutes remaining.
16:13:45 (Game 79) - Initializing game with players: [ConfidencePlayer, LearningPlayer]
16:13:45 (Game 79) - Playing game...
16:29:35 (Game 79) - Completed game with scores [0, 100]
16:29:35 (Game 79) - Cumulative scores: ConfidencePlayer=6450 LearningPlayer=1450 
16:29:35 (Game 79) - Saving match to file checkers-ConfidencePlayer-vs-LearningPlayer-20160507_230235/game79.json
16:29:35 - Finished 79 of 100 games in 1046.77 minutes. Estimated 278.25 minutes remaining.
16:29:38 (Game 80) - Initializing game with players: [LearningPlayer, ConfidencePlayer]
16:29:38 (Game 80) - Playing game...
16:45:28 (Game 80) - Completed game with scores [0, 100]
16:45:28 (Game 80) - Cumulative scores: ConfidencePlayer=6550 LearningPlayer=1450 
16:45:28 (Game 80) - Saving match to file checkers-ConfidencePlayer-vs-LearningPlayer-20160507_230235/game80.json
16:45:28 - Finished 80 of 100 games in 1062.66 minutes. Estimated 265.66 minutes remaining.
16:45:31 (Game 81) - Initializing game with players: [ConfidencePlayer, LearningPlayer]
16:45:31 (Game 81) - Playing game...
16:55:20 (Game 81) - Completed game with scores [0, 100]
16:55:20 (Game 81) - Cumulative scores: ConfidencePlayer=6550 LearningPlayer=1550 
16:55:20 (Game 81) - Saving match to file checkers-ConfidencePlayer-vs-LearningPlayer-20160507_230235/game81.json
16:55:20 - Finished 81 of 100 games in 1072.53 minutes. Estimated 251.58 minutes remaining.
16:55:23 (Game 82) - Initializing game with players: [LearningPlayer, ConfidencePlayer]
16:55:23 (Game 82) - Playing game...
17:11:00 (Game 82) - Completed game with scores [0, 100]
17:11:00 (Game 82) - Cumulative scores: ConfidencePlayer=6650 LearningPlayer=1550 
17:11:00 (Game 82) - Saving match to file checkers-ConfidencePlayer-vs-LearningPlayer-20160507_230235/game82.json
17:11:00 - Finished 82 of 100 games in 1088.19 minutes. Estimated 238.87 minutes remaining.
17:11:03 (Game 83) - Initializing game with players: [ConfidencePlayer, LearningPlayer]
17:11:03 (Game 83) - Playing game...
17:26:40 (Game 83) - Completed game with scores [100, 0]
17:26:40 (Game 83) - Cumulative scores: ConfidencePlayer=6750 LearningPlayer=1550 
17:26:40 (Game 83) - Saving match to file checkers-ConfidencePlayer-vs-LearningPlayer-20160507_230235/game83.json
17:26:40 - Finished 83 of 100 games in 1103.86 minutes. Estimated 226.09 minutes remaining.
17:26:43 (Game 84) - Initializing game with players: [LearningPlayer, ConfidencePlayer]
17:26:43 (Game 84) - Playing game...
17:42:18 (Game 84) - Completed game with scores [0, 100]
17:42:18 (Game 84) - Cumulative scores: ConfidencePlayer=6850 LearningPlayer=1550 
17:42:18 (Game 84) - Saving match to file checkers-ConfidencePlayer-vs-LearningPlayer-20160507_230235/game84.json
17:42:18 - Finished 84 of 100 games in 1119.48 minutes. Estimated 213.24 minutes remaining.
17:42:21 (Game 85) - Initializing game with players: [ConfidencePlayer, LearningPlayer]
17:42:21 (Game 85) - Playing game...
17:57:55 (Game 85) - Completed game with scores [0, 100]
17:57:55 (Game 85) - Cumulative scores: ConfidencePlayer=6850 LearningPlayer=1650 
17:57:55 (Game 85) - Saving match to file checkers-ConfidencePlayer-vs-LearningPlayer-20160507_230235/game85.json
17:57:55 - Finished 85 of 100 games in 1135.11 minutes. Estimated 200.31 minutes remaining.
17:57:58 (Game 86) - Initializing game with players: [LearningPlayer, ConfidencePlayer]
17:57:58 (Game 86) - Playing game...
18:13:46 (Game 86) - Completed game with scores [0, 100]
18:13:46 (Game 86) - Cumulative scores: ConfidencePlayer=6950 LearningPlayer=1650 
18:13:46 (Game 86) - Saving match to file checkers-ConfidencePlayer-vs-LearningPlayer-20160507_230235/game86.json
18:13:46 - Finished 86 of 100 games in 1150.96 minutes. Estimated 187.37 minutes remaining.
18:13:49 (Game 87) - Initializing game with players: [ConfidencePlayer, LearningPlayer]
18:13:49 (Game 87) - Playing game...
18:29:38 (Game 87) - Completed game with scores [100, 0]
18:29:38 (Game 87) - Cumulative scores: ConfidencePlayer=7050 LearningPlayer=1650 
18:29:38 (Game 87) - Saving match to file checkers-ConfidencePlayer-vs-LearningPlayer-20160507_230235/game87.json
18:29:38 - Finished 87 of 100 games in 1166.83 minutes. Estimated 174.35 minutes remaining.
18:29:41 (Game 88) - Initializing game with players: [LearningPlayer, ConfidencePlayer]
18:29:41 (Game 88) - Playing game...
18:37:38 (Game 88) - Completed game with scores [0, 100]
18:37:38 (Game 88) - Cumulative scores: ConfidencePlayer=7150 LearningPlayer=1650 
18:37:38 (Game 88) - Saving match to file checkers-ConfidencePlayer-vs-LearningPlayer-20160507_230235/game88.json
18:37:38 - Finished 88 of 100 games in 1174.82 minutes. Estimated 160.20 minutes remaining.
18:37:41 (Game 89) - Initializing game with players: [ConfidencePlayer, LearningPlayer]
18:37:41 (Game 89) - Playing game...
18:53:29 (Game 89) - Completed game with scores [100, 0]
18:53:29 (Game 89) - Cumulative scores: ConfidencePlayer=7250 LearningPlayer=1650 
18:53:29 (Game 89) - Saving match to file checkers-ConfidencePlayer-vs-LearningPlayer-20160507_230235/game89.json
18:53:29 - Finished 89 of 100 games in 1190.68 minutes. Estimated 147.16 minutes remaining.
18:53:32 (Game 90) - Initializing game with players: [LearningPlayer, ConfidencePlayer]
18:53:32 (Game 90) - Playing game...
18:58:29 (Game 90) - Completed game with scores [100, 0]
18:58:29 (Game 90) - Cumulative scores: ConfidencePlayer=7250 LearningPlayer=1750 
18:58:29 (Game 90) - Saving match to file checkers-ConfidencePlayer-vs-LearningPlayer-20160507_230235/game90.json
18:58:29 - Finished 90 of 100 games in 1195.67 minutes. Estimated 132.85 minutes remaining.
18:58:32 (Game 91) - Initializing game with players: [ConfidencePlayer, LearningPlayer]
18:58:32 (Game 91) - Playing game...
19:14:20 (Game 91) - Completed game with scores [100, 0]
19:14:20 (Game 91) - Cumulative scores: ConfidencePlayer=7350 LearningPlayer=1750 
19:14:20 (Game 91) - Saving match to file checkers-ConfidencePlayer-vs-LearningPlayer-20160507_230235/game91.json
19:14:20 - Finished 91 of 100 games in 1211.53 minutes. Estimated 119.82 minutes remaining.
19:14:23 (Game 92) - Initializing game with players: [LearningPlayer, ConfidencePlayer]
19:14:23 (Game 92) - Playing game...
19:26:31 (Game 92) - Completed game with scores [100, 0]
19:26:31 (Game 92) - Cumulative scores: ConfidencePlayer=7350 LearningPlayer=1850 
19:26:31 (Game 92) - Saving match to file checkers-ConfidencePlayer-vs-LearningPlayer-20160507_230235/game92.json
19:26:31 - Finished 92 of 100 games in 1223.71 minutes. Estimated 106.41 minutes remaining.
19:26:34 (Game 93) - Initializing game with players: [ConfidencePlayer, LearningPlayer]
19:26:34 (Game 93) - Playing game...
19:42:20 (Game 93) - Completed game with scores [100, 0]
19:42:20 (Game 93) - Cumulative scores: ConfidencePlayer=7450 LearningPlayer=1850 
19:42:20 (Game 93) - Saving match to file checkers-ConfidencePlayer-vs-LearningPlayer-20160507_230235/game93.json
19:42:20 - Finished 93 of 100 games in 1239.53 minutes. Estimated 93.30 minutes remaining.
19:42:23 (Game 94) - Initializing game with players: [LearningPlayer, ConfidencePlayer]
19:42:23 (Game 94) - Playing game...
19:47:10 (Game 94) - Completed game with scores [0, 100]
19:47:10 (Game 94) - Cumulative scores: ConfidencePlayer=7550 LearningPlayer=1850 
19:47:10 (Game 94) - Saving match to file checkers-ConfidencePlayer-vs-LearningPlayer-20160507_230235/game94.json
19:47:10 - Finished 94 of 100 games in 1244.36 minutes. Estimated 79.43 minutes remaining.
19:47:13 (Game 95) - Initializing game with players: [ConfidencePlayer, LearningPlayer]
19:47:13 (Game 95) - Playing game...
20:03:02 (Game 95) - Completed game with scores [100, 0]
20:03:02 (Game 95) - Cumulative scores: ConfidencePlayer=7650 LearningPlayer=1850 
20:03:02 (Game 95) - Saving match to file checkers-ConfidencePlayer-vs-LearningPlayer-20160507_230235/game95.json
20:03:02 - Finished 95 of 100 games in 1260.22 minutes. Estimated 66.33 minutes remaining.
20:03:05 (Game 96) - Initializing game with players: [LearningPlayer, ConfidencePlayer]
20:03:05 (Game 96) - Playing game...
20:18:53 (Game 96) - Completed game with scores [0, 100]
20:18:53 (Game 96) - Cumulative scores: ConfidencePlayer=7750 LearningPlayer=1850 
20:18:53 (Game 96) - Saving match to file checkers-ConfidencePlayer-vs-LearningPlayer-20160507_230235/game96.json
20:18:54 - Finished 96 of 100 games in 1276.08 minutes. Estimated 53.17 minutes remaining.
20:18:57 (Game 97) - Initializing game with players: [ConfidencePlayer, LearningPlayer]
20:18:57 (Game 97) - Playing game...
20:34:44 (Game 97) - Completed game with scores [100, 0]
20:34:44 (Game 97) - Cumulative scores: ConfidencePlayer=7850 LearningPlayer=1850 
20:34:44 (Game 97) - Saving match to file checkers-ConfidencePlayer-vs-LearningPlayer-20160507_230235/game97.json
20:34:44 - Finished 97 of 100 games in 1291.93 minutes. Estimated 39.96 minutes remaining.
20:34:47 (Game 98) - Initializing game with players: [LearningPlayer, ConfidencePlayer]
20:34:47 (Game 98) - Playing game...
20:50:36 (Game 98) - Completed game with scores [100, 0]
20:50:36 (Game 98) - Cumulative scores: ConfidencePlayer=7850 LearningPlayer=1950 
20:50:36 (Game 98) - Saving match to file checkers-ConfidencePlayer-vs-LearningPlayer-20160507_230235/game98.json
20:50:36 - Finished 98 of 100 games in 1307.79 minutes. Estimated 26.69 minutes remaining.
20:50:39 (Game 99) - Initializing game with players: [ConfidencePlayer, LearningPlayer]
20:50:39 (Game 99) - Playing game...
21:06:29 (Game 99) - WARNING: This match contains errors from the following players: [ConfidencePlayer]
21:06:29 (Game 99) - Completed game with scores [0, 100]
21:06:29 (Game 99) - Cumulative scores: ConfidencePlayer=7850 LearningPlayer=2050 
21:06:29 (Game 99) - Saving match to file checkers-ConfidencePlayer-vs-LearningPlayer-20160507_230235/game99.json
21:06:29 - Finished 99 of 100 games in 1323.67 minutes. Estimated 13.37 minutes remaining.
21:06:32 (Game 100) - Initializing game with players: [LearningPlayer, ConfidencePlayer]
21:06:32 (Game 100) - Playing game...
21:22:16 (Game 100) - Completed game with scores [0, 100]
21:22:16 (Game 100) - Cumulative scores: ConfidencePlayer=7950 LearningPlayer=2050 
21:22:16 (Game 100) - Saving match to file checkers-ConfidencePlayer-vs-LearningPlayer-20160507_230235/game100.json
21:22:16 - Finished 100 of 100 games in 1339.46 minutes. Estimated 0.00 minutes remaining.
21:22:16 - Successfully finished tournament. 1 matches contained errors.
21:22:16 - Average player scores: ConfidencePlayer=79.5000 LearningPlayer=20.5000 
