16:32:04 (Game 1) - Initializing game with players: [MiniMaxRandomPlayer, MultithreadedUCTPlayer]
16:32:04 (Game 1) - Playing game...
16:32:50 (Game 1) - WARNING: This match contains errors from the following players: [MultithreadedUCTPlayer, MiniMaxRandomPlayer]
16:32:50 (Game 1) - Completed game with scores [100, 0]
16:32:50 (Game 1) - Cumulative scores: MiniMaxRandomPlayer=100 MultithreadedUCTPlayer=0 
16:32:50 (Game 1) - Saving match to file nineBoardTicTacToe-MiniMaxRandomPlayer-vs-MultithreadedUCTPlayer-20160504_163146/game1.json
16:32:50 - Finished 1 of 100 games in 0.82 minutes. Estimated 81.46 minutes remaining.
16:32:53 (Game 2) - Initializing game with players: [MultithreadedUCTPlayer, MiniMaxRandomPlayer]
16:32:53 (Game 2) - Playing game...
16:37:26 (Game 2) - Completed game with scores [0, 100]
16:37:26 (Game 2) - Cumulative scores: MiniMaxRandomPlayer=200 MultithreadedUCTPlayer=0 
16:37:26 (Game 2) - Saving match to file nineBoardTicTacToe-MiniMaxRandomPlayer-vs-MultithreadedUCTPlayer-20160504_163146/game2.json
16:37:26 - Finished 2 of 100 games in 5.43 minutes. Estimated 265.95 minutes remaining.
16:37:30 (Game 3) - Initializing game with players: [MiniMaxRandomPlayer, MultithreadedUCTPlayer]
16:37:30 (Game 3) - Playing game...
16:40:10 (Game 3) - WARNING: This match contains errors from the following players: [MiniMaxRandomPlayer]
16:40:10 (Game 3) - Completed game with scores [100, 0]
16:40:10 (Game 3) - Cumulative scores: MiniMaxRandomPlayer=300 MultithreadedUCTPlayer=0 
16:40:10 (Game 3) - Saving match to file nineBoardTicTacToe-MiniMaxRandomPlayer-vs-MultithreadedUCTPlayer-20160504_163146/game3.json
16:40:10 - Finished 3 of 100 games in 8.16 minutes. Estimated 263.70 minutes remaining.
16:40:13 (Game 4) - Initializing game with players: [MultithreadedUCTPlayer, MiniMaxRandomPlayer]
16:40:13 (Game 4) - Playing game...
16:45:32 (Game 4) - Completed game with scores [100, 0]
16:45:32 (Game 4) - Cumulative scores: MiniMaxRandomPlayer=300 MultithreadedUCTPlayer=100 
16:45:32 (Game 4) - Saving match to file nineBoardTicTacToe-MiniMaxRandomPlayer-vs-MultithreadedUCTPlayer-20160504_163146/game4.json
16:45:32 - Finished 4 of 100 games in 13.52 minutes. Estimated 324.50 minutes remaining.
16:45:35 (Game 5) - Initializing game with players: [MiniMaxRandomPlayer, MultithreadedUCTPlayer]
16:45:35 (Game 5) - Playing game...
16:48:40 (Game 5) - WARNING: This match contains errors from the following players: [MiniMaxRandomPlayer]
16:48:40 (Game 5) - Completed game with scores [100, 0]
16:48:40 (Game 5) - Cumulative scores: MiniMaxRandomPlayer=400 MultithreadedUCTPlayer=100 
16:48:40 (Game 5) - Saving match to file nineBoardTicTacToe-MiniMaxRandomPlayer-vs-MultithreadedUCTPlayer-20160504_163146/game5.json
16:48:40 - Finished 5 of 100 games in 16.66 minutes. Estimated 316.56 minutes remaining.
16:48:43 (Game 6) - Initializing game with players: [MultithreadedUCTPlayer, MiniMaxRandomPlayer]
16:48:44 (Game 6) - Playing game...
16:54:21 (Game 6) - Completed game with scores [100, 0]
16:54:21 (Game 6) - Cumulative scores: MiniMaxRandomPlayer=400 MultithreadedUCTPlayer=200 
16:54:21 (Game 6) - Saving match to file nineBoardTicTacToe-MiniMaxRandomPlayer-vs-MultithreadedUCTPlayer-20160504_163146/game6.json
16:54:21 - Finished 6 of 100 games in 22.34 minutes. Estimated 350.03 minutes remaining.
16:54:24 (Game 7) - Initializing game with players: [MiniMaxRandomPlayer, MultithreadedUCTPlayer]
16:54:24 (Game 7) - Playing game...
17:00:41 (Game 7) - WARNING: This match contains errors from the following players: [MiniMaxRandomPlayer]
17:00:41 (Game 7) - Completed game with scores [0, 100]
17:00:41 (Game 7) - Cumulative scores: MiniMaxRandomPlayer=400 MultithreadedUCTPlayer=300 
17:00:41 (Game 7) - Saving match to file nineBoardTicTacToe-MiniMaxRandomPlayer-vs-MultithreadedUCTPlayer-20160504_163146/game7.json
17:00:41 - Finished 7 of 100 games in 28.66 minutes. Estimated 380.80 minutes remaining.
17:00:44 (Game 8) - Initializing game with players: [MultithreadedUCTPlayer, MiniMaxRandomPlayer]
17:00:44 (Game 8) - Playing game...
17:06:31 (Game 8) - Completed game with scores [0, 100]
17:06:31 (Game 8) - Cumulative scores: MiniMaxRandomPlayer=500 MultithreadedUCTPlayer=300 
17:06:31 (Game 8) - Saving match to file nineBoardTicTacToe-MiniMaxRandomPlayer-vs-MultithreadedUCTPlayer-20160504_163146/game8.json
17:06:31 - Finished 8 of 100 games in 34.50 minutes. Estimated 396.76 minutes remaining.
17:06:34 (Game 9) - Initializing game with players: [MiniMaxRandomPlayer, MultithreadedUCTPlayer]
17:06:34 (Game 9) - Playing game...
17:07:12 (Game 9) - WARNING: This match contains errors from the following players: [MultithreadedUCTPlayer, MiniMaxRandomPlayer]
17:07:12 (Game 9) - Completed game with scores [100, 0]
17:07:12 (Game 9) - Cumulative scores: MiniMaxRandomPlayer=600 MultithreadedUCTPlayer=300 
17:07:12 (Game 9) - Saving match to file nineBoardTicTacToe-MiniMaxRandomPlayer-vs-MultithreadedUCTPlayer-20160504_163146/game9.json
17:07:12 - Finished 9 of 100 games in 35.19 minutes. Estimated 355.85 minutes remaining.
17:07:15 (Game 10) - Initializing game with players: [MultithreadedUCTPlayer, MiniMaxRandomPlayer]
17:07:15 (Game 10) - Playing game...
17:09:06 (Game 10) - Completed game with scores [0, 100]
17:09:06 (Game 10) - Cumulative scores: MiniMaxRandomPlayer=700 MultithreadedUCTPlayer=300 
17:09:06 (Game 10) - Saving match to file nineBoardTicTacToe-MiniMaxRandomPlayer-vs-MultithreadedUCTPlayer-20160504_163146/game10.json
17:09:06 - Finished 10 of 100 games in 37.08 minutes. Estimated 333.75 minutes remaining.
17:09:09 (Game 11) - Initializing game with players: [MiniMaxRandomPlayer, MultithreadedUCTPlayer]
17:09:09 (Game 11) - Playing game...
17:15:16 (Game 11) - WARNING: This match contains errors from the following players: [MiniMaxRandomPlayer]
17:15:16 (Game 11) - Completed game with scores [100, 0]
17:15:16 (Game 11) - Cumulative scores: MiniMaxRandomPlayer=800 MultithreadedUCTPlayer=300 
17:15:16 (Game 11) - Saving match to file nineBoardTicTacToe-MiniMaxRandomPlayer-vs-MultithreadedUCTPlayer-20160504_163146/game11.json
17:15:16 - Finished 11 of 100 games in 43.25 minutes. Estimated 349.92 minutes remaining.
17:15:19 (Game 12) - Initializing game with players: [MultithreadedUCTPlayer, MiniMaxRandomPlayer]
17:15:19 (Game 12) - Playing game...
17:19:54 (Game 12) - Completed game with scores [0, 100]
17:19:54 (Game 12) - Cumulative scores: MiniMaxRandomPlayer=900 MultithreadedUCTPlayer=300 
17:19:54 (Game 12) - Saving match to file nineBoardTicTacToe-MiniMaxRandomPlayer-vs-MultithreadedUCTPlayer-20160504_163146/game12.json
17:19:54 - Finished 12 of 100 games in 47.88 minutes. Estimated 351.11 minutes remaining.
17:19:57 (Game 13) - Initializing game with players: [MiniMaxRandomPlayer, MultithreadedUCTPlayer]
17:19:57 (Game 13) - Playing game...
17:24:15 (Game 13) - WARNING: This match contains errors from the following players: [MiniMaxRandomPlayer]
17:24:15 (Game 13) - Completed game with scores [100, 0]
17:24:15 (Game 13) - Cumulative scores: MiniMaxRandomPlayer=1000 MultithreadedUCTPlayer=300 
17:24:15 (Game 13) - Saving match to file nineBoardTicTacToe-MiniMaxRandomPlayer-vs-MultithreadedUCTPlayer-20160504_163146/game13.json
17:24:15 - Finished 13 of 100 games in 52.23 minutes. Estimated 349.53 minutes remaining.
17:24:18 (Game 14) - Initializing game with players: [MultithreadedUCTPlayer, MiniMaxRandomPlayer]
17:24:18 (Game 14) - Playing game...
17:29:10 (Game 14) - Completed game with scores [0, 100]
17:29:10 (Game 14) - Cumulative scores: MiniMaxRandomPlayer=1100 MultithreadedUCTPlayer=300 
17:29:10 (Game 14) - Saving match to file nineBoardTicTacToe-MiniMaxRandomPlayer-vs-MultithreadedUCTPlayer-20160504_163146/game14.json
17:29:10 - Finished 14 of 100 games in 57.16 minutes. Estimated 351.12 minutes remaining.
17:29:13 (Game 15) - Initializing game with players: [MiniMaxRandomPlayer, MultithreadedUCTPlayer]
17:29:13 (Game 15) - Playing game...
17:30:15 (Game 15) - WARNING: This match contains errors from the following players: [MultithreadedUCTPlayer, MiniMaxRandomPlayer]
17:30:15 (Game 15) - Completed game with scores [100, 0]
17:30:15 (Game 15) - Cumulative scores: MiniMaxRandomPlayer=1200 MultithreadedUCTPlayer=300 
17:30:15 (Game 15) - Saving match to file nineBoardTicTacToe-MiniMaxRandomPlayer-vs-MultithreadedUCTPlayer-20160504_163146/game15.json
17:30:15 - Finished 15 of 100 games in 58.24 minutes. Estimated 330.01 minutes remaining.
17:30:18 (Game 16) - Initializing game with players: [MultithreadedUCTPlayer, MiniMaxRandomPlayer]
17:30:18 (Game 16) - Playing game...
17:35:11 (Game 16) - Completed game with scores [0, 100]
17:35:11 (Game 16) - Cumulative scores: MiniMaxRandomPlayer=1300 MultithreadedUCTPlayer=300 
17:35:11 (Game 16) - Saving match to file nineBoardTicTacToe-MiniMaxRandomPlayer-vs-MultithreadedUCTPlayer-20160504_163146/game16.json
17:35:11 - Finished 16 of 100 games in 63.17 minutes. Estimated 331.66 minutes remaining.
17:35:14 (Game 17) - Initializing game with players: [MiniMaxRandomPlayer, MultithreadedUCTPlayer]
17:35:14 (Game 17) - Playing game...
17:41:30 (Game 17) - WARNING: This match contains errors from the following players: [MiniMaxRandomPlayer]
17:41:30 (Game 17) - Completed game with scores [0, 100]
17:41:30 (Game 17) - Cumulative scores: MiniMaxRandomPlayer=1300 MultithreadedUCTPlayer=400 
17:41:30 (Game 17) - Saving match to file nineBoardTicTacToe-MiniMaxRandomPlayer-vs-MultithreadedUCTPlayer-20160504_163146/game17.json
17:41:30 - Finished 17 of 100 games in 69.49 minutes. Estimated 339.28 minutes remaining.
17:41:33 (Game 18) - Initializing game with players: [MultithreadedUCTPlayer, MiniMaxRandomPlayer]
17:41:33 (Game 18) - Playing game...
17:48:43 (Game 18) - Completed game with scores [100, 0]
17:48:43 (Game 18) - Cumulative scores: MiniMaxRandomPlayer=1300 MultithreadedUCTPlayer=500 
17:48:43 (Game 18) - Saving match to file nineBoardTicTacToe-MiniMaxRandomPlayer-vs-MultithreadedUCTPlayer-20160504_163146/game18.json
17:48:43 - Finished 18 of 100 games in 76.69 minutes. Estimated 349.39 minutes remaining.
17:48:46 (Game 19) - Initializing game with players: [MiniMaxRandomPlayer, MultithreadedUCTPlayer]
17:48:46 (Game 19) - Playing game...
17:49:37 (Game 19) - WARNING: This match contains errors from the following players: [MultithreadedUCTPlayer, MiniMaxRandomPlayer]
17:49:37 (Game 19) - Completed game with scores [100, 0]
17:49:37 (Game 19) - Cumulative scores: MiniMaxRandomPlayer=1400 MultithreadedUCTPlayer=500 
17:49:37 (Game 19) - Saving match to file nineBoardTicTacToe-MiniMaxRandomPlayer-vs-MultithreadedUCTPlayer-20160504_163146/game19.json
17:49:37 - Finished 19 of 100 games in 77.60 minutes. Estimated 330.82 minutes remaining.
17:49:40 (Game 20) - Initializing game with players: [MultithreadedUCTPlayer, MiniMaxRandomPlayer]
17:49:40 (Game 20) - Playing game...
17:54:52 (Game 20) - Completed game with scores [0, 100]
17:54:52 (Game 20) - Cumulative scores: MiniMaxRandomPlayer=1500 MultithreadedUCTPlayer=500 
17:54:52 (Game 20) - Saving match to file nineBoardTicTacToe-MiniMaxRandomPlayer-vs-MultithreadedUCTPlayer-20160504_163146/game20.json
17:54:52 - Finished 20 of 100 games in 82.85 minutes. Estimated 331.38 minutes remaining.
17:54:55 (Game 21) - Initializing game with players: [MiniMaxRandomPlayer, MultithreadedUCTPlayer]
17:54:55 (Game 21) - Playing game...
17:55:44 (Game 21) - WARNING: This match contains errors from the following players: [MultithreadedUCTPlayer, MiniMaxRandomPlayer]
17:55:44 (Game 21) - Completed game with scores [100, 0]
17:55:44 (Game 21) - Cumulative scores: MiniMaxRandomPlayer=1600 MultithreadedUCTPlayer=500 
17:55:44 (Game 21) - Saving match to file nineBoardTicTacToe-MiniMaxRandomPlayer-vs-MultithreadedUCTPlayer-20160504_163146/game21.json
17:55:44 - Finished 21 of 100 games in 83.73 minutes. Estimated 314.97 minutes remaining.
17:55:47 (Game 22) - Initializing game with players: [MultithreadedUCTPlayer, MiniMaxRandomPlayer]
17:55:47 (Game 22) - Playing game...
18:01:44 (Game 22) - Completed game with scores [100, 0]
18:01:44 (Game 22) - Cumulative scores: MiniMaxRandomPlayer=1600 MultithreadedUCTPlayer=600 
18:01:44 (Game 22) - Saving match to file nineBoardTicTacToe-MiniMaxRandomPlayer-vs-MultithreadedUCTPlayer-20160504_163146/game22.json
18:01:44 - Finished 22 of 100 games in 89.72 minutes. Estimated 318.10 minutes remaining.
18:01:47 (Game 23) - Initializing game with players: [MiniMaxRandomPlayer, MultithreadedUCTPlayer]
18:01:47 (Game 23) - Playing game...
18:06:05 (Game 23) - WARNING: This match contains errors from the following players: [MiniMaxRandomPlayer]
18:06:05 (Game 23) - Completed game with scores [100, 0]
18:06:05 (Game 23) - Cumulative scores: MiniMaxRandomPlayer=1700 MultithreadedUCTPlayer=600 
18:06:05 (Game 23) - Saving match to file nineBoardTicTacToe-MiniMaxRandomPlayer-vs-MultithreadedUCTPlayer-20160504_163146/game23.json
18:06:05 - Finished 23 of 100 games in 94.07 minutes. Estimated 314.92 minutes remaining.
18:06:08 (Game 24) - Initializing game with players: [MultithreadedUCTPlayer, MiniMaxRandomPlayer]
18:06:08 (Game 24) - Playing game...
18:11:37 (Game 24) - Completed game with scores [0, 100]
18:11:37 (Game 24) - Cumulative scores: MiniMaxRandomPlayer=1800 MultithreadedUCTPlayer=600 
18:11:37 (Game 24) - Saving match to file nineBoardTicTacToe-MiniMaxRandomPlayer-vs-MultithreadedUCTPlayer-20160504_163146/game24.json
18:11:37 - Finished 24 of 100 games in 99.61 minutes. Estimated 315.43 minutes remaining.
18:11:40 (Game 25) - Initializing game with players: [MiniMaxRandomPlayer, MultithreadedUCTPlayer]
18:11:40 (Game 25) - Playing game...
18:12:31 (Game 25) - WARNING: This match contains errors from the following players: [MultithreadedUCTPlayer, MiniMaxRandomPlayer]
18:12:31 (Game 25) - Completed game with scores [100, 0]
18:12:31 (Game 25) - Cumulative scores: MiniMaxRandomPlayer=1900 MultithreadedUCTPlayer=600 
18:12:31 (Game 25) - Saving match to file nineBoardTicTacToe-MiniMaxRandomPlayer-vs-MultithreadedUCTPlayer-20160504_163146/game25.json
18:12:31 - Finished 25 of 100 games in 100.51 minutes. Estimated 301.52 minutes remaining.
18:12:34 (Game 26) - Initializing game with players: [MultithreadedUCTPlayer, MiniMaxRandomPlayer]
18:12:34 (Game 26) - Playing game...
18:16:51 (Game 26) - Completed game with scores [0, 100]
18:16:51 (Game 26) - Cumulative scores: MiniMaxRandomPlayer=2000 MultithreadedUCTPlayer=600 
18:16:51 (Game 26) - Saving match to file nineBoardTicTacToe-MiniMaxRandomPlayer-vs-MultithreadedUCTPlayer-20160504_163146/game26.json
18:16:51 - Finished 26 of 100 games in 104.83 minutes. Estimated 298.37 minutes remaining.
18:16:54 (Game 27) - Initializing game with players: [MiniMaxRandomPlayer, MultithreadedUCTPlayer]
18:16:54 (Game 27) - Playing game...
18:17:42 (Game 27) - WARNING: This match contains errors from the following players: [MultithreadedUCTPlayer, MiniMaxRandomPlayer]
18:17:42 (Game 27) - Completed game with scores [100, 0]
18:17:42 (Game 27) - Cumulative scores: MiniMaxRandomPlayer=2100 MultithreadedUCTPlayer=600 
18:17:42 (Game 27) - Saving match to file nineBoardTicTacToe-MiniMaxRandomPlayer-vs-MultithreadedUCTPlayer-20160504_163146/game27.json
18:17:42 - Finished 27 of 100 games in 105.69 minutes. Estimated 285.74 minutes remaining.
18:17:45 (Game 28) - Initializing game with players: [MultithreadedUCTPlayer, MiniMaxRandomPlayer]
18:17:45 (Game 28) - Playing game...
18:22:38 (Game 28) - Completed game with scores [0, 100]
18:22:38 (Game 28) - Cumulative scores: MiniMaxRandomPlayer=2200 MultithreadedUCTPlayer=600 
18:22:38 (Game 28) - Saving match to file nineBoardTicTacToe-MiniMaxRandomPlayer-vs-MultithreadedUCTPlayer-20160504_163146/game28.json
18:22:38 - Finished 28 of 100 games in 110.62 minutes. Estimated 284.45 minutes remaining.
18:22:41 (Game 29) - Initializing game with players: [MiniMaxRandomPlayer, MultithreadedUCTPlayer]
18:22:41 (Game 29) - Playing game...
18:23:35 (Game 29) - WARNING: This match contains errors from the following players: [MultithreadedUCTPlayer, MiniMaxRandomPlayer]
18:23:35 (Game 29) - Completed game with scores [100, 0]
18:23:35 (Game 29) - Cumulative scores: MiniMaxRandomPlayer=2300 MultithreadedUCTPlayer=600 
18:23:35 (Game 29) - Saving match to file nineBoardTicTacToe-MiniMaxRandomPlayer-vs-MultithreadedUCTPlayer-20160504_163146/game29.json
18:23:35 - Finished 29 of 100 games in 111.57 minutes. Estimated 273.15 minutes remaining.
18:23:38 (Game 30) - Initializing game with players: [MultithreadedUCTPlayer, MiniMaxRandomPlayer]
18:23:38 (Game 30) - Playing game...
18:28:40 (Game 30) - Completed game with scores [100, 0]
18:28:40 (Game 30) - Cumulative scores: MiniMaxRandomPlayer=2300 MultithreadedUCTPlayer=700 
18:28:40 (Game 30) - Saving match to file nineBoardTicTacToe-MiniMaxRandomPlayer-vs-MultithreadedUCTPlayer-20160504_163146/game30.json
18:28:40 - Finished 30 of 100 games in 116.66 minutes. Estimated 272.20 minutes remaining.
18:28:43 (Game 31) - Initializing game with players: [MiniMaxRandomPlayer, MultithreadedUCTPlayer]
18:28:43 (Game 31) - Playing game...
18:29:38 (Game 31) - WARNING: This match contains errors from the following players: [MultithreadedUCTPlayer, MiniMaxRandomPlayer]
18:29:38 (Game 31) - Completed game with scores [100, 0]
18:29:38 (Game 31) - Cumulative scores: MiniMaxRandomPlayer=2400 MultithreadedUCTPlayer=700 
18:29:38 (Game 31) - Saving match to file nineBoardTicTacToe-MiniMaxRandomPlayer-vs-MultithreadedUCTPlayer-20160504_163146/game31.json
18:29:38 - Finished 31 of 100 games in 117.63 minutes. Estimated 261.81 minutes remaining.
18:29:41 (Game 32) - Initializing game with players: [MultithreadedUCTPlayer, MiniMaxRandomPlayer]
18:29:41 (Game 32) - Playing game...
18:35:29 (Game 32) - Completed game with scores [0, 100]
18:35:29 (Game 32) - Cumulative scores: MiniMaxRandomPlayer=2500 MultithreadedUCTPlayer=700 
18:35:29 (Game 32) - Saving match to file nineBoardTicTacToe-MiniMaxRandomPlayer-vs-MultithreadedUCTPlayer-20160504_163146/game32.json
18:35:29 - Finished 32 of 100 games in 123.47 minutes. Estimated 262.36 minutes remaining.
18:35:32 (Game 33) - Initializing game with players: [MiniMaxRandomPlayer, MultithreadedUCTPlayer]
18:35:32 (Game 33) - Playing game...
18:37:23 (Game 33) - WARNING: This match contains errors from the following players: [MiniMaxRandomPlayer]
18:37:23 (Game 33) - Completed game with scores [100, 0]
18:37:23 (Game 33) - Cumulative scores: MiniMaxRandomPlayer=2600 MultithreadedUCTPlayer=700 
18:37:23 (Game 33) - Saving match to file nineBoardTicTacToe-MiniMaxRandomPlayer-vs-MultithreadedUCTPlayer-20160504_163146/game33.json
18:37:23 - Finished 33 of 100 games in 125.38 minutes. Estimated 254.55 minutes remaining.
18:37:26 (Game 34) - Initializing game with players: [MultithreadedUCTPlayer, MiniMaxRandomPlayer]
18:37:26 (Game 34) - Playing game...
18:42:46 (Game 34) - Completed game with scores [100, 0]
18:42:46 (Game 34) - Cumulative scores: MiniMaxRandomPlayer=2600 MultithreadedUCTPlayer=800 
18:42:46 (Game 34) - Saving match to file nineBoardTicTacToe-MiniMaxRandomPlayer-vs-MultithreadedUCTPlayer-20160504_163146/game34.json
18:42:46 - Finished 34 of 100 games in 130.75 minutes. Estimated 253.82 minutes remaining.
18:42:49 (Game 35) - Initializing game with players: [MiniMaxRandomPlayer, MultithreadedUCTPlayer]
18:42:49 (Game 35) - Playing game...
18:48:37 (Game 35) - WARNING: This match contains errors from the following players: [MiniMaxRandomPlayer]
18:48:37 (Game 35) - Completed game with scores [100, 0]
18:48:37 (Game 35) - Cumulative scores: MiniMaxRandomPlayer=2700 MultithreadedUCTPlayer=800 
18:48:37 (Game 35) - Saving match to file nineBoardTicTacToe-MiniMaxRandomPlayer-vs-MultithreadedUCTPlayer-20160504_163146/game35.json
18:48:37 - Finished 35 of 100 games in 136.61 minutes. Estimated 253.70 minutes remaining.
18:48:40 (Game 36) - Initializing game with players: [MultithreadedUCTPlayer, MiniMaxRandomPlayer]
18:48:40 (Game 36) - Playing game...
18:52:38 (Game 36) - Completed game with scores [0, 100]
18:52:38 (Game 36) - Cumulative scores: MiniMaxRandomPlayer=2800 MultithreadedUCTPlayer=800 
18:52:38 (Game 36) - Saving match to file nineBoardTicTacToe-MiniMaxRandomPlayer-vs-MultithreadedUCTPlayer-20160504_163146/game36.json
18:52:38 - Finished 36 of 100 games in 140.62 minutes. Estimated 250.00 minutes remaining.
18:52:41 (Game 37) - Initializing game with players: [MiniMaxRandomPlayer, MultithreadedUCTPlayer]
18:52:41 (Game 37) - Playing game...
18:53:33 (Game 37) - WARNING: This match contains errors from the following players: [MultithreadedUCTPlayer, MiniMaxRandomPlayer]
18:53:33 (Game 37) - Completed game with scores [100, 0]
18:53:33 (Game 37) - Cumulative scores: MiniMaxRandomPlayer=2900 MultithreadedUCTPlayer=800 
18:53:33 (Game 37) - Saving match to file nineBoardTicTacToe-MiniMaxRandomPlayer-vs-MultithreadedUCTPlayer-20160504_163146/game37.json
18:53:33 - Finished 37 of 100 games in 141.54 minutes. Estimated 241.00 minutes remaining.
18:53:36 (Game 38) - Initializing game with players: [MultithreadedUCTPlayer, MiniMaxRandomPlayer]
18:53:36 (Game 38) - Playing game...
19:00:08 (Game 38) - Completed game with scores [100, 0]
19:00:08 (Game 38) - Cumulative scores: MiniMaxRandomPlayer=2900 MultithreadedUCTPlayer=900 
19:00:08 (Game 38) - Saving match to file nineBoardTicTacToe-MiniMaxRandomPlayer-vs-MultithreadedUCTPlayer-20160504_163146/game38.json
19:00:08 - Finished 38 of 100 games in 148.12 minutes. Estimated 241.67 minutes remaining.
19:00:11 (Game 39) - Initializing game with players: [MiniMaxRandomPlayer, MultithreadedUCTPlayer]
19:00:11 (Game 39) - Playing game...
19:01:07 (Game 39) - WARNING: This match contains errors from the following players: [MultithreadedUCTPlayer, MiniMaxRandomPlayer]
19:01:07 (Game 39) - Completed game with scores [100, 0]
19:01:07 (Game 39) - Cumulative scores: MiniMaxRandomPlayer=3000 MultithreadedUCTPlayer=900 
19:01:07 (Game 39) - Saving match to file nineBoardTicTacToe-MiniMaxRandomPlayer-vs-MultithreadedUCTPlayer-20160504_163146/game39.json
19:01:07 - Finished 39 of 100 games in 149.11 minutes. Estimated 233.22 minutes remaining.
19:01:10 (Game 40) - Initializing game with players: [MultithreadedUCTPlayer, MiniMaxRandomPlayer]
19:01:10 (Game 40) - Playing game...
19:05:46 (Game 40) - Completed game with scores [0, 100]
19:05:46 (Game 40) - Cumulative scores: MiniMaxRandomPlayer=3100 MultithreadedUCTPlayer=900 
19:05:46 (Game 40) - Saving match to file nineBoardTicTacToe-MiniMaxRandomPlayer-vs-MultithreadedUCTPlayer-20160504_163146/game40.json
19:05:46 - Finished 40 of 100 games in 153.75 minutes. Estimated 230.62 minutes remaining.
19:05:49 (Game 41) - Initializing game with players: [MiniMaxRandomPlayer, MultithreadedUCTPlayer]
19:05:49 (Game 41) - Playing game...
19:06:47 (Game 41) - WARNING: This match contains errors from the following players: [MultithreadedUCTPlayer, MiniMaxRandomPlayer]
19:06:47 (Game 41) - Completed game with scores [100, 0]
19:06:47 (Game 41) - Cumulative scores: MiniMaxRandomPlayer=3200 MultithreadedUCTPlayer=900 
19:06:47 (Game 41) - Saving match to file nineBoardTicTacToe-MiniMaxRandomPlayer-vs-MultithreadedUCTPlayer-20160504_163146/game41.json
19:06:47 - Finished 41 of 100 games in 154.76 minutes. Estimated 222.71 minutes remaining.
19:06:50 (Game 42) - Initializing game with players: [MultithreadedUCTPlayer, MiniMaxRandomPlayer]
19:06:50 (Game 42) - Playing game...
19:09:54 (Game 42) - Completed game with scores [0, 100]
19:09:54 (Game 42) - Cumulative scores: MiniMaxRandomPlayer=3300 MultithreadedUCTPlayer=900 
19:09:54 (Game 42) - Saving match to file nineBoardTicTacToe-MiniMaxRandomPlayer-vs-MultithreadedUCTPlayer-20160504_163146/game42.json
19:09:54 - Finished 42 of 100 games in 157.88 minutes. Estimated 218.03 minutes remaining.
19:09:57 (Game 43) - Initializing game with players: [MiniMaxRandomPlayer, MultithreadedUCTPlayer]
19:09:57 (Game 43) - Playing game...
19:10:52 (Game 43) - WARNING: This match contains errors from the following players: [MultithreadedUCTPlayer, MiniMaxRandomPlayer]
19:10:52 (Game 43) - Completed game with scores [100, 0]
19:10:52 (Game 43) - Cumulative scores: MiniMaxRandomPlayer=3400 MultithreadedUCTPlayer=900 
19:10:52 (Game 43) - Saving match to file nineBoardTicTacToe-MiniMaxRandomPlayer-vs-MultithreadedUCTPlayer-20160504_163146/game43.json
19:10:52 - Finished 43 of 100 games in 158.86 minutes. Estimated 210.58 minutes remaining.
19:10:55 (Game 44) - Initializing game with players: [MultithreadedUCTPlayer, MiniMaxRandomPlayer]
19:10:55 (Game 44) - Playing game...
19:18:13 (Game 44) - Completed game with scores [0, 100]
19:18:13 (Game 44) - Cumulative scores: MiniMaxRandomPlayer=3500 MultithreadedUCTPlayer=900 
19:18:13 (Game 44) - Saving match to file nineBoardTicTacToe-MiniMaxRandomPlayer-vs-MultithreadedUCTPlayer-20160504_163146/game44.json
19:18:13 - Finished 44 of 100 games in 166.21 minutes. Estimated 211.54 minutes remaining.
19:18:16 (Game 45) - Initializing game with players: [MiniMaxRandomPlayer, MultithreadedUCTPlayer]
19:18:16 (Game 45) - Playing game...
19:18:58 (Game 45) - WARNING: This match contains errors from the following players: [MultithreadedUCTPlayer, MiniMaxRandomPlayer]
19:18:58 (Game 45) - Completed game with scores [100, 0]
19:18:58 (Game 45) - Cumulative scores: MiniMaxRandomPlayer=3600 MultithreadedUCTPlayer=900 
19:18:58 (Game 45) - Saving match to file nineBoardTicTacToe-MiniMaxRandomPlayer-vs-MultithreadedUCTPlayer-20160504_163146/game45.json
19:18:58 - Finished 45 of 100 games in 166.95 minutes. Estimated 204.05 minutes remaining.
19:19:01 (Game 46) - Initializing game with players: [MultithreadedUCTPlayer, MiniMaxRandomPlayer]
19:19:01 (Game 46) - Playing game...
19:24:21 (Game 46) - Completed game with scores [100, 0]
19:24:21 (Game 46) - Cumulative scores: MiniMaxRandomPlayer=3600 MultithreadedUCTPlayer=1000 
19:24:21 (Game 46) - Saving match to file nineBoardTicTacToe-MiniMaxRandomPlayer-vs-MultithreadedUCTPlayer-20160504_163146/game46.json
19:24:21 - Finished 46 of 100 games in 172.33 minutes. Estimated 202.31 minutes remaining.
19:24:24 (Game 47) - Initializing game with players: [MiniMaxRandomPlayer, MultithreadedUCTPlayer]
19:24:24 (Game 47) - Playing game...
19:25:26 (Game 47) - WARNING: This match contains errors from the following players: [MultithreadedUCTPlayer, MiniMaxRandomPlayer]
19:25:26 (Game 47) - Completed game with scores [100, 0]
19:25:26 (Game 47) - Cumulative scores: MiniMaxRandomPlayer=3700 MultithreadedUCTPlayer=1000 
19:25:26 (Game 47) - Saving match to file nineBoardTicTacToe-MiniMaxRandomPlayer-vs-MultithreadedUCTPlayer-20160504_163146/game47.json
19:25:26 - Finished 47 of 100 games in 173.41 minutes. Estimated 195.55 minutes remaining.
19:25:29 (Game 48) - Initializing game with players: [MultithreadedUCTPlayer, MiniMaxRandomPlayer]
19:25:29 (Game 48) - Playing game...
19:31:16 (Game 48) - Completed game with scores [0, 100]
19:31:16 (Game 48) - Cumulative scores: MiniMaxRandomPlayer=3800 MultithreadedUCTPlayer=1000 
19:31:16 (Game 48) - Saving match to file nineBoardTicTacToe-MiniMaxRandomPlayer-vs-MultithreadedUCTPlayer-20160504_163146/game48.json
19:31:16 - Finished 48 of 100 games in 179.25 minutes. Estimated 194.19 minutes remaining.
19:31:19 (Game 49) - Initializing game with players: [MiniMaxRandomPlayer, MultithreadedUCTPlayer]
19:31:19 (Game 49) - Playing game...
19:32:20 (Game 49) - WARNING: This match contains errors from the following players: [MultithreadedUCTPlayer, MiniMaxRandomPlayer]
19:32:20 (Game 49) - Completed game with scores [100, 0]
19:32:20 (Game 49) - Cumulative scores: MiniMaxRandomPlayer=3900 MultithreadedUCTPlayer=1000 
19:32:20 (Game 49) - Saving match to file nineBoardTicTacToe-MiniMaxRandomPlayer-vs-MultithreadedUCTPlayer-20160504_163146/game49.json
19:32:20 - Finished 49 of 100 games in 180.32 minutes. Estimated 187.68 minutes remaining.
19:32:23 (Game 50) - Initializing game with players: [MultithreadedUCTPlayer, MiniMaxRandomPlayer]
19:32:23 (Game 50) - Playing game...
19:36:21 (Game 50) - Completed game with scores [0, 100]
19:36:21 (Game 50) - Cumulative scores: MiniMaxRandomPlayer=4000 MultithreadedUCTPlayer=1000 
19:36:21 (Game 50) - Saving match to file nineBoardTicTacToe-MiniMaxRandomPlayer-vs-MultithreadedUCTPlayer-20160504_163146/game50.json
19:36:21 - Finished 50 of 100 games in 184.33 minutes. Estimated 184.33 minutes remaining.
19:36:24 (Game 51) - Initializing game with players: [MiniMaxRandomPlayer, MultithreadedUCTPlayer]
19:36:24 (Game 51) - Playing game...
19:37:12 (Game 51) - WARNING: This match contains errors from the following players: [MultithreadedUCTPlayer, MiniMaxRandomPlayer]
19:37:12 (Game 51) - Completed game with scores [100, 0]
19:37:12 (Game 51) - Cumulative scores: MiniMaxRandomPlayer=4100 MultithreadedUCTPlayer=1000 
19:37:12 (Game 51) - Saving match to file nineBoardTicTacToe-MiniMaxRandomPlayer-vs-MultithreadedUCTPlayer-20160504_163146/game51.json
19:37:12 - Finished 51 of 100 games in 185.19 minutes. Estimated 177.93 minutes remaining.
19:37:15 (Game 52) - Initializing game with players: [MultithreadedUCTPlayer, MiniMaxRandomPlayer]
19:37:15 (Game 52) - Playing game...
19:40:19 (Game 52) - Completed game with scores [0, 100]
19:40:19 (Game 52) - Cumulative scores: MiniMaxRandomPlayer=4200 MultithreadedUCTPlayer=1000 
19:40:19 (Game 52) - Saving match to file nineBoardTicTacToe-MiniMaxRandomPlayer-vs-MultithreadedUCTPlayer-20160504_163146/game52.json
19:40:19 - Finished 52 of 100 games in 188.30 minutes. Estimated 173.81 minutes remaining.
19:40:22 (Game 53) - Initializing game with players: [MiniMaxRandomPlayer, MultithreadedUCTPlayer]
19:40:22 (Game 53) - Playing game...
19:41:12 (Game 53) - WARNING: This match contains errors from the following players: [MultithreadedUCTPlayer, MiniMaxRandomPlayer]
19:41:12 (Game 53) - Completed game with scores [100, 0]
19:41:12 (Game 53) - Cumulative scores: MiniMaxRandomPlayer=4300 MultithreadedUCTPlayer=1000 
19:41:12 (Game 53) - Saving match to file nineBoardTicTacToe-MiniMaxRandomPlayer-vs-MultithreadedUCTPlayer-20160504_163146/game53.json
19:41:12 - Finished 53 of 100 games in 189.19 minutes. Estimated 167.78 minutes remaining.
19:41:15 (Game 54) - Initializing game with players: [MultithreadedUCTPlayer, MiniMaxRandomPlayer]
19:41:15 (Game 54) - Playing game...
19:47:21 (Game 54) - Completed game with scores [0, 100]
19:47:21 (Game 54) - Cumulative scores: MiniMaxRandomPlayer=4400 MultithreadedUCTPlayer=1000 
19:47:21 (Game 54) - Saving match to file nineBoardTicTacToe-MiniMaxRandomPlayer-vs-MultithreadedUCTPlayer-20160504_163146/game54.json
19:47:21 - Finished 54 of 100 games in 195.33 minutes. Estimated 166.39 minutes remaining.
19:47:24 (Game 55) - Initializing game with players: [MiniMaxRandomPlayer, MultithreadedUCTPlayer]
19:47:24 (Game 55) - Playing game...
19:52:17 (Game 55) - WARNING: This match contains errors from the following players: [MiniMaxRandomPlayer]
19:52:17 (Game 55) - Completed game with scores [100, 0]
19:52:17 (Game 55) - Cumulative scores: MiniMaxRandomPlayer=4500 MultithreadedUCTPlayer=1000 
19:52:17 (Game 55) - Saving match to file nineBoardTicTacToe-MiniMaxRandomPlayer-vs-MultithreadedUCTPlayer-20160504_163146/game55.json
19:52:17 - Finished 55 of 100 games in 200.27 minutes. Estimated 163.86 minutes remaining.
19:52:20 (Game 56) - Initializing game with players: [MultithreadedUCTPlayer, MiniMaxRandomPlayer]
19:52:20 (Game 56) - Playing game...
19:58:35 (Game 56) - Completed game with scores [100, 0]
19:58:35 (Game 56) - Cumulative scores: MiniMaxRandomPlayer=4500 MultithreadedUCTPlayer=1100 
19:58:35 (Game 56) - Saving match to file nineBoardTicTacToe-MiniMaxRandomPlayer-vs-MultithreadedUCTPlayer-20160504_163146/game56.json
19:58:35 - Finished 56 of 100 games in 206.56 minutes. Estimated 162.30 minutes remaining.
19:58:38 (Game 57) - Initializing game with players: [MiniMaxRandomPlayer, MultithreadedUCTPlayer]
19:58:38 (Game 57) - Playing game...
19:59:32 (Game 57) - WARNING: This match contains errors from the following players: [MultithreadedUCTPlayer, MiniMaxRandomPlayer]
19:59:32 (Game 57) - Completed game with scores [100, 0]
19:59:32 (Game 57) - Cumulative scores: MiniMaxRandomPlayer=4600 MultithreadedUCTPlayer=1100 
19:59:32 (Game 57) - Saving match to file nineBoardTicTacToe-MiniMaxRandomPlayer-vs-MultithreadedUCTPlayer-20160504_163146/game57.json
19:59:32 - Finished 57 of 100 games in 207.52 minutes. Estimated 156.55 minutes remaining.
19:59:35 (Game 58) - Initializing game with players: [MultithreadedUCTPlayer, MiniMaxRandomPlayer]
19:59:35 (Game 58) - Playing game...
20:04:46 (Game 58) - Completed game with scores [0, 100]
20:04:46 (Game 58) - Cumulative scores: MiniMaxRandomPlayer=4700 MultithreadedUCTPlayer=1100 
20:04:46 (Game 58) - Saving match to file nineBoardTicTacToe-MiniMaxRandomPlayer-vs-MultithreadedUCTPlayer-20160504_163146/game58.json
20:04:46 - Finished 58 of 100 games in 212.75 minutes. Estimated 154.06 minutes remaining.
20:04:49 (Game 59) - Initializing game with players: [MiniMaxRandomPlayer, MultithreadedUCTPlayer]
20:04:49 (Game 59) - Playing game...
20:05:37 (Game 59) - WARNING: This match contains errors from the following players: [MultithreadedUCTPlayer, MiniMaxRandomPlayer]
20:05:37 (Game 59) - Completed game with scores [100, 0]
20:05:37 (Game 59) - Cumulative scores: MiniMaxRandomPlayer=4800 MultithreadedUCTPlayer=1100 
20:05:37 (Game 59) - Saving match to file nineBoardTicTacToe-MiniMaxRandomPlayer-vs-MultithreadedUCTPlayer-20160504_163146/game59.json
20:05:37 - Finished 59 of 100 games in 213.61 minutes. Estimated 148.44 minutes remaining.
20:05:40 (Game 60) - Initializing game with players: [MultithreadedUCTPlayer, MiniMaxRandomPlayer]
20:05:40 (Game 60) - Playing game...
20:06:54 (Game 60) - Completed game with scores [0, 100]
20:06:54 (Game 60) - Cumulative scores: MiniMaxRandomPlayer=4900 MultithreadedUCTPlayer=1100 
20:06:54 (Game 60) - Saving match to file nineBoardTicTacToe-MiniMaxRandomPlayer-vs-MultithreadedUCTPlayer-20160504_163146/game60.json
20:06:54 - Finished 60 of 100 games in 214.88 minutes. Estimated 143.25 minutes remaining.
20:06:57 (Game 61) - Initializing game with players: [MiniMaxRandomPlayer, MultithreadedUCTPlayer]
20:06:57 (Game 61) - Playing game...
20:07:48 (Game 61) - WARNING: This match contains errors from the following players: [MultithreadedUCTPlayer, MiniMaxRandomPlayer]
20:07:48 (Game 61) - Completed game with scores [100, 0]
20:07:48 (Game 61) - Cumulative scores: MiniMaxRandomPlayer=5000 MultithreadedUCTPlayer=1100 
20:07:48 (Game 61) - Saving match to file nineBoardTicTacToe-MiniMaxRandomPlayer-vs-MultithreadedUCTPlayer-20160504_163146/game61.json
20:07:48 - Finished 61 of 100 games in 215.78 minutes. Estimated 137.96 minutes remaining.
20:07:51 (Game 62) - Initializing game with players: [MultithreadedUCTPlayer, MiniMaxRandomPlayer]
20:07:51 (Game 62) - Playing game...
20:12:26 (Game 62) - Completed game with scores [0, 100]
20:12:26 (Game 62) - Cumulative scores: MiniMaxRandomPlayer=5100 MultithreadedUCTPlayer=1100 
20:12:26 (Game 62) - Saving match to file nineBoardTicTacToe-MiniMaxRandomPlayer-vs-MultithreadedUCTPlayer-20160504_163146/game62.json
20:12:26 - Finished 62 of 100 games in 220.42 minutes. Estimated 135.09 minutes remaining.
20:12:29 (Game 63) - Initializing game with players: [MiniMaxRandomPlayer, MultithreadedUCTPlayer]
20:12:29 (Game 63) - Playing game...
20:17:41 (Game 63) - WARNING: This match contains errors from the following players: [MiniMaxRandomPlayer]
20:17:41 (Game 63) - Completed game with scores [100, 0]
20:17:41 (Game 63) - Cumulative scores: MiniMaxRandomPlayer=5200 MultithreadedUCTPlayer=1100 
20:17:41 (Game 63) - Saving match to file nineBoardTicTacToe-MiniMaxRandomPlayer-vs-MultithreadedUCTPlayer-20160504_163146/game63.json
20:17:41 - Finished 63 of 100 games in 225.67 minutes. Estimated 132.54 minutes remaining.
20:17:44 (Game 64) - Initializing game with players: [MultithreadedUCTPlayer, MiniMaxRandomPlayer]
20:17:44 (Game 64) - Playing game...
20:23:41 (Game 64) - Completed game with scores [100, 0]
20:23:41 (Game 64) - Cumulative scores: MiniMaxRandomPlayer=5200 MultithreadedUCTPlayer=1200 
20:23:41 (Game 64) - Saving match to file nineBoardTicTacToe-MiniMaxRandomPlayer-vs-MultithreadedUCTPlayer-20160504_163146/game64.json
20:23:41 - Finished 64 of 100 games in 231.67 minutes. Estimated 130.31 minutes remaining.
20:23:44 (Game 65) - Initializing game with players: [MiniMaxRandomPlayer, MultithreadedUCTPlayer]
20:23:44 (Game 65) - Playing game...
20:24:35 (Game 65) - WARNING: This match contains errors from the following players: [MultithreadedUCTPlayer, MiniMaxRandomPlayer]
20:24:35 (Game 65) - Completed game with scores [100, 0]
20:24:35 (Game 65) - Cumulative scores: MiniMaxRandomPlayer=5300 MultithreadedUCTPlayer=1200 
20:24:35 (Game 65) - Saving match to file nineBoardTicTacToe-MiniMaxRandomPlayer-vs-MultithreadedUCTPlayer-20160504_163146/game65.json
20:24:35 - Finished 65 of 100 games in 232.57 minutes. Estimated 125.23 minutes remaining.
20:24:38 (Game 66) - Initializing game with players: [MultithreadedUCTPlayer, MiniMaxRandomPlayer]
20:24:38 (Game 66) - Playing game...
20:31:29 (Game 66) - Completed game with scores [100, 0]
20:31:29 (Game 66) - Cumulative scores: MiniMaxRandomPlayer=5300 MultithreadedUCTPlayer=1300 
20:31:29 (Game 66) - Saving match to file nineBoardTicTacToe-MiniMaxRandomPlayer-vs-MultithreadedUCTPlayer-20160504_163146/game66.json
20:31:29 - Finished 66 of 100 games in 239.47 minutes. Estimated 123.36 minutes remaining.
20:31:32 (Game 67) - Initializing game with players: [MiniMaxRandomPlayer, MultithreadedUCTPlayer]
20:31:32 (Game 67) - Playing game...
20:32:23 (Game 67) - WARNING: This match contains errors from the following players: [MultithreadedUCTPlayer, MiniMaxRandomPlayer]
20:32:23 (Game 67) - Completed game with scores [100, 0]
20:32:23 (Game 67) - Cumulative scores: MiniMaxRandomPlayer=5400 MultithreadedUCTPlayer=1300 
20:32:23 (Game 67) - Saving match to file nineBoardTicTacToe-MiniMaxRandomPlayer-vs-MultithreadedUCTPlayer-20160504_163146/game67.json
20:32:23 - Finished 67 of 100 games in 240.37 minutes. Estimated 118.39 minutes remaining.
20:32:26 (Game 68) - Initializing game with players: [MultithreadedUCTPlayer, MiniMaxRandomPlayer]
20:32:26 (Game 68) - Playing game...
20:38:23 (Game 68) - Completed game with scores [100, 0]
20:38:23 (Game 68) - Cumulative scores: MiniMaxRandomPlayer=5400 MultithreadedUCTPlayer=1400 
20:38:23 (Game 68) - Saving match to file nineBoardTicTacToe-MiniMaxRandomPlayer-vs-MultithreadedUCTPlayer-20160504_163146/game68.json
20:38:23 - Finished 68 of 100 games in 246.37 minutes. Estimated 115.94 minutes remaining.
20:38:26 (Game 69) - Initializing game with players: [MiniMaxRandomPlayer, MultithreadedUCTPlayer]
20:38:26 (Game 69) - Playing game...
20:39:25 (Game 69) - WARNING: This match contains errors from the following players: [MultithreadedUCTPlayer, MiniMaxRandomPlayer]
20:39:25 (Game 69) - Completed game with scores [100, 0]
20:39:25 (Game 69) - Cumulative scores: MiniMaxRandomPlayer=5500 MultithreadedUCTPlayer=1400 
20:39:25 (Game 69) - Saving match to file nineBoardTicTacToe-MiniMaxRandomPlayer-vs-MultithreadedUCTPlayer-20160504_163146/game69.json
20:39:25 - Finished 69 of 100 games in 247.40 minutes. Estimated 111.15 minutes remaining.
20:39:28 (Game 70) - Initializing game with players: [MultithreadedUCTPlayer, MiniMaxRandomPlayer]
20:39:28 (Game 70) - Playing game...
20:43:45 (Game 70) - Completed game with scores [0, 100]
20:43:45 (Game 70) - Cumulative scores: MiniMaxRandomPlayer=5600 MultithreadedUCTPlayer=1400 
20:43:45 (Game 70) - Saving match to file nineBoardTicTacToe-MiniMaxRandomPlayer-vs-MultithreadedUCTPlayer-20160504_163146/game70.json
20:43:45 - Finished 70 of 100 games in 251.73 minutes. Estimated 107.89 minutes remaining.
20:43:48 (Game 71) - Initializing game with players: [MiniMaxRandomPlayer, MultithreadedUCTPlayer]
20:43:48 (Game 71) - Playing game...
20:44:44 (Game 71) - WARNING: This match contains errors from the following players: [MultithreadedUCTPlayer, MiniMaxRandomPlayer]
20:44:44 (Game 71) - Completed game with scores [100, 0]
20:44:44 (Game 71) - Cumulative scores: MiniMaxRandomPlayer=5700 MultithreadedUCTPlayer=1400 
20:44:44 (Game 71) - Saving match to file nineBoardTicTacToe-MiniMaxRandomPlayer-vs-MultithreadedUCTPlayer-20160504_163146/game71.json
20:44:44 - Finished 71 of 100 games in 252.72 minutes. Estimated 103.22 minutes remaining.
20:44:47 (Game 72) - Initializing game with players: [MultithreadedUCTPlayer, MiniMaxRandomPlayer]
20:44:47 (Game 72) - Playing game...
20:50:53 (Game 72) - Completed game with scores [0, 100]
20:50:53 (Game 72) - Cumulative scores: MiniMaxRandomPlayer=5800 MultithreadedUCTPlayer=1400 
20:50:53 (Game 72) - Saving match to file nineBoardTicTacToe-MiniMaxRandomPlayer-vs-MultithreadedUCTPlayer-20160504_163146/game72.json
20:50:53 - Finished 72 of 100 games in 258.86 minutes. Estimated 100.67 minutes remaining.
20:50:56 (Game 73) - Initializing game with players: [MiniMaxRandomPlayer, MultithreadedUCTPlayer]
20:50:56 (Game 73) - Playing game...
20:51:56 (Game 73) - WARNING: This match contains errors from the following players: [MultithreadedUCTPlayer, MiniMaxRandomPlayer]
20:51:56 (Game 73) - Completed game with scores [100, 0]
20:51:56 (Game 73) - Cumulative scores: MiniMaxRandomPlayer=5900 MultithreadedUCTPlayer=1400 
20:51:56 (Game 73) - Saving match to file nineBoardTicTacToe-MiniMaxRandomPlayer-vs-MultithreadedUCTPlayer-20160504_163146/game73.json
20:51:56 - Finished 73 of 100 games in 259.92 minutes. Estimated 96.14 minutes remaining.
20:51:59 (Game 74) - Initializing game with players: [MultithreadedUCTPlayer, MiniMaxRandomPlayer]
20:51:59 (Game 74) - Playing game...
20:57:47 (Game 74) - Completed game with scores [0, 100]
20:57:47 (Game 74) - Cumulative scores: MiniMaxRandomPlayer=6000 MultithreadedUCTPlayer=1400 
20:57:47 (Game 74) - Saving match to file nineBoardTicTacToe-MiniMaxRandomPlayer-vs-MultithreadedUCTPlayer-20160504_163146/game74.json
20:57:47 - Finished 74 of 100 games in 265.77 minutes. Estimated 93.38 minutes remaining.
20:57:50 (Game 75) - Initializing game with players: [MiniMaxRandomPlayer, MultithreadedUCTPlayer]
20:57:50 (Game 75) - Playing game...
21:03:28 (Game 75) - WARNING: This match contains errors from the following players: [MiniMaxRandomPlayer]
21:03:28 (Game 75) - Completed game with scores [0, 100]
21:03:28 (Game 75) - Cumulative scores: MiniMaxRandomPlayer=6000 MultithreadedUCTPlayer=1500 
21:03:28 (Game 75) - Saving match to file nineBoardTicTacToe-MiniMaxRandomPlayer-vs-MultithreadedUCTPlayer-20160504_163146/game75.json
21:03:28 - Finished 75 of 100 games in 271.45 minutes. Estimated 90.48 minutes remaining.
21:03:31 (Game 76) - Initializing game with players: [MultithreadedUCTPlayer, MiniMaxRandomPlayer]
21:03:31 (Game 76) - Playing game...
21:07:48 (Game 76) - Completed game with scores [0, 100]
21:07:48 (Game 76) - Cumulative scores: MiniMaxRandomPlayer=6100 MultithreadedUCTPlayer=1500 
21:07:48 (Game 76) - Saving match to file nineBoardTicTacToe-MiniMaxRandomPlayer-vs-MultithreadedUCTPlayer-20160504_163146/game76.json
21:07:48 - Finished 76 of 100 games in 275.78 minutes. Estimated 87.09 minutes remaining.
21:07:51 (Game 77) - Initializing game with players: [MiniMaxRandomPlayer, MultithreadedUCTPlayer]
21:07:51 (Game 77) - Playing game...
21:08:49 (Game 77) - WARNING: This match contains errors from the following players: [MultithreadedUCTPlayer, MiniMaxRandomPlayer]
21:08:49 (Game 77) - Completed game with scores [100, 0]
21:08:49 (Game 77) - Cumulative scores: MiniMaxRandomPlayer=6200 MultithreadedUCTPlayer=1500 
21:08:49 (Game 77) - Saving match to file nineBoardTicTacToe-MiniMaxRandomPlayer-vs-MultithreadedUCTPlayer-20160504_163146/game77.json
21:08:49 - Finished 77 of 100 games in 276.81 minutes. Estimated 82.68 minutes remaining.
21:08:52 (Game 78) - Initializing game with players: [MultithreadedUCTPlayer, MiniMaxRandomPlayer]
21:08:52 (Game 78) - Playing game...
21:13:09 (Game 78) - Completed game with scores [0, 100]
21:13:09 (Game 78) - Cumulative scores: MiniMaxRandomPlayer=6300 MultithreadedUCTPlayer=1500 
21:13:09 (Game 78) - Saving match to file nineBoardTicTacToe-MiniMaxRandomPlayer-vs-MultithreadedUCTPlayer-20160504_163146/game78.json
21:13:09 - Finished 78 of 100 games in 281.14 minutes. Estimated 79.30 minutes remaining.
21:13:12 (Game 79) - Initializing game with players: [MiniMaxRandomPlayer, MultithreadedUCTPlayer]
21:13:12 (Game 79) - Playing game...
21:13:51 (Game 79) - WARNING: This match contains errors from the following players: [MultithreadedUCTPlayer, MiniMaxRandomPlayer]
21:13:51 (Game 79) - Completed game with scores [100, 0]
21:13:51 (Game 79) - Cumulative scores: MiniMaxRandomPlayer=6400 MultithreadedUCTPlayer=1500 
21:13:51 (Game 79) - Saving match to file nineBoardTicTacToe-MiniMaxRandomPlayer-vs-MultithreadedUCTPlayer-20160504_163146/game79.json
21:13:51 - Finished 79 of 100 games in 281.83 minutes. Estimated 74.92 minutes remaining.
21:13:54 (Game 80) - Initializing game with players: [MultithreadedUCTPlayer, MiniMaxRandomPlayer]
21:13:54 (Game 80) - Playing game...
21:20:44 (Game 80) - Completed game with scores [100, 0]
21:20:44 (Game 80) - Cumulative scores: MiniMaxRandomPlayer=6400 MultithreadedUCTPlayer=1600 
21:20:44 (Game 80) - Saving match to file nineBoardTicTacToe-MiniMaxRandomPlayer-vs-MultithreadedUCTPlayer-20160504_163146/game80.json
21:20:44 - Finished 80 of 100 games in 288.72 minutes. Estimated 72.18 minutes remaining.
21:20:47 (Game 81) - Initializing game with players: [MiniMaxRandomPlayer, MultithreadedUCTPlayer]
21:20:47 (Game 81) - Playing game...
21:21:44 (Game 81) - WARNING: This match contains errors from the following players: [MultithreadedUCTPlayer, MiniMaxRandomPlayer]
21:21:44 (Game 81) - Completed game with scores [100, 0]
21:21:44 (Game 81) - Cumulative scores: MiniMaxRandomPlayer=6500 MultithreadedUCTPlayer=1600 
21:21:44 (Game 81) - Saving match to file nineBoardTicTacToe-MiniMaxRandomPlayer-vs-MultithreadedUCTPlayer-20160504_163146/game81.json
21:21:44 - Finished 81 of 100 games in 289.72 minutes. Estimated 67.96 minutes remaining.
21:21:47 (Game 82) - Initializing game with players: [MultithreadedUCTPlayer, MiniMaxRandomPlayer]
21:21:47 (Game 82) - Playing game...
21:27:16 (Game 82) - Completed game with scores [0, 100]
21:27:16 (Game 82) - Cumulative scores: MiniMaxRandomPlayer=6600 MultithreadedUCTPlayer=1600 
21:27:16 (Game 82) - Saving match to file nineBoardTicTacToe-MiniMaxRandomPlayer-vs-MultithreadedUCTPlayer-20160504_163146/game82.json
21:27:16 - Finished 82 of 100 games in 295.26 minutes. Estimated 64.81 minutes remaining.
21:27:19 (Game 83) - Initializing game with players: [MiniMaxRandomPlayer, MultithreadedUCTPlayer]
21:27:19 (Game 83) - Playing game...
21:28:18 (Game 83) - WARNING: This match contains errors from the following players: [MultithreadedUCTPlayer, MiniMaxRandomPlayer]
21:28:18 (Game 83) - Completed game with scores [100, 0]
21:28:18 (Game 83) - Cumulative scores: MiniMaxRandomPlayer=6700 MultithreadedUCTPlayer=1600 
21:28:18 (Game 83) - Saving match to file nineBoardTicTacToe-MiniMaxRandomPlayer-vs-MultithreadedUCTPlayer-20160504_163146/game83.json
21:28:18 - Finished 83 of 100 games in 296.29 minutes. Estimated 60.69 minutes remaining.
21:28:21 (Game 84) - Initializing game with players: [MultithreadedUCTPlayer, MiniMaxRandomPlayer]
21:28:21 (Game 84) - Playing game...
21:33:32 (Game 84) - Completed game with scores [0, 100]
21:33:32 (Game 84) - Cumulative scores: MiniMaxRandomPlayer=6800 MultithreadedUCTPlayer=1600 
21:33:32 (Game 84) - Saving match to file nineBoardTicTacToe-MiniMaxRandomPlayer-vs-MultithreadedUCTPlayer-20160504_163146/game84.json
21:33:32 - Finished 84 of 100 games in 301.53 minutes. Estimated 57.43 minutes remaining.
21:33:35 (Game 85) - Initializing game with players: [MiniMaxRandomPlayer, MultithreadedUCTPlayer]
21:33:35 (Game 85) - Playing game...
21:34:24 (Game 85) - WARNING: This match contains errors from the following players: [MultithreadedUCTPlayer, MiniMaxRandomPlayer]
21:34:24 (Game 85) - Completed game with scores [100, 0]
21:34:24 (Game 85) - Cumulative scores: MiniMaxRandomPlayer=6900 MultithreadedUCTPlayer=1600 
21:34:24 (Game 85) - Saving match to file nineBoardTicTacToe-MiniMaxRandomPlayer-vs-MultithreadedUCTPlayer-20160504_163146/game85.json
21:34:24 - Finished 85 of 100 games in 302.39 minutes. Estimated 53.36 minutes remaining.
21:34:27 (Game 86) - Initializing game with players: [MultithreadedUCTPlayer, MiniMaxRandomPlayer]
21:34:27 (Game 86) - Playing game...
21:40:51 (Game 86) - Completed game with scores [0, 100]
21:40:51 (Game 86) - Cumulative scores: MiniMaxRandomPlayer=7000 MultithreadedUCTPlayer=1600 
21:40:51 (Game 86) - Saving match to file nineBoardTicTacToe-MiniMaxRandomPlayer-vs-MultithreadedUCTPlayer-20160504_163146/game86.json
21:40:51 - Finished 86 of 100 games in 308.83 minutes. Estimated 50.27 minutes remaining.
21:40:54 (Game 87) - Initializing game with players: [MiniMaxRandomPlayer, MultithreadedUCTPlayer]
21:40:54 (Game 87) - Playing game...
21:41:41 (Game 87) - WARNING: This match contains errors from the following players: [MultithreadedUCTPlayer, MiniMaxRandomPlayer]
21:41:41 (Game 87) - Completed game with scores [100, 0]
21:41:41 (Game 87) - Cumulative scores: MiniMaxRandomPlayer=7100 MultithreadedUCTPlayer=1600 
21:41:41 (Game 87) - Saving match to file nineBoardTicTacToe-MiniMaxRandomPlayer-vs-MultithreadedUCTPlayer-20160504_163146/game87.json
21:41:41 - Finished 87 of 100 games in 309.68 minutes. Estimated 46.27 minutes remaining.
21:41:44 (Game 88) - Initializing game with players: [MultithreadedUCTPlayer, MiniMaxRandomPlayer]
21:41:44 (Game 88) - Playing game...
21:46:38 (Game 88) - Completed game with scores [0, 100]
21:46:38 (Game 88) - Cumulative scores: MiniMaxRandomPlayer=7200 MultithreadedUCTPlayer=1600 
21:46:38 (Game 88) - Saving match to file nineBoardTicTacToe-MiniMaxRandomPlayer-vs-MultithreadedUCTPlayer-20160504_163146/game88.json
21:46:38 - Finished 88 of 100 games in 314.61 minutes. Estimated 42.90 minutes remaining.
21:46:41 (Game 89) - Initializing game with players: [MiniMaxRandomPlayer, MultithreadedUCTPlayer]
21:46:41 (Game 89) - Playing game...
21:47:31 (Game 89) - WARNING: This match contains errors from the following players: [MultithreadedUCTPlayer, MiniMaxRandomPlayer]
21:47:31 (Game 89) - Completed game with scores [100, 0]
21:47:31 (Game 89) - Cumulative scores: MiniMaxRandomPlayer=7300 MultithreadedUCTPlayer=1600 
21:47:31 (Game 89) - Saving match to file nineBoardTicTacToe-MiniMaxRandomPlayer-vs-MultithreadedUCTPlayer-20160504_163146/game89.json
21:47:31 - Finished 89 of 100 games in 315.51 minutes. Estimated 39.00 minutes remaining.
21:47:34 (Game 90) - Initializing game with players: [MultithreadedUCTPlayer, MiniMaxRandomPlayer]
21:47:34 (Game 90) - Playing game...
21:50:57 (Game 90) - Completed game with scores [0, 100]
21:50:57 (Game 90) - Cumulative scores: MiniMaxRandomPlayer=7400 MultithreadedUCTPlayer=1600 
21:50:57 (Game 90) - Saving match to file nineBoardTicTacToe-MiniMaxRandomPlayer-vs-MultithreadedUCTPlayer-20160504_163146/game90.json
21:50:57 - Finished 90 of 100 games in 318.93 minutes. Estimated 35.44 minutes remaining.
21:51:00 (Game 91) - Initializing game with players: [MiniMaxRandomPlayer, MultithreadedUCTPlayer]
21:51:00 (Game 91) - Playing game...
21:51:56 (Game 91) - WARNING: This match contains errors from the following players: [MultithreadedUCTPlayer, MiniMaxRandomPlayer]
21:51:56 (Game 91) - Completed game with scores [100, 0]
21:51:56 (Game 91) - Cumulative scores: MiniMaxRandomPlayer=7500 MultithreadedUCTPlayer=1600 
21:51:56 (Game 91) - Saving match to file nineBoardTicTacToe-MiniMaxRandomPlayer-vs-MultithreadedUCTPlayer-20160504_163146/game91.json
21:51:56 - Finished 91 of 100 games in 319.93 minutes. Estimated 31.64 minutes remaining.
21:51:59 (Game 92) - Initializing game with players: [MultithreadedUCTPlayer, MiniMaxRandomPlayer]
21:51:59 (Game 92) - Playing game...
21:57:11 (Game 92) - Completed game with scores [0, 100]
21:57:11 (Game 92) - Cumulative scores: MiniMaxRandomPlayer=7600 MultithreadedUCTPlayer=1600 
21:57:11 (Game 92) - Saving match to file nineBoardTicTacToe-MiniMaxRandomPlayer-vs-MultithreadedUCTPlayer-20160504_163146/game92.json
21:57:11 - Finished 92 of 100 games in 325.17 minutes. Estimated 28.28 minutes remaining.
21:57:14 (Game 93) - Initializing game with players: [MiniMaxRandomPlayer, MultithreadedUCTPlayer]
21:57:14 (Game 93) - Playing game...
22:02:53 (Game 93) - WARNING: This match contains errors from the following players: [MiniMaxRandomPlayer]
22:02:53 (Game 93) - Completed game with scores [0, 100]
22:02:53 (Game 93) - Cumulative scores: MiniMaxRandomPlayer=7600 MultithreadedUCTPlayer=1700 
22:02:53 (Game 93) - Saving match to file nineBoardTicTacToe-MiniMaxRandomPlayer-vs-MultithreadedUCTPlayer-20160504_163146/game93.json
22:02:53 - Finished 93 of 100 games in 330.86 minutes. Estimated 24.90 minutes remaining.
22:02:56 (Game 94) - Initializing game with players: [MultithreadedUCTPlayer, MiniMaxRandomPlayer]
22:02:56 (Game 94) - Playing game...
22:08:34 (Game 94) - Completed game with scores [100, 0]
22:08:34 (Game 94) - Cumulative scores: MiniMaxRandomPlayer=7600 MultithreadedUCTPlayer=1800 
22:08:34 (Game 94) - Saving match to file nineBoardTicTacToe-MiniMaxRandomPlayer-vs-MultithreadedUCTPlayer-20160504_163146/game94.json
22:08:34 - Finished 94 of 100 games in 336.55 minutes. Estimated 21.48 minutes remaining.
22:08:37 (Game 95) - Initializing game with players: [MiniMaxRandomPlayer, MultithreadedUCTPlayer]
22:08:37 (Game 95) - Playing game...
22:09:24 (Game 95) - WARNING: This match contains errors from the following players: [MultithreadedUCTPlayer, MiniMaxRandomPlayer]
22:09:24 (Game 95) - Completed game with scores [100, 0]
22:09:24 (Game 95) - Cumulative scores: MiniMaxRandomPlayer=7700 MultithreadedUCTPlayer=1800 
22:09:24 (Game 95) - Saving match to file nineBoardTicTacToe-MiniMaxRandomPlayer-vs-MultithreadedUCTPlayer-20160504_163146/game95.json
22:09:24 - Finished 95 of 100 games in 337.39 minutes. Estimated 17.76 minutes remaining.
22:09:27 (Game 96) - Initializing game with players: [MultithreadedUCTPlayer, MiniMaxRandomPlayer]
22:09:27 (Game 96) - Playing game...
22:14:48 (Game 96) - Completed game with scores [100, 0]
22:14:48 (Game 96) - Cumulative scores: MiniMaxRandomPlayer=7700 MultithreadedUCTPlayer=1900 
22:14:48 (Game 96) - Saving match to file nineBoardTicTacToe-MiniMaxRandomPlayer-vs-MultithreadedUCTPlayer-20160504_163146/game96.json
22:14:48 - Finished 96 of 100 games in 342.78 minutes. Estimated 14.28 minutes remaining.
22:14:51 (Game 97) - Initializing game with players: [MiniMaxRandomPlayer, MultithreadedUCTPlayer]
22:14:51 (Game 97) - Playing game...
22:20:02 (Game 97) - WARNING: This match contains errors from the following players: [MiniMaxRandomPlayer]
22:20:02 (Game 97) - Completed game with scores [100, 0]
22:20:02 (Game 97) - Cumulative scores: MiniMaxRandomPlayer=7800 MultithreadedUCTPlayer=1900 
22:20:02 (Game 97) - Saving match to file nineBoardTicTacToe-MiniMaxRandomPlayer-vs-MultithreadedUCTPlayer-20160504_163146/game97.json
22:20:02 - Finished 97 of 100 games in 348.01 minutes. Estimated 10.76 minutes remaining.
22:20:05 (Game 98) - Initializing game with players: [MultithreadedUCTPlayer, MiniMaxRandomPlayer]
22:20:05 (Game 98) - Playing game...
22:25:16 (Game 98) - Completed game with scores [0, 100]
22:25:16 (Game 98) - Cumulative scores: MiniMaxRandomPlayer=7900 MultithreadedUCTPlayer=1900 
22:25:16 (Game 98) - Saving match to file nineBoardTicTacToe-MiniMaxRandomPlayer-vs-MultithreadedUCTPlayer-20160504_163146/game98.json
22:25:16 - Finished 98 of 100 games in 353.26 minutes. Estimated 7.21 minutes remaining.
22:25:19 (Game 99) - Initializing game with players: [MiniMaxRandomPlayer, MultithreadedUCTPlayer]
22:25:19 (Game 99) - Playing game...
22:31:53 (Game 99) - WARNING: This match contains errors from the following players: [MiniMaxRandomPlayer]
22:31:53 (Game 99) - Completed game with scores [0, 100]
22:31:53 (Game 99) - Cumulative scores: MiniMaxRandomPlayer=7900 MultithreadedUCTPlayer=2000 
22:31:53 (Game 99) - Saving match to file nineBoardTicTacToe-MiniMaxRandomPlayer-vs-MultithreadedUCTPlayer-20160504_163146/game99.json
22:31:53 - Finished 99 of 100 games in 359.86 minutes. Estimated 3.63 minutes remaining.
22:31:56 (Game 100) - Initializing game with players: [MultithreadedUCTPlayer, MiniMaxRandomPlayer]
22:31:56 (Game 100) - Playing game...
22:37:25 (Game 100) - Completed game with scores [0, 100]
22:37:25 (Game 100) - Cumulative scores: MiniMaxRandomPlayer=8000 MultithreadedUCTPlayer=2000 
22:37:25 (Game 100) - Saving match to file nineBoardTicTacToe-MiniMaxRandomPlayer-vs-MultithreadedUCTPlayer-20160504_163146/game100.json
22:37:25 - Finished 100 of 100 games in 365.40 minutes. Estimated 0.00 minutes remaining.
22:37:25 - Successfully finished tournament. 50 matches contained errors.
22:37:25 - Average player scores: MiniMaxRandomPlayer=80.0000 MultithreadedUCTPlayer=20.0000 
