19:24:26 (Game 1) - Initializing game with players: [LearningPlayer, MultithreadedUCTPlayer]
19:24:26 (Game 1) - Playing game...
19:27:41 (Game 1) - WARNING: This match contains errors from the following players: [LearningPlayer]
19:27:41 (Game 1) - Completed game with scores [100, 0]
19:27:41 (Game 1) - Cumulative scores: LearningPlayer=100 MultithreadedUCTPlayer=0 
19:27:41 (Game 1) - Saving match to file nineBoardTicTacToe-LearningPlayer-vs-MultithreadedUCTPlayer-20160506_192409/game1.json
19:27:41 - Finished 1 of 100 games in 3.31 minutes. Estimated 328.16 minutes remaining.
19:27:44 (Game 2) - Initializing game with players: [MultithreadedUCTPlayer, LearningPlayer]
19:27:44 (Game 2) - Playing game...
19:33:39 (Game 2) - Completed game with scores [100, 0]
19:33:39 (Game 2) - Cumulative scores: LearningPlayer=100 MultithreadedUCTPlayer=100 
19:33:39 (Game 2) - Saving match to file nineBoardTicTacToe-LearningPlayer-vs-MultithreadedUCTPlayer-20160506_192409/game2.json
19:33:39 - Finished 2 of 100 games in 9.28 minutes. Estimated 454.48 minutes remaining.
19:33:42 (Game 3) - Initializing game with players: [LearningPlayer, MultithreadedUCTPlayer]
19:33:42 (Game 3) - Playing game...
19:38:28 (Game 3) - WARNING: This match contains errors from the following players: [LearningPlayer]
19:38:28 (Game 3) - Completed game with scores [100, 0]
19:38:28 (Game 3) - Cumulative scores: LearningPlayer=200 MultithreadedUCTPlayer=100 
19:38:28 (Game 3) - Saving match to file nineBoardTicTacToe-LearningPlayer-vs-MultithreadedUCTPlayer-20160506_192409/game3.json
19:38:28 - Finished 3 of 100 games in 14.09 minutes. Estimated 455.57 minutes remaining.
19:38:31 (Game 4) - Initializing game with players: [MultithreadedUCTPlayer, LearningPlayer]
19:38:31 (Game 4) - Playing game...
19:43:22 (Game 4) - Completed game with scores [0, 100]
19:43:22 (Game 4) - Cumulative scores: LearningPlayer=300 MultithreadedUCTPlayer=100 
19:43:22 (Game 4) - Saving match to file nineBoardTicTacToe-LearningPlayer-vs-MultithreadedUCTPlayer-20160506_192409/game4.json
19:43:22 - Finished 4 of 100 games in 19.00 minutes. Estimated 455.93 minutes remaining.
19:43:25 (Game 5) - Initializing game with players: [LearningPlayer, MultithreadedUCTPlayer]
19:43:25 (Game 5) - Playing game...
19:47:36 (Game 5) - WARNING: This match contains errors from the following players: [LearningPlayer]
19:47:36 (Game 5) - Completed game with scores [100, 0]
19:47:36 (Game 5) - Cumulative scores: LearningPlayer=400 MultithreadedUCTPlayer=100 
19:47:36 (Game 5) - Saving match to file nineBoardTicTacToe-LearningPlayer-vs-MultithreadedUCTPlayer-20160506_192409/game5.json
19:47:36 - Finished 5 of 100 games in 23.23 minutes. Estimated 441.36 minutes remaining.
19:47:39 (Game 6) - Initializing game with players: [MultithreadedUCTPlayer, LearningPlayer]
19:47:39 (Game 6) - Playing game...
19:53:19 (Game 6) - Completed game with scores [100, 0]
19:53:19 (Game 6) - Cumulative scores: LearningPlayer=400 MultithreadedUCTPlayer=200 
19:53:19 (Game 6) - Saving match to file nineBoardTicTacToe-LearningPlayer-vs-MultithreadedUCTPlayer-20160506_192409/game6.json
19:53:19 - Finished 6 of 100 games in 28.93 minutes. Estimated 453.28 minutes remaining.
19:53:22 (Game 7) - Initializing game with players: [LearningPlayer, MultithreadedUCTPlayer]
19:53:22 (Game 7) - Playing game...
19:54:13 (Game 7) - WARNING: This match contains errors from the following players: [LearningPlayer]
19:54:13 (Game 7) - Completed game with scores [100, 0]
19:54:13 (Game 7) - Cumulative scores: LearningPlayer=500 MultithreadedUCTPlayer=200 
19:54:13 (Game 7) - Saving match to file nineBoardTicTacToe-LearningPlayer-vs-MultithreadedUCTPlayer-20160506_192409/game7.json
19:54:13 - Finished 7 of 100 games in 29.85 minutes. Estimated 396.53 minutes remaining.
19:54:16 (Game 8) - Initializing game with players: [MultithreadedUCTPlayer, LearningPlayer]
19:54:16 (Game 8) - Playing game...
19:59:28 (Game 8) - Completed game with scores [0, 100]
19:59:28 (Game 8) - Cumulative scores: LearningPlayer=600 MultithreadedUCTPlayer=200 
19:59:28 (Game 8) - Saving match to file nineBoardTicTacToe-LearningPlayer-vs-MultithreadedUCTPlayer-20160506_192409/game8.json
19:59:28 - Finished 8 of 100 games in 35.08 minutes. Estimated 403.46 minutes remaining.
19:59:31 (Game 9) - Initializing game with players: [LearningPlayer, MultithreadedUCTPlayer]
19:59:31 (Game 9) - Playing game...
20:04:54 (Game 9) - WARNING: This match contains errors from the following players: [LearningPlayer]
20:04:54 (Game 9) - Completed game with scores [100, 0]
20:04:54 (Game 9) - Cumulative scores: LearningPlayer=700 MultithreadedUCTPlayer=200 
20:04:54 (Game 9) - Saving match to file nineBoardTicTacToe-LearningPlayer-vs-MultithreadedUCTPlayer-20160506_192409/game9.json
20:04:54 - Finished 9 of 100 games in 40.52 minutes. Estimated 409.66 minutes remaining.
20:04:57 (Game 10) - Initializing game with players: [MultithreadedUCTPlayer, LearningPlayer]
20:04:57 (Game 10) - Playing game...
20:10:43 (Game 10) - Completed game with scores [0, 100]
20:10:43 (Game 10) - Cumulative scores: LearningPlayer=800 MultithreadedUCTPlayer=200 
20:10:43 (Game 10) - Saving match to file nineBoardTicTacToe-LearningPlayer-vs-MultithreadedUCTPlayer-20160506_192409/game10.json
20:10:43 - Finished 10 of 100 games in 46.34 minutes. Estimated 417.04 minutes remaining.
20:10:46 (Game 11) - Initializing game with players: [LearningPlayer, MultithreadedUCTPlayer]
20:10:46 (Game 11) - Playing game...
20:15:51 (Game 11) - WARNING: This match contains errors from the following players: [LearningPlayer]
20:15:51 (Game 11) - Completed game with scores [100, 0]
20:15:51 (Game 11) - Cumulative scores: LearningPlayer=900 MultithreadedUCTPlayer=200 
20:15:51 (Game 11) - Saving match to file nineBoardTicTacToe-LearningPlayer-vs-MultithreadedUCTPlayer-20160506_192409/game11.json
20:15:51 - Finished 11 of 100 games in 51.47 minutes. Estimated 416.42 minutes remaining.
20:15:54 (Game 12) - Initializing game with players: [MultithreadedUCTPlayer, LearningPlayer]
20:15:54 (Game 12) - Playing game...
20:20:27 (Game 12) - Completed game with scores [0, 100]
20:20:27 (Game 12) - Cumulative scores: LearningPlayer=1000 MultithreadedUCTPlayer=200 
20:20:27 (Game 12) - Saving match to file nineBoardTicTacToe-LearningPlayer-vs-MultithreadedUCTPlayer-20160506_192409/game12.json
20:20:27 - Finished 12 of 100 games in 56.07 minutes. Estimated 411.20 minutes remaining.
20:20:30 (Game 13) - Initializing game with players: [LearningPlayer, MultithreadedUCTPlayer]
20:20:30 (Game 13) - Playing game...
20:26:47 (Game 13) - WARNING: This match contains errors from the following players: [LearningPlayer]
20:26:47 (Game 13) - Completed game with scores [100, 0]
20:26:47 (Game 13) - Cumulative scores: LearningPlayer=1100 MultithreadedUCTPlayer=200 
20:26:47 (Game 13) - Saving match to file nineBoardTicTacToe-LearningPlayer-vs-MultithreadedUCTPlayer-20160506_192409/game13.json
20:26:47 - Finished 13 of 100 games in 62.41 minutes. Estimated 417.64 minutes remaining.
20:26:50 (Game 14) - Initializing game with players: [MultithreadedUCTPlayer, LearningPlayer]
20:26:50 (Game 14) - Playing game...
20:31:51 (Game 14) - Completed game with scores [100, 0]
20:31:51 (Game 14) - Cumulative scores: LearningPlayer=1100 MultithreadedUCTPlayer=300 
20:31:51 (Game 14) - Saving match to file nineBoardTicTacToe-LearningPlayer-vs-MultithreadedUCTPlayer-20160506_192409/game14.json
20:31:51 - Finished 14 of 100 games in 67.47 minutes. Estimated 414.47 minutes remaining.
20:31:54 (Game 15) - Initializing game with players: [LearningPlayer, MultithreadedUCTPlayer]
20:31:54 (Game 15) - Playing game...
20:38:23 (Game 15) - WARNING: This match contains errors from the following players: [LearningPlayer]
20:38:23 (Game 15) - Completed game with scores [0, 100]
20:38:23 (Game 15) - Cumulative scores: LearningPlayer=1100 MultithreadedUCTPlayer=400 
20:38:23 (Game 15) - Saving match to file nineBoardTicTacToe-LearningPlayer-vs-MultithreadedUCTPlayer-20160506_192409/game15.json
20:38:23 - Finished 15 of 100 games in 74.02 minutes. Estimated 419.42 minutes remaining.
20:38:27 (Game 16) - Initializing game with players: [MultithreadedUCTPlayer, LearningPlayer]
20:38:27 (Game 16) - Playing game...
20:43:18 (Game 16) - Completed game with scores [0, 100]
20:43:18 (Game 16) - Cumulative scores: LearningPlayer=1200 MultithreadedUCTPlayer=400 
20:43:18 (Game 16) - Saving match to file nineBoardTicTacToe-LearningPlayer-vs-MultithreadedUCTPlayer-20160506_192409/game16.json
20:43:18 - Finished 16 of 100 games in 78.92 minutes. Estimated 414.32 minutes remaining.
20:43:21 (Game 17) - Initializing game with players: [LearningPlayer, MultithreadedUCTPlayer]
20:43:21 (Game 17) - Playing game...
20:48:45 (Game 17) - WARNING: This match contains errors from the following players: [LearningPlayer]
20:48:45 (Game 17) - Completed game with scores [100, 0]
20:48:45 (Game 17) - Cumulative scores: LearningPlayer=1300 MultithreadedUCTPlayer=400 
20:48:45 (Game 17) - Saving match to file nineBoardTicTacToe-LearningPlayer-vs-MultithreadedUCTPlayer-20160506_192409/game17.json
20:48:45 - Finished 17 of 100 games in 84.37 minutes. Estimated 411.94 minutes remaining.
20:48:48 (Game 18) - Initializing game with players: [MultithreadedUCTPlayer, LearningPlayer]
20:48:48 (Game 18) - Playing game...
20:52:29 (Game 18) - Completed game with scores [0, 100]
20:52:29 (Game 18) - Cumulative scores: LearningPlayer=1400 MultithreadedUCTPlayer=400 
20:52:29 (Game 18) - Saving match to file nineBoardTicTacToe-LearningPlayer-vs-MultithreadedUCTPlayer-20160506_192409/game18.json
20:52:29 - Finished 18 of 100 games in 88.10 minutes. Estimated 401.36 minutes remaining.
20:52:32 (Game 19) - Initializing game with players: [LearningPlayer, MultithreadedUCTPlayer]
20:52:32 (Game 19) - Playing game...
20:57:23 (Game 19) - WARNING: This match contains errors from the following players: [LearningPlayer]
20:57:23 (Game 19) - Completed game with scores [100, 0]
20:57:23 (Game 19) - Cumulative scores: LearningPlayer=1500 MultithreadedUCTPlayer=400 
20:57:23 (Game 19) - Saving match to file nineBoardTicTacToe-LearningPlayer-vs-MultithreadedUCTPlayer-20160506_192409/game19.json
20:57:23 - Finished 19 of 100 games in 93.01 minutes. Estimated 396.52 minutes remaining.
20:57:26 (Game 20) - Initializing game with players: [MultithreadedUCTPlayer, LearningPlayer]
20:57:26 (Game 20) - Playing game...
21:01:44 (Game 20) - Completed game with scores [0, 100]
21:01:44 (Game 20) - Cumulative scores: LearningPlayer=1600 MultithreadedUCTPlayer=400 
21:01:44 (Game 20) - Saving match to file nineBoardTicTacToe-LearningPlayer-vs-MultithreadedUCTPlayer-20160506_192409/game20.json
21:01:44 - Finished 20 of 100 games in 97.36 minutes. Estimated 389.43 minutes remaining.
21:01:47 (Game 21) - Initializing game with players: [LearningPlayer, MultithreadedUCTPlayer]
21:01:47 (Game 21) - Playing game...
21:08:45 (Game 21) - WARNING: This match contains errors from the following players: [LearningPlayer]
21:08:45 (Game 21) - Completed game with scores [100, 0]
21:08:45 (Game 21) - Cumulative scores: LearningPlayer=1700 MultithreadedUCTPlayer=400 
21:08:45 (Game 21) - Saving match to file nineBoardTicTacToe-LearningPlayer-vs-MultithreadedUCTPlayer-20160506_192409/game21.json
21:08:45 - Finished 21 of 100 games in 104.37 minutes. Estimated 392.64 minutes remaining.
21:08:48 (Game 22) - Initializing game with players: [MultithreadedUCTPlayer, LearningPlayer]
21:08:48 (Game 22) - Playing game...
21:12:28 (Game 22) - Completed game with scores [0, 100]
21:12:28 (Game 22) - Cumulative scores: LearningPlayer=1800 MultithreadedUCTPlayer=400 
21:12:28 (Game 22) - Saving match to file nineBoardTicTacToe-LearningPlayer-vs-MultithreadedUCTPlayer-20160506_192409/game22.json
21:12:28 - Finished 22 of 100 games in 108.10 minutes. Estimated 383.26 minutes remaining.
21:12:31 (Game 23) - Initializing game with players: [LearningPlayer, MultithreadedUCTPlayer]
21:12:31 (Game 23) - Playing game...
21:17:22 (Game 23) - WARNING: This match contains errors from the following players: [LearningPlayer]
21:17:22 (Game 23) - Completed game with scores [100, 0]
21:17:22 (Game 23) - Cumulative scores: LearningPlayer=1900 MultithreadedUCTPlayer=400 
21:17:22 (Game 23) - Saving match to file nineBoardTicTacToe-LearningPlayer-vs-MultithreadedUCTPlayer-20160506_192409/game23.json
21:17:22 - Finished 23 of 100 games in 112.98 minutes. Estimated 378.25 minutes remaining.
21:17:25 (Game 24) - Initializing game with players: [MultithreadedUCTPlayer, LearningPlayer]
21:17:25 (Game 24) - Playing game...
21:22:18 (Game 24) - Completed game with scores [0, 100]
21:22:18 (Game 24) - Cumulative scores: LearningPlayer=2000 MultithreadedUCTPlayer=400 
21:22:18 (Game 24) - Saving match to file nineBoardTicTacToe-LearningPlayer-vs-MultithreadedUCTPlayer-20160506_192409/game24.json
21:22:18 - Finished 24 of 100 games in 117.92 minutes. Estimated 373.42 minutes remaining.
21:22:21 (Game 25) - Initializing game with players: [LearningPlayer, MultithreadedUCTPlayer]
21:22:21 (Game 25) - Playing game...
21:28:15 (Game 25) - WARNING: This match contains errors from the following players: [LearningPlayer]
21:28:15 (Game 25) - Completed game with scores [0, 100]
21:28:15 (Game 25) - Cumulative scores: LearningPlayer=2000 MultithreadedUCTPlayer=500 
21:28:15 (Game 25) - Saving match to file nineBoardTicTacToe-LearningPlayer-vs-MultithreadedUCTPlayer-20160506_192409/game25.json
21:28:15 - Finished 25 of 100 games in 123.88 minutes. Estimated 371.64 minutes remaining.
21:28:18 (Game 26) - Initializing game with players: [MultithreadedUCTPlayer, LearningPlayer]
21:28:18 (Game 26) - Playing game...
21:31:41 (Game 26) - Completed game with scores [0, 100]
21:31:41 (Game 26) - Cumulative scores: LearningPlayer=2100 MultithreadedUCTPlayer=500 
21:31:41 (Game 26) - Saving match to file nineBoardTicTacToe-LearningPlayer-vs-MultithreadedUCTPlayer-20160506_192409/game26.json
21:31:41 - Finished 26 of 100 games in 127.30 minutes. Estimated 362.32 minutes remaining.
21:31:44 (Game 27) - Initializing game with players: [LearningPlayer, MultithreadedUCTPlayer]
21:31:44 (Game 27) - Playing game...
21:38:41 (Game 27) - WARNING: This match contains errors from the following players: [LearningPlayer]
21:38:41 (Game 27) - Completed game with scores [100, 0]
21:38:41 (Game 27) - Cumulative scores: LearningPlayer=2200 MultithreadedUCTPlayer=500 
21:38:41 (Game 27) - Saving match to file nineBoardTicTacToe-LearningPlayer-vs-MultithreadedUCTPlayer-20160506_192409/game27.json
21:38:41 - Finished 27 of 100 games in 134.32 minutes. Estimated 363.15 minutes remaining.
21:38:45 (Game 28) - Initializing game with players: [MultithreadedUCTPlayer, LearningPlayer]
21:38:45 (Game 28) - Playing game...
21:43:38 (Game 28) - Completed game with scores [0, 100]
21:43:38 (Game 28) - Cumulative scores: LearningPlayer=2300 MultithreadedUCTPlayer=500 
21:43:38 (Game 28) - Saving match to file nineBoardTicTacToe-LearningPlayer-vs-MultithreadedUCTPlayer-20160506_192409/game28.json
21:43:38 - Finished 28 of 100 games in 139.25 minutes. Estimated 358.08 minutes remaining.
21:43:41 (Game 29) - Initializing game with players: [LearningPlayer, MultithreadedUCTPlayer]
21:43:41 (Game 29) - Playing game...
21:50:11 (Game 29) - WARNING: This match contains errors from the following players: [LearningPlayer]
21:50:11 (Game 29) - Completed game with scores [0, 100]
21:50:11 (Game 29) - Cumulative scores: LearningPlayer=2300 MultithreadedUCTPlayer=600 
21:50:11 (Game 29) - Saving match to file nineBoardTicTacToe-LearningPlayer-vs-MultithreadedUCTPlayer-20160506_192409/game29.json
21:50:11 - Finished 29 of 100 games in 145.81 minutes. Estimated 356.98 minutes remaining.
21:50:14 (Game 30) - Initializing game with players: [MultithreadedUCTPlayer, LearningPlayer]
21:50:14 (Game 30) - Playing game...
21:54:59 (Game 30) - Completed game with scores [100, 0]
21:54:59 (Game 30) - Cumulative scores: LearningPlayer=2300 MultithreadedUCTPlayer=700 
21:54:59 (Game 30) - Saving match to file nineBoardTicTacToe-LearningPlayer-vs-MultithreadedUCTPlayer-20160506_192409/game30.json
21:54:59 - Finished 30 of 100 games in 150.60 minutes. Estimated 351.40 minutes remaining.
21:55:02 (Game 31) - Initializing game with players: [LearningPlayer, MultithreadedUCTPlayer]
21:55:02 (Game 31) - Playing game...
22:00:47 (Game 31) - WARNING: This match contains errors from the following players: [LearningPlayer]
22:00:47 (Game 31) - Completed game with scores [100, 0]
22:00:47 (Game 31) - Cumulative scores: LearningPlayer=2400 MultithreadedUCTPlayer=700 
22:00:47 (Game 31) - Saving match to file nineBoardTicTacToe-LearningPlayer-vs-MultithreadedUCTPlayer-20160506_192409/game31.json
22:00:47 - Finished 31 of 100 games in 156.40 minutes. Estimated 348.11 minutes remaining.
22:00:50 (Game 32) - Initializing game with players: [MultithreadedUCTPlayer, LearningPlayer]
22:00:50 (Game 32) - Playing game...
22:06:01 (Game 32) - Completed game with scores [0, 100]
22:06:01 (Game 32) - Cumulative scores: LearningPlayer=2500 MultithreadedUCTPlayer=700 
22:06:01 (Game 32) - Saving match to file nineBoardTicTacToe-LearningPlayer-vs-MultithreadedUCTPlayer-20160506_192409/game32.json
22:06:01 - Finished 32 of 100 games in 161.64 minutes. Estimated 343.49 minutes remaining.
22:06:04 (Game 33) - Initializing game with players: [LearningPlayer, MultithreadedUCTPlayer]
22:06:04 (Game 33) - Playing game...
22:10:54 (Game 33) - WARNING: This match contains errors from the following players: [LearningPlayer]
22:10:54 (Game 33) - Completed game with scores [100, 0]
22:10:54 (Game 33) - Cumulative scores: LearningPlayer=2600 MultithreadedUCTPlayer=700 
22:10:54 (Game 33) - Saving match to file nineBoardTicTacToe-LearningPlayer-vs-MultithreadedUCTPlayer-20160506_192409/game33.json
22:10:54 - Finished 33 of 100 games in 166.52 minutes. Estimated 338.09 minutes remaining.
22:10:57 (Game 34) - Initializing game with players: [MultithreadedUCTPlayer, LearningPlayer]
22:10:57 (Game 34) - Playing game...
22:16:35 (Game 34) - Completed game with scores [100, 0]
22:16:35 (Game 34) - Cumulative scores: LearningPlayer=2600 MultithreadedUCTPlayer=800 
22:16:35 (Game 34) - Saving match to file nineBoardTicTacToe-LearningPlayer-vs-MultithreadedUCTPlayer-20160506_192409/game34.json
22:16:35 - Finished 34 of 100 games in 172.21 minutes. Estimated 334.30 minutes remaining.
22:16:38 (Game 35) - Initializing game with players: [LearningPlayer, MultithreadedUCTPlayer]
22:16:38 (Game 35) - Playing game...
22:23:35 (Game 35) - WARNING: This match contains errors from the following players: [LearningPlayer]
22:23:35 (Game 35) - Completed game with scores [100, 0]
22:23:35 (Game 35) - Cumulative scores: LearningPlayer=2700 MultithreadedUCTPlayer=800 
22:23:35 (Game 35) - Saving match to file nineBoardTicTacToe-LearningPlayer-vs-MultithreadedUCTPlayer-20160506_192409/game35.json
22:23:35 - Finished 35 of 100 games in 179.21 minutes. Estimated 332.81 minutes remaining.
22:23:38 (Game 36) - Initializing game with players: [MultithreadedUCTPlayer, LearningPlayer]
22:23:38 (Game 36) - Playing game...
22:26:42 (Game 36) - Completed game with scores [0, 100]
22:26:42 (Game 36) - Cumulative scores: LearningPlayer=2800 MultithreadedUCTPlayer=800 
22:26:42 (Game 36) - Saving match to file nineBoardTicTacToe-LearningPlayer-vs-MultithreadedUCTPlayer-20160506_192409/game36.json
22:26:42 - Finished 36 of 100 games in 182.33 minutes. Estimated 324.14 minutes remaining.
22:26:45 (Game 37) - Initializing game with players: [LearningPlayer, MultithreadedUCTPlayer]
22:26:45 (Game 37) - Playing game...
22:32:48 (Game 37) - WARNING: This match contains errors from the following players: [LearningPlayer]
22:32:48 (Game 37) - Completed game with scores [100, 0]
22:32:48 (Game 37) - Cumulative scores: LearningPlayer=2900 MultithreadedUCTPlayer=800 
22:32:48 (Game 37) - Saving match to file nineBoardTicTacToe-LearningPlayer-vs-MultithreadedUCTPlayer-20160506_192409/game37.json
22:32:48 - Finished 37 of 100 games in 188.42 minutes. Estimated 320.82 minutes remaining.
22:32:51 (Game 38) - Initializing game with players: [MultithreadedUCTPlayer, LearningPlayer]
22:32:51 (Game 38) - Playing game...
22:37:08 (Game 38) - Completed game with scores [0, 100]
22:37:08 (Game 38) - Cumulative scores: LearningPlayer=3000 MultithreadedUCTPlayer=800 
22:37:08 (Game 38) - Saving match to file nineBoardTicTacToe-LearningPlayer-vs-MultithreadedUCTPlayer-20160506_192409/game38.json
22:37:08 - Finished 38 of 100 games in 192.75 minutes. Estimated 314.49 minutes remaining.
22:37:11 (Game 39) - Initializing game with players: [LearningPlayer, MultithreadedUCTPlayer]
22:37:11 (Game 39) - Playing game...
22:40:11 (Game 39) - WARNING: This match contains errors from the following players: [LearningPlayer]
22:40:11 (Game 39) - Completed game with scores [100, 0]
22:40:11 (Game 39) - Cumulative scores: LearningPlayer=3100 MultithreadedUCTPlayer=800 
22:40:11 (Game 39) - Saving match to file nineBoardTicTacToe-LearningPlayer-vs-MultithreadedUCTPlayer-20160506_192409/game39.json
22:40:11 - Finished 39 of 100 games in 195.81 minutes. Estimated 306.26 minutes remaining.
22:40:14 (Game 40) - Initializing game with players: [MultithreadedUCTPlayer, LearningPlayer]
22:40:14 (Game 40) - Playing game...
22:43:55 (Game 40) - Completed game with scores [0, 100]
22:43:55 (Game 40) - Cumulative scores: LearningPlayer=3200 MultithreadedUCTPlayer=800 
22:43:55 (Game 40) - Saving match to file nineBoardTicTacToe-LearningPlayer-vs-MultithreadedUCTPlayer-20160506_192409/game40.json
22:43:55 - Finished 40 of 100 games in 199.54 minutes. Estimated 299.30 minutes remaining.
22:43:58 (Game 41) - Initializing game with players: [LearningPlayer, MultithreadedUCTPlayer]
22:43:58 (Game 41) - Playing game...
22:49:40 (Game 41) - WARNING: This match contains errors from the following players: [LearningPlayer]
22:49:40 (Game 41) - Completed game with scores [100, 0]
22:49:40 (Game 41) - Cumulative scores: LearningPlayer=3300 MultithreadedUCTPlayer=800 
22:49:40 (Game 41) - Saving match to file nineBoardTicTacToe-LearningPlayer-vs-MultithreadedUCTPlayer-20160506_192409/game41.json
22:49:40 - Finished 41 of 100 games in 205.29 minutes. Estimated 295.41 minutes remaining.
22:49:43 (Game 42) - Initializing game with players: [MultithreadedUCTPlayer, LearningPlayer]
22:49:43 (Game 42) - Playing game...
22:54:25 (Game 42) - Completed game with scores [100, 0]
22:54:25 (Game 42) - Cumulative scores: LearningPlayer=3300 MultithreadedUCTPlayer=900 
22:54:25 (Game 42) - Saving match to file nineBoardTicTacToe-LearningPlayer-vs-MultithreadedUCTPlayer-20160506_192409/game42.json
22:54:25 - Finished 42 of 100 games in 210.04 minutes. Estimated 290.05 minutes remaining.
22:54:28 (Game 43) - Initializing game with players: [LearningPlayer, MultithreadedUCTPlayer]
22:54:28 (Game 43) - Playing game...
23:01:12 (Game 43) - WARNING: This match contains errors from the following players: [LearningPlayer]
23:01:12 (Game 43) - Completed game with scores [0, 100]
23:01:12 (Game 43) - Cumulative scores: LearningPlayer=3300 MultithreadedUCTPlayer=1000 
23:01:12 (Game 43) - Saving match to file nineBoardTicTacToe-LearningPlayer-vs-MultithreadedUCTPlayer-20160506_192409/game43.json
23:01:12 - Finished 43 of 100 games in 216.82 minutes. Estimated 287.41 minutes remaining.
23:01:15 (Game 44) - Initializing game with players: [MultithreadedUCTPlayer, LearningPlayer]
23:01:15 (Game 44) - Playing game...
23:05:30 (Game 44) - Completed game with scores [0, 100]
23:05:30 (Game 44) - Cumulative scores: LearningPlayer=3400 MultithreadedUCTPlayer=1000 
23:05:30 (Game 44) - Saving match to file nineBoardTicTacToe-LearningPlayer-vs-MultithreadedUCTPlayer-20160506_192409/game44.json
23:05:30 - Finished 44 of 100 games in 221.13 minutes. Estimated 281.44 minutes remaining.
23:05:33 (Game 45) - Initializing game with players: [LearningPlayer, MultithreadedUCTPlayer]
23:05:33 (Game 45) - Playing game...
23:12:09 (Game 45) - WARNING: This match contains errors from the following players: [LearningPlayer]
23:12:09 (Game 45) - Completed game with scores [100, 0]
23:12:09 (Game 45) - Cumulative scores: LearningPlayer=3500 MultithreadedUCTPlayer=1000 
23:12:09 (Game 45) - Saving match to file nineBoardTicTacToe-LearningPlayer-vs-MultithreadedUCTPlayer-20160506_192409/game45.json
23:12:09 - Finished 45 of 100 games in 227.77 minutes. Estimated 278.38 minutes remaining.
23:12:12 (Game 46) - Initializing game with players: [MultithreadedUCTPlayer, LearningPlayer]
23:12:12 (Game 46) - Playing game...
23:16:45 (Game 46) - Completed game with scores [0, 100]
23:16:45 (Game 46) - Cumulative scores: LearningPlayer=3600 MultithreadedUCTPlayer=1000 
23:16:45 (Game 46) - Saving match to file nineBoardTicTacToe-LearningPlayer-vs-MultithreadedUCTPlayer-20160506_192409/game46.json
23:16:45 - Finished 46 of 100 games in 232.38 minutes. Estimated 272.79 minutes remaining.
23:16:48 (Game 47) - Initializing game with players: [LearningPlayer, MultithreadedUCTPlayer]
23:16:48 (Game 47) - Playing game...
23:21:52 (Game 47) - WARNING: This match contains errors from the following players: [LearningPlayer]
23:21:52 (Game 47) - Completed game with scores [100, 0]
23:21:52 (Game 47) - Cumulative scores: LearningPlayer=3700 MultithreadedUCTPlayer=1000 
23:21:52 (Game 47) - Saving match to file nineBoardTicTacToe-LearningPlayer-vs-MultithreadedUCTPlayer-20160506_192409/game47.json
23:21:52 - Finished 47 of 100 games in 237.48 minutes. Estimated 267.80 minutes remaining.
23:21:55 (Game 48) - Initializing game with players: [MultithreadedUCTPlayer, LearningPlayer]
23:21:55 (Game 48) - Playing game...
23:25:52 (Game 48) - Completed game with scores [0, 100]
23:25:52 (Game 48) - Cumulative scores: LearningPlayer=3800 MultithreadedUCTPlayer=1000 
23:25:52 (Game 48) - Saving match to file nineBoardTicTacToe-LearningPlayer-vs-MultithreadedUCTPlayer-20160506_192409/game48.json
23:25:52 - Finished 48 of 100 games in 241.48 minutes. Estimated 261.61 minutes remaining.
23:25:55 (Game 49) - Initializing game with players: [LearningPlayer, MultithreadedUCTPlayer]
23:25:55 (Game 49) - Playing game...
23:34:19 (Game 49) - WARNING: This match contains errors from the following players: [LearningPlayer]
23:34:19 (Game 49) - Completed game with scores [100, 0]
23:34:19 (Game 49) - Cumulative scores: LearningPlayer=3900 MultithreadedUCTPlayer=1000 
23:34:19 (Game 49) - Saving match to file nineBoardTicTacToe-LearningPlayer-vs-MultithreadedUCTPlayer-20160506_192409/game49.json
23:34:19 - Finished 49 of 100 games in 249.95 minutes. Estimated 260.15 minutes remaining.
23:34:22 (Game 50) - Initializing game with players: [MultithreadedUCTPlayer, LearningPlayer]
23:34:22 (Game 50) - Playing game...
23:39:14 (Game 50) - Completed game with scores [0, 100]
23:39:14 (Game 50) - Cumulative scores: LearningPlayer=4000 MultithreadedUCTPlayer=1000 
23:39:14 (Game 50) - Saving match to file nineBoardTicTacToe-LearningPlayer-vs-MultithreadedUCTPlayer-20160506_192409/game50.json
23:39:14 - Finished 50 of 100 games in 254.85 minutes. Estimated 254.85 minutes remaining.
23:39:17 (Game 51) - Initializing game with players: [LearningPlayer, MultithreadedUCTPlayer]
23:39:17 (Game 51) - Playing game...
23:43:44 (Game 51) - WARNING: This match contains errors from the following players: [LearningPlayer]
23:43:44 (Game 51) - Completed game with scores [100, 0]
23:43:44 (Game 51) - Cumulative scores: LearningPlayer=4100 MultithreadedUCTPlayer=1000 
23:43:44 (Game 51) - Saving match to file nineBoardTicTacToe-LearningPlayer-vs-MultithreadedUCTPlayer-20160506_192409/game51.json
23:43:44 - Finished 51 of 100 games in 259.36 minutes. Estimated 249.19 minutes remaining.
23:43:47 (Game 52) - Initializing game with players: [MultithreadedUCTPlayer, LearningPlayer]
23:43:47 (Game 52) - Playing game...
23:48:29 (Game 52) - Completed game with scores [100, 0]
23:48:29 (Game 52) - Cumulative scores: LearningPlayer=4100 MultithreadedUCTPlayer=1100 
23:48:29 (Game 52) - Saving match to file nineBoardTicTacToe-LearningPlayer-vs-MultithreadedUCTPlayer-20160506_192409/game52.json
23:48:29 - Finished 52 of 100 games in 264.11 minutes. Estimated 243.79 minutes remaining.
23:48:32 (Game 53) - Initializing game with players: [LearningPlayer, MultithreadedUCTPlayer]
23:48:32 (Game 53) - Playing game...
23:52:23 (Game 53) - WARNING: This match contains errors from the following players: [LearningPlayer]
23:52:23 (Game 53) - Completed game with scores [100, 0]
23:52:23 (Game 53) - Cumulative scores: LearningPlayer=4200 MultithreadedUCTPlayer=1100 
23:52:23 (Game 53) - Saving match to file nineBoardTicTacToe-LearningPlayer-vs-MultithreadedUCTPlayer-20160506_192409/game53.json
23:52:23 - Finished 53 of 100 games in 268.01 minutes. Estimated 237.67 minutes remaining.
23:52:26 (Game 54) - Initializing game with players: [MultithreadedUCTPlayer, LearningPlayer]
23:52:26 (Game 54) - Playing game...
23:57:45 (Game 54) - Completed game with scores [100, 0]
23:57:45 (Game 54) - Cumulative scores: LearningPlayer=4200 MultithreadedUCTPlayer=1200 
23:57:45 (Game 54) - Saving match to file nineBoardTicTacToe-LearningPlayer-vs-MultithreadedUCTPlayer-20160506_192409/game54.json
23:57:45 - Finished 54 of 100 games in 273.37 minutes. Estimated 232.87 minutes remaining.
23:57:48 (Game 55) - Initializing game with players: [LearningPlayer, MultithreadedUCTPlayer]
23:57:48 (Game 55) - Playing game...
00:04:03 (Game 55) - WARNING: This match contains errors from the following players: [LearningPlayer]
00:04:03 (Game 55) - Completed game with scores [100, 0]
00:04:03 (Game 55) - Cumulative scores: LearningPlayer=4300 MultithreadedUCTPlayer=1200 
00:04:03 (Game 55) - Saving match to file nineBoardTicTacToe-LearningPlayer-vs-MultithreadedUCTPlayer-20160506_192409/game55.json
00:04:03 - Finished 55 of 100 games in 279.68 minutes. Estimated 228.83 minutes remaining.
00:04:06 (Game 56) - Initializing game with players: [MultithreadedUCTPlayer, LearningPlayer]
00:04:06 (Game 56) - Playing game...
00:10:46 (Game 56) - Completed game with scores [0, 100]
00:10:46 (Game 56) - Cumulative scores: LearningPlayer=4400 MultithreadedUCTPlayer=1200 
00:10:46 (Game 56) - Saving match to file nineBoardTicTacToe-LearningPlayer-vs-MultithreadedUCTPlayer-20160506_192409/game56.json
00:10:46 - Finished 56 of 100 games in 286.39 minutes. Estimated 225.02 minutes remaining.
00:10:49 (Game 57) - Initializing game with players: [LearningPlayer, MultithreadedUCTPlayer]
00:10:49 (Game 57) - Playing game...
00:17:16 (Game 57) - WARNING: This match contains errors from the following players: [LearningPlayer]
00:17:16 (Game 57) - Completed game with scores [0, 100]
00:17:16 (Game 57) - Cumulative scores: LearningPlayer=4400 MultithreadedUCTPlayer=1300 
00:17:16 (Game 57) - Saving match to file nineBoardTicTacToe-LearningPlayer-vs-MultithreadedUCTPlayer-20160506_192409/game57.json
00:17:16 - Finished 57 of 100 games in 292.89 minutes. Estimated 220.95 minutes remaining.
00:17:19 (Game 58) - Initializing game with players: [MultithreadedUCTPlayer, LearningPlayer]
00:17:19 (Game 58) - Playing game...
00:21:35 (Game 58) - Completed game with scores [0, 100]
00:21:35 (Game 58) - Cumulative scores: LearningPlayer=4500 MultithreadedUCTPlayer=1300 
00:21:35 (Game 58) - Saving match to file nineBoardTicTacToe-LearningPlayer-vs-MultithreadedUCTPlayer-20160506_192409/game58.json
00:21:35 - Finished 58 of 100 games in 297.21 minutes. Estimated 215.22 minutes remaining.
00:21:38 (Game 59) - Initializing game with players: [LearningPlayer, MultithreadedUCTPlayer]
00:21:38 (Game 59) - Playing game...
00:27:04 (Game 59) - WARNING: This match contains errors from the following players: [LearningPlayer]
00:27:04 (Game 59) - Completed game with scores [100, 0]
00:27:04 (Game 59) - Cumulative scores: LearningPlayer=4600 MultithreadedUCTPlayer=1300 
00:27:04 (Game 59) - Saving match to file nineBoardTicTacToe-LearningPlayer-vs-MultithreadedUCTPlayer-20160506_192409/game59.json
00:27:04 - Finished 59 of 100 games in 302.69 minutes. Estimated 210.34 minutes remaining.
00:27:07 (Game 60) - Initializing game with players: [MultithreadedUCTPlayer, LearningPlayer]
00:27:07 (Game 60) - Playing game...
00:29:34 (Game 60) - Completed game with scores [0, 100]
00:29:34 (Game 60) - Cumulative scores: LearningPlayer=4700 MultithreadedUCTPlayer=1300 
00:29:34 (Game 60) - Saving match to file nineBoardTicTacToe-LearningPlayer-vs-MultithreadedUCTPlayer-20160506_192409/game60.json
00:29:34 - Finished 60 of 100 games in 305.19 minutes. Estimated 203.46 minutes remaining.
00:29:37 (Game 61) - Initializing game with players: [LearningPlayer, MultithreadedUCTPlayer]
00:29:37 (Game 61) - Playing game...
00:35:39 (Game 61) - WARNING: This match contains errors from the following players: [LearningPlayer]
00:35:39 (Game 61) - Completed game with scores [100, 0]
00:35:39 (Game 61) - Cumulative scores: LearningPlayer=4800 MultithreadedUCTPlayer=1300 
00:35:39 (Game 61) - Saving match to file nineBoardTicTacToe-LearningPlayer-vs-MultithreadedUCTPlayer-20160506_192409/game61.json
00:35:39 - Finished 61 of 100 games in 311.27 minutes. Estimated 199.01 minutes remaining.
00:35:42 (Game 62) - Initializing game with players: [MultithreadedUCTPlayer, LearningPlayer]
00:35:42 (Game 62) - Playing game...
00:41:57 (Game 62) - Completed game with scores [100, 0]
00:41:57 (Game 62) - Cumulative scores: LearningPlayer=4800 MultithreadedUCTPlayer=1400 
00:41:57 (Game 62) - Saving match to file nineBoardTicTacToe-LearningPlayer-vs-MultithreadedUCTPlayer-20160506_192409/game62.json
00:41:57 - Finished 62 of 100 games in 317.57 minutes. Estimated 194.64 minutes remaining.
00:42:00 (Game 63) - Initializing game with players: [LearningPlayer, MultithreadedUCTPlayer]
00:42:00 (Game 63) - Playing game...
00:47:53 (Game 63) - WARNING: This match contains errors from the following players: [LearningPlayer]
00:47:53 (Game 63) - Completed game with scores [0, 100]
00:47:53 (Game 63) - Cumulative scores: LearningPlayer=4800 MultithreadedUCTPlayer=1500 
00:47:53 (Game 63) - Saving match to file nineBoardTicTacToe-LearningPlayer-vs-MultithreadedUCTPlayer-20160506_192409/game63.json
00:47:53 - Finished 63 of 100 games in 323.51 minutes. Estimated 190.00 minutes remaining.
00:47:56 (Game 64) - Initializing game with players: [MultithreadedUCTPlayer, LearningPlayer]
00:47:56 (Game 64) - Playing game...
00:53:34 (Game 64) - Completed game with scores [100, 0]
00:53:34 (Game 64) - Cumulative scores: LearningPlayer=4800 MultithreadedUCTPlayer=1600 
00:53:34 (Game 64) - Saving match to file nineBoardTicTacToe-LearningPlayer-vs-MultithreadedUCTPlayer-20160506_192409/game64.json
00:53:34 - Finished 64 of 100 games in 329.19 minutes. Estimated 185.17 minutes remaining.
00:53:37 (Game 65) - Initializing game with players: [LearningPlayer, MultithreadedUCTPlayer]
00:53:37 (Game 65) - Playing game...
00:59:30 (Game 65) - WARNING: This match contains errors from the following players: [LearningPlayer]
00:59:30 (Game 65) - Completed game with scores [0, 100]
00:59:30 (Game 65) - Cumulative scores: LearningPlayer=4800 MultithreadedUCTPlayer=1700 
00:59:30 (Game 65) - Saving match to file nineBoardTicTacToe-LearningPlayer-vs-MultithreadedUCTPlayer-20160506_192409/game65.json
00:59:30 - Finished 65 of 100 games in 335.12 minutes. Estimated 180.45 minutes remaining.
00:59:33 (Game 66) - Initializing game with players: [MultithreadedUCTPlayer, LearningPlayer]
00:59:33 (Game 66) - Playing game...
01:04:45 (Game 66) - Completed game with scores [0, 100]
01:04:45 (Game 66) - Cumulative scores: LearningPlayer=4900 MultithreadedUCTPlayer=1700 
01:04:45 (Game 66) - Saving match to file nineBoardTicTacToe-LearningPlayer-vs-MultithreadedUCTPlayer-20160506_192409/game66.json
01:04:45 - Finished 66 of 100 games in 340.37 minutes. Estimated 175.34 minutes remaining.
01:04:48 (Game 67) - Initializing game with players: [LearningPlayer, MultithreadedUCTPlayer]
01:04:48 (Game 67) - Playing game...
01:09:56 (Game 67) - WARNING: This match contains errors from the following players: [LearningPlayer]
01:09:56 (Game 67) - Completed game with scores [100, 0]
01:09:56 (Game 67) - Cumulative scores: LearningPlayer=5000 MultithreadedUCTPlayer=1700 
01:09:56 (Game 67) - Saving match to file nineBoardTicTacToe-LearningPlayer-vs-MultithreadedUCTPlayer-20160506_192409/game67.json
01:09:56 - Finished 67 of 100 games in 345.55 minutes. Estimated 170.20 minutes remaining.
01:09:59 (Game 68) - Initializing game with players: [MultithreadedUCTPlayer, LearningPlayer]
01:09:59 (Game 68) - Playing game...
01:13:57 (Game 68) - Completed game with scores [0, 100]
01:13:57 (Game 68) - Cumulative scores: LearningPlayer=5100 MultithreadedUCTPlayer=1700 
01:13:57 (Game 68) - Saving match to file nineBoardTicTacToe-LearningPlayer-vs-MultithreadedUCTPlayer-20160506_192409/game68.json
01:13:57 - Finished 68 of 100 games in 349.58 minutes. Estimated 164.51 minutes remaining.
01:14:00 (Game 69) - Initializing game with players: [LearningPlayer, MultithreadedUCTPlayer]
01:14:00 (Game 69) - Playing game...
01:20:20 (Game 69) - WARNING: This match contains errors from the following players: [LearningPlayer]
01:20:20 (Game 69) - Completed game with scores [100, 0]
01:20:20 (Game 69) - Cumulative scores: LearningPlayer=5200 MultithreadedUCTPlayer=1700 
01:20:20 (Game 69) - Saving match to file nineBoardTicTacToe-LearningPlayer-vs-MultithreadedUCTPlayer-20160506_192409/game69.json
01:20:20 - Finished 69 of 100 games in 355.96 minutes. Estimated 159.92 minutes remaining.
01:20:23 (Game 70) - Initializing game with players: [MultithreadedUCTPlayer, LearningPlayer]
01:20:23 (Game 70) - Playing game...
01:26:56 (Game 70) - Completed game with scores [100, 0]
01:26:56 (Game 70) - Cumulative scores: LearningPlayer=5200 MultithreadedUCTPlayer=1800 
01:26:56 (Game 70) - Saving match to file nineBoardTicTacToe-LearningPlayer-vs-MultithreadedUCTPlayer-20160506_192409/game70.json
01:26:56 - Finished 70 of 100 games in 362.56 minutes. Estimated 155.38 minutes remaining.
01:26:59 (Game 71) - Initializing game with players: [LearningPlayer, MultithreadedUCTPlayer]
01:26:59 (Game 71) - Playing game...
01:31:31 (Game 71) - WARNING: This match contains errors from the following players: [LearningPlayer]
01:31:31 (Game 71) - Completed game with scores [100, 0]
01:31:31 (Game 71) - Cumulative scores: LearningPlayer=5300 MultithreadedUCTPlayer=1800 
01:31:31 (Game 71) - Saving match to file nineBoardTicTacToe-LearningPlayer-vs-MultithreadedUCTPlayer-20160506_192409/game71.json
01:31:31 - Finished 71 of 100 games in 367.14 minutes. Estimated 149.96 minutes remaining.
01:31:34 (Game 72) - Initializing game with players: [MultithreadedUCTPlayer, LearningPlayer]
01:31:34 (Game 72) - Playing game...
01:37:48 (Game 72) - Completed game with scores [100, 0]
01:37:48 (Game 72) - Cumulative scores: LearningPlayer=5300 MultithreadedUCTPlayer=1900 
01:37:48 (Game 72) - Saving match to file nineBoardTicTacToe-LearningPlayer-vs-MultithreadedUCTPlayer-20160506_192409/game72.json
01:37:48 - Finished 72 of 100 games in 373.43 minutes. Estimated 145.22 minutes remaining.
01:37:51 (Game 73) - Initializing game with players: [LearningPlayer, MultithreadedUCTPlayer]
01:37:51 (Game 73) - Playing game...
01:44:03 (Game 73) - WARNING: This match contains errors from the following players: [LearningPlayer]
01:44:03 (Game 73) - Completed game with scores [0, 100]
01:44:03 (Game 73) - Cumulative scores: LearningPlayer=5300 MultithreadedUCTPlayer=2000 
01:44:03 (Game 73) - Saving match to file nineBoardTicTacToe-LearningPlayer-vs-MultithreadedUCTPlayer-20160506_192409/game73.json
01:44:03 - Finished 73 of 100 games in 379.67 minutes. Estimated 140.43 minutes remaining.
01:44:06 (Game 74) - Initializing game with players: [MultithreadedUCTPlayer, LearningPlayer]
01:44:06 (Game 74) - Playing game...
01:50:02 (Game 74) - Completed game with scores [100, 0]
01:50:02 (Game 74) - Cumulative scores: LearningPlayer=5300 MultithreadedUCTPlayer=2100 
01:50:02 (Game 74) - Saving match to file nineBoardTicTacToe-LearningPlayer-vs-MultithreadedUCTPlayer-20160506_192409/game74.json
01:50:02 - Finished 74 of 100 games in 385.66 minutes. Estimated 135.50 minutes remaining.
01:50:05 (Game 75) - Initializing game with players: [LearningPlayer, MultithreadedUCTPlayer]
01:50:05 (Game 75) - Playing game...
01:52:48 (Game 75) - WARNING: This match contains errors from the following players: [LearningPlayer]
01:52:48 (Game 75) - Completed game with scores [100, 0]
01:52:48 (Game 75) - Cumulative scores: LearningPlayer=5400 MultithreadedUCTPlayer=2100 
01:52:48 (Game 75) - Saving match to file nineBoardTicTacToe-LearningPlayer-vs-MultithreadedUCTPlayer-20160506_192409/game75.json
01:52:48 - Finished 75 of 100 games in 388.42 minutes. Estimated 129.47 minutes remaining.
01:52:51 (Game 76) - Initializing game with players: [MultithreadedUCTPlayer, LearningPlayer]
01:52:51 (Game 76) - Playing game...
01:58:47 (Game 76) - Completed game with scores [100, 0]
01:58:47 (Game 76) - Cumulative scores: LearningPlayer=5400 MultithreadedUCTPlayer=2200 
01:58:47 (Game 76) - Saving match to file nineBoardTicTacToe-LearningPlayer-vs-MultithreadedUCTPlayer-20160506_192409/game76.json
01:58:47 - Finished 76 of 100 games in 394.41 minutes. Estimated 124.55 minutes remaining.
01:58:50 (Game 77) - Initializing game with players: [LearningPlayer, MultithreadedUCTPlayer]
01:58:50 (Game 77) - Playing game...
02:03:58 (Game 77) - WARNING: This match contains errors from the following players: [LearningPlayer]
02:03:58 (Game 77) - Completed game with scores [100, 0]
02:03:58 (Game 77) - Cumulative scores: LearningPlayer=5500 MultithreadedUCTPlayer=2200 
02:03:58 (Game 77) - Saving match to file nineBoardTicTacToe-LearningPlayer-vs-MultithreadedUCTPlayer-20160506_192409/game77.json
02:03:58 - Finished 77 of 100 games in 399.59 minutes. Estimated 119.36 minutes remaining.
02:04:01 (Game 78) - Initializing game with players: [MultithreadedUCTPlayer, LearningPlayer]
02:04:01 (Game 78) - Playing game...
02:08:54 (Game 78) - Completed game with scores [0, 100]
02:08:54 (Game 78) - Cumulative scores: LearningPlayer=5600 MultithreadedUCTPlayer=2200 
02:08:54 (Game 78) - Saving match to file nineBoardTicTacToe-LearningPlayer-vs-MultithreadedUCTPlayer-20160506_192409/game78.json
02:08:54 - Finished 78 of 100 games in 404.52 minutes. Estimated 114.10 minutes remaining.
02:08:57 (Game 79) - Initializing game with players: [LearningPlayer, MultithreadedUCTPlayer]
02:08:57 (Game 79) - Playing game...
02:12:15 (Game 79) - WARNING: This match contains errors from the following players: [LearningPlayer]
02:12:15 (Game 79) - Completed game with scores [100, 0]
02:12:15 (Game 79) - Cumulative scores: LearningPlayer=5700 MultithreadedUCTPlayer=2200 
02:12:15 (Game 79) - Saving match to file nineBoardTicTacToe-LearningPlayer-vs-MultithreadedUCTPlayer-20160506_192409/game79.json
02:12:15 - Finished 79 of 100 games in 407.88 minutes. Estimated 108.42 minutes remaining.
02:12:18 (Game 80) - Initializing game with players: [MultithreadedUCTPlayer, LearningPlayer]
02:12:18 (Game 80) - Playing game...
02:16:17 (Game 80) - Completed game with scores [0, 100]
02:16:17 (Game 80) - Cumulative scores: LearningPlayer=5800 MultithreadedUCTPlayer=2200 
02:16:17 (Game 80) - Saving match to file nineBoardTicTacToe-LearningPlayer-vs-MultithreadedUCTPlayer-20160506_192409/game80.json
02:16:17 - Finished 80 of 100 games in 411.91 minutes. Estimated 102.98 minutes remaining.
02:16:20 (Game 81) - Initializing game with players: [LearningPlayer, MultithreadedUCTPlayer]
02:16:20 (Game 81) - Playing game...
02:22:32 (Game 81) - WARNING: This match contains errors from the following players: [LearningPlayer]
02:22:32 (Game 81) - Completed game with scores [0, 100]
02:22:32 (Game 81) - Cumulative scores: LearningPlayer=5800 MultithreadedUCTPlayer=2300 
02:22:32 (Game 81) - Saving match to file nineBoardTicTacToe-LearningPlayer-vs-MultithreadedUCTPlayer-20160506_192409/game81.json
02:22:32 - Finished 81 of 100 games in 418.16 minutes. Estimated 98.09 minutes remaining.
02:22:35 (Game 82) - Initializing game with players: [MultithreadedUCTPlayer, LearningPlayer]
02:22:35 (Game 82) - Playing game...
02:24:44 (Game 82) - Completed game with scores [0, 100]
02:24:44 (Game 82) - Cumulative scores: LearningPlayer=5900 MultithreadedUCTPlayer=2300 
02:24:44 (Game 82) - Saving match to file nineBoardTicTacToe-LearningPlayer-vs-MultithreadedUCTPlayer-20160506_192409/game82.json
02:24:44 - Finished 82 of 100 games in 420.35 minutes. Estimated 92.27 minutes remaining.
02:24:47 (Game 83) - Initializing game with players: [LearningPlayer, MultithreadedUCTPlayer]
02:24:47 (Game 83) - Playing game...
02:28:05 (Game 83) - WARNING: This match contains errors from the following players: [LearningPlayer]
02:28:05 (Game 83) - Completed game with scores [100, 0]
02:28:05 (Game 83) - Cumulative scores: LearningPlayer=6000 MultithreadedUCTPlayer=2300 
02:28:05 (Game 83) - Saving match to file nineBoardTicTacToe-LearningPlayer-vs-MultithreadedUCTPlayer-20160506_192409/game83.json
02:28:05 - Finished 83 of 100 games in 423.71 minutes. Estimated 86.78 minutes remaining.
02:28:08 (Game 84) - Initializing game with players: [MultithreadedUCTPlayer, LearningPlayer]
02:28:08 (Game 84) - Playing game...
02:33:02 (Game 84) - Completed game with scores [0, 100]
02:33:02 (Game 84) - Cumulative scores: LearningPlayer=6100 MultithreadedUCTPlayer=2300 
02:33:02 (Game 84) - Saving match to file nineBoardTicTacToe-LearningPlayer-vs-MultithreadedUCTPlayer-20160506_192409/game84.json
02:33:02 - Finished 84 of 100 games in 428.65 minutes. Estimated 81.65 minutes remaining.
02:33:05 (Game 85) - Initializing game with players: [LearningPlayer, MultithreadedUCTPlayer]
02:33:05 (Game 85) - Playing game...
02:36:23 (Game 85) - WARNING: This match contains errors from the following players: [LearningPlayer]
02:36:23 (Game 85) - Completed game with scores [100, 0]
02:36:23 (Game 85) - Cumulative scores: LearningPlayer=6200 MultithreadedUCTPlayer=2300 
02:36:23 (Game 85) - Saving match to file nineBoardTicTacToe-LearningPlayer-vs-MultithreadedUCTPlayer-20160506_192409/game85.json
02:36:23 - Finished 85 of 100 games in 432.01 minutes. Estimated 76.24 minutes remaining.
02:36:26 (Game 86) - Initializing game with players: [MultithreadedUCTPlayer, LearningPlayer]
02:36:26 (Game 86) - Playing game...
02:39:30 (Game 86) - Completed game with scores [0, 100]
02:39:30 (Game 86) - Cumulative scores: LearningPlayer=6300 MultithreadedUCTPlayer=2300 
02:39:30 (Game 86) - Saving match to file nineBoardTicTacToe-LearningPlayer-vs-MultithreadedUCTPlayer-20160506_192409/game86.json
02:39:30 - Finished 86 of 100 games in 435.12 minutes. Estimated 70.83 minutes remaining.
02:39:33 (Game 87) - Initializing game with players: [LearningPlayer, MultithreadedUCTPlayer]
02:39:33 (Game 87) - Playing game...
02:44:41 (Game 87) - WARNING: This match contains errors from the following players: [LearningPlayer]
02:44:41 (Game 87) - Completed game with scores [100, 0]
02:44:41 (Game 87) - Cumulative scores: LearningPlayer=6400 MultithreadedUCTPlayer=2300 
02:44:41 (Game 87) - Saving match to file nineBoardTicTacToe-LearningPlayer-vs-MultithreadedUCTPlayer-20160506_192409/game87.json
02:44:41 - Finished 87 of 100 games in 440.30 minutes. Estimated 65.79 minutes remaining.
02:44:44 (Game 88) - Initializing game with players: [MultithreadedUCTPlayer, LearningPlayer]
02:44:44 (Game 88) - Playing game...
02:49:55 (Game 88) - Completed game with scores [0, 100]
02:49:55 (Game 88) - Cumulative scores: LearningPlayer=6500 MultithreadedUCTPlayer=2300 
02:49:55 (Game 88) - Saving match to file nineBoardTicTacToe-LearningPlayer-vs-MultithreadedUCTPlayer-20160506_192409/game88.json
02:49:55 - Finished 88 of 100 games in 445.53 minutes. Estimated 60.75 minutes remaining.
02:49:58 (Game 89) - Initializing game with players: [LearningPlayer, MultithreadedUCTPlayer]
02:49:58 (Game 89) - Playing game...
02:54:29 (Game 89) - WARNING: This match contains errors from the following players: [LearningPlayer]
02:54:29 (Game 89) - Completed game with scores [100, 0]
02:54:29 (Game 89) - Cumulative scores: LearningPlayer=6600 MultithreadedUCTPlayer=2300 
02:54:29 (Game 89) - Saving match to file nineBoardTicTacToe-LearningPlayer-vs-MultithreadedUCTPlayer-20160506_192409/game89.json
02:54:29 - Finished 89 of 100 games in 450.11 minutes. Estimated 55.63 minutes remaining.
02:54:32 (Game 90) - Initializing game with players: [MultithreadedUCTPlayer, LearningPlayer]
02:54:32 (Game 90) - Playing game...
02:59:25 (Game 90) - Completed game with scores [0, 100]
02:59:25 (Game 90) - Cumulative scores: LearningPlayer=6700 MultithreadedUCTPlayer=2300 
02:59:25 (Game 90) - Saving match to file nineBoardTicTacToe-LearningPlayer-vs-MultithreadedUCTPlayer-20160506_192409/game90.json
02:59:25 - Finished 90 of 100 games in 455.05 minutes. Estimated 50.56 minutes remaining.
02:59:28 (Game 91) - Initializing game with players: [LearningPlayer, MultithreadedUCTPlayer]
02:59:28 (Game 91) - Playing game...
03:05:21 (Game 91) - WARNING: This match contains errors from the following players: [LearningPlayer]
03:05:21 (Game 91) - Completed game with scores [0, 100]
03:05:21 (Game 91) - Cumulative scores: LearningPlayer=6700 MultithreadedUCTPlayer=2400 
03:05:21 (Game 91) - Saving match to file nineBoardTicTacToe-LearningPlayer-vs-MultithreadedUCTPlayer-20160506_192409/game91.json
03:05:21 - Finished 91 of 100 games in 460.98 minutes. Estimated 45.59 minutes remaining.
03:05:24 (Game 92) - Initializing game with players: [MultithreadedUCTPlayer, LearningPlayer]
03:05:24 (Game 92) - Playing game...
03:11:12 (Game 92) - Completed game with scores [0, 100]
03:11:12 (Game 92) - Cumulative scores: LearningPlayer=6800 MultithreadedUCTPlayer=2400 
03:11:12 (Game 92) - Saving match to file nineBoardTicTacToe-LearningPlayer-vs-MultithreadedUCTPlayer-20160506_192409/game92.json
03:11:12 - Finished 92 of 100 games in 466.83 minutes. Estimated 40.59 minutes remaining.
03:11:15 (Game 93) - Initializing game with players: [LearningPlayer, MultithreadedUCTPlayer]
03:11:15 (Game 93) - Playing game...
03:16:05 (Game 93) - WARNING: This match contains errors from the following players: [LearningPlayer]
03:16:05 (Game 93) - Completed game with scores [100, 0]
03:16:05 (Game 93) - Cumulative scores: LearningPlayer=6900 MultithreadedUCTPlayer=2400 
03:16:05 (Game 93) - Saving match to file nineBoardTicTacToe-LearningPlayer-vs-MultithreadedUCTPlayer-20160506_192409/game93.json
03:16:05 - Finished 93 of 100 games in 471.70 minutes. Estimated 35.50 minutes remaining.
03:16:08 (Game 94) - Initializing game with players: [MultithreadedUCTPlayer, LearningPlayer]
03:16:08 (Game 94) - Playing game...
03:20:43 (Game 94) - Completed game with scores [0, 100]
03:20:43 (Game 94) - Cumulative scores: LearningPlayer=7000 MultithreadedUCTPlayer=2400 
03:20:43 (Game 94) - Saving match to file nineBoardTicTacToe-LearningPlayer-vs-MultithreadedUCTPlayer-20160506_192409/game94.json
03:20:43 - Finished 94 of 100 games in 476.34 minutes. Estimated 30.40 minutes remaining.
03:20:46 (Game 95) - Initializing game with players: [LearningPlayer, MultithreadedUCTPlayer]
03:20:46 (Game 95) - Playing game...
03:25:54 (Game 95) - WARNING: This match contains errors from the following players: [LearningPlayer]
03:25:54 (Game 95) - Completed game with scores [100, 0]
03:25:54 (Game 95) - Cumulative scores: LearningPlayer=7100 MultithreadedUCTPlayer=2400 
03:25:54 (Game 95) - Saving match to file nineBoardTicTacToe-LearningPlayer-vs-MultithreadedUCTPlayer-20160506_192409/game95.json
03:25:54 - Finished 95 of 100 games in 481.52 minutes. Estimated 25.34 minutes remaining.
03:25:57 (Game 96) - Initializing game with players: [MultithreadedUCTPlayer, LearningPlayer]
03:25:57 (Game 96) - Playing game...
03:32:30 (Game 96) - Completed game with scores [100, 0]
03:32:30 (Game 96) - Cumulative scores: LearningPlayer=7100 MultithreadedUCTPlayer=2500 
03:32:30 (Game 96) - Saving match to file nineBoardTicTacToe-LearningPlayer-vs-MultithreadedUCTPlayer-20160506_192409/game96.json
03:32:30 - Finished 96 of 100 games in 488.12 minutes. Estimated 20.34 minutes remaining.
03:32:33 (Game 97) - Initializing game with players: [LearningPlayer, MultithreadedUCTPlayer]
03:32:33 (Game 97) - Playing game...
03:36:10 (Game 97) - WARNING: This match contains errors from the following players: [LearningPlayer]
03:36:10 (Game 97) - Completed game with scores [100, 0]
03:36:10 (Game 97) - Cumulative scores: LearningPlayer=7200 MultithreadedUCTPlayer=2500 
03:36:10 (Game 97) - Saving match to file nineBoardTicTacToe-LearningPlayer-vs-MultithreadedUCTPlayer-20160506_192409/game97.json
03:36:10 - Finished 97 of 100 games in 491.79 minutes. Estimated 15.21 minutes remaining.
03:36:13 (Game 98) - Initializing game with players: [MultithreadedUCTPlayer, LearningPlayer]
03:36:13 (Game 98) - Playing game...
03:40:03 (Game 98) - Completed game with scores [100, 0]
03:40:03 (Game 98) - Cumulative scores: LearningPlayer=7200 MultithreadedUCTPlayer=2600 
03:40:03 (Game 98) - Saving match to file nineBoardTicTacToe-LearningPlayer-vs-MultithreadedUCTPlayer-20160506_192409/game98.json
03:40:03 - Finished 98 of 100 games in 495.67 minutes. Estimated 10.12 minutes remaining.
03:40:06 (Game 99) - Initializing game with players: [LearningPlayer, MultithreadedUCTPlayer]
03:40:06 (Game 99) - Playing game...
03:45:13 (Game 99) - WARNING: This match contains errors from the following players: [LearningPlayer]
03:45:13 (Game 99) - Completed game with scores [100, 0]
03:45:13 (Game 99) - Cumulative scores: LearningPlayer=7300 MultithreadedUCTPlayer=2600 
03:45:13 (Game 99) - Saving match to file nineBoardTicTacToe-LearningPlayer-vs-MultithreadedUCTPlayer-20160506_192409/game99.json
03:45:13 - Finished 99 of 100 games in 500.84 minutes. Estimated 5.06 minutes remaining.
03:45:16 (Game 100) - Initializing game with players: [MultithreadedUCTPlayer, LearningPlayer]
03:45:16 (Game 100) - Playing game...
03:50:27 (Game 100) - Completed game with scores [0, 100]
03:50:27 (Game 100) - Cumulative scores: LearningPlayer=7400 MultithreadedUCTPlayer=2600 
03:50:27 (Game 100) - Saving match to file nineBoardTicTacToe-LearningPlayer-vs-MultithreadedUCTPlayer-20160506_192409/game100.json
03:50:27 - Finished 100 of 100 games in 506.08 minutes. Estimated 0.00 minutes remaining.
03:50:27 - Successfully finished tournament. 50 matches contained errors.
03:50:27 - Average player scores: LearningPlayer=74.0000 MultithreadedUCTPlayer=26.0000 
