23:27:03 (Game 1) - Initializing game with players: [MiniMaxRandomPlayer, MultithreadedUCTPlayer]
23:27:03 (Game 1) - Playing game...
23:28:07 (Game 1) - Completed game with scores [100, 0]
23:28:07 (Game 1) - Cumulative scores: MiniMaxRandomPlayer=100 MultithreadedUCTPlayer=0 
23:28:07 (Game 1) - Saving match to file connectFour-MiniMaxRandomPlayer-vs-MultithreadedUCTPlayer-20160503_232645/game1.json
23:28:07 - Finished 1 of 100 games in 1.11 minutes. Estimated 109.81 minutes remaining.
23:28:10 (Game 2) - Initializing game with players: [MultithreadedUCTPlayer, MiniMaxRandomPlayer]
23:28:10 (Game 2) - Playing game...
23:30:25 (Game 2) - Completed game with scores [100, 0]
23:30:25 (Game 2) - Cumulative scores: MiniMaxRandomPlayer=100 MultithreadedUCTPlayer=100 
23:30:25 (Game 2) - Saving match to file connectFour-MiniMaxRandomPlayer-vs-MultithreadedUCTPlayer-20160503_232645/game2.json
23:30:25 - Finished 2 of 100 games in 3.42 minutes. Estimated 167.54 minutes remaining.
23:30:28 (Game 3) - Initializing game with players: [MiniMaxRandomPlayer, MultithreadedUCTPlayer]
23:30:28 (Game 3) - Playing game...
23:35:26 (Game 3) - Completed game with scores [100, 0]
23:35:27 (Game 3) - Cumulative scores: MiniMaxRandomPlayer=200 MultithreadedUCTPlayer=100 
23:35:27 (Game 3) - Saving match to file connectFour-MiniMaxRandomPlayer-vs-MultithreadedUCTPlayer-20160503_232645/game3.json
23:35:27 - Finished 3 of 100 games in 8.44 minutes. Estimated 272.88 minutes remaining.
23:35:30 (Game 4) - Initializing game with players: [MultithreadedUCTPlayer, MiniMaxRandomPlayer]
23:35:30 (Game 4) - Playing game...
23:36:33 (Game 4) - Completed game with scores [100, 0]
23:36:33 (Game 4) - Cumulative scores: MiniMaxRandomPlayer=200 MultithreadedUCTPlayer=200 
23:36:33 (Game 4) - Saving match to file connectFour-MiniMaxRandomPlayer-vs-MultithreadedUCTPlayer-20160503_232645/game4.json
23:36:33 - Finished 4 of 100 games in 9.54 minutes. Estimated 229.05 minutes remaining.
23:36:36 (Game 5) - Initializing game with players: [MiniMaxRandomPlayer, MultithreadedUCTPlayer]
23:36:36 (Game 5) - Playing game...
23:38:42 (Game 5) - Completed game with scores [0, 100]
23:38:42 (Game 5) - Cumulative scores: MiniMaxRandomPlayer=200 MultithreadedUCTPlayer=300 
23:38:42 (Game 5) - Saving match to file connectFour-MiniMaxRandomPlayer-vs-MultithreadedUCTPlayer-20160503_232645/game5.json
23:38:42 - Finished 5 of 100 games in 11.70 minutes. Estimated 222.36 minutes remaining.
23:38:45 (Game 6) - Initializing game with players: [MultithreadedUCTPlayer, MiniMaxRandomPlayer]
23:38:45 (Game 6) - Playing game...
23:40:16 (Game 6) - Completed game with scores [0, 100]
23:40:16 (Game 6) - Cumulative scores: MiniMaxRandomPlayer=300 MultithreadedUCTPlayer=300 
23:40:16 (Game 6) - Saving match to file connectFour-MiniMaxRandomPlayer-vs-MultithreadedUCTPlayer-20160503_232645/game6.json
23:40:16 - Finished 6 of 100 games in 13.26 minutes. Estimated 207.74 minutes remaining.
23:40:19 (Game 7) - Initializing game with players: [MiniMaxRandomPlayer, MultithreadedUCTPlayer]
23:40:19 (Game 7) - Playing game...
23:41:22 (Game 7) - Completed game with scores [100, 0]
23:41:22 (Game 7) - Cumulative scores: MiniMaxRandomPlayer=400 MultithreadedUCTPlayer=300 
23:41:22 (Game 7) - Saving match to file connectFour-MiniMaxRandomPlayer-vs-MultithreadedUCTPlayer-20160503_232645/game7.json
23:41:22 - Finished 7 of 100 games in 14.37 minutes. Estimated 190.85 minutes remaining.
23:41:25 (Game 8) - Initializing game with players: [MultithreadedUCTPlayer, MiniMaxRandomPlayer]
23:41:25 (Game 8) - Playing game...
23:42:28 (Game 8) - Completed game with scores [100, 0]
23:42:28 (Game 8) - Cumulative scores: MiniMaxRandomPlayer=400 MultithreadedUCTPlayer=400 
23:42:28 (Game 8) - Saving match to file connectFour-MiniMaxRandomPlayer-vs-MultithreadedUCTPlayer-20160503_232645/game8.json
23:42:28 - Finished 8 of 100 games in 15.47 minutes. Estimated 177.91 minutes remaining.
23:42:31 (Game 9) - Initializing game with players: [MiniMaxRandomPlayer, MultithreadedUCTPlayer]
23:42:31 (Game 9) - Playing game...
23:43:35 (Game 9) - Completed game with scores [100, 0]
23:43:35 (Game 9) - Cumulative scores: MiniMaxRandomPlayer=500 MultithreadedUCTPlayer=400 
23:43:35 (Game 9) - Saving match to file connectFour-MiniMaxRandomPlayer-vs-MultithreadedUCTPlayer-20160503_232645/game9.json
23:43:35 - Finished 9 of 100 games in 16.57 minutes. Estimated 167.59 minutes remaining.
23:43:38 (Game 10) - Initializing game with players: [MultithreadedUCTPlayer, MiniMaxRandomPlayer]
23:43:38 (Game 10) - Playing game...
23:44:41 (Game 10) - Completed game with scores [100, 0]
23:44:41 (Game 10) - Cumulative scores: MiniMaxRandomPlayer=500 MultithreadedUCTPlayer=500 
23:44:41 (Game 10) - Saving match to file connectFour-MiniMaxRandomPlayer-vs-MultithreadedUCTPlayer-20160503_232645/game10.json
23:44:41 - Finished 10 of 100 games in 17.68 minutes. Estimated 159.10 minutes remaining.
23:44:44 (Game 11) - Initializing game with players: [MiniMaxRandomPlayer, MultithreadedUCTPlayer]
23:44:44 (Game 11) - Playing game...
23:46:14 (Game 11) - Completed game with scores [0, 100]
23:46:14 (Game 11) - Cumulative scores: MiniMaxRandomPlayer=500 MultithreadedUCTPlayer=600 
23:46:14 (Game 11) - Saving match to file connectFour-MiniMaxRandomPlayer-vs-MultithreadedUCTPlayer-20160503_232645/game11.json
23:46:14 - Finished 11 of 100 games in 19.24 minutes. Estimated 155.63 minutes remaining.
23:46:17 (Game 12) - Initializing game with players: [MultithreadedUCTPlayer, MiniMaxRandomPlayer]
23:46:17 (Game 12) - Playing game...
23:49:09 (Game 12) - Completed game with scores [100, 0]
23:49:09 (Game 12) - Cumulative scores: MiniMaxRandomPlayer=500 MultithreadedUCTPlayer=700 
23:49:09 (Game 12) - Saving match to file connectFour-MiniMaxRandomPlayer-vs-MultithreadedUCTPlayer-20160503_232645/game12.json
23:49:09 - Finished 12 of 100 games in 22.15 minutes. Estimated 162.41 minutes remaining.
23:49:12 (Game 13) - Initializing game with players: [MiniMaxRandomPlayer, MultithreadedUCTPlayer]
23:49:12 (Game 13) - Playing game...
23:50:42 (Game 13) - Completed game with scores [0, 100]
23:50:42 (Game 13) - Cumulative scores: MiniMaxRandomPlayer=500 MultithreadedUCTPlayer=800 
23:50:42 (Game 13) - Saving match to file connectFour-MiniMaxRandomPlayer-vs-MultithreadedUCTPlayer-20160503_232645/game13.json
23:50:42 - Finished 13 of 100 games in 23.70 minutes. Estimated 158.62 minutes remaining.
23:50:45 (Game 14) - Initializing game with players: [MultithreadedUCTPlayer, MiniMaxRandomPlayer]
23:50:45 (Game 14) - Playing game...
23:51:48 (Game 14) - Completed game with scores [100, 0]
23:51:48 (Game 14) - Cumulative scores: MiniMaxRandomPlayer=500 MultithreadedUCTPlayer=900 
23:51:48 (Game 14) - Saving match to file connectFour-MiniMaxRandomPlayer-vs-MultithreadedUCTPlayer-20160503_232645/game14.json
23:51:48 - Finished 14 of 100 games in 24.81 minutes. Estimated 152.38 minutes remaining.
23:51:51 (Game 15) - Initializing game with players: [MiniMaxRandomPlayer, MultithreadedUCTPlayer]
23:51:51 (Game 15) - Playing game...
23:52:55 (Game 15) - Completed game with scores [100, 0]
23:52:55 (Game 15) - Cumulative scores: MiniMaxRandomPlayer=600 MultithreadedUCTPlayer=900 
23:52:55 (Game 15) - Saving match to file connectFour-MiniMaxRandomPlayer-vs-MultithreadedUCTPlayer-20160503_232645/game15.json
23:52:55 - Finished 15 of 100 games in 25.91 minutes. Estimated 146.83 minutes remaining.
23:52:58 (Game 16) - Initializing game with players: [MultithreadedUCTPlayer, MiniMaxRandomPlayer]
23:52:58 (Game 16) - Playing game...
23:54:28 (Game 16) - Completed game with scores [0, 100]
23:54:28 (Game 16) - Cumulative scores: MiniMaxRandomPlayer=700 MultithreadedUCTPlayer=900 
23:54:28 (Game 16) - Saving match to file connectFour-MiniMaxRandomPlayer-vs-MultithreadedUCTPlayer-20160503_232645/game16.json
23:54:28 - Finished 16 of 100 games in 27.47 minutes. Estimated 144.22 minutes remaining.
23:54:31 (Game 17) - Initializing game with players: [MiniMaxRandomPlayer, MultithreadedUCTPlayer]
23:54:31 (Game 17) - Playing game...
23:55:35 (Game 17) - Completed game with scores [100, 0]
23:55:35 (Game 17) - Cumulative scores: MiniMaxRandomPlayer=800 MultithreadedUCTPlayer=900 
23:55:35 (Game 17) - Saving match to file connectFour-MiniMaxRandomPlayer-vs-MultithreadedUCTPlayer-20160503_232645/game17.json
23:55:35 - Finished 17 of 100 games in 28.57 minutes. Estimated 139.51 minutes remaining.
23:55:38 (Game 18) - Initializing game with players: [MultithreadedUCTPlayer, MiniMaxRandomPlayer]
23:55:38 (Game 18) - Playing game...
23:56:41 (Game 18) - Completed game with scores [100, 0]
23:56:41 (Game 18) - Cumulative scores: MiniMaxRandomPlayer=800 MultithreadedUCTPlayer=1000 
23:56:41 (Game 18) - Saving match to file connectFour-MiniMaxRandomPlayer-vs-MultithreadedUCTPlayer-20160503_232645/game18.json
23:56:41 - Finished 18 of 100 games in 29.68 minutes. Estimated 135.20 minutes remaining.
23:56:44 (Game 19) - Initializing game with players: [MiniMaxRandomPlayer, MultithreadedUCTPlayer]
23:56:44 (Game 19) - Playing game...
23:57:47 (Game 19) - Completed game with scores [100, 0]
23:57:47 (Game 19) - Cumulative scores: MiniMaxRandomPlayer=900 MultithreadedUCTPlayer=1000 
23:57:47 (Game 19) - Saving match to file connectFour-MiniMaxRandomPlayer-vs-MultithreadedUCTPlayer-20160503_232645/game19.json
23:57:47 - Finished 19 of 100 games in 30.78 minutes. Estimated 131.24 minutes remaining.
23:57:50 (Game 20) - Initializing game with players: [MultithreadedUCTPlayer, MiniMaxRandomPlayer]
23:57:50 (Game 20) - Playing game...
23:58:53 (Game 20) - Completed game with scores [100, 0]
23:58:53 (Game 20) - Cumulative scores: MiniMaxRandomPlayer=900 MultithreadedUCTPlayer=1100 
23:58:53 (Game 20) - Saving match to file connectFour-MiniMaxRandomPlayer-vs-MultithreadedUCTPlayer-20160503_232645/game20.json
23:58:53 - Finished 20 of 100 games in 31.89 minutes. Estimated 127.55 minutes remaining.
23:58:56 (Game 21) - Initializing game with players: [MiniMaxRandomPlayer, MultithreadedUCTPlayer]
23:58:56 (Game 21) - Playing game...
00:00:00 (Game 21) - Completed game with scores [100, 0]
00:00:00 (Game 21) - Cumulative scores: MiniMaxRandomPlayer=1000 MultithreadedUCTPlayer=1100 
00:00:00 (Game 21) - Saving match to file connectFour-MiniMaxRandomPlayer-vs-MultithreadedUCTPlayer-20160503_232645/game21.json
00:00:00 - Finished 21 of 100 games in 32.99 minutes. Estimated 124.11 minutes remaining.
00:00:03 (Game 22) - Initializing game with players: [MultithreadedUCTPlayer, MiniMaxRandomPlayer]
00:00:03 (Game 22) - Playing game...
00:02:09 (Game 22) - Completed game with scores [0, 100]
00:02:09 (Game 22) - Cumulative scores: MiniMaxRandomPlayer=1100 MultithreadedUCTPlayer=1100 
00:02:09 (Game 22) - Saving match to file connectFour-MiniMaxRandomPlayer-vs-MultithreadedUCTPlayer-20160503_232645/game22.json
00:02:09 - Finished 22 of 100 games in 35.15 minutes. Estimated 124.64 minutes remaining.
00:02:12 (Game 23) - Initializing game with players: [MiniMaxRandomPlayer, MultithreadedUCTPlayer]
00:02:12 (Game 23) - Playing game...
00:03:16 (Game 23) - Completed game with scores [100, 0]
00:03:16 (Game 23) - Cumulative scores: MiniMaxRandomPlayer=1200 MultithreadedUCTPlayer=1100 
00:03:16 (Game 23) - Saving match to file connectFour-MiniMaxRandomPlayer-vs-MultithreadedUCTPlayer-20160503_232645/game23.json
00:03:16 - Finished 23 of 100 games in 36.26 minutes. Estimated 121.40 minutes remaining.
00:03:19 (Game 24) - Initializing game with players: [MultithreadedUCTPlayer, MiniMaxRandomPlayer]
00:03:19 (Game 24) - Playing game...
00:04:22 (Game 24) - Completed game with scores [100, 0]
00:04:22 (Game 24) - Cumulative scores: MiniMaxRandomPlayer=1200 MultithreadedUCTPlayer=1200 
00:04:22 (Game 24) - Saving match to file connectFour-MiniMaxRandomPlayer-vs-MultithreadedUCTPlayer-20160503_232645/game24.json
00:04:22 - Finished 24 of 100 games in 37.37 minutes. Estimated 118.32 minutes remaining.
00:04:25 (Game 25) - Initializing game with players: [MiniMaxRandomPlayer, MultithreadedUCTPlayer]
00:04:25 (Game 25) - Playing game...
00:05:28 (Game 25) - Completed game with scores [100, 0]
00:05:28 (Game 25) - Cumulative scores: MiniMaxRandomPlayer=1300 MultithreadedUCTPlayer=1200 
00:05:28 (Game 25) - Saving match to file connectFour-MiniMaxRandomPlayer-vs-MultithreadedUCTPlayer-20160503_232645/game25.json
00:05:28 - Finished 25 of 100 games in 38.47 minutes. Estimated 115.41 minutes remaining.
00:05:31 (Game 26) - Initializing game with players: [MultithreadedUCTPlayer, MiniMaxRandomPlayer]
00:05:31 (Game 26) - Playing game...
00:06:35 (Game 26) - Completed game with scores [100, 0]
00:06:35 (Game 26) - Cumulative scores: MiniMaxRandomPlayer=1300 MultithreadedUCTPlayer=1300 
00:06:35 (Game 26) - Saving match to file connectFour-MiniMaxRandomPlayer-vs-MultithreadedUCTPlayer-20160503_232645/game26.json
00:06:35 - Finished 26 of 100 games in 39.57 minutes. Estimated 112.63 minutes remaining.
00:06:38 (Game 27) - Initializing game with players: [MiniMaxRandomPlayer, MultithreadedUCTPlayer]
00:06:38 (Game 27) - Playing game...
00:07:41 (Game 27) - Completed game with scores [100, 0]
00:07:41 (Game 27) - Cumulative scores: MiniMaxRandomPlayer=1400 MultithreadedUCTPlayer=1300 
00:07:41 (Game 27) - Saving match to file connectFour-MiniMaxRandomPlayer-vs-MultithreadedUCTPlayer-20160503_232645/game27.json
00:07:41 - Finished 27 of 100 games in 40.68 minutes. Estimated 109.98 minutes remaining.
00:07:44 (Game 28) - Initializing game with players: [MultithreadedUCTPlayer, MiniMaxRandomPlayer]
00:07:44 (Game 28) - Playing game...
00:10:45 (Game 28) - Completed game with scores [0, 100]
00:10:45 (Game 28) - Cumulative scores: MiniMaxRandomPlayer=1500 MultithreadedUCTPlayer=1300 
00:10:45 (Game 28) - Saving match to file connectFour-MiniMaxRandomPlayer-vs-MultithreadedUCTPlayer-20160503_232645/game28.json
00:10:45 - Finished 28 of 100 games in 43.74 minutes. Estimated 112.48 minutes remaining.
00:10:48 (Game 29) - Initializing game with players: [MiniMaxRandomPlayer, MultithreadedUCTPlayer]
00:10:48 (Game 29) - Playing game...
00:11:51 (Game 29) - Completed game with scores [100, 0]
00:11:51 (Game 29) - Cumulative scores: MiniMaxRandomPlayer=1600 MultithreadedUCTPlayer=1300 
00:11:51 (Game 29) - Saving match to file connectFour-MiniMaxRandomPlayer-vs-MultithreadedUCTPlayer-20160503_232645/game29.json
00:11:51 - Finished 29 of 100 games in 44.85 minutes. Estimated 109.80 minutes remaining.
00:11:54 (Game 30) - Initializing game with players: [MultithreadedUCTPlayer, MiniMaxRandomPlayer]
00:11:54 (Game 30) - Playing game...
00:13:25 (Game 30) - Completed game with scores [0, 100]
00:13:25 (Game 30) - Cumulative scores: MiniMaxRandomPlayer=1700 MultithreadedUCTPlayer=1300 
00:13:25 (Game 30) - Saving match to file connectFour-MiniMaxRandomPlayer-vs-MultithreadedUCTPlayer-20160503_232645/game30.json
00:13:25 - Finished 30 of 100 games in 46.41 minutes. Estimated 108.28 minutes remaining.
00:13:28 (Game 31) - Initializing game with players: [MiniMaxRandomPlayer, MultithreadedUCTPlayer]
00:13:28 (Game 31) - Playing game...
00:14:31 (Game 31) - Completed game with scores [100, 0]
00:14:31 (Game 31) - Cumulative scores: MiniMaxRandomPlayer=1800 MultithreadedUCTPlayer=1300 
00:14:31 (Game 31) - Saving match to file connectFour-MiniMaxRandomPlayer-vs-MultithreadedUCTPlayer-20160503_232645/game31.json
00:14:31 - Finished 31 of 100 games in 47.51 minutes. Estimated 105.75 minutes remaining.
00:14:34 (Game 32) - Initializing game with players: [MultithreadedUCTPlayer, MiniMaxRandomPlayer]
00:14:34 (Game 32) - Playing game...
00:16:04 (Game 32) - Completed game with scores [0, 100]
00:16:04 (Game 32) - Cumulative scores: MiniMaxRandomPlayer=1900 MultithreadedUCTPlayer=1300 
00:16:04 (Game 32) - Saving match to file connectFour-MiniMaxRandomPlayer-vs-MultithreadedUCTPlayer-20160503_232645/game32.json
00:16:04 - Finished 32 of 100 games in 49.07 minutes. Estimated 104.27 minutes remaining.
00:16:07 (Game 33) - Initializing game with players: [MiniMaxRandomPlayer, MultithreadedUCTPlayer]
00:16:07 (Game 33) - Playing game...
00:17:10 (Game 33) - Completed game with scores [100, 0]
00:17:10 (Game 33) - Cumulative scores: MiniMaxRandomPlayer=2000 MultithreadedUCTPlayer=1300 
00:17:10 (Game 33) - Saving match to file connectFour-MiniMaxRandomPlayer-vs-MultithreadedUCTPlayer-20160503_232645/game33.json
00:17:10 - Finished 33 of 100 games in 50.17 minutes. Estimated 101.86 minutes remaining.
00:17:13 (Game 34) - Initializing game with players: [MultithreadedUCTPlayer, MiniMaxRandomPlayer]
00:17:13 (Game 34) - Playing game...
00:18:17 (Game 34) - Completed game with scores [100, 0]
00:18:17 (Game 34) - Cumulative scores: MiniMaxRandomPlayer=2000 MultithreadedUCTPlayer=1400 
00:18:17 (Game 34) - Saving match to file connectFour-MiniMaxRandomPlayer-vs-MultithreadedUCTPlayer-20160503_232645/game34.json
00:18:17 - Finished 34 of 100 games in 51.28 minutes. Estimated 99.54 minutes remaining.
00:18:20 (Game 35) - Initializing game with players: [MiniMaxRandomPlayer, MultithreadedUCTPlayer]
00:18:20 (Game 35) - Playing game...
00:19:23 (Game 35) - Completed game with scores [100, 0]
00:19:23 (Game 35) - Cumulative scores: MiniMaxRandomPlayer=2100 MultithreadedUCTPlayer=1400 
00:19:23 (Game 35) - Saving match to file connectFour-MiniMaxRandomPlayer-vs-MultithreadedUCTPlayer-20160503_232645/game35.json
00:19:23 - Finished 35 of 100 games in 52.38 minutes. Estimated 97.28 minutes remaining.
00:19:26 (Game 36) - Initializing game with players: [MultithreadedUCTPlayer, MiniMaxRandomPlayer]
00:19:26 (Game 36) - Playing game...
00:20:29 (Game 36) - Completed game with scores [100, 0]
00:20:29 (Game 36) - Cumulative scores: MiniMaxRandomPlayer=2100 MultithreadedUCTPlayer=1500 
00:20:29 (Game 36) - Saving match to file connectFour-MiniMaxRandomPlayer-vs-MultithreadedUCTPlayer-20160503_232645/game36.json
00:20:29 - Finished 36 of 100 games in 53.49 minutes. Estimated 95.09 minutes remaining.
00:20:32 (Game 37) - Initializing game with players: [MiniMaxRandomPlayer, MultithreadedUCTPlayer]
00:20:32 (Game 37) - Playing game...
00:21:36 (Game 37) - Completed game with scores [100, 0]
00:21:36 (Game 37) - Cumulative scores: MiniMaxRandomPlayer=2200 MultithreadedUCTPlayer=1500 
00:21:36 (Game 37) - Saving match to file connectFour-MiniMaxRandomPlayer-vs-MultithreadedUCTPlayer-20160503_232645/game37.json
00:21:36 - Finished 37 of 100 games in 54.59 minutes. Estimated 92.96 minutes remaining.
00:21:39 (Game 38) - Initializing game with players: [MultithreadedUCTPlayer, MiniMaxRandomPlayer]
00:21:39 (Game 38) - Playing game...
00:23:18 (Game 38) - Completed game with scores [100, 0]
00:23:18 (Game 38) - Cumulative scores: MiniMaxRandomPlayer=2200 MultithreadedUCTPlayer=1600 
00:23:18 (Game 38) - Saving match to file connectFour-MiniMaxRandomPlayer-vs-MultithreadedUCTPlayer-20160503_232645/game38.json
00:23:18 - Finished 38 of 100 games in 56.30 minutes. Estimated 91.86 minutes remaining.
00:23:21 (Game 39) - Initializing game with players: [MiniMaxRandomPlayer, MultithreadedUCTPlayer]
00:23:21 (Game 39) - Playing game...
00:24:52 (Game 39) - Completed game with scores [0, 100]
00:24:52 (Game 39) - Cumulative scores: MiniMaxRandomPlayer=2200 MultithreadedUCTPlayer=1700 
00:24:52 (Game 39) - Saving match to file connectFour-MiniMaxRandomPlayer-vs-MultithreadedUCTPlayer-20160503_232645/game39.json
00:24:52 - Finished 39 of 100 games in 57.86 minutes. Estimated 90.49 minutes remaining.
00:24:55 (Game 40) - Initializing game with players: [MultithreadedUCTPlayer, MiniMaxRandomPlayer]
00:24:55 (Game 40) - Playing game...
00:25:58 (Game 40) - Completed game with scores [100, 0]
00:25:58 (Game 40) - Cumulative scores: MiniMaxRandomPlayer=2200 MultithreadedUCTPlayer=1800 
00:25:58 (Game 40) - Saving match to file connectFour-MiniMaxRandomPlayer-vs-MultithreadedUCTPlayer-20160503_232645/game40.json
00:25:58 - Finished 40 of 100 games in 58.96 minutes. Estimated 88.44 minutes remaining.
00:26:01 (Game 41) - Initializing game with players: [MiniMaxRandomPlayer, MultithreadedUCTPlayer]
00:26:01 (Game 41) - Playing game...
00:27:04 (Game 41) - Completed game with scores [100, 0]
00:27:04 (Game 41) - Cumulative scores: MiniMaxRandomPlayer=2300 MultithreadedUCTPlayer=1800 
00:27:04 (Game 41) - Saving match to file connectFour-MiniMaxRandomPlayer-vs-MultithreadedUCTPlayer-20160503_232645/game41.json
00:27:04 - Finished 41 of 100 games in 60.07 minutes. Estimated 86.44 minutes remaining.
00:27:07 (Game 42) - Initializing game with players: [MultithreadedUCTPlayer, MiniMaxRandomPlayer]
00:27:07 (Game 42) - Playing game...
00:28:10 (Game 42) - Completed game with scores [100, 0]
00:28:10 (Game 42) - Cumulative scores: MiniMaxRandomPlayer=2300 MultithreadedUCTPlayer=1900 
00:28:10 (Game 42) - Saving match to file connectFour-MiniMaxRandomPlayer-vs-MultithreadedUCTPlayer-20160503_232645/game42.json
00:28:10 - Finished 42 of 100 games in 61.17 minutes. Estimated 84.47 minutes remaining.
00:28:13 (Game 43) - Initializing game with players: [MiniMaxRandomPlayer, MultithreadedUCTPlayer]
00:28:13 (Game 43) - Playing game...
00:31:32 (Game 43) - Completed game with scores [0, 100]
00:31:32 (Game 43) - Cumulative scores: MiniMaxRandomPlayer=2300 MultithreadedUCTPlayer=2000 
00:31:32 (Game 43) - Saving match to file connectFour-MiniMaxRandomPlayer-vs-MultithreadedUCTPlayer-20160503_232645/game43.json
00:31:32 - Finished 43 of 100 games in 64.53 minutes. Estimated 85.54 minutes remaining.
00:31:35 (Game 44) - Initializing game with players: [MultithreadedUCTPlayer, MiniMaxRandomPlayer]
00:31:35 (Game 44) - Playing game...
00:32:38 (Game 44) - Completed game with scores [100, 0]
00:32:38 (Game 44) - Cumulative scores: MiniMaxRandomPlayer=2300 MultithreadedUCTPlayer=2100 
00:32:38 (Game 44) - Saving match to file connectFour-MiniMaxRandomPlayer-vs-MultithreadedUCTPlayer-20160503_232645/game44.json
00:32:38 - Finished 44 of 100 games in 65.64 minutes. Estimated 83.54 minutes remaining.
00:32:41 (Game 45) - Initializing game with players: [MiniMaxRandomPlayer, MultithreadedUCTPlayer]
00:32:41 (Game 45) - Playing game...
00:33:45 (Game 45) - Completed game with scores [100, 0]
00:33:45 (Game 45) - Cumulative scores: MiniMaxRandomPlayer=2400 MultithreadedUCTPlayer=2100 
00:33:45 (Game 45) - Saving match to file connectFour-MiniMaxRandomPlayer-vs-MultithreadedUCTPlayer-20160503_232645/game45.json
00:33:45 - Finished 45 of 100 games in 66.74 minutes. Estimated 81.57 minutes remaining.
00:33:48 (Game 46) - Initializing game with players: [MultithreadedUCTPlayer, MiniMaxRandomPlayer]
00:33:48 (Game 46) - Playing game...
00:34:51 (Game 46) - Completed game with scores [100, 0]
00:34:51 (Game 46) - Cumulative scores: MiniMaxRandomPlayer=2400 MultithreadedUCTPlayer=2200 
00:34:51 (Game 46) - Saving match to file connectFour-MiniMaxRandomPlayer-vs-MultithreadedUCTPlayer-20160503_232645/game46.json
00:34:51 - Finished 46 of 100 games in 67.85 minutes. Estimated 79.64 minutes remaining.
00:34:54 (Game 47) - Initializing game with players: [MiniMaxRandomPlayer, MultithreadedUCTPlayer]
00:34:54 (Game 47) - Playing game...
00:35:57 (Game 47) - Completed game with scores [100, 0]
00:35:57 (Game 47) - Cumulative scores: MiniMaxRandomPlayer=2500 MultithreadedUCTPlayer=2200 
00:35:57 (Game 47) - Saving match to file connectFour-MiniMaxRandomPlayer-vs-MultithreadedUCTPlayer-20160503_232645/game47.json
00:35:57 - Finished 47 of 100 games in 68.95 minutes. Estimated 77.75 minutes remaining.
00:36:00 (Game 48) - Initializing game with players: [MultithreadedUCTPlayer, MiniMaxRandomPlayer]
00:36:00 (Game 48) - Playing game...
00:37:03 (Game 48) - Completed game with scores [100, 0]
00:37:03 (Game 48) - Cumulative scores: MiniMaxRandomPlayer=2500 MultithreadedUCTPlayer=2300 
00:37:03 (Game 48) - Saving match to file connectFour-MiniMaxRandomPlayer-vs-MultithreadedUCTPlayer-20160503_232645/game48.json
00:37:03 - Finished 48 of 100 games in 70.05 minutes. Estimated 75.89 minutes remaining.
00:37:06 (Game 49) - Initializing game with players: [MiniMaxRandomPlayer, MultithreadedUCTPlayer]
00:37:06 (Game 49) - Playing game...
00:38:10 (Game 49) - Completed game with scores [100, 0]
00:38:10 (Game 49) - Cumulative scores: MiniMaxRandomPlayer=2600 MultithreadedUCTPlayer=2300 
00:38:10 (Game 49) - Saving match to file connectFour-MiniMaxRandomPlayer-vs-MultithreadedUCTPlayer-20160503_232645/game49.json
00:38:10 - Finished 49 of 100 games in 71.16 minutes. Estimated 74.06 minutes remaining.
00:38:13 (Game 50) - Initializing game with players: [MultithreadedUCTPlayer, MiniMaxRandomPlayer]
00:38:13 (Game 50) - Playing game...
00:39:16 (Game 50) - Completed game with scores [100, 0]
00:39:16 (Game 50) - Cumulative scores: MiniMaxRandomPlayer=2600 MultithreadedUCTPlayer=2400 
00:39:16 (Game 50) - Saving match to file connectFour-MiniMaxRandomPlayer-vs-MultithreadedUCTPlayer-20160503_232645/game50.json
00:39:16 - Finished 50 of 100 games in 72.26 minutes. Estimated 72.26 minutes remaining.
00:39:19 (Game 51) - Initializing game with players: [MiniMaxRandomPlayer, MultithreadedUCTPlayer]
00:39:19 (Game 51) - Playing game...
00:41:25 (Game 51) - Completed game with scores [0, 100]
00:41:25 (Game 51) - Cumulative scores: MiniMaxRandomPlayer=2600 MultithreadedUCTPlayer=2500 
00:41:25 (Game 51) - Saving match to file connectFour-MiniMaxRandomPlayer-vs-MultithreadedUCTPlayer-20160503_232645/game51.json
00:41:25 - Finished 51 of 100 games in 74.42 minutes. Estimated 71.50 minutes remaining.
00:41:28 (Game 52) - Initializing game with players: [MultithreadedUCTPlayer, MiniMaxRandomPlayer]
00:41:28 (Game 52) - Playing game...
00:45:41 (Game 52) - Completed game with scores [0, 100]
00:45:41 (Game 52) - Cumulative scores: MiniMaxRandomPlayer=2700 MultithreadedUCTPlayer=2500 
00:45:41 (Game 52) - Saving match to file connectFour-MiniMaxRandomPlayer-vs-MultithreadedUCTPlayer-20160503_232645/game52.json
00:45:41 - Finished 52 of 100 games in 78.68 minutes. Estimated 72.63 minutes remaining.
00:45:44 (Game 53) - Initializing game with players: [MiniMaxRandomPlayer, MultithreadedUCTPlayer]
00:45:44 (Game 53) - Playing game...
00:47:33 (Game 53) - Completed game with scores [0, 100]
00:47:33 (Game 53) - Cumulative scores: MiniMaxRandomPlayer=2700 MultithreadedUCTPlayer=2600 
00:47:33 (Game 53) - Saving match to file connectFour-MiniMaxRandomPlayer-vs-MultithreadedUCTPlayer-20160503_232645/game53.json
00:47:33 - Finished 53 of 100 games in 80.54 minutes. Estimated 71.42 minutes remaining.
00:47:36 (Game 54) - Initializing game with players: [MultithreadedUCTPlayer, MiniMaxRandomPlayer]
00:47:36 (Game 54) - Playing game...
00:49:51 (Game 54) - Completed game with scores [100, 0]
00:49:51 (Game 54) - Cumulative scores: MiniMaxRandomPlayer=2700 MultithreadedUCTPlayer=2700 
00:49:51 (Game 54) - Saving match to file connectFour-MiniMaxRandomPlayer-vs-MultithreadedUCTPlayer-20160503_232645/game54.json
00:49:51 - Finished 54 of 100 games in 82.85 minutes. Estimated 70.58 minutes remaining.
00:49:54 (Game 55) - Initializing game with players: [MiniMaxRandomPlayer, MultithreadedUCTPlayer]
00:49:54 (Game 55) - Playing game...
00:50:57 (Game 55) - Completed game with scores [100, 0]
00:50:57 (Game 55) - Cumulative scores: MiniMaxRandomPlayer=2800 MultithreadedUCTPlayer=2700 
00:50:57 (Game 55) - Saving match to file connectFour-MiniMaxRandomPlayer-vs-MultithreadedUCTPlayer-20160503_232645/game55.json
00:50:57 - Finished 55 of 100 games in 83.95 minutes. Estimated 68.69 minutes remaining.
00:51:00 (Game 56) - Initializing game with players: [MultithreadedUCTPlayer, MiniMaxRandomPlayer]
00:51:00 (Game 56) - Playing game...
00:52:04 (Game 56) - Completed game with scores [100, 0]
00:52:04 (Game 56) - Cumulative scores: MiniMaxRandomPlayer=2800 MultithreadedUCTPlayer=2800 
00:52:04 (Game 56) - Saving match to file connectFour-MiniMaxRandomPlayer-vs-MultithreadedUCTPlayer-20160503_232645/game56.json
00:52:04 - Finished 56 of 100 games in 85.06 minutes. Estimated 66.83 minutes remaining.
00:52:07 (Game 57) - Initializing game with players: [MiniMaxRandomPlayer, MultithreadedUCTPlayer]
00:52:07 (Game 57) - Playing game...
00:53:10 (Game 57) - Completed game with scores [100, 0]
00:53:10 (Game 57) - Cumulative scores: MiniMaxRandomPlayer=2900 MultithreadedUCTPlayer=2800 
00:53:10 (Game 57) - Saving match to file connectFour-MiniMaxRandomPlayer-vs-MultithreadedUCTPlayer-20160503_232645/game57.json
00:53:10 - Finished 57 of 100 games in 86.16 minutes. Estimated 65.00 minutes remaining.
00:53:13 (Game 58) - Initializing game with players: [MultithreadedUCTPlayer, MiniMaxRandomPlayer]
00:53:13 (Game 58) - Playing game...
00:54:16 (Game 58) - Completed game with scores [100, 0]
00:54:16 (Game 58) - Cumulative scores: MiniMaxRandomPlayer=2900 MultithreadedUCTPlayer=2900 
00:54:16 (Game 58) - Saving match to file connectFour-MiniMaxRandomPlayer-vs-MultithreadedUCTPlayer-20160503_232645/game58.json
00:54:16 - Finished 58 of 100 games in 87.27 minutes. Estimated 63.19 minutes remaining.
00:54:19 (Game 59) - Initializing game with players: [MiniMaxRandomPlayer, MultithreadedUCTPlayer]
00:54:19 (Game 59) - Playing game...
00:55:22 (Game 59) - Completed game with scores [100, 0]
00:55:22 (Game 59) - Cumulative scores: MiniMaxRandomPlayer=3000 MultithreadedUCTPlayer=2900 
00:55:22 (Game 59) - Saving match to file connectFour-MiniMaxRandomPlayer-vs-MultithreadedUCTPlayer-20160503_232645/game59.json
00:55:22 - Finished 59 of 100 games in 88.37 minutes. Estimated 61.41 minutes remaining.
00:55:25 (Game 60) - Initializing game with players: [MultithreadedUCTPlayer, MiniMaxRandomPlayer]
00:55:25 (Game 60) - Playing game...
00:56:29 (Game 60) - Completed game with scores [100, 0]
00:56:29 (Game 60) - Cumulative scores: MiniMaxRandomPlayer=3000 MultithreadedUCTPlayer=3000 
00:56:29 (Game 60) - Saving match to file connectFour-MiniMaxRandomPlayer-vs-MultithreadedUCTPlayer-20160503_232645/game60.json
00:56:29 - Finished 60 of 100 games in 89.48 minutes. Estimated 59.65 minutes remaining.
00:56:32 (Game 61) - Initializing game with players: [MiniMaxRandomPlayer, MultithreadedUCTPlayer]
00:56:32 (Game 61) - Playing game...
00:58:02 (Game 61) - Completed game with scores [0, 100]
00:58:02 (Game 61) - Cumulative scores: MiniMaxRandomPlayer=3000 MultithreadedUCTPlayer=3100 
00:58:02 (Game 61) - Saving match to file connectFour-MiniMaxRandomPlayer-vs-MultithreadedUCTPlayer-20160503_232645/game61.json
00:58:02 - Finished 61 of 100 games in 91.03 minutes. Estimated 58.20 minutes remaining.
00:58:05 (Game 62) - Initializing game with players: [MultithreadedUCTPlayer, MiniMaxRandomPlayer]
00:58:05 (Game 62) - Playing game...
00:59:45 (Game 62) - Completed game with scores [100, 0]
00:59:45 (Game 62) - Cumulative scores: MiniMaxRandomPlayer=3000 MultithreadedUCTPlayer=3200 
00:59:45 (Game 62) - Saving match to file connectFour-MiniMaxRandomPlayer-vs-MultithreadedUCTPlayer-20160503_232645/game62.json
00:59:45 - Finished 62 of 100 games in 92.74 minutes. Estimated 56.84 minutes remaining.
00:59:48 (Game 63) - Initializing game with players: [MiniMaxRandomPlayer, MultithreadedUCTPlayer]
00:59:48 (Game 63) - Playing game...
01:00:51 (Game 63) - Completed game with scores [100, 0]
01:00:51 (Game 63) - Cumulative scores: MiniMaxRandomPlayer=3100 MultithreadedUCTPlayer=3200 
01:00:51 (Game 63) - Saving match to file connectFour-MiniMaxRandomPlayer-vs-MultithreadedUCTPlayer-20160503_232645/game63.json
01:00:51 - Finished 63 of 100 games in 93.85 minutes. Estimated 55.12 minutes remaining.
01:00:54 (Game 64) - Initializing game with players: [MultithreadedUCTPlayer, MiniMaxRandomPlayer]
01:00:54 (Game 64) - Playing game...
01:01:57 (Game 64) - Completed game with scores [100, 0]
01:01:57 (Game 64) - Cumulative scores: MiniMaxRandomPlayer=3100 MultithreadedUCTPlayer=3300 
01:01:57 (Game 64) - Saving match to file connectFour-MiniMaxRandomPlayer-vs-MultithreadedUCTPlayer-20160503_232645/game64.json
01:01:57 - Finished 64 of 100 games in 94.95 minutes. Estimated 53.41 minutes remaining.
01:02:00 (Game 65) - Initializing game with players: [MiniMaxRandomPlayer, MultithreadedUCTPlayer]
01:02:00 (Game 65) - Playing game...
01:03:03 (Game 65) - Completed game with scores [100, 0]
01:03:03 (Game 65) - Cumulative scores: MiniMaxRandomPlayer=3200 MultithreadedUCTPlayer=3300 
01:03:03 (Game 65) - Saving match to file connectFour-MiniMaxRandomPlayer-vs-MultithreadedUCTPlayer-20160503_232645/game65.json
01:03:03 - Finished 65 of 100 games in 96.05 minutes. Estimated 51.72 minutes remaining.
01:03:06 (Game 66) - Initializing game with players: [MultithreadedUCTPlayer, MiniMaxRandomPlayer]
01:03:06 (Game 66) - Playing game...
01:04:19 (Game 66) - Completed game with scores [0, 100]
01:04:19 (Game 66) - Cumulative scores: MiniMaxRandomPlayer=3300 MultithreadedUCTPlayer=3300 
01:04:19 (Game 66) - Saving match to file connectFour-MiniMaxRandomPlayer-vs-MultithreadedUCTPlayer-20160503_232645/game66.json
01:04:19 - Finished 66 of 100 games in 97.31 minutes. Estimated 50.13 minutes remaining.
01:04:22 (Game 67) - Initializing game with players: [MiniMaxRandomPlayer, MultithreadedUCTPlayer]
01:04:22 (Game 67) - Playing game...
01:05:25 (Game 67) - Completed game with scores [100, 0]
01:05:25 (Game 67) - Cumulative scores: MiniMaxRandomPlayer=3400 MultithreadedUCTPlayer=3300 
01:05:25 (Game 67) - Saving match to file connectFour-MiniMaxRandomPlayer-vs-MultithreadedUCTPlayer-20160503_232645/game67.json
01:05:25 - Finished 67 of 100 games in 98.41 minutes. Estimated 48.47 minutes remaining.
01:05:28 (Game 68) - Initializing game with players: [MultithreadedUCTPlayer, MiniMaxRandomPlayer]
01:05:28 (Game 68) - Playing game...
01:07:16 (Game 68) - Completed game with scores [0, 100]
01:07:16 (Game 68) - Cumulative scores: MiniMaxRandomPlayer=3500 MultithreadedUCTPlayer=3300 
01:07:16 (Game 68) - Saving match to file connectFour-MiniMaxRandomPlayer-vs-MultithreadedUCTPlayer-20160503_232645/game68.json
01:07:16 - Finished 68 of 100 games in 100.27 minutes. Estimated 47.19 minutes remaining.
01:07:19 (Game 69) - Initializing game with players: [MiniMaxRandomPlayer, MultithreadedUCTPlayer]
01:07:19 (Game 69) - Playing game...
01:08:23 (Game 69) - Completed game with scores [100, 0]
01:08:23 (Game 69) - Cumulative scores: MiniMaxRandomPlayer=3600 MultithreadedUCTPlayer=3300 
01:08:23 (Game 69) - Saving match to file connectFour-MiniMaxRandomPlayer-vs-MultithreadedUCTPlayer-20160503_232645/game69.json
01:08:23 - Finished 69 of 100 games in 101.38 minutes. Estimated 45.55 minutes remaining.
01:08:26 (Game 70) - Initializing game with players: [MultithreadedUCTPlayer, MiniMaxRandomPlayer]
01:08:26 (Game 70) - Playing game...
01:09:29 (Game 70) - Completed game with scores [100, 0]
01:09:29 (Game 70) - Cumulative scores: MiniMaxRandomPlayer=3600 MultithreadedUCTPlayer=3400 
01:09:29 (Game 70) - Saving match to file connectFour-MiniMaxRandomPlayer-vs-MultithreadedUCTPlayer-20160503_232645/game70.json
01:09:29 - Finished 70 of 100 games in 102.48 minutes. Estimated 43.92 minutes remaining.
01:09:32 (Game 71) - Initializing game with players: [MiniMaxRandomPlayer, MultithreadedUCTPlayer]
01:09:32 (Game 71) - Playing game...
01:10:35 (Game 71) - Completed game with scores [100, 0]
01:10:35 (Game 71) - Cumulative scores: MiniMaxRandomPlayer=3700 MultithreadedUCTPlayer=3400 
01:10:35 (Game 71) - Saving match to file connectFour-MiniMaxRandomPlayer-vs-MultithreadedUCTPlayer-20160503_232645/game71.json
01:10:35 - Finished 71 of 100 games in 103.59 minutes. Estimated 42.31 minutes remaining.
01:10:38 (Game 72) - Initializing game with players: [MultithreadedUCTPlayer, MiniMaxRandomPlayer]
01:10:38 (Game 72) - Playing game...
01:11:42 (Game 72) - Completed game with scores [100, 0]
01:11:42 (Game 72) - Cumulative scores: MiniMaxRandomPlayer=3700 MultithreadedUCTPlayer=3500 
01:11:42 (Game 72) - Saving match to file connectFour-MiniMaxRandomPlayer-vs-MultithreadedUCTPlayer-20160503_232645/game72.json
01:11:42 - Finished 72 of 100 games in 104.69 minutes. Estimated 40.71 minutes remaining.
01:11:45 (Game 73) - Initializing game with players: [MiniMaxRandomPlayer, MultithreadedUCTPlayer]
01:11:45 (Game 73) - Playing game...
01:12:48 (Game 73) - Completed game with scores [100, 0]
01:12:48 (Game 73) - Cumulative scores: MiniMaxRandomPlayer=3800 MultithreadedUCTPlayer=3500 
01:12:48 (Game 73) - Saving match to file connectFour-MiniMaxRandomPlayer-vs-MultithreadedUCTPlayer-20160503_232645/game73.json
01:12:48 - Finished 73 of 100 games in 105.80 minutes. Estimated 39.13 minutes remaining.
01:12:51 (Game 74) - Initializing game with players: [MultithreadedUCTPlayer, MiniMaxRandomPlayer]
01:12:51 (Game 74) - Playing game...
01:13:54 (Game 74) - Completed game with scores [100, 0]
01:13:54 (Game 74) - Cumulative scores: MiniMaxRandomPlayer=3800 MultithreadedUCTPlayer=3600 
01:13:54 (Game 74) - Saving match to file connectFour-MiniMaxRandomPlayer-vs-MultithreadedUCTPlayer-20160503_232645/game74.json
01:13:54 - Finished 74 of 100 games in 106.90 minutes. Estimated 37.56 minutes remaining.
01:13:57 (Game 75) - Initializing game with players: [MiniMaxRandomPlayer, MultithreadedUCTPlayer]
01:13:57 (Game 75) - Playing game...
01:15:01 (Game 75) - Completed game with scores [100, 0]
01:15:01 (Game 75) - Cumulative scores: MiniMaxRandomPlayer=3900 MultithreadedUCTPlayer=3600 
01:15:01 (Game 75) - Saving match to file connectFour-MiniMaxRandomPlayer-vs-MultithreadedUCTPlayer-20160503_232645/game75.json
01:15:01 - Finished 75 of 100 games in 108.01 minutes. Estimated 36.00 minutes remaining.
01:15:04 (Game 76) - Initializing game with players: [MultithreadedUCTPlayer, MiniMaxRandomPlayer]
01:15:04 (Game 76) - Playing game...
01:16:07 (Game 76) - Completed game with scores [100, 0]
01:16:07 (Game 76) - Cumulative scores: MiniMaxRandomPlayer=3900 MultithreadedUCTPlayer=3700 
01:16:07 (Game 76) - Saving match to file connectFour-MiniMaxRandomPlayer-vs-MultithreadedUCTPlayer-20160503_232645/game76.json
01:16:07 - Finished 76 of 100 games in 109.11 minutes. Estimated 34.46 minutes remaining.
01:16:10 (Game 77) - Initializing game with players: [MiniMaxRandomPlayer, MultithreadedUCTPlayer]
01:16:10 (Game 77) - Playing game...
01:17:13 (Game 77) - Completed game with scores [100, 0]
01:17:13 (Game 77) - Cumulative scores: MiniMaxRandomPlayer=4000 MultithreadedUCTPlayer=3700 
01:17:13 (Game 77) - Saving match to file connectFour-MiniMaxRandomPlayer-vs-MultithreadedUCTPlayer-20160503_232645/game77.json
01:17:13 - Finished 77 of 100 games in 110.22 minutes. Estimated 32.92 minutes remaining.
01:17:16 (Game 78) - Initializing game with players: [MultithreadedUCTPlayer, MiniMaxRandomPlayer]
01:17:16 (Game 78) - Playing game...
01:18:19 (Game 78) - Completed game with scores [100, 0]
01:18:19 (Game 78) - Cumulative scores: MiniMaxRandomPlayer=4000 MultithreadedUCTPlayer=3800 
01:18:19 (Game 78) - Saving match to file connectFour-MiniMaxRandomPlayer-vs-MultithreadedUCTPlayer-20160503_232645/game78.json
01:18:19 - Finished 78 of 100 games in 111.32 minutes. Estimated 31.40 minutes remaining.
01:18:22 (Game 79) - Initializing game with players: [MiniMaxRandomPlayer, MultithreadedUCTPlayer]
01:18:22 (Game 79) - Playing game...
01:19:26 (Game 79) - Completed game with scores [100, 0]
01:19:26 (Game 79) - Cumulative scores: MiniMaxRandomPlayer=4100 MultithreadedUCTPlayer=3800 
01:19:26 (Game 79) - Saving match to file connectFour-MiniMaxRandomPlayer-vs-MultithreadedUCTPlayer-20160503_232645/game79.json
01:19:26 - Finished 79 of 100 games in 112.43 minutes. Estimated 29.89 minutes remaining.
01:19:29 (Game 80) - Initializing game with players: [MultithreadedUCTPlayer, MiniMaxRandomPlayer]
01:19:29 (Game 80) - Playing game...
01:21:44 (Game 80) - Completed game with scores [100, 0]
01:21:44 (Game 80) - Cumulative scores: MiniMaxRandomPlayer=4100 MultithreadedUCTPlayer=3900 
01:21:44 (Game 80) - Saving match to file connectFour-MiniMaxRandomPlayer-vs-MultithreadedUCTPlayer-20160503_232645/game80.json
01:21:44 - Finished 80 of 100 games in 114.74 minutes. Estimated 28.68 minutes remaining.
01:21:47 (Game 81) - Initializing game with players: [MiniMaxRandomPlayer, MultithreadedUCTPlayer]
01:21:47 (Game 81) - Playing game...
01:22:51 (Game 81) - Completed game with scores [100, 0]
01:22:51 (Game 81) - Cumulative scores: MiniMaxRandomPlayer=4200 MultithreadedUCTPlayer=3900 
01:22:51 (Game 81) - Saving match to file connectFour-MiniMaxRandomPlayer-vs-MultithreadedUCTPlayer-20160503_232645/game81.json
01:22:51 - Finished 81 of 100 games in 115.84 minutes. Estimated 27.17 minutes remaining.
01:22:54 (Game 82) - Initializing game with players: [MultithreadedUCTPlayer, MiniMaxRandomPlayer]
01:22:54 (Game 82) - Playing game...
01:23:57 (Game 82) - Completed game with scores [100, 0]
01:23:57 (Game 82) - Cumulative scores: MiniMaxRandomPlayer=4200 MultithreadedUCTPlayer=4000 
01:23:57 (Game 82) - Saving match to file connectFour-MiniMaxRandomPlayer-vs-MultithreadedUCTPlayer-20160503_232645/game82.json
01:23:57 - Finished 82 of 100 games in 116.95 minutes. Estimated 25.67 minutes remaining.
01:24:00 (Game 83) - Initializing game with players: [MiniMaxRandomPlayer, MultithreadedUCTPlayer]
01:24:00 (Game 83) - Playing game...
01:25:03 (Game 83) - Completed game with scores [100, 0]
01:25:03 (Game 83) - Cumulative scores: MiniMaxRandomPlayer=4300 MultithreadedUCTPlayer=4000 
01:25:03 (Game 83) - Saving match to file connectFour-MiniMaxRandomPlayer-vs-MultithreadedUCTPlayer-20160503_232645/game83.json
01:25:03 - Finished 83 of 100 games in 118.05 minutes. Estimated 24.18 minutes remaining.
01:25:06 (Game 84) - Initializing game with players: [MultithreadedUCTPlayer, MiniMaxRandomPlayer]
01:25:06 (Game 84) - Playing game...
01:32:19 (Game 84) - Completed game with scores [50, 50]
01:32:19 (Game 84) - Cumulative scores: MiniMaxRandomPlayer=4350 MultithreadedUCTPlayer=4050 
01:32:19 (Game 84) - Saving match to file connectFour-MiniMaxRandomPlayer-vs-MultithreadedUCTPlayer-20160503_232645/game84.json
01:32:19 - Finished 84 of 100 games in 125.32 minutes. Estimated 23.87 minutes remaining.
01:32:22 (Game 85) - Initializing game with players: [MiniMaxRandomPlayer, MultithreadedUCTPlayer]
01:32:22 (Game 85) - Playing game...
01:33:26 (Game 85) - Completed game with scores [100, 0]
01:33:26 (Game 85) - Cumulative scores: MiniMaxRandomPlayer=4450 MultithreadedUCTPlayer=4050 
01:33:26 (Game 85) - Saving match to file connectFour-MiniMaxRandomPlayer-vs-MultithreadedUCTPlayer-20160503_232645/game85.json
01:33:26 - Finished 85 of 100 games in 126.42 minutes. Estimated 22.31 minutes remaining.
01:33:29 (Game 86) - Initializing game with players: [MultithreadedUCTPlayer, MiniMaxRandomPlayer]
01:33:29 (Game 86) - Playing game...
01:34:32 (Game 86) - Completed game with scores [100, 0]
01:34:32 (Game 86) - Cumulative scores: MiniMaxRandomPlayer=4450 MultithreadedUCTPlayer=4150 
01:34:32 (Game 86) - Saving match to file connectFour-MiniMaxRandomPlayer-vs-MultithreadedUCTPlayer-20160503_232645/game86.json
01:34:32 - Finished 86 of 100 games in 127.53 minutes. Estimated 20.76 minutes remaining.
01:34:35 (Game 87) - Initializing game with players: [MiniMaxRandomPlayer, MultithreadedUCTPlayer]
01:34:35 (Game 87) - Playing game...
01:35:38 (Game 87) - Completed game with scores [100, 0]
01:35:38 (Game 87) - Cumulative scores: MiniMaxRandomPlayer=4550 MultithreadedUCTPlayer=4150 
01:35:38 (Game 87) - Saving match to file connectFour-MiniMaxRandomPlayer-vs-MultithreadedUCTPlayer-20160503_232645/game87.json
01:35:38 - Finished 87 of 100 games in 128.63 minutes. Estimated 19.22 minutes remaining.
01:35:41 (Game 88) - Initializing game with players: [MultithreadedUCTPlayer, MiniMaxRandomPlayer]
01:35:41 (Game 88) - Playing game...
01:36:44 (Game 88) - Completed game with scores [100, 0]
01:36:44 (Game 88) - Cumulative scores: MiniMaxRandomPlayer=4550 MultithreadedUCTPlayer=4250 
01:36:44 (Game 88) - Saving match to file connectFour-MiniMaxRandomPlayer-vs-MultithreadedUCTPlayer-20160503_232645/game88.json
01:36:44 - Finished 88 of 100 games in 129.74 minutes. Estimated 17.69 minutes remaining.
01:36:47 (Game 89) - Initializing game with players: [MiniMaxRandomPlayer, MultithreadedUCTPlayer]
01:36:47 (Game 89) - Playing game...
01:37:51 (Game 89) - Completed game with scores [100, 0]
01:37:51 (Game 89) - Cumulative scores: MiniMaxRandomPlayer=4650 MultithreadedUCTPlayer=4250 
01:37:51 (Game 89) - Saving match to file connectFour-MiniMaxRandomPlayer-vs-MultithreadedUCTPlayer-20160503_232645/game89.json
01:37:51 - Finished 89 of 100 games in 130.84 minutes. Estimated 16.17 minutes remaining.
01:37:54 (Game 90) - Initializing game with players: [MultithreadedUCTPlayer, MiniMaxRandomPlayer]
01:37:54 (Game 90) - Playing game...
01:40:09 (Game 90) - Completed game with scores [100, 0]
01:40:09 (Game 90) - Cumulative scores: MiniMaxRandomPlayer=4650 MultithreadedUCTPlayer=4350 
01:40:09 (Game 90) - Saving match to file connectFour-MiniMaxRandomPlayer-vs-MultithreadedUCTPlayer-20160503_232645/game90.json
01:40:09 - Finished 90 of 100 games in 133.15 minutes. Estimated 14.79 minutes remaining.
01:40:12 (Game 91) - Initializing game with players: [MiniMaxRandomPlayer, MultithreadedUCTPlayer]
01:40:12 (Game 91) - Playing game...
01:41:15 (Game 91) - Completed game with scores [100, 0]
01:41:15 (Game 91) - Cumulative scores: MiniMaxRandomPlayer=4750 MultithreadedUCTPlayer=4350 
01:41:15 (Game 91) - Saving match to file connectFour-MiniMaxRandomPlayer-vs-MultithreadedUCTPlayer-20160503_232645/game91.json
01:41:15 - Finished 91 of 100 games in 134.26 minutes. Estimated 13.28 minutes remaining.
01:41:19 (Game 92) - Initializing game with players: [MultithreadedUCTPlayer, MiniMaxRandomPlayer]
01:41:19 (Game 92) - Playing game...
01:42:22 (Game 92) - Completed game with scores [100, 0]
01:42:22 (Game 92) - Cumulative scores: MiniMaxRandomPlayer=4750 MultithreadedUCTPlayer=4450 
01:42:22 (Game 92) - Saving match to file connectFour-MiniMaxRandomPlayer-vs-MultithreadedUCTPlayer-20160503_232645/game92.json
01:42:22 - Finished 92 of 100 games in 135.36 minutes. Estimated 11.77 minutes remaining.
01:42:25 (Game 93) - Initializing game with players: [MiniMaxRandomPlayer, MultithreadedUCTPlayer]
01:42:25 (Game 93) - Playing game...
01:44:13 (Game 93) - Completed game with scores [0, 100]
01:44:13 (Game 93) - Cumulative scores: MiniMaxRandomPlayer=4750 MultithreadedUCTPlayer=4550 
01:44:13 (Game 93) - Saving match to file connectFour-MiniMaxRandomPlayer-vs-MultithreadedUCTPlayer-20160503_232645/game93.json
01:44:13 - Finished 93 of 100 games in 137.22 minutes. Estimated 10.33 minutes remaining.
01:44:16 (Game 94) - Initializing game with players: [MultithreadedUCTPlayer, MiniMaxRandomPlayer]
01:44:16 (Game 94) - Playing game...
01:45:20 (Game 94) - Completed game with scores [100, 0]
01:45:20 (Game 94) - Cumulative scores: MiniMaxRandomPlayer=4750 MultithreadedUCTPlayer=4650 
01:45:20 (Game 94) - Saving match to file connectFour-MiniMaxRandomPlayer-vs-MultithreadedUCTPlayer-20160503_232645/game94.json
01:45:20 - Finished 94 of 100 games in 138.32 minutes. Estimated 8.83 minutes remaining.
01:45:23 (Game 95) - Initializing game with players: [MiniMaxRandomPlayer, MultithreadedUCTPlayer]
01:45:23 (Game 95) - Playing game...
01:46:26 (Game 95) - Completed game with scores [100, 0]
01:46:26 (Game 95) - Cumulative scores: MiniMaxRandomPlayer=4850 MultithreadedUCTPlayer=4650 
01:46:26 (Game 95) - Saving match to file connectFour-MiniMaxRandomPlayer-vs-MultithreadedUCTPlayer-20160503_232645/game95.json
01:46:26 - Finished 95 of 100 games in 139.43 minutes. Estimated 7.34 minutes remaining.
01:46:29 (Game 96) - Initializing game with players: [MultithreadedUCTPlayer, MiniMaxRandomPlayer]
01:46:29 (Game 96) - Playing game...
01:47:32 (Game 96) - Completed game with scores [100, 0]
01:47:32 (Game 96) - Cumulative scores: MiniMaxRandomPlayer=4850 MultithreadedUCTPlayer=4750 
01:47:32 (Game 96) - Saving match to file connectFour-MiniMaxRandomPlayer-vs-MultithreadedUCTPlayer-20160503_232645/game96.json
01:47:32 - Finished 96 of 100 games in 140.53 minutes. Estimated 5.86 minutes remaining.
01:47:35 (Game 97) - Initializing game with players: [MiniMaxRandomPlayer, MultithreadedUCTPlayer]
01:47:35 (Game 97) - Playing game...
01:48:39 (Game 97) - Completed game with scores [100, 0]
01:48:39 (Game 97) - Cumulative scores: MiniMaxRandomPlayer=4950 MultithreadedUCTPlayer=4750 
01:48:39 (Game 97) - Saving match to file connectFour-MiniMaxRandomPlayer-vs-MultithreadedUCTPlayer-20160503_232645/game97.json
01:48:39 - Finished 97 of 100 games in 141.64 minutes. Estimated 4.38 minutes remaining.
01:48:42 (Game 98) - Initializing game with players: [MultithreadedUCTPlayer, MiniMaxRandomPlayer]
01:48:42 (Game 98) - Playing game...
01:52:09 (Game 98) - Completed game with scores [100, 0]
01:52:09 (Game 98) - Cumulative scores: MiniMaxRandomPlayer=4950 MultithreadedUCTPlayer=4850 
01:52:09 (Game 98) - Saving match to file connectFour-MiniMaxRandomPlayer-vs-MultithreadedUCTPlayer-20160503_232645/game98.json
01:52:09 - Finished 98 of 100 games in 145.16 minutes. Estimated 2.96 minutes remaining.
01:52:12 (Game 99) - Initializing game with players: [MiniMaxRandomPlayer, MultithreadedUCTPlayer]
01:52:12 (Game 99) - Playing game...
01:53:16 (Game 99) - Completed game with scores [100, 0]
01:53:16 (Game 99) - Cumulative scores: MiniMaxRandomPlayer=5050 MultithreadedUCTPlayer=4850 
01:53:16 (Game 99) - Saving match to file connectFour-MiniMaxRandomPlayer-vs-MultithreadedUCTPlayer-20160503_232645/game99.json
01:53:16 - Finished 99 of 100 games in 146.26 minutes. Estimated 1.48 minutes remaining.
01:53:19 (Game 100) - Initializing game with players: [MultithreadedUCTPlayer, MiniMaxRandomPlayer]
01:53:19 (Game 100) - Playing game...
01:54:22 (Game 100) - Completed game with scores [100, 0]
01:54:22 (Game 100) - Cumulative scores: MiniMaxRandomPlayer=5050 MultithreadedUCTPlayer=4950 
01:54:22 (Game 100) - Saving match to file connectFour-MiniMaxRandomPlayer-vs-MultithreadedUCTPlayer-20160503_232645/game100.json
01:54:22 - Finished 100 of 100 games in 147.36 minutes. Estimated 0.00 minutes remaining.
01:54:22 - Successfully finished tournament. 0 matches contained errors.
01:54:22 - Average player scores: MiniMaxRandomPlayer=50.5000 MultithreadedUCTPlayer=49.5000 
