22:34:49 (Game 1) - Initializing game with players: [MiniMaxRandomPlayer, LearningPlayer]
22:34:49 (Game 1) - Playing game...
22:35:44 (Game 1) - Completed game with scores [50, 50]
22:35:44 (Game 1) - Cumulative scores: MiniMaxRandomPlayer=50 LearningPlayer=50 
22:35:44 (Game 1) - Saving match to file checkers-MiniMaxRandomPlayer-vs-LearningPlayer-20160505_223427/game1.json
22:35:44 - Finished 1 of 100 games in 0.97 minutes. Estimated 96.30 minutes remaining.
22:35:47 (Game 2) - Initializing game with players: [LearningPlayer, MiniMaxRandomPlayer]
22:35:47 (Game 2) - Playing game...
22:36:56 (Game 2) - Completed game with scores [0, 100]
22:36:56 (Game 2) - Cumulative scores: MiniMaxRandomPlayer=150 LearningPlayer=50 
22:36:56 (Game 2) - Saving match to file checkers-MiniMaxRandomPlayer-vs-LearningPlayer-20160505_223427/game2.json
22:36:56 - Finished 2 of 100 games in 2.16 minutes. Estimated 106.07 minutes remaining.
22:36:59 (Game 3) - Initializing game with players: [MiniMaxRandomPlayer, LearningPlayer]
22:36:59 (Game 3) - Playing game...
22:38:01 (Game 3) - Completed game with scores [50, 50]
22:38:01 (Game 3) - Cumulative scores: MiniMaxRandomPlayer=200 LearningPlayer=100 
22:38:01 (Game 3) - Saving match to file checkers-MiniMaxRandomPlayer-vs-LearningPlayer-20160505_223427/game3.json
22:38:01 - Finished 3 of 100 games in 3.25 minutes. Estimated 105.19 minutes remaining.
22:38:04 (Game 4) - Initializing game with players: [LearningPlayer, MiniMaxRandomPlayer]
22:38:04 (Game 4) - Playing game...
22:39:10 (Game 4) - Completed game with scores [0, 100]
22:39:10 (Game 4) - Cumulative scores: MiniMaxRandomPlayer=300 LearningPlayer=100 
22:39:10 (Game 4) - Saving match to file checkers-MiniMaxRandomPlayer-vs-LearningPlayer-20160505_223427/game4.json
22:39:10 - Finished 4 of 100 games in 4.40 minutes. Estimated 105.67 minutes remaining.
22:39:13 (Game 5) - Initializing game with players: [MiniMaxRandomPlayer, LearningPlayer]
22:39:13 (Game 5) - Playing game...
22:40:10 (Game 5) - Completed game with scores [50, 50]
22:40:10 (Game 5) - Cumulative scores: MiniMaxRandomPlayer=350 LearningPlayer=150 
22:40:10 (Game 5) - Saving match to file checkers-MiniMaxRandomPlayer-vs-LearningPlayer-20160505_223427/game5.json
22:40:10 - Finished 5 of 100 games in 5.40 minutes. Estimated 102.51 minutes remaining.
22:40:13 (Game 6) - Initializing game with players: [LearningPlayer, MiniMaxRandomPlayer]
22:40:13 (Game 6) - Playing game...
22:41:20 (Game 6) - Completed game with scores [0, 100]
22:41:20 (Game 6) - Cumulative scores: MiniMaxRandomPlayer=450 LearningPlayer=150 
22:41:20 (Game 6) - Saving match to file checkers-MiniMaxRandomPlayer-vs-LearningPlayer-20160505_223427/game6.json
22:41:20 - Finished 6 of 100 games in 6.56 minutes. Estimated 102.77 minutes remaining.
22:41:23 (Game 7) - Initializing game with players: [MiniMaxRandomPlayer, LearningPlayer]
22:41:23 (Game 7) - Playing game...
22:42:17 (Game 7) - Completed game with scores [50, 50]
22:42:17 (Game 7) - Cumulative scores: MiniMaxRandomPlayer=500 LearningPlayer=200 
22:42:17 (Game 7) - Saving match to file checkers-MiniMaxRandomPlayer-vs-LearningPlayer-20160505_223427/game7.json
22:42:17 - Finished 7 of 100 games in 7.51 minutes. Estimated 99.82 minutes remaining.
22:42:20 (Game 8) - Initializing game with players: [LearningPlayer, MiniMaxRandomPlayer]
22:42:20 (Game 8) - Playing game...
22:43:25 (Game 8) - Completed game with scores [0, 100]
22:43:25 (Game 8) - Cumulative scores: MiniMaxRandomPlayer=600 LearningPlayer=200 
22:43:25 (Game 8) - Saving match to file checkers-MiniMaxRandomPlayer-vs-LearningPlayer-20160505_223427/game8.json
22:43:25 - Finished 8 of 100 games in 8.65 minutes. Estimated 99.46 minutes remaining.
22:43:28 (Game 9) - Initializing game with players: [MiniMaxRandomPlayer, LearningPlayer]
22:43:28 (Game 9) - Playing game...
22:44:22 (Game 9) - Completed game with scores [50, 50]
22:44:22 (Game 9) - Cumulative scores: MiniMaxRandomPlayer=650 LearningPlayer=250 
22:44:22 (Game 9) - Saving match to file checkers-MiniMaxRandomPlayer-vs-LearningPlayer-20160505_223427/game9.json
22:44:22 - Finished 9 of 100 games in 9.59 minutes. Estimated 97.00 minutes remaining.
22:44:25 (Game 10) - Initializing game with players: [LearningPlayer, MiniMaxRandomPlayer]
22:44:25 (Game 10) - Playing game...
22:45:30 (Game 10) - Completed game with scores [0, 100]
22:45:30 (Game 10) - Cumulative scores: MiniMaxRandomPlayer=750 LearningPlayer=250 
22:45:30 (Game 10) - Saving match to file checkers-MiniMaxRandomPlayer-vs-LearningPlayer-20160505_223427/game10.json
22:45:30 - Finished 10 of 100 games in 10.73 minutes. Estimated 96.57 minutes remaining.
22:45:33 (Game 11) - Initializing game with players: [MiniMaxRandomPlayer, LearningPlayer]
22:45:33 (Game 11) - Playing game...
22:46:26 (Game 11) - Completed game with scores [50, 50]
22:46:26 (Game 11) - Cumulative scores: MiniMaxRandomPlayer=800 LearningPlayer=300 
22:46:26 (Game 11) - Saving match to file checkers-MiniMaxRandomPlayer-vs-LearningPlayer-20160505_223427/game11.json
22:46:26 - Finished 11 of 100 games in 11.67 minutes. Estimated 94.44 minutes remaining.
22:46:29 (Game 12) - Initializing game with players: [LearningPlayer, MiniMaxRandomPlayer]
22:46:29 (Game 12) - Playing game...
22:47:34 (Game 12) - Completed game with scores [0, 100]
22:47:34 (Game 12) - Cumulative scores: MiniMaxRandomPlayer=900 LearningPlayer=300 
22:47:34 (Game 12) - Saving match to file checkers-MiniMaxRandomPlayer-vs-LearningPlayer-20160505_223427/game12.json
22:47:34 - Finished 12 of 100 games in 12.81 minutes. Estimated 93.92 minutes remaining.
22:47:37 (Game 13) - Initializing game with players: [MiniMaxRandomPlayer, LearningPlayer]
22:47:37 (Game 13) - Playing game...
22:48:31 (Game 13) - Completed game with scores [50, 50]
22:48:31 (Game 13) - Cumulative scores: MiniMaxRandomPlayer=950 LearningPlayer=350 
22:48:31 (Game 13) - Saving match to file checkers-MiniMaxRandomPlayer-vs-LearningPlayer-20160505_223427/game13.json
22:48:31 - Finished 13 of 100 games in 13.75 minutes. Estimated 92.05 minutes remaining.
22:48:34 (Game 14) - Initializing game with players: [LearningPlayer, MiniMaxRandomPlayer]
22:48:34 (Game 14) - Playing game...
22:49:40 (Game 14) - Completed game with scores [0, 100]
22:49:40 (Game 14) - Cumulative scores: MiniMaxRandomPlayer=1050 LearningPlayer=350 
22:49:40 (Game 14) - Saving match to file checkers-MiniMaxRandomPlayer-vs-LearningPlayer-20160505_223427/game14.json
22:49:40 - Finished 14 of 100 games in 14.89 minutes. Estimated 91.49 minutes remaining.
22:49:43 (Game 15) - Initializing game with players: [MiniMaxRandomPlayer, LearningPlayer]
22:49:43 (Game 15) - Playing game...
22:50:38 (Game 15) - Completed game with scores [50, 50]
22:50:38 (Game 15) - Cumulative scores: MiniMaxRandomPlayer=1100 LearningPlayer=400 
22:50:38 (Game 15) - Saving match to file checkers-MiniMaxRandomPlayer-vs-LearningPlayer-20160505_223427/game15.json
22:50:38 - Finished 15 of 100 games in 15.87 minutes. Estimated 89.95 minutes remaining.
22:50:41 (Game 16) - Initializing game with players: [LearningPlayer, MiniMaxRandomPlayer]
22:50:41 (Game 16) - Playing game...
22:51:47 (Game 16) - Completed game with scores [0, 100]
22:51:47 (Game 16) - Cumulative scores: MiniMaxRandomPlayer=1200 LearningPlayer=400 
22:51:47 (Game 16) - Saving match to file checkers-MiniMaxRandomPlayer-vs-LearningPlayer-20160505_223427/game16.json
22:51:47 - Finished 16 of 100 games in 17.01 minutes. Estimated 89.30 minutes remaining.
22:51:50 (Game 17) - Initializing game with players: [MiniMaxRandomPlayer, LearningPlayer]
22:51:50 (Game 17) - Playing game...
22:52:43 (Game 17) - Completed game with scores [50, 50]
22:52:43 (Game 17) - Cumulative scores: MiniMaxRandomPlayer=1250 LearningPlayer=450 
22:52:43 (Game 17) - Saving match to file checkers-MiniMaxRandomPlayer-vs-LearningPlayer-20160505_223427/game17.json
22:52:43 - Finished 17 of 100 games in 17.95 minutes. Estimated 87.65 minutes remaining.
22:52:46 (Game 18) - Initializing game with players: [LearningPlayer, MiniMaxRandomPlayer]
22:52:46 (Game 18) - Playing game...
22:53:54 (Game 18) - Completed game with scores [0, 100]
22:53:54 (Game 18) - Cumulative scores: MiniMaxRandomPlayer=1350 LearningPlayer=450 
22:53:54 (Game 18) - Saving match to file checkers-MiniMaxRandomPlayer-vs-LearningPlayer-20160505_223427/game18.json
22:53:54 - Finished 18 of 100 games in 19.13 minutes. Estimated 87.17 minutes remaining.
22:53:57 (Game 19) - Initializing game with players: [MiniMaxRandomPlayer, LearningPlayer]
22:53:57 (Game 19) - Playing game...
22:54:52 (Game 19) - Completed game with scores [50, 50]
22:54:52 (Game 19) - Cumulative scores: MiniMaxRandomPlayer=1400 LearningPlayer=500 
22:54:52 (Game 19) - Saving match to file checkers-MiniMaxRandomPlayer-vs-LearningPlayer-20160505_223427/game19.json
22:54:52 - Finished 19 of 100 games in 20.10 minutes. Estimated 85.69 minutes remaining.
22:54:55 (Game 20) - Initializing game with players: [LearningPlayer, MiniMaxRandomPlayer]
22:54:55 (Game 20) - Playing game...
22:56:01 (Game 20) - Completed game with scores [0, 100]
22:56:01 (Game 20) - Cumulative scores: MiniMaxRandomPlayer=1500 LearningPlayer=500 
22:56:01 (Game 20) - Saving match to file checkers-MiniMaxRandomPlayer-vs-LearningPlayer-20160505_223427/game20.json
22:56:01 - Finished 20 of 100 games in 21.26 minutes. Estimated 85.02 minutes remaining.
22:56:04 (Game 21) - Initializing game with players: [MiniMaxRandomPlayer, LearningPlayer]
22:56:04 (Game 21) - Playing game...
22:57:00 (Game 21) - Completed game with scores [50, 50]
22:57:00 (Game 21) - Cumulative scores: MiniMaxRandomPlayer=1550 LearningPlayer=550 
22:57:00 (Game 21) - Saving match to file checkers-MiniMaxRandomPlayer-vs-LearningPlayer-20160505_223427/game21.json
22:57:00 - Finished 21 of 100 games in 22.23 minutes. Estimated 83.64 minutes remaining.
22:57:03 (Game 22) - Initializing game with players: [LearningPlayer, MiniMaxRandomPlayer]
22:57:03 (Game 22) - Playing game...
22:58:15 (Game 22) - Completed game with scores [0, 100]
22:58:15 (Game 22) - Cumulative scores: MiniMaxRandomPlayer=1650 LearningPlayer=550 
22:58:15 (Game 22) - Saving match to file checkers-MiniMaxRandomPlayer-vs-LearningPlayer-20160505_223427/game22.json
22:58:15 - Finished 22 of 100 games in 23.49 minutes. Estimated 83.27 minutes remaining.
22:58:18 (Game 23) - Initializing game with players: [MiniMaxRandomPlayer, LearningPlayer]
22:58:18 (Game 23) - Playing game...
22:59:13 (Game 23) - Completed game with scores [50, 50]
22:59:13 (Game 23) - Cumulative scores: MiniMaxRandomPlayer=1700 LearningPlayer=600 
22:59:13 (Game 23) - Saving match to file checkers-MiniMaxRandomPlayer-vs-LearningPlayer-20160505_223427/game23.json
22:59:13 - Finished 23 of 100 games in 24.45 minutes. Estimated 81.85 minutes remaining.
22:59:16 (Game 24) - Initializing game with players: [LearningPlayer, MiniMaxRandomPlayer]
22:59:16 (Game 24) - Playing game...
23:00:25 (Game 24) - Completed game with scores [0, 100]
23:00:25 (Game 24) - Cumulative scores: MiniMaxRandomPlayer=1800 LearningPlayer=600 
23:00:25 (Game 24) - Saving match to file checkers-MiniMaxRandomPlayer-vs-LearningPlayer-20160505_223427/game24.json
23:00:25 - Finished 24 of 100 games in 25.65 minutes. Estimated 81.21 minutes remaining.
23:00:28 (Game 25) - Initializing game with players: [MiniMaxRandomPlayer, LearningPlayer]
23:00:28 (Game 25) - Playing game...
23:01:23 (Game 25) - Completed game with scores [50, 50]
23:01:23 (Game 25) - Cumulative scores: MiniMaxRandomPlayer=1850 LearningPlayer=650 
23:01:23 (Game 25) - Saving match to file checkers-MiniMaxRandomPlayer-vs-LearningPlayer-20160505_223427/game25.json
23:01:23 - Finished 25 of 100 games in 26.61 minutes. Estimated 79.84 minutes remaining.
23:01:26 (Game 26) - Initializing game with players: [LearningPlayer, MiniMaxRandomPlayer]
23:01:26 (Game 26) - Playing game...
23:02:36 (Game 26) - Completed game with scores [0, 100]
23:02:36 (Game 26) - Cumulative scores: MiniMaxRandomPlayer=1950 LearningPlayer=650 
23:02:36 (Game 26) - Saving match to file checkers-MiniMaxRandomPlayer-vs-LearningPlayer-20160505_223427/game26.json
23:02:36 - Finished 26 of 100 games in 27.84 minutes. Estimated 79.23 minutes remaining.
23:02:39 (Game 27) - Initializing game with players: [MiniMaxRandomPlayer, LearningPlayer]
23:02:39 (Game 27) - Playing game...
23:03:36 (Game 27) - Completed game with scores [50, 50]
23:03:36 (Game 27) - Cumulative scores: MiniMaxRandomPlayer=2000 LearningPlayer=700 
23:03:36 (Game 27) - Saving match to file checkers-MiniMaxRandomPlayer-vs-LearningPlayer-20160505_223427/game27.json
23:03:36 - Finished 27 of 100 games in 28.83 minutes. Estimated 77.94 minutes remaining.
23:03:39 (Game 28) - Initializing game with players: [LearningPlayer, MiniMaxRandomPlayer]
23:03:39 (Game 28) - Playing game...
23:04:45 (Game 28) - Completed game with scores [0, 100]
23:04:45 (Game 28) - Cumulative scores: MiniMaxRandomPlayer=2100 LearningPlayer=700 
23:04:45 (Game 28) - Saving match to file checkers-MiniMaxRandomPlayer-vs-LearningPlayer-20160505_223427/game28.json
23:04:45 - Finished 28 of 100 games in 29.99 minutes. Estimated 77.12 minutes remaining.
23:04:48 (Game 29) - Initializing game with players: [MiniMaxRandomPlayer, LearningPlayer]
23:04:48 (Game 29) - Playing game...
23:05:43 (Game 29) - Completed game with scores [50, 50]
23:05:43 (Game 29) - Cumulative scores: MiniMaxRandomPlayer=2150 LearningPlayer=750 
23:05:43 (Game 29) - Saving match to file checkers-MiniMaxRandomPlayer-vs-LearningPlayer-20160505_223427/game29.json
23:05:43 - Finished 29 of 100 games in 30.96 minutes. Estimated 75.79 minutes remaining.
23:05:46 (Game 30) - Initializing game with players: [LearningPlayer, MiniMaxRandomPlayer]
23:05:46 (Game 30) - Playing game...
23:06:53 (Game 30) - Completed game with scores [0, 100]
23:06:53 (Game 30) - Cumulative scores: MiniMaxRandomPlayer=2250 LearningPlayer=750 
23:06:53 (Game 30) - Saving match to file checkers-MiniMaxRandomPlayer-vs-LearningPlayer-20160505_223427/game30.json
23:06:53 - Finished 30 of 100 games in 32.12 minutes. Estimated 74.95 minutes remaining.
23:06:56 (Game 31) - Initializing game with players: [MiniMaxRandomPlayer, LearningPlayer]
23:06:56 (Game 31) - Playing game...
23:07:53 (Game 31) - Completed game with scores [50, 50]
23:07:53 (Game 31) - Cumulative scores: MiniMaxRandomPlayer=2300 LearningPlayer=800 
23:07:53 (Game 31) - Saving match to file checkers-MiniMaxRandomPlayer-vs-LearningPlayer-20160505_223427/game31.json
23:07:53 - Finished 31 of 100 games in 33.12 minutes. Estimated 73.73 minutes remaining.
23:07:56 (Game 32) - Initializing game with players: [LearningPlayer, MiniMaxRandomPlayer]
23:07:56 (Game 32) - Playing game...
23:09:06 (Game 32) - Completed game with scores [0, 100]
23:09:06 (Game 32) - Cumulative scores: MiniMaxRandomPlayer=2400 LearningPlayer=800 
23:09:06 (Game 32) - Saving match to file checkers-MiniMaxRandomPlayer-vs-LearningPlayer-20160505_223427/game32.json
23:09:06 - Finished 32 of 100 games in 34.33 minutes. Estimated 72.96 minutes remaining.
23:09:09 (Game 33) - Initializing game with players: [MiniMaxRandomPlayer, LearningPlayer]
23:09:09 (Game 33) - Playing game...
23:10:04 (Game 33) - Completed game with scores [50, 50]
23:10:04 (Game 33) - Cumulative scores: MiniMaxRandomPlayer=2450 LearningPlayer=850 
23:10:04 (Game 33) - Saving match to file checkers-MiniMaxRandomPlayer-vs-LearningPlayer-20160505_223427/game33.json
23:10:04 - Finished 33 of 100 games in 35.31 minutes. Estimated 71.69 minutes remaining.
23:10:07 (Game 34) - Initializing game with players: [LearningPlayer, MiniMaxRandomPlayer]
23:10:08 (Game 34) - Playing game...
23:11:19 (Game 34) - Completed game with scores [0, 100]
23:11:19 (Game 34) - Cumulative scores: MiniMaxRandomPlayer=2550 LearningPlayer=850 
23:11:19 (Game 34) - Saving match to file checkers-MiniMaxRandomPlayer-vs-LearningPlayer-20160505_223427/game34.json
23:11:19 - Finished 34 of 100 games in 36.56 minutes. Estimated 70.96 minutes remaining.
23:11:22 (Game 35) - Initializing game with players: [MiniMaxRandomPlayer, LearningPlayer]
23:11:22 (Game 35) - Playing game...
23:12:23 (Game 35) - Completed game with scores [50, 50]
23:12:23 (Game 35) - Cumulative scores: MiniMaxRandomPlayer=2600 LearningPlayer=900 
23:12:23 (Game 35) - Saving match to file checkers-MiniMaxRandomPlayer-vs-LearningPlayer-20160505_223427/game35.json
23:12:23 - Finished 35 of 100 games in 37.61 minutes. Estimated 69.85 minutes remaining.
23:12:26 (Game 36) - Initializing game with players: [LearningPlayer, MiniMaxRandomPlayer]
23:12:26 (Game 36) - Playing game...
23:13:41 (Game 36) - Completed game with scores [0, 100]
23:13:41 (Game 36) - Cumulative scores: MiniMaxRandomPlayer=2700 LearningPlayer=900 
23:13:41 (Game 36) - Saving match to file checkers-MiniMaxRandomPlayer-vs-LearningPlayer-20160505_223427/game36.json
23:13:41 - Finished 36 of 100 games in 38.92 minutes. Estimated 69.19 minutes remaining.
23:13:44 (Game 37) - Initializing game with players: [MiniMaxRandomPlayer, LearningPlayer]
23:13:44 (Game 37) - Playing game...
23:14:44 (Game 37) - Completed game with scores [50, 50]
23:14:44 (Game 37) - Cumulative scores: MiniMaxRandomPlayer=2750 LearningPlayer=950 
23:14:44 (Game 37) - Saving match to file checkers-MiniMaxRandomPlayer-vs-LearningPlayer-20160505_223427/game37.json
23:14:44 - Finished 37 of 100 games in 39.96 minutes. Estimated 68.04 minutes remaining.
23:14:47 (Game 38) - Initializing game with players: [LearningPlayer, MiniMaxRandomPlayer]
23:14:47 (Game 38) - Playing game...
23:16:01 (Game 38) - Completed game with scores [0, 100]
23:16:01 (Game 38) - Cumulative scores: MiniMaxRandomPlayer=2850 LearningPlayer=950 
23:16:01 (Game 38) - Saving match to file checkers-MiniMaxRandomPlayer-vs-LearningPlayer-20160505_223427/game38.json
23:16:01 - Finished 38 of 100 games in 41.24 minutes. Estimated 67.29 minutes remaining.
23:16:04 (Game 39) - Initializing game with players: [MiniMaxRandomPlayer, LearningPlayer]
23:16:04 (Game 39) - Playing game...
23:17:02 (Game 39) - Completed game with scores [50, 50]
23:17:02 (Game 39) - Cumulative scores: MiniMaxRandomPlayer=2900 LearningPlayer=1000 
23:17:02 (Game 39) - Saving match to file checkers-MiniMaxRandomPlayer-vs-LearningPlayer-20160505_223427/game39.json
23:17:03 - Finished 39 of 100 games in 42.28 minutes. Estimated 66.12 minutes remaining.
23:17:06 (Game 40) - Initializing game with players: [LearningPlayer, MiniMaxRandomPlayer]
23:17:06 (Game 40) - Playing game...
23:18:18 (Game 40) - Completed game with scores [0, 100]
23:18:18 (Game 40) - Cumulative scores: MiniMaxRandomPlayer=3000 LearningPlayer=1000 
23:18:18 (Game 40) - Saving match to file checkers-MiniMaxRandomPlayer-vs-LearningPlayer-20160505_223427/game40.json
23:18:18 - Finished 40 of 100 games in 43.54 minutes. Estimated 65.31 minutes remaining.
23:18:21 (Game 41) - Initializing game with players: [MiniMaxRandomPlayer, LearningPlayer]
23:18:21 (Game 41) - Playing game...
23:19:21 (Game 41) - Completed game with scores [50, 50]
23:19:21 (Game 41) - Cumulative scores: MiniMaxRandomPlayer=3050 LearningPlayer=1050 
23:19:21 (Game 41) - Saving match to file checkers-MiniMaxRandomPlayer-vs-LearningPlayer-20160505_223427/game41.json
23:19:21 - Finished 41 of 100 games in 44.59 minutes. Estimated 64.16 minutes remaining.
23:19:24 (Game 42) - Initializing game with players: [LearningPlayer, MiniMaxRandomPlayer]
23:19:24 (Game 42) - Playing game...
23:20:38 (Game 42) - Completed game with scores [0, 100]
23:20:38 (Game 42) - Cumulative scores: MiniMaxRandomPlayer=3150 LearningPlayer=1050 
23:20:38 (Game 42) - Saving match to file checkers-MiniMaxRandomPlayer-vs-LearningPlayer-20160505_223427/game42.json
23:20:38 - Finished 42 of 100 games in 45.86 minutes. Estimated 63.33 minutes remaining.
23:20:41 (Game 43) - Initializing game with players: [MiniMaxRandomPlayer, LearningPlayer]
23:20:41 (Game 43) - Playing game...
23:21:38 (Game 43) - Completed game with scores [50, 50]
23:21:38 (Game 43) - Cumulative scores: MiniMaxRandomPlayer=3200 LearningPlayer=1100 
23:21:38 (Game 43) - Saving match to file checkers-MiniMaxRandomPlayer-vs-LearningPlayer-20160505_223427/game43.json
23:21:38 - Finished 43 of 100 games in 46.87 minutes. Estimated 62.13 minutes remaining.
23:21:41 (Game 44) - Initializing game with players: [LearningPlayer, MiniMaxRandomPlayer]
23:21:41 (Game 44) - Playing game...
23:22:54 (Game 44) - Completed game with scores [0, 100]
23:22:54 (Game 44) - Cumulative scores: MiniMaxRandomPlayer=3300 LearningPlayer=1100 
23:22:54 (Game 44) - Saving match to file checkers-MiniMaxRandomPlayer-vs-LearningPlayer-20160505_223427/game44.json
23:22:54 - Finished 44 of 100 games in 48.13 minutes. Estimated 61.26 minutes remaining.
23:22:57 (Game 45) - Initializing game with players: [MiniMaxRandomPlayer, LearningPlayer]
23:22:57 (Game 45) - Playing game...
23:23:56 (Game 45) - Completed game with scores [50, 50]
23:23:56 (Game 45) - Cumulative scores: MiniMaxRandomPlayer=3350 LearningPlayer=1150 
23:23:56 (Game 45) - Saving match to file checkers-MiniMaxRandomPlayer-vs-LearningPlayer-20160505_223427/game45.json
23:23:56 - Finished 45 of 100 games in 49.17 minutes. Estimated 60.09 minutes remaining.
23:23:59 (Game 46) - Initializing game with players: [LearningPlayer, MiniMaxRandomPlayer]
23:23:59 (Game 46) - Playing game...
23:25:14 (Game 46) - Completed game with scores [0, 100]
23:25:14 (Game 46) - Cumulative scores: MiniMaxRandomPlayer=3450 LearningPlayer=1150 
23:25:14 (Game 46) - Saving match to file checkers-MiniMaxRandomPlayer-vs-LearningPlayer-20160505_223427/game46.json
23:25:14 - Finished 46 of 100 games in 50.47 minutes. Estimated 59.25 minutes remaining.
23:25:17 (Game 47) - Initializing game with players: [MiniMaxRandomPlayer, LearningPlayer]
23:25:17 (Game 47) - Playing game...
23:26:14 (Game 47) - Completed game with scores [50, 50]
23:26:14 (Game 47) - Cumulative scores: MiniMaxRandomPlayer=3500 LearningPlayer=1200 
23:26:14 (Game 47) - Saving match to file checkers-MiniMaxRandomPlayer-vs-LearningPlayer-20160505_223427/game47.json
23:26:14 - Finished 47 of 100 games in 51.47 minutes. Estimated 58.05 minutes remaining.
23:26:17 (Game 48) - Initializing game with players: [LearningPlayer, MiniMaxRandomPlayer]
23:26:17 (Game 48) - Playing game...
23:27:31 (Game 48) - Completed game with scores [0, 100]
23:27:31 (Game 48) - Cumulative scores: MiniMaxRandomPlayer=3600 LearningPlayer=1200 
23:27:31 (Game 48) - Saving match to file checkers-MiniMaxRandomPlayer-vs-LearningPlayer-20160505_223427/game48.json
23:27:31 - Finished 48 of 100 games in 52.75 minutes. Estimated 57.15 minutes remaining.
23:27:34 (Game 49) - Initializing game with players: [MiniMaxRandomPlayer, LearningPlayer]
23:27:34 (Game 49) - Playing game...
23:28:35 (Game 49) - Completed game with scores [50, 50]
23:28:35 (Game 49) - Cumulative scores: MiniMaxRandomPlayer=3650 LearningPlayer=1250 
23:28:35 (Game 49) - Saving match to file checkers-MiniMaxRandomPlayer-vs-LearningPlayer-20160505_223427/game49.json
23:28:35 - Finished 49 of 100 games in 53.82 minutes. Estimated 56.01 minutes remaining.
23:28:38 (Game 50) - Initializing game with players: [LearningPlayer, MiniMaxRandomPlayer]
23:28:38 (Game 50) - Playing game...
23:29:48 (Game 50) - Completed game with scores [0, 100]
23:29:48 (Game 50) - Cumulative scores: MiniMaxRandomPlayer=3750 LearningPlayer=1250 
23:29:48 (Game 50) - Saving match to file checkers-MiniMaxRandomPlayer-vs-LearningPlayer-20160505_223427/game50.json
23:29:48 - Finished 50 of 100 games in 55.03 minutes. Estimated 55.03 minutes remaining.
23:29:51 (Game 51) - Initializing game with players: [MiniMaxRandomPlayer, LearningPlayer]
23:29:51 (Game 51) - Playing game...
23:30:48 (Game 51) - Completed game with scores [50, 50]
23:30:48 (Game 51) - Cumulative scores: MiniMaxRandomPlayer=3800 LearningPlayer=1300 
23:30:48 (Game 51) - Saving match to file checkers-MiniMaxRandomPlayer-vs-LearningPlayer-20160505_223427/game51.json
23:30:48 - Finished 51 of 100 games in 56.03 minutes. Estimated 53.84 minutes remaining.
23:30:51 (Game 52) - Initializing game with players: [LearningPlayer, MiniMaxRandomPlayer]
23:30:51 (Game 52) - Playing game...
23:32:00 (Game 52) - Completed game with scores [0, 100]
23:32:00 (Game 52) - Cumulative scores: MiniMaxRandomPlayer=3900 LearningPlayer=1300 
23:32:00 (Game 52) - Saving match to file checkers-MiniMaxRandomPlayer-vs-LearningPlayer-20160505_223427/game52.json
23:32:00 - Finished 52 of 100 games in 57.24 minutes. Estimated 52.83 minutes remaining.
23:32:03 (Game 53) - Initializing game with players: [MiniMaxRandomPlayer, LearningPlayer]
23:32:03 (Game 53) - Playing game...
23:32:55 (Game 53) - Completed game with scores [50, 50]
23:32:55 (Game 53) - Cumulative scores: MiniMaxRandomPlayer=3950 LearningPlayer=1350 
23:32:55 (Game 53) - Saving match to file checkers-MiniMaxRandomPlayer-vs-LearningPlayer-20160505_223427/game53.json
23:32:55 - Finished 53 of 100 games in 58.14 minutes. Estimated 51.56 minutes remaining.
23:32:58 (Game 54) - Initializing game with players: [LearningPlayer, MiniMaxRandomPlayer]
23:32:58 (Game 54) - Playing game...
23:33:59 (Game 54) - Completed game with scores [0, 100]
23:33:59 (Game 54) - Cumulative scores: MiniMaxRandomPlayer=4050 LearningPlayer=1350 
23:33:59 (Game 54) - Saving match to file checkers-MiniMaxRandomPlayer-vs-LearningPlayer-20160505_223427/game54.json
23:33:59 - Finished 54 of 100 games in 59.22 minutes. Estimated 50.45 minutes remaining.
23:34:02 (Game 55) - Initializing game with players: [MiniMaxRandomPlayer, LearningPlayer]
23:34:02 (Game 55) - Playing game...
23:34:50 (Game 55) - Completed game with scores [50, 50]
23:34:50 (Game 55) - Cumulative scores: MiniMaxRandomPlayer=4100 LearningPlayer=1400 
23:34:50 (Game 55) - Saving match to file checkers-MiniMaxRandomPlayer-vs-LearningPlayer-20160505_223427/game55.json
23:34:50 - Finished 55 of 100 games in 60.07 minutes. Estimated 49.15 minutes remaining.
23:34:53 (Game 56) - Initializing game with players: [LearningPlayer, MiniMaxRandomPlayer]
23:34:53 (Game 56) - Playing game...
23:35:52 (Game 56) - Completed game with scores [0, 100]
23:35:52 (Game 56) - Cumulative scores: MiniMaxRandomPlayer=4200 LearningPlayer=1400 
23:35:52 (Game 56) - Saving match to file checkers-MiniMaxRandomPlayer-vs-LearningPlayer-20160505_223427/game56.json
23:35:52 - Finished 56 of 100 games in 61.09 minutes. Estimated 48.00 minutes remaining.
23:35:55 (Game 57) - Initializing game with players: [MiniMaxRandomPlayer, LearningPlayer]
23:35:55 (Game 57) - Playing game...
23:36:43 (Game 57) - Completed game with scores [50, 50]
23:36:43 (Game 57) - Cumulative scores: MiniMaxRandomPlayer=4250 LearningPlayer=1450 
23:36:43 (Game 57) - Saving match to file checkers-MiniMaxRandomPlayer-vs-LearningPlayer-20160505_223427/game57.json
23:36:43 - Finished 57 of 100 games in 61.95 minutes. Estimated 46.73 minutes remaining.
23:36:46 (Game 58) - Initializing game with players: [LearningPlayer, MiniMaxRandomPlayer]
23:36:46 (Game 58) - Playing game...
23:37:44 (Game 58) - Completed game with scores [0, 100]
23:37:44 (Game 58) - Cumulative scores: MiniMaxRandomPlayer=4350 LearningPlayer=1450 
23:37:44 (Game 58) - Saving match to file checkers-MiniMaxRandomPlayer-vs-LearningPlayer-20160505_223427/game58.json
23:37:44 - Finished 58 of 100 games in 62.97 minutes. Estimated 45.60 minutes remaining.
23:37:47 (Game 59) - Initializing game with players: [MiniMaxRandomPlayer, LearningPlayer]
23:37:47 (Game 59) - Playing game...
23:38:38 (Game 59) - Completed game with scores [50, 50]
23:38:38 (Game 59) - Cumulative scores: MiniMaxRandomPlayer=4400 LearningPlayer=1500 
23:38:38 (Game 59) - Saving match to file checkers-MiniMaxRandomPlayer-vs-LearningPlayer-20160505_223427/game59.json
23:38:38 - Finished 59 of 100 games in 63.87 minutes. Estimated 44.38 minutes remaining.
23:38:41 (Game 60) - Initializing game with players: [LearningPlayer, MiniMaxRandomPlayer]
23:38:41 (Game 60) - Playing game...
23:39:42 (Game 60) - Completed game with scores [0, 100]
23:39:42 (Game 60) - Cumulative scores: MiniMaxRandomPlayer=4500 LearningPlayer=1500 
23:39:42 (Game 60) - Saving match to file checkers-MiniMaxRandomPlayer-vs-LearningPlayer-20160505_223427/game60.json
23:39:42 - Finished 60 of 100 games in 64.94 minutes. Estimated 43.29 minutes remaining.
23:39:45 (Game 61) - Initializing game with players: [MiniMaxRandomPlayer, LearningPlayer]
23:39:45 (Game 61) - Playing game...
23:40:34 (Game 61) - Completed game with scores [50, 50]
23:40:34 (Game 61) - Cumulative scores: MiniMaxRandomPlayer=4550 LearningPlayer=1550 
23:40:34 (Game 61) - Saving match to file checkers-MiniMaxRandomPlayer-vs-LearningPlayer-20160505_223427/game61.json
23:40:34 - Finished 61 of 100 games in 65.81 minutes. Estimated 42.07 minutes remaining.
23:40:37 (Game 62) - Initializing game with players: [LearningPlayer, MiniMaxRandomPlayer]
23:40:37 (Game 62) - Playing game...
23:41:39 (Game 62) - Completed game with scores [0, 100]
23:41:39 (Game 62) - Cumulative scores: MiniMaxRandomPlayer=4650 LearningPlayer=1550 
23:41:39 (Game 62) - Saving match to file checkers-MiniMaxRandomPlayer-vs-LearningPlayer-20160505_223427/game62.json
23:41:39 - Finished 62 of 100 games in 66.88 minutes. Estimated 40.99 minutes remaining.
23:41:42 (Game 63) - Initializing game with players: [MiniMaxRandomPlayer, LearningPlayer]
23:41:42 (Game 63) - Playing game...
23:42:38 (Game 63) - Completed game with scores [50, 50]
23:42:38 (Game 63) - Cumulative scores: MiniMaxRandomPlayer=4700 LearningPlayer=1600 
23:42:38 (Game 63) - Saving match to file checkers-MiniMaxRandomPlayer-vs-LearningPlayer-20160505_223427/game63.json
23:42:38 - Finished 63 of 100 games in 67.86 minutes. Estimated 39.85 minutes remaining.
23:42:41 (Game 64) - Initializing game with players: [LearningPlayer, MiniMaxRandomPlayer]
23:42:41 (Game 64) - Playing game...
23:43:47 (Game 64) - Completed game with scores [0, 100]
23:43:47 (Game 64) - Cumulative scores: MiniMaxRandomPlayer=4800 LearningPlayer=1600 
23:43:47 (Game 64) - Saving match to file checkers-MiniMaxRandomPlayer-vs-LearningPlayer-20160505_223427/game64.json
23:43:47 - Finished 64 of 100 games in 69.02 minutes. Estimated 38.82 minutes remaining.
23:43:50 (Game 65) - Initializing game with players: [MiniMaxRandomPlayer, LearningPlayer]
23:43:50 (Game 65) - Playing game...
23:44:45 (Game 65) - Completed game with scores [50, 50]
23:44:45 (Game 65) - Cumulative scores: MiniMaxRandomPlayer=4850 LearningPlayer=1650 
23:44:45 (Game 65) - Saving match to file checkers-MiniMaxRandomPlayer-vs-LearningPlayer-20160505_223427/game65.json
23:44:45 - Finished 65 of 100 games in 69.98 minutes. Estimated 37.68 minutes remaining.
23:44:48 (Game 66) - Initializing game with players: [LearningPlayer, MiniMaxRandomPlayer]
23:44:48 (Game 66) - Playing game...
23:45:56 (Game 66) - Completed game with scores [0, 100]
23:45:56 (Game 66) - Cumulative scores: MiniMaxRandomPlayer=4950 LearningPlayer=1650 
23:45:56 (Game 66) - Saving match to file checkers-MiniMaxRandomPlayer-vs-LearningPlayer-20160505_223427/game66.json
23:45:56 - Finished 66 of 100 games in 71.16 minutes. Estimated 36.66 minutes remaining.
23:45:59 (Game 67) - Initializing game with players: [MiniMaxRandomPlayer, LearningPlayer]
23:45:59 (Game 67) - Playing game...
23:46:49 (Game 67) - Completed game with scores [50, 50]
23:46:49 (Game 67) - Cumulative scores: MiniMaxRandomPlayer=5000 LearningPlayer=1700 
23:46:49 (Game 67) - Saving match to file checkers-MiniMaxRandomPlayer-vs-LearningPlayer-20160505_223427/game67.json
23:46:49 - Finished 67 of 100 games in 72.06 minutes. Estimated 35.49 minutes remaining.
23:46:52 (Game 68) - Initializing game with players: [LearningPlayer, MiniMaxRandomPlayer]
23:46:52 (Game 68) - Playing game...
23:47:54 (Game 68) - Completed game with scores [0, 100]
23:47:54 (Game 68) - Cumulative scores: MiniMaxRandomPlayer=5100 LearningPlayer=1700 
23:47:54 (Game 68) - Saving match to file checkers-MiniMaxRandomPlayer-vs-LearningPlayer-20160505_223427/game68.json
23:47:54 - Finished 68 of 100 games in 73.13 minutes. Estimated 34.41 minutes remaining.
23:47:57 (Game 69) - Initializing game with players: [MiniMaxRandomPlayer, LearningPlayer]
23:47:57 (Game 69) - Playing game...
23:48:47 (Game 69) - Completed game with scores [50, 50]
23:48:47 (Game 69) - Cumulative scores: MiniMaxRandomPlayer=5150 LearningPlayer=1750 
23:48:47 (Game 69) - Saving match to file checkers-MiniMaxRandomPlayer-vs-LearningPlayer-20160505_223427/game69.json
23:48:47 - Finished 69 of 100 games in 74.02 minutes. Estimated 33.26 minutes remaining.
23:48:50 (Game 70) - Initializing game with players: [LearningPlayer, MiniMaxRandomPlayer]
23:48:50 (Game 70) - Playing game...
23:49:51 (Game 70) - Completed game with scores [0, 100]
23:49:51 (Game 70) - Cumulative scores: MiniMaxRandomPlayer=5250 LearningPlayer=1750 
23:49:51 (Game 70) - Saving match to file checkers-MiniMaxRandomPlayer-vs-LearningPlayer-20160505_223427/game70.json
23:49:51 - Finished 70 of 100 games in 75.08 minutes. Estimated 32.18 minutes remaining.
23:49:54 (Game 71) - Initializing game with players: [MiniMaxRandomPlayer, LearningPlayer]
23:49:54 (Game 71) - Playing game...
23:50:46 (Game 71) - Completed game with scores [50, 50]
23:50:46 (Game 71) - Cumulative scores: MiniMaxRandomPlayer=5300 LearningPlayer=1800 
23:50:46 (Game 71) - Saving match to file checkers-MiniMaxRandomPlayer-vs-LearningPlayer-20160505_223427/game71.json
23:50:46 - Finished 71 of 100 games in 76.00 minutes. Estimated 31.04 minutes remaining.
23:50:49 (Game 72) - Initializing game with players: [LearningPlayer, MiniMaxRandomPlayer]
23:50:49 (Game 72) - Playing game...
23:51:49 (Game 72) - Completed game with scores [0, 100]
23:51:49 (Game 72) - Cumulative scores: MiniMaxRandomPlayer=5400 LearningPlayer=1800 
23:51:49 (Game 72) - Saving match to file checkers-MiniMaxRandomPlayer-vs-LearningPlayer-20160505_223427/game72.json
23:51:49 - Finished 72 of 100 games in 77.05 minutes. Estimated 29.96 minutes remaining.
23:51:52 (Game 73) - Initializing game with players: [MiniMaxRandomPlayer, LearningPlayer]
23:51:52 (Game 73) - Playing game...
23:52:41 (Game 73) - Completed game with scores [50, 50]
23:52:41 (Game 73) - Cumulative scores: MiniMaxRandomPlayer=5450 LearningPlayer=1850 
23:52:41 (Game 73) - Saving match to file checkers-MiniMaxRandomPlayer-vs-LearningPlayer-20160505_223427/game73.json
23:52:41 - Finished 73 of 100 games in 77.92 minutes. Estimated 28.82 minutes remaining.
23:52:44 (Game 74) - Initializing game with players: [LearningPlayer, MiniMaxRandomPlayer]
23:52:44 (Game 74) - Playing game...
23:53:43 (Game 74) - Completed game with scores [0, 100]
23:53:43 (Game 74) - Cumulative scores: MiniMaxRandomPlayer=5550 LearningPlayer=1850 
23:53:43 (Game 74) - Saving match to file checkers-MiniMaxRandomPlayer-vs-LearningPlayer-20160505_223427/game74.json
23:53:43 - Finished 74 of 100 games in 78.95 minutes. Estimated 27.74 minutes remaining.
23:53:46 (Game 75) - Initializing game with players: [MiniMaxRandomPlayer, LearningPlayer]
23:53:46 (Game 75) - Playing game...
23:54:35 (Game 75) - Completed game with scores [50, 50]
23:54:35 (Game 75) - Cumulative scores: MiniMaxRandomPlayer=5600 LearningPlayer=1900 
23:54:35 (Game 75) - Saving match to file checkers-MiniMaxRandomPlayer-vs-LearningPlayer-20160505_223427/game75.json
23:54:35 - Finished 75 of 100 games in 79.82 minutes. Estimated 26.61 minutes remaining.
23:54:38 (Game 76) - Initializing game with players: [LearningPlayer, MiniMaxRandomPlayer]
23:54:38 (Game 76) - Playing game...
23:55:37 (Game 76) - Completed game with scores [0, 100]
23:55:37 (Game 76) - Cumulative scores: MiniMaxRandomPlayer=5700 LearningPlayer=1900 
23:55:37 (Game 76) - Saving match to file checkers-MiniMaxRandomPlayer-vs-LearningPlayer-20160505_223427/game76.json
23:55:37 - Finished 76 of 100 games in 80.85 minutes. Estimated 25.53 minutes remaining.
23:55:40 (Game 77) - Initializing game with players: [MiniMaxRandomPlayer, LearningPlayer]
23:55:40 (Game 77) - Playing game...
23:56:29 (Game 77) - Completed game with scores [50, 50]
23:56:29 (Game 77) - Cumulative scores: MiniMaxRandomPlayer=5750 LearningPlayer=1950 
23:56:29 (Game 77) - Saving match to file checkers-MiniMaxRandomPlayer-vs-LearningPlayer-20160505_223427/game77.json
23:56:29 - Finished 77 of 100 games in 81.71 minutes. Estimated 24.41 minutes remaining.
23:56:32 (Game 78) - Initializing game with players: [LearningPlayer, MiniMaxRandomPlayer]
23:56:32 (Game 78) - Playing game...
23:57:31 (Game 78) - Completed game with scores [0, 100]
23:57:31 (Game 78) - Cumulative scores: MiniMaxRandomPlayer=5850 LearningPlayer=1950 
23:57:31 (Game 78) - Saving match to file checkers-MiniMaxRandomPlayer-vs-LearningPlayer-20160505_223427/game78.json
23:57:31 - Finished 78 of 100 games in 82.75 minutes. Estimated 23.34 minutes remaining.
23:57:34 (Game 79) - Initializing game with players: [MiniMaxRandomPlayer, LearningPlayer]
23:57:34 (Game 79) - Playing game...
23:58:23 (Game 79) - Completed game with scores [50, 50]
23:58:23 (Game 79) - Cumulative scores: MiniMaxRandomPlayer=5900 LearningPlayer=2000 
23:58:23 (Game 79) - Saving match to file checkers-MiniMaxRandomPlayer-vs-LearningPlayer-20160505_223427/game79.json
23:58:23 - Finished 79 of 100 games in 83.61 minutes. Estimated 22.23 minutes remaining.
23:58:26 (Game 80) - Initializing game with players: [LearningPlayer, MiniMaxRandomPlayer]
23:58:26 (Game 80) - Playing game...
23:59:25 (Game 80) - Completed game with scores [0, 100]
23:59:25 (Game 80) - Cumulative scores: MiniMaxRandomPlayer=6000 LearningPlayer=2000 
23:59:25 (Game 80) - Saving match to file checkers-MiniMaxRandomPlayer-vs-LearningPlayer-20160505_223427/game80.json
23:59:25 - Finished 80 of 100 games in 84.65 minutes. Estimated 21.16 minutes remaining.
23:59:28 (Game 81) - Initializing game with players: [MiniMaxRandomPlayer, LearningPlayer]
23:59:28 (Game 81) - Playing game...
00:00:17 (Game 81) - Completed game with scores [50, 50]
00:00:17 (Game 81) - Cumulative scores: MiniMaxRandomPlayer=6050 LearningPlayer=2050 
00:00:17 (Game 81) - Saving match to file checkers-MiniMaxRandomPlayer-vs-LearningPlayer-20160505_223427/game81.json
00:00:17 - Finished 81 of 100 games in 85.51 minutes. Estimated 20.06 minutes remaining.
00:00:20 (Game 82) - Initializing game with players: [LearningPlayer, MiniMaxRandomPlayer]
00:00:20 (Game 82) - Playing game...
00:01:19 (Game 82) - Completed game with scores [0, 100]
00:01:19 (Game 82) - Cumulative scores: MiniMaxRandomPlayer=6150 LearningPlayer=2050 
00:01:19 (Game 82) - Saving match to file checkers-MiniMaxRandomPlayer-vs-LearningPlayer-20160505_223427/game82.json
00:01:19 - Finished 82 of 100 games in 86.55 minutes. Estimated 19.00 minutes remaining.
00:01:22 (Game 83) - Initializing game with players: [MiniMaxRandomPlayer, LearningPlayer]
00:01:22 (Game 83) - Playing game...
00:02:11 (Game 83) - Completed game with scores [50, 50]
00:02:11 (Game 83) - Cumulative scores: MiniMaxRandomPlayer=6200 LearningPlayer=2100 
00:02:11 (Game 83) - Saving match to file checkers-MiniMaxRandomPlayer-vs-LearningPlayer-20160505_223427/game83.json
00:02:11 - Finished 83 of 100 games in 87.42 minutes. Estimated 17.90 minutes remaining.
00:02:14 (Game 84) - Initializing game with players: [LearningPlayer, MiniMaxRandomPlayer]
00:02:14 (Game 84) - Playing game...
00:03:13 (Game 84) - Completed game with scores [0, 100]
00:03:13 (Game 84) - Cumulative scores: MiniMaxRandomPlayer=6300 LearningPlayer=2100 
00:03:13 (Game 84) - Saving match to file checkers-MiniMaxRandomPlayer-vs-LearningPlayer-20160505_223427/game84.json
00:03:13 - Finished 84 of 100 games in 88.44 minutes. Estimated 16.85 minutes remaining.
00:03:16 (Game 85) - Initializing game with players: [MiniMaxRandomPlayer, LearningPlayer]
00:03:16 (Game 85) - Playing game...
00:04:04 (Game 85) - Completed game with scores [50, 50]
00:04:04 (Game 85) - Cumulative scores: MiniMaxRandomPlayer=6350 LearningPlayer=2150 
00:04:04 (Game 85) - Saving match to file checkers-MiniMaxRandomPlayer-vs-LearningPlayer-20160505_223427/game85.json
00:04:04 - Finished 85 of 100 games in 89.30 minutes. Estimated 15.76 minutes remaining.
00:04:07 (Game 86) - Initializing game with players: [LearningPlayer, MiniMaxRandomPlayer]
00:04:07 (Game 86) - Playing game...
00:05:06 (Game 86) - Completed game with scores [0, 100]
00:05:06 (Game 86) - Cumulative scores: MiniMaxRandomPlayer=6450 LearningPlayer=2150 
00:05:06 (Game 86) - Saving match to file checkers-MiniMaxRandomPlayer-vs-LearningPlayer-20160505_223427/game86.json
00:05:06 - Finished 86 of 100 games in 90.33 minutes. Estimated 14.71 minutes remaining.
00:05:09 (Game 87) - Initializing game with players: [MiniMaxRandomPlayer, LearningPlayer]
00:05:09 (Game 87) - Playing game...
00:05:57 (Game 87) - Completed game with scores [50, 50]
00:05:57 (Game 87) - Cumulative scores: MiniMaxRandomPlayer=6500 LearningPlayer=2200 
00:05:57 (Game 87) - Saving match to file checkers-MiniMaxRandomPlayer-vs-LearningPlayer-20160505_223427/game87.json
00:05:57 - Finished 87 of 100 games in 91.19 minutes. Estimated 13.63 minutes remaining.
00:06:00 (Game 88) - Initializing game with players: [LearningPlayer, MiniMaxRandomPlayer]
00:06:00 (Game 88) - Playing game...
00:06:59 (Game 88) - Completed game with scores [0, 100]
00:06:59 (Game 88) - Cumulative scores: MiniMaxRandomPlayer=6600 LearningPlayer=2200 
00:06:59 (Game 88) - Saving match to file checkers-MiniMaxRandomPlayer-vs-LearningPlayer-20160505_223427/game88.json
00:06:59 - Finished 88 of 100 games in 92.22 minutes. Estimated 12.58 minutes remaining.
00:07:02 (Game 89) - Initializing game with players: [MiniMaxRandomPlayer, LearningPlayer]
00:07:02 (Game 89) - Playing game...
00:07:51 (Game 89) - Completed game with scores [50, 50]
00:07:51 (Game 89) - Cumulative scores: MiniMaxRandomPlayer=6650 LearningPlayer=2250 
00:07:51 (Game 89) - Saving match to file checkers-MiniMaxRandomPlayer-vs-LearningPlayer-20160505_223427/game89.json
00:07:51 - Finished 89 of 100 games in 93.09 minutes. Estimated 11.51 minutes remaining.
00:07:54 (Game 90) - Initializing game with players: [LearningPlayer, MiniMaxRandomPlayer]
00:07:54 (Game 90) - Playing game...
00:08:52 (Game 90) - Completed game with scores [0, 100]
00:08:52 (Game 90) - Cumulative scores: MiniMaxRandomPlayer=6750 LearningPlayer=2250 
00:08:52 (Game 90) - Saving match to file checkers-MiniMaxRandomPlayer-vs-LearningPlayer-20160505_223427/game90.json
00:08:52 - Finished 90 of 100 games in 94.11 minutes. Estimated 10.46 minutes remaining.
00:08:55 (Game 91) - Initializing game with players: [MiniMaxRandomPlayer, LearningPlayer]
00:08:55 (Game 91) - Playing game...
00:09:43 (Game 91) - Completed game with scores [50, 50]
00:09:43 (Game 91) - Cumulative scores: MiniMaxRandomPlayer=6800 LearningPlayer=2300 
00:09:43 (Game 91) - Saving match to file checkers-MiniMaxRandomPlayer-vs-LearningPlayer-20160505_223427/game91.json
00:09:43 - Finished 91 of 100 games in 94.96 minutes. Estimated 9.39 minutes remaining.
00:09:46 (Game 92) - Initializing game with players: [LearningPlayer, MiniMaxRandomPlayer]
00:09:47 (Game 92) - Playing game...
00:10:45 (Game 92) - Completed game with scores [0, 100]
00:10:45 (Game 92) - Cumulative scores: MiniMaxRandomPlayer=6900 LearningPlayer=2300 
00:10:45 (Game 92) - Saving match to file checkers-MiniMaxRandomPlayer-vs-LearningPlayer-20160505_223427/game92.json
00:10:45 - Finished 92 of 100 games in 95.98 minutes. Estimated 8.35 minutes remaining.
00:10:48 (Game 93) - Initializing game with players: [MiniMaxRandomPlayer, LearningPlayer]
00:10:48 (Game 93) - Playing game...
00:11:35 (Game 93) - Completed game with scores [50, 50]
00:11:35 (Game 93) - Cumulative scores: MiniMaxRandomPlayer=6950 LearningPlayer=2350 
00:11:35 (Game 93) - Saving match to file checkers-MiniMaxRandomPlayer-vs-LearningPlayer-20160505_223427/game93.json
00:11:35 - Finished 93 of 100 games in 96.82 minutes. Estimated 7.29 minutes remaining.
00:11:38 (Game 94) - Initializing game with players: [LearningPlayer, MiniMaxRandomPlayer]
00:11:38 (Game 94) - Playing game...
00:12:37 (Game 94) - Completed game with scores [0, 100]
00:12:37 (Game 94) - Cumulative scores: MiniMaxRandomPlayer=7050 LearningPlayer=2350 
00:12:37 (Game 94) - Saving match to file checkers-MiniMaxRandomPlayer-vs-LearningPlayer-20160505_223427/game94.json
00:12:37 - Finished 94 of 100 games in 97.84 minutes. Estimated 6.25 minutes remaining.
00:12:40 (Game 95) - Initializing game with players: [MiniMaxRandomPlayer, LearningPlayer]
00:12:40 (Game 95) - Playing game...
00:13:28 (Game 95) - Completed game with scores [50, 50]
00:13:28 (Game 95) - Cumulative scores: MiniMaxRandomPlayer=7100 LearningPlayer=2400 
00:13:28 (Game 95) - Saving match to file checkers-MiniMaxRandomPlayer-vs-LearningPlayer-20160505_223427/game95.json
00:13:28 - Finished 95 of 100 games in 98.69 minutes. Estimated 5.19 minutes remaining.
00:13:31 (Game 96) - Initializing game with players: [LearningPlayer, MiniMaxRandomPlayer]
00:13:31 (Game 96) - Playing game...
00:14:29 (Game 96) - Completed game with scores [0, 100]
00:14:29 (Game 96) - Cumulative scores: MiniMaxRandomPlayer=7200 LearningPlayer=2400 
00:14:29 (Game 96) - Saving match to file checkers-MiniMaxRandomPlayer-vs-LearningPlayer-20160505_223427/game96.json
00:14:29 - Finished 96 of 100 games in 99.71 minutes. Estimated 4.15 minutes remaining.
00:14:32 (Game 97) - Initializing game with players: [MiniMaxRandomPlayer, LearningPlayer]
00:14:32 (Game 97) - Playing game...
00:15:20 (Game 97) - Completed game with scores [50, 50]
00:15:20 (Game 97) - Cumulative scores: MiniMaxRandomPlayer=7250 LearningPlayer=2450 
00:15:20 (Game 97) - Saving match to file checkers-MiniMaxRandomPlayer-vs-LearningPlayer-20160505_223427/game97.json
00:15:20 - Finished 97 of 100 games in 100.56 minutes. Estimated 3.11 minutes remaining.
00:15:23 (Game 98) - Initializing game with players: [LearningPlayer, MiniMaxRandomPlayer]
00:15:23 (Game 98) - Playing game...
00:16:21 (Game 98) - Completed game with scores [0, 100]
00:16:21 (Game 98) - Cumulative scores: MiniMaxRandomPlayer=7350 LearningPlayer=2450 
00:16:21 (Game 98) - Saving match to file checkers-MiniMaxRandomPlayer-vs-LearningPlayer-20160505_223427/game98.json
00:16:21 - Finished 98 of 100 games in 101.58 minutes. Estimated 2.07 minutes remaining.
00:16:24 (Game 99) - Initializing game with players: [MiniMaxRandomPlayer, LearningPlayer]
00:16:24 (Game 99) - Playing game...
00:17:11 (Game 99) - Completed game with scores [50, 50]
00:17:11 (Game 99) - Cumulative scores: MiniMaxRandomPlayer=7400 LearningPlayer=2500 
00:17:11 (Game 99) - Saving match to file checkers-MiniMaxRandomPlayer-vs-LearningPlayer-20160505_223427/game99.json
00:17:11 - Finished 99 of 100 games in 102.42 minutes. Estimated 1.03 minutes remaining.
00:17:14 (Game 100) - Initializing game with players: [LearningPlayer, MiniMaxRandomPlayer]
00:17:14 (Game 100) - Playing game...
00:18:12 (Game 100) - Completed game with scores [0, 100]
00:18:12 (Game 100) - Cumulative scores: MiniMaxRandomPlayer=7500 LearningPlayer=2500 
00:18:12 (Game 100) - Saving match to file checkers-MiniMaxRandomPlayer-vs-LearningPlayer-20160505_223427/game100.json
00:18:13 - Finished 100 of 100 games in 103.44 minutes. Estimated 0.00 minutes remaining.
00:18:13 - Successfully finished tournament. 0 matches contained errors.
00:18:13 - Average player scores: MiniMaxRandomPlayer=75.0000 LearningPlayer=25.0000 
