Checking if pause file exists
Updating the game cache...
11:58:20 (Game 1) - Initializing game with players: [ConfidencePlayer, LearningPlayer]
11:58:20 (Game 1) - Playing game...
Updating the game cache took: 12317ms.
12:05:10 (Game 1) - WARNING: This match contains errors from the following players: [ConfidencePlayer]
12:05:10 (Game 1) - Completed game with scores [0, 100]
12:05:10 (Game 1) - Cumulative scores: ConfidencePlayer=0 LearningPlayer=100 
12:05:10 (Game 1) - Saving match to file nineBoardTicTacToe-ConfidencePlayer-vs-LearningPlayer-20160507_115803/game1.json
12:05:10 - Finished 1 of 100 games in 6.89 minutes. Estimated 682.05 minutes remaining.
12:05:13 (Game 2) - Initializing game with players: [LearningPlayer, ConfidencePlayer]
12:05:13 (Game 2) - Playing game...
12:11:39 (Game 2) - WARNING: This match contains errors from the following players: [LearningPlayer]
12:11:39 (Game 2) - Completed game with scores [0, 100]
12:11:39 (Game 2) - Cumulative scores: ConfidencePlayer=100 LearningPlayer=100 
12:11:39 (Game 2) - Saving match to file nineBoardTicTacToe-ConfidencePlayer-vs-LearningPlayer-20160507_115803/game2.json
12:11:39 - Finished 2 of 100 games in 13.37 minutes. Estimated 655.10 minutes remaining.
12:11:42 (Game 3) - Initializing game with players: [ConfidencePlayer, LearningPlayer]
12:11:42 (Game 3) - Playing game...
12:13:09 (Game 3) - WARNING: This match contains errors from the following players: [ConfidencePlayer]
12:13:09 (Game 3) - Completed game with scores [0, 100]
12:13:09 (Game 3) - Cumulative scores: ConfidencePlayer=100 LearningPlayer=200 
12:13:09 (Game 3) - Saving match to file nineBoardTicTacToe-ConfidencePlayer-vs-LearningPlayer-20160507_115803/game3.json
12:13:09 - Finished 3 of 100 games in 14.87 minutes. Estimated 480.89 minutes remaining.
12:13:12 (Game 4) - Initializing game with players: [LearningPlayer, ConfidencePlayer]
12:13:12 (Game 4) - Playing game...
12:19:20 (Game 4) - WARNING: This match contains errors from the following players: [LearningPlayer]
12:19:20 (Game 4) - Completed game with scores [0, 100]
12:19:20 (Game 4) - Cumulative scores: ConfidencePlayer=200 LearningPlayer=200 
12:19:20 (Game 4) - Saving match to file nineBoardTicTacToe-ConfidencePlayer-vs-LearningPlayer-20160507_115803/game4.json
12:19:20 - Finished 4 of 100 games in 21.05 minutes. Estimated 505.16 minutes remaining.
12:19:23 (Game 5) - Initializing game with players: [ConfidencePlayer, LearningPlayer]
12:19:23 (Game 5) - Playing game...
12:26:19 (Game 5) - WARNING: This match contains errors from the following players: [ConfidencePlayer]
12:26:19 (Game 5) - Completed game with scores [100, 0]
12:26:19 (Game 5) - Cumulative scores: ConfidencePlayer=300 LearningPlayer=200 
12:26:19 (Game 5) - Saving match to file nineBoardTicTacToe-ConfidencePlayer-vs-LearningPlayer-20160507_115803/game5.json
12:26:19 - Finished 5 of 100 games in 28.04 minutes. Estimated 532.68 minutes remaining.
12:26:22 (Game 6) - Initializing game with players: [LearningPlayer, ConfidencePlayer]
12:26:22 (Game 6) - Playing game...
12:33:15 (Game 6) - WARNING: This match contains errors from the following players: [LearningPlayer]
12:33:15 (Game 6) - Completed game with scores [100, 0]
12:33:15 (Game 6) - Cumulative scores: ConfidencePlayer=300 LearningPlayer=300 
12:33:15 (Game 6) - Saving match to file nineBoardTicTacToe-ConfidencePlayer-vs-LearningPlayer-20160507_115803/game6.json
12:33:15 - Finished 6 of 100 games in 34.97 minutes. Estimated 547.93 minutes remaining.
12:33:18 (Game 7) - Initializing game with players: [ConfidencePlayer, LearningPlayer]
12:33:18 (Game 7) - Playing game...
12:38:25 (Game 7) - WARNING: This match contains errors from the following players: [ConfidencePlayer]
12:38:25 (Game 7) - Completed game with scores [0, 100]
12:38:25 (Game 7) - Cumulative scores: ConfidencePlayer=300 LearningPlayer=400 
12:38:25 (Game 7) - Saving match to file nineBoardTicTacToe-ConfidencePlayer-vs-LearningPlayer-20160507_115803/game7.json
12:38:25 - Finished 7 of 100 games in 40.14 minutes. Estimated 533.24 minutes remaining.
12:38:28 (Game 8) - Initializing game with players: [LearningPlayer, ConfidencePlayer]
12:38:28 (Game 8) - Playing game...
12:44:03 (Game 8) - WARNING: This match contains errors from the following players: [LearningPlayer]
12:44:03 (Game 8) - Completed game with scores [0, 100]
12:44:03 (Game 8) - Cumulative scores: ConfidencePlayer=400 LearningPlayer=400 
12:44:03 (Game 8) - Saving match to file nineBoardTicTacToe-ConfidencePlayer-vs-LearningPlayer-20160507_115803/game8.json
12:44:03 - Finished 8 of 100 games in 45.77 minutes. Estimated 526.32 minutes remaining.
12:44:06 (Game 9) - Initializing game with players: [ConfidencePlayer, LearningPlayer]
12:44:06 (Game 9) - Playing game...
12:50:16 (Game 9) - WARNING: This match contains errors from the following players: [ConfidencePlayer]
12:50:16 (Game 9) - Completed game with scores [100, 0]
12:50:16 (Game 9) - Cumulative scores: ConfidencePlayer=500 LearningPlayer=400 
12:50:16 (Game 9) - Saving match to file nineBoardTicTacToe-ConfidencePlayer-vs-LearningPlayer-20160507_115803/game9.json
12:50:16 - Finished 9 of 100 games in 51.98 minutes. Estimated 525.57 minutes remaining.
12:50:19 (Game 10) - Initializing game with players: [LearningPlayer, ConfidencePlayer]
12:50:19 (Game 10) - Playing game...
12:55:54 (Game 10) - WARNING: This match contains errors from the following players: [LearningPlayer]
12:55:54 (Game 10) - Completed game with scores [0, 100]
12:55:54 (Game 10) - Cumulative scores: ConfidencePlayer=600 LearningPlayer=400 
12:55:54 (Game 10) - Saving match to file nineBoardTicTacToe-ConfidencePlayer-vs-LearningPlayer-20160507_115803/game10.json
12:55:54 - Finished 10 of 100 games in 57.61 minutes. Estimated 518.50 minutes remaining.
12:55:57 (Game 11) - Initializing game with players: [ConfidencePlayer, LearningPlayer]
12:55:57 (Game 11) - Playing game...
13:02:25 (Game 11) - WARNING: This match contains errors from the following players: [ConfidencePlayer]
13:02:25 (Game 11) - Completed game with scores [100, 0]
13:02:25 (Game 11) - Cumulative scores: ConfidencePlayer=700 LearningPlayer=400 
13:02:25 (Game 11) - Saving match to file nineBoardTicTacToe-ConfidencePlayer-vs-LearningPlayer-20160507_115803/game11.json
13:02:25 - Finished 11 of 100 games in 64.14 minutes. Estimated 518.92 minutes remaining.
13:02:28 (Game 12) - Initializing game with players: [LearningPlayer, ConfidencePlayer]
13:02:28 (Game 12) - Playing game...
13:09:24 (Game 12) - WARNING: This match contains errors from the following players: [LearningPlayer]
13:09:24 (Game 12) - Completed game with scores [100, 0]
13:09:24 (Game 12) - Cumulative scores: ConfidencePlayer=700 LearningPlayer=500 
13:09:24 (Game 12) - Saving match to file nineBoardTicTacToe-ConfidencePlayer-vs-LearningPlayer-20160507_115803/game12.json
13:09:24 - Finished 12 of 100 games in 71.12 minutes. Estimated 521.52 minutes remaining.
13:09:27 (Game 13) - Initializing game with players: [ConfidencePlayer, LearningPlayer]
13:09:27 (Game 13) - Playing game...
13:15:36 (Game 13) - WARNING: This match contains errors from the following players: [ConfidencePlayer]
13:15:36 (Game 13) - Completed game with scores [100, 0]
13:15:36 (Game 13) - Cumulative scores: ConfidencePlayer=800 LearningPlayer=500 
13:15:36 (Game 13) - Saving match to file nineBoardTicTacToe-ConfidencePlayer-vs-LearningPlayer-20160507_115803/game13.json
13:15:36 - Finished 13 of 100 games in 77.32 minutes. Estimated 517.48 minutes remaining.
13:15:39 (Game 14) - Initializing game with players: [LearningPlayer, ConfidencePlayer]
13:15:39 (Game 14) - Playing game...
13:22:54 (Game 14) - WARNING: This match contains errors from the following players: [LearningPlayer]
13:22:54 (Game 14) - Completed game with scores [100, 0]
13:22:54 (Game 14) - Cumulative scores: ConfidencePlayer=800 LearningPlayer=600 
13:22:54 (Game 14) - Saving match to file nineBoardTicTacToe-ConfidencePlayer-vs-LearningPlayer-20160507_115803/game14.json
13:22:54 - Finished 14 of 100 games in 84.62 minutes. Estimated 519.79 minutes remaining.
13:22:57 (Game 15) - Initializing game with players: [ConfidencePlayer, LearningPlayer]
13:22:57 (Game 15) - Playing game...
13:29:34 (Game 15) - WARNING: This match contains errors from the following players: [ConfidencePlayer]
13:29:34 (Game 15) - Completed game with scores [0, 100]
13:29:34 (Game 15) - Cumulative scores: ConfidencePlayer=800 LearningPlayer=700 
13:29:34 (Game 15) - Saving match to file nineBoardTicTacToe-ConfidencePlayer-vs-LearningPlayer-20160507_115803/game15.json
13:29:34 - Finished 15 of 100 games in 91.28 minutes. Estimated 517.27 minutes remaining.
13:29:37 (Game 16) - Initializing game with players: [LearningPlayer, ConfidencePlayer]
13:29:37 (Game 16) - Playing game...
13:36:33 (Game 16) - WARNING: This match contains errors from the following players: [LearningPlayer]
13:36:33 (Game 16) - Completed game with scores [100, 0]
13:36:33 (Game 16) - Cumulative scores: ConfidencePlayer=800 LearningPlayer=800 
13:36:33 (Game 16) - Saving match to file nineBoardTicTacToe-ConfidencePlayer-vs-LearningPlayer-20160507_115803/game16.json
13:36:33 - Finished 16 of 100 games in 98.27 minutes. Estimated 515.92 minutes remaining.
13:36:36 (Game 17) - Initializing game with players: [ConfidencePlayer, LearningPlayer]
13:36:36 (Game 17) - Playing game...
13:43:50 (Game 17) - WARNING: This match contains errors from the following players: [ConfidencePlayer]
13:43:50 (Game 17) - Completed game with scores [0, 100]
13:43:50 (Game 17) - Cumulative scores: ConfidencePlayer=800 LearningPlayer=900 
13:43:50 (Game 17) - Saving match to file nineBoardTicTacToe-ConfidencePlayer-vs-LearningPlayer-20160507_115803/game17.json
13:43:50 - Finished 17 of 100 games in 105.55 minutes. Estimated 515.33 minutes remaining.
13:43:53 (Game 18) - Initializing game with players: [LearningPlayer, ConfidencePlayer]
13:43:53 (Game 18) - Playing game...
13:48:51 (Game 18) - WARNING: This match contains errors from the following players: [LearningPlayer]
13:48:51 (Game 18) - Completed game with scores [0, 100]
13:48:51 (Game 18) - Cumulative scores: ConfidencePlayer=900 LearningPlayer=900 
13:48:51 (Game 18) - Saving match to file nineBoardTicTacToe-ConfidencePlayer-vs-LearningPlayer-20160507_115803/game18.json
13:48:51 - Finished 18 of 100 games in 110.57 minutes. Estimated 503.70 minutes remaining.
13:48:54 (Game 19) - Initializing game with players: [ConfidencePlayer, LearningPlayer]
13:48:54 (Game 19) - Playing game...
13:56:17 (Game 19) - WARNING: This match contains errors from the following players: [ConfidencePlayer]
13:56:17 (Game 19) - Completed game with scores [100, 0]
13:56:17 (Game 19) - Cumulative scores: ConfidencePlayer=1000 LearningPlayer=900 
13:56:17 (Game 19) - Saving match to file nineBoardTicTacToe-ConfidencePlayer-vs-LearningPlayer-20160507_115803/game19.json
13:56:17 - Finished 19 of 100 games in 118.00 minutes. Estimated 503.04 minutes remaining.
13:56:20 (Game 20) - Initializing game with players: [LearningPlayer, ConfidencePlayer]
13:56:20 (Game 20) - Playing game...
14:03:34 (Game 20) - WARNING: This match contains errors from the following players: [LearningPlayer]
14:03:34 (Game 20) - Completed game with scores [100, 0]
14:03:34 (Game 20) - Cumulative scores: ConfidencePlayer=1000 LearningPlayer=1000 
14:03:34 (Game 20) - Saving match to file nineBoardTicTacToe-ConfidencePlayer-vs-LearningPlayer-20160507_115803/game20.json
14:03:34 - Finished 20 of 100 games in 125.29 minutes. Estimated 501.15 minutes remaining.
14:03:37 (Game 21) - Initializing game with players: [ConfidencePlayer, LearningPlayer]
14:03:37 (Game 21) - Playing game...
14:09:10 (Game 21) - WARNING: This match contains errors from the following players: [ConfidencePlayer]
14:09:10 (Game 21) - Completed game with scores [100, 0]
14:09:10 (Game 21) - Cumulative scores: ConfidencePlayer=1100 LearningPlayer=1000 
14:09:10 (Game 21) - Saving match to file nineBoardTicTacToe-ConfidencePlayer-vs-LearningPlayer-20160507_115803/game21.json
14:09:10 - Finished 21 of 100 games in 130.89 minutes. Estimated 492.38 minutes remaining.
14:09:13 (Game 22) - Initializing game with players: [LearningPlayer, ConfidencePlayer]
14:09:13 (Game 22) - Playing game...
14:15:33 (Game 22) - WARNING: This match contains errors from the following players: [LearningPlayer]
14:15:33 (Game 22) - Completed game with scores [100, 0]
14:15:33 (Game 22) - Cumulative scores: ConfidencePlayer=1100 LearningPlayer=1100 
14:15:33 (Game 22) - Saving match to file nineBoardTicTacToe-ConfidencePlayer-vs-LearningPlayer-20160507_115803/game22.json
14:15:33 - Finished 22 of 100 games in 137.27 minutes. Estimated 486.68 minutes remaining.
14:15:36 (Game 23) - Initializing game with players: [ConfidencePlayer, LearningPlayer]
14:15:36 (Game 23) - Playing game...
14:22:13 (Game 23) - WARNING: This match contains errors from the following players: [ConfidencePlayer]
14:22:13 (Game 23) - Completed game with scores [0, 100]
14:22:13 (Game 23) - Cumulative scores: ConfidencePlayer=1100 LearningPlayer=1200 
14:22:13 (Game 23) - Saving match to file nineBoardTicTacToe-ConfidencePlayer-vs-LearningPlayer-20160507_115803/game23.json
14:22:13 - Finished 23 of 100 games in 143.94 minutes. Estimated 481.88 minutes remaining.
14:22:16 (Game 24) - Initializing game with players: [LearningPlayer, ConfidencePlayer]
14:22:16 (Game 24) - Playing game...
14:28:45 (Game 24) - WARNING: This match contains errors from the following players: [LearningPlayer]
14:28:45 (Game 24) - Completed game with scores [0, 100]
14:28:45 (Game 24) - Cumulative scores: ConfidencePlayer=1200 LearningPlayer=1200 
14:28:45 (Game 24) - Saving match to file nineBoardTicTacToe-ConfidencePlayer-vs-LearningPlayer-20160507_115803/game24.json
14:28:45 - Finished 24 of 100 games in 150.47 minutes. Estimated 476.49 minutes remaining.
14:28:48 (Game 25) - Initializing game with players: [ConfidencePlayer, LearningPlayer]
14:28:48 (Game 25) - Playing game...
14:34:58 (Game 25) - WARNING: This match contains errors from the following players: [ConfidencePlayer]
14:34:58 (Game 25) - Completed game with scores [100, 0]
14:34:58 (Game 25) - Cumulative scores: ConfidencePlayer=1300 LearningPlayer=1200 
14:34:58 (Game 25) - Saving match to file nineBoardTicTacToe-ConfidencePlayer-vs-LearningPlayer-20160507_115803/game25.json
14:34:58 - Finished 25 of 100 games in 156.69 minutes. Estimated 470.06 minutes remaining.
14:35:01 (Game 26) - Initializing game with players: [LearningPlayer, ConfidencePlayer]
14:35:01 (Game 26) - Playing game...
14:41:12 (Game 26) - WARNING: This match contains errors from the following players: [LearningPlayer]
14:41:12 (Game 26) - Completed game with scores [0, 100]
14:41:12 (Game 26) - Cumulative scores: ConfidencePlayer=1400 LearningPlayer=1200 
14:41:12 (Game 26) - Saving match to file nineBoardTicTacToe-ConfidencePlayer-vs-LearningPlayer-20160507_115803/game26.json
14:41:12 - Finished 26 of 100 games in 162.92 minutes. Estimated 463.69 minutes remaining.
14:41:15 (Game 27) - Initializing game with players: [ConfidencePlayer, LearningPlayer]
14:41:15 (Game 27) - Playing game...
14:47:43 (Game 27) - WARNING: This match contains errors from the following players: [ConfidencePlayer]
14:47:43 (Game 27) - Completed game with scores [100, 0]
14:47:43 (Game 27) - Cumulative scores: ConfidencePlayer=1500 LearningPlayer=1200 
14:47:43 (Game 27) - Saving match to file nineBoardTicTacToe-ConfidencePlayer-vs-LearningPlayer-20160507_115803/game27.json
14:47:43 - Finished 27 of 100 games in 169.43 minutes. Estimated 458.09 minutes remaining.
14:47:46 (Game 28) - Initializing game with players: [LearningPlayer, ConfidencePlayer]
14:47:46 (Game 28) - Playing game...
14:55:00 (Game 28) - WARNING: This match contains errors from the following players: [LearningPlayer]
14:55:00 (Game 28) - Completed game with scores [100, 0]
14:55:00 (Game 28) - Cumulative scores: ConfidencePlayer=1500 LearningPlayer=1300 
14:55:00 (Game 28) - Saving match to file nineBoardTicTacToe-ConfidencePlayer-vs-LearningPlayer-20160507_115803/game28.json
14:55:00 - Finished 28 of 100 games in 176.72 minutes. Estimated 454.42 minutes remaining.
14:55:03 (Game 29) - Initializing game with players: [ConfidencePlayer, LearningPlayer]
14:55:03 (Game 29) - Playing game...
15:01:04 (Game 29) - WARNING: This match contains errors from the following players: [ConfidencePlayer]
15:01:04 (Game 29) - Completed game with scores [0, 100]
15:01:04 (Game 29) - Cumulative scores: ConfidencePlayer=1500 LearningPlayer=1400 
15:01:04 (Game 29) - Saving match to file nineBoardTicTacToe-ConfidencePlayer-vs-LearningPlayer-20160507_115803/game29.json
15:01:04 - Finished 29 of 100 games in 182.79 minutes. Estimated 447.52 minutes remaining.
15:01:07 (Game 30) - Initializing game with players: [LearningPlayer, ConfidencePlayer]
15:01:07 (Game 30) - Playing game...
15:07:36 (Game 30) - WARNING: This match contains errors from the following players: [LearningPlayer]
15:07:36 (Game 30) - Completed game with scores [0, 100]
15:07:36 (Game 30) - Cumulative scores: ConfidencePlayer=1600 LearningPlayer=1400 
15:07:36 (Game 30) - Saving match to file nineBoardTicTacToe-ConfidencePlayer-vs-LearningPlayer-20160507_115803/game30.json
15:07:36 - Finished 30 of 100 games in 189.32 minutes. Estimated 441.75 minutes remaining.
15:07:39 (Game 31) - Initializing game with players: [ConfidencePlayer, LearningPlayer]
15:07:39 (Game 31) - Playing game...
15:14:07 (Game 31) - WARNING: This match contains errors from the following players: [ConfidencePlayer]
15:14:07 (Game 31) - Completed game with scores [100, 0]
15:14:07 (Game 31) - Cumulative scores: ConfidencePlayer=1700 LearningPlayer=1400 
15:14:07 (Game 31) - Saving match to file nineBoardTicTacToe-ConfidencePlayer-vs-LearningPlayer-20160507_115803/game31.json
15:14:07 - Finished 31 of 100 games in 195.83 minutes. Estimated 435.88 minutes remaining.
15:14:10 (Game 32) - Initializing game with players: [LearningPlayer, ConfidencePlayer]
15:14:10 (Game 32) - Playing game...
15:20:30 (Game 32) - WARNING: This match contains errors from the following players: [LearningPlayer]
15:20:30 (Game 32) - Completed game with scores [100, 0]
15:20:30 (Game 32) - Cumulative scores: ConfidencePlayer=1700 LearningPlayer=1500 
15:20:30 (Game 32) - Saving match to file nineBoardTicTacToe-ConfidencePlayer-vs-LearningPlayer-20160507_115803/game32.json
15:20:30 - Finished 32 of 100 games in 202.21 minutes. Estimated 429.70 minutes remaining.
15:20:33 (Game 33) - Initializing game with players: [ConfidencePlayer, LearningPlayer]
15:20:33 (Game 33) - Playing game...
15:26:06 (Game 33) - WARNING: This match contains errors from the following players: [ConfidencePlayer]
15:26:06 (Game 33) - Completed game with scores [100, 0]
15:26:06 (Game 33) - Cumulative scores: ConfidencePlayer=1800 LearningPlayer=1500 
15:26:06 (Game 33) - Saving match to file nineBoardTicTacToe-ConfidencePlayer-vs-LearningPlayer-20160507_115803/game33.json
15:26:06 - Finished 33 of 100 games in 207.81 minutes. Estimated 421.92 minutes remaining.
15:26:09 (Game 34) - Initializing game with players: [LearningPlayer, ConfidencePlayer]
15:26:09 (Game 34) - Playing game...
15:32:11 (Game 34) - WARNING: This match contains errors from the following players: [LearningPlayer]
15:32:11 (Game 34) - Completed game with scores [100, 0]
15:32:11 (Game 34) - Cumulative scores: ConfidencePlayer=1800 LearningPlayer=1600 
15:32:11 (Game 34) - Saving match to file nineBoardTicTacToe-ConfidencePlayer-vs-LearningPlayer-20160507_115803/game34.json
15:32:11 - Finished 34 of 100 games in 213.89 minutes. Estimated 415.21 minutes remaining.
15:32:14 (Game 35) - Initializing game with players: [ConfidencePlayer, LearningPlayer]
15:32:14 (Game 35) - Playing game...
15:37:47 (Game 35) - WARNING: This match contains errors from the following players: [ConfidencePlayer]
15:37:47 (Game 35) - Completed game with scores [100, 0]
15:37:47 (Game 35) - Cumulative scores: ConfidencePlayer=1900 LearningPlayer=1600 
15:37:47 (Game 35) - Saving match to file nineBoardTicTacToe-ConfidencePlayer-vs-LearningPlayer-20160507_115803/game35.json
15:37:47 - Finished 35 of 100 games in 219.51 minutes. Estimated 407.65 minutes remaining.
15:37:50 (Game 36) - Initializing game with players: [LearningPlayer, ConfidencePlayer]
15:37:50 (Game 36) - Playing game...
15:44:00 (Game 36) - WARNING: This match contains errors from the following players: [LearningPlayer]
15:44:00 (Game 36) - Completed game with scores [0, 100]
15:44:00 (Game 36) - Cumulative scores: ConfidencePlayer=2000 LearningPlayer=1600 
15:44:00 (Game 36) - Saving match to file nineBoardTicTacToe-ConfidencePlayer-vs-LearningPlayer-20160507_115803/game36.json
15:44:00 - Finished 36 of 100 games in 225.73 minutes. Estimated 401.29 minutes remaining.
15:44:03 (Game 37) - Initializing game with players: [ConfidencePlayer, LearningPlayer]
15:44:03 (Game 37) - Playing game...
15:50:44 (Game 37) - WARNING: This match contains errors from the following players: [ConfidencePlayer]
15:50:44 (Game 37) - Completed game with scores [100, 0]
15:50:44 (Game 37) - Cumulative scores: ConfidencePlayer=2100 LearningPlayer=1600 
15:50:44 (Game 37) - Saving match to file nineBoardTicTacToe-ConfidencePlayer-vs-LearningPlayer-20160507_115803/game37.json
15:50:44 - Finished 37 of 100 games in 232.46 minutes. Estimated 395.81 minutes remaining.
15:50:47 (Game 38) - Initializing game with players: [LearningPlayer, ConfidencePlayer]
15:50:48 (Game 38) - Playing game...
15:55:43 (Game 38) - WARNING: This match contains errors from the following players: [LearningPlayer]
15:55:43 (Game 38) - Completed game with scores [0, 100]
15:55:43 (Game 38) - Cumulative scores: ConfidencePlayer=2200 LearningPlayer=1600 
15:55:43 (Game 38) - Saving match to file nineBoardTicTacToe-ConfidencePlayer-vs-LearningPlayer-20160507_115803/game38.json
15:55:43 - Finished 38 of 100 games in 237.44 minutes. Estimated 387.39 minutes remaining.
15:55:46 (Game 39) - Initializing game with players: [ConfidencePlayer, LearningPlayer]
15:55:46 (Game 39) - Playing game...
16:02:25 (Game 39) - WARNING: This match contains errors from the following players: [ConfidencePlayer]
16:02:25 (Game 39) - Completed game with scores [100, 0]
16:02:25 (Game 39) - Cumulative scores: ConfidencePlayer=2300 LearningPlayer=1600 
16:02:25 (Game 39) - Saving match to file nineBoardTicTacToe-ConfidencePlayer-vs-LearningPlayer-20160507_115803/game39.json
16:02:25 - Finished 39 of 100 games in 244.13 minutes. Estimated 381.85 minutes remaining.
16:02:28 (Game 40) - Initializing game with players: [LearningPlayer, ConfidencePlayer]
16:02:28 (Game 40) - Playing game...
16:07:23 (Game 40) - WARNING: This match contains errors from the following players: [LearningPlayer]
16:07:23 (Game 40) - Completed game with scores [0, 100]
16:07:23 (Game 40) - Cumulative scores: ConfidencePlayer=2400 LearningPlayer=1600 
16:07:23 (Game 40) - Saving match to file nineBoardTicTacToe-ConfidencePlayer-vs-LearningPlayer-20160507_115803/game40.json
16:07:23 - Finished 40 of 100 games in 249.11 minutes. Estimated 373.66 minutes remaining.
16:07:26 (Game 41) - Initializing game with players: [ConfidencePlayer, LearningPlayer]
16:07:26 (Game 41) - Playing game...
16:13:13 (Game 41) - WARNING: This match contains errors from the following players: [ConfidencePlayer]
16:13:13 (Game 41) - Completed game with scores [100, 0]
16:13:13 (Game 41) - Cumulative scores: ConfidencePlayer=2500 LearningPlayer=1600 
16:13:13 (Game 41) - Saving match to file nineBoardTicTacToe-ConfidencePlayer-vs-LearningPlayer-20160507_115803/game41.json
16:13:13 - Finished 41 of 100 games in 254.93 minutes. Estimated 366.85 minutes remaining.
16:13:16 (Game 42) - Initializing game with players: [LearningPlayer, ConfidencePlayer]
16:13:16 (Game 42) - Playing game...
16:19:58 (Game 42) - WARNING: This match contains errors from the following players: [LearningPlayer]
16:19:58 (Game 42) - Completed game with scores [0, 100]
16:19:58 (Game 42) - Cumulative scores: ConfidencePlayer=2600 LearningPlayer=1600 
16:19:58 (Game 42) - Saving match to file nineBoardTicTacToe-ConfidencePlayer-vs-LearningPlayer-20160507_115803/game42.json
16:19:58 - Finished 42 of 100 games in 261.69 minutes. Estimated 361.38 minutes remaining.
16:20:01 (Game 43) - Initializing game with players: [ConfidencePlayer, LearningPlayer]
16:20:01 (Game 43) - Playing game...
16:26:04 (Game 43) - WARNING: This match contains errors from the following players: [ConfidencePlayer]
16:26:04 (Game 43) - Completed game with scores [100, 0]
16:26:04 (Game 43) - Cumulative scores: ConfidencePlayer=2700 LearningPlayer=1600 
16:26:04 (Game 43) - Saving match to file nineBoardTicTacToe-ConfidencePlayer-vs-LearningPlayer-20160507_115803/game43.json
16:26:04 - Finished 43 of 100 games in 267.79 minutes. Estimated 354.97 minutes remaining.
16:26:07 (Game 44) - Initializing game with players: [LearningPlayer, ConfidencePlayer]
16:26:07 (Game 44) - Playing game...
16:32:42 (Game 44) - WARNING: This match contains errors from the following players: [LearningPlayer]
16:32:42 (Game 44) - Completed game with scores [100, 0]
16:32:42 (Game 44) - Cumulative scores: ConfidencePlayer=2700 LearningPlayer=1700 
16:32:42 (Game 44) - Saving match to file nineBoardTicTacToe-ConfidencePlayer-vs-LearningPlayer-20160507_115803/game44.json
16:32:42 - Finished 44 of 100 games in 274.41 minutes. Estimated 349.25 minutes remaining.
16:32:45 (Game 45) - Initializing game with players: [ConfidencePlayer, LearningPlayer]
16:32:45 (Game 45) - Playing game...
16:39:24 (Game 45) - WARNING: This match contains errors from the following players: [ConfidencePlayer]
16:39:24 (Game 45) - Completed game with scores [100, 0]
16:39:24 (Game 45) - Cumulative scores: ConfidencePlayer=2800 LearningPlayer=1700 
16:39:24 (Game 45) - Saving match to file nineBoardTicTacToe-ConfidencePlayer-vs-LearningPlayer-20160507_115803/game45.json
16:39:24 - Finished 45 of 100 games in 281.12 minutes. Estimated 343.60 minutes remaining.
16:39:27 (Game 46) - Initializing game with players: [LearningPlayer, ConfidencePlayer]
16:39:27 (Game 46) - Playing game...
16:45:53 (Game 46) - WARNING: This match contains errors from the following players: [LearningPlayer]
16:45:53 (Game 46) - Completed game with scores [0, 100]
16:45:53 (Game 46) - Cumulative scores: ConfidencePlayer=2900 LearningPlayer=1700 
16:45:53 (Game 46) - Saving match to file nineBoardTicTacToe-ConfidencePlayer-vs-LearningPlayer-20160507_115803/game46.json
16:45:53 - Finished 46 of 100 games in 287.59 minutes. Estimated 337.61 minutes remaining.
16:45:56 (Game 47) - Initializing game with players: [ConfidencePlayer, LearningPlayer]
16:45:56 (Game 47) - Playing game...
16:51:59 (Game 47) - WARNING: This match contains errors from the following players: [ConfidencePlayer]
16:51:59 (Game 47) - Completed game with scores [100, 0]
16:51:59 (Game 47) - Cumulative scores: ConfidencePlayer=3000 LearningPlayer=1700 
16:51:59 (Game 47) - Saving match to file nineBoardTicTacToe-ConfidencePlayer-vs-LearningPlayer-20160507_115803/game47.json
16:51:59 - Finished 47 of 100 games in 293.69 minutes. Estimated 331.19 minutes remaining.
16:52:02 (Game 48) - Initializing game with players: [LearningPlayer, ConfidencePlayer]
16:52:02 (Game 48) - Playing game...
16:57:51 (Game 48) - WARNING: This match contains errors from the following players: [LearningPlayer]
16:57:51 (Game 48) - Completed game with scores [0, 100]
16:57:51 (Game 48) - Cumulative scores: ConfidencePlayer=3100 LearningPlayer=1700 
16:57:51 (Game 48) - Saving match to file nineBoardTicTacToe-ConfidencePlayer-vs-LearningPlayer-20160507_115803/game48.json
16:57:51 - Finished 48 of 100 games in 299.56 minutes. Estimated 324.53 minutes remaining.
16:57:54 (Game 49) - Initializing game with players: [ConfidencePlayer, LearningPlayer]
16:57:54 (Game 49) - Playing game...
17:05:09 (Game 49) - WARNING: This match contains errors from the following players: [ConfidencePlayer]
17:05:09 (Game 49) - Completed game with scores [100, 0]
17:05:09 (Game 49) - Cumulative scores: ConfidencePlayer=3200 LearningPlayer=1700 
17:05:09 (Game 49) - Saving match to file nineBoardTicTacToe-ConfidencePlayer-vs-LearningPlayer-20160507_115803/game49.json
17:05:09 - Finished 49 of 100 games in 306.87 minutes. Estimated 319.40 minutes remaining.
17:05:12 (Game 50) - Initializing game with players: [LearningPlayer, ConfidencePlayer]
17:05:12 (Game 50) - Playing game...
17:11:19 (Game 50) - WARNING: This match contains errors from the following players: [LearningPlayer]
17:11:19 (Game 50) - Completed game with scores [0, 100]
17:11:19 (Game 50) - Cumulative scores: ConfidencePlayer=3300 LearningPlayer=1700 
17:11:19 (Game 50) - Saving match to file nineBoardTicTacToe-ConfidencePlayer-vs-LearningPlayer-20160507_115803/game50.json
17:11:19 - Finished 50 of 100 games in 313.04 minutes. Estimated 313.04 minutes remaining.
17:11:22 (Game 51) - Initializing game with players: [ConfidencePlayer, LearningPlayer]
17:11:22 (Game 51) - Playing game...
17:17:26 (Game 51) - WARNING: This match contains errors from the following players: [ConfidencePlayer]
17:17:26 (Game 51) - Completed game with scores [100, 0]
17:17:26 (Game 51) - Cumulative scores: ConfidencePlayer=3400 LearningPlayer=1700 
17:17:26 (Game 51) - Saving match to file nineBoardTicTacToe-ConfidencePlayer-vs-LearningPlayer-20160507_115803/game51.json
17:17:26 - Finished 51 of 100 games in 319.15 minutes. Estimated 306.63 minutes remaining.
17:17:29 (Game 52) - Initializing game with players: [LearningPlayer, ConfidencePlayer]
17:17:29 (Game 52) - Playing game...
17:24:21 (Game 52) - WARNING: This match contains errors from the following players: [LearningPlayer]
17:24:21 (Game 52) - Completed game with scores [100, 0]
17:24:21 (Game 52) - Cumulative scores: ConfidencePlayer=3400 LearningPlayer=1800 
17:24:21 (Game 52) - Saving match to file nineBoardTicTacToe-ConfidencePlayer-vs-LearningPlayer-20160507_115803/game52.json
17:24:21 - Finished 52 of 100 games in 326.07 minutes. Estimated 300.99 minutes remaining.
17:24:24 (Game 53) - Initializing game with players: [ConfidencePlayer, LearningPlayer]
17:24:24 (Game 53) - Playing game...
17:31:12 (Game 53) - WARNING: This match contains errors from the following players: [ConfidencePlayer]
17:31:12 (Game 53) - Completed game with scores [0, 100]
17:31:12 (Game 53) - Cumulative scores: ConfidencePlayer=3400 LearningPlayer=1900 
17:31:12 (Game 53) - Saving match to file nineBoardTicTacToe-ConfidencePlayer-vs-LearningPlayer-20160507_115803/game53.json
17:31:12 - Finished 53 of 100 games in 332.92 minutes. Estimated 295.23 minutes remaining.
17:31:15 (Game 54) - Initializing game with players: [LearningPlayer, ConfidencePlayer]
17:31:15 (Game 54) - Playing game...
17:37:13 (Game 54) - WARNING: This match contains errors from the following players: [LearningPlayer]
17:37:13 (Game 54) - Completed game with scores [100, 0]
17:37:13 (Game 54) - Cumulative scores: ConfidencePlayer=3400 LearningPlayer=2000 
17:37:13 (Game 54) - Saving match to file nineBoardTicTacToe-ConfidencePlayer-vs-LearningPlayer-20160507_115803/game54.json
17:37:13 - Finished 54 of 100 games in 338.94 minutes. Estimated 288.73 minutes remaining.
17:37:17 (Game 55) - Initializing game with players: [ConfidencePlayer, LearningPlayer]
17:37:17 (Game 55) - Playing game...
17:43:56 (Game 55) - WARNING: This match contains errors from the following players: [ConfidencePlayer]
17:43:56 (Game 55) - Completed game with scores [100, 0]
17:43:56 (Game 55) - Cumulative scores: ConfidencePlayer=3500 LearningPlayer=2000 
17:43:56 (Game 55) - Saving match to file nineBoardTicTacToe-ConfidencePlayer-vs-LearningPlayer-20160507_115803/game55.json
17:43:56 - Finished 55 of 100 games in 345.64 minutes. Estimated 282.80 minutes remaining.
17:43:59 (Game 56) - Initializing game with players: [LearningPlayer, ConfidencePlayer]
17:43:59 (Game 56) - Playing game...
17:51:45 (Game 56) - WARNING: This match contains errors from the following players: [LearningPlayer]
17:51:45 (Game 56) - Completed game with scores [100, 0]
17:51:45 (Game 56) - Cumulative scores: ConfidencePlayer=3500 LearningPlayer=2100 
17:51:45 (Game 56) - Saving match to file nineBoardTicTacToe-ConfidencePlayer-vs-LearningPlayer-20160507_115803/game56.json
17:51:45 - Finished 56 of 100 games in 353.47 minutes. Estimated 277.72 minutes remaining.
17:51:48 (Game 57) - Initializing game with players: [ConfidencePlayer, LearningPlayer]
17:51:48 (Game 57) - Playing game...
17:57:33 (Game 57) - WARNING: This match contains errors from the following players: [ConfidencePlayer]
17:57:33 (Game 57) - Completed game with scores [100, 0]
17:57:33 (Game 57) - Cumulative scores: ConfidencePlayer=3600 LearningPlayer=2100 
17:57:33 (Game 57) - Saving match to file nineBoardTicTacToe-ConfidencePlayer-vs-LearningPlayer-20160507_115803/game57.json
17:57:33 - Finished 57 of 100 games in 359.27 minutes. Estimated 271.03 minutes remaining.
17:57:36 (Game 58) - Initializing game with players: [LearningPlayer, ConfidencePlayer]
17:57:36 (Game 58) - Playing game...
18:04:05 (Game 58) - WARNING: This match contains errors from the following players: [LearningPlayer]
18:04:05 (Game 58) - Completed game with scores [0, 100]
18:04:05 (Game 58) - Cumulative scores: ConfidencePlayer=3700 LearningPlayer=2100 
18:04:05 (Game 58) - Saving match to file nineBoardTicTacToe-ConfidencePlayer-vs-LearningPlayer-20160507_115803/game58.json
18:04:05 - Finished 58 of 100 games in 365.79 minutes. Estimated 264.89 minutes remaining.
18:04:08 (Game 59) - Initializing game with players: [ConfidencePlayer, LearningPlayer]
18:04:08 (Game 59) - Playing game...
18:10:10 (Game 59) - WARNING: This match contains errors from the following players: [ConfidencePlayer]
18:10:10 (Game 59) - Completed game with scores [100, 0]
18:10:10 (Game 59) - Cumulative scores: ConfidencePlayer=3800 LearningPlayer=2100 
18:10:10 (Game 59) - Saving match to file nineBoardTicTacToe-ConfidencePlayer-vs-LearningPlayer-20160507_115803/game59.json
18:10:10 - Finished 59 of 100 games in 371.88 minutes. Estimated 258.43 minutes remaining.
18:10:13 (Game 60) - Initializing game with players: [LearningPlayer, ConfidencePlayer]
18:10:13 (Game 60) - Playing game...
18:18:17 (Game 60) - WARNING: This match contains errors from the following players: [LearningPlayer]
18:18:17 (Game 60) - Completed game with scores [100, 0]
18:18:17 (Game 60) - Cumulative scores: ConfidencePlayer=3800 LearningPlayer=2200 
18:18:17 (Game 60) - Saving match to file nineBoardTicTacToe-ConfidencePlayer-vs-LearningPlayer-20160507_115803/game60.json
18:18:17 - Finished 60 of 100 games in 380.00 minutes. Estimated 253.33 minutes remaining.
18:18:20 (Game 61) - Initializing game with players: [ConfidencePlayer, LearningPlayer]
18:18:20 (Game 61) - Playing game...
18:24:04 (Game 61) - WARNING: This match contains errors from the following players: [ConfidencePlayer]
18:24:04 (Game 61) - Completed game with scores [100, 0]
18:24:04 (Game 61) - Cumulative scores: ConfidencePlayer=3900 LearningPlayer=2200 
18:24:04 (Game 61) - Saving match to file nineBoardTicTacToe-ConfidencePlayer-vs-LearningPlayer-20160507_115803/game61.json
18:24:04 - Finished 61 of 100 games in 385.79 minutes. Estimated 246.65 minutes remaining.
18:24:07 (Game 62) - Initializing game with players: [LearningPlayer, ConfidencePlayer]
18:24:07 (Game 62) - Playing game...
18:30:59 (Game 62) - WARNING: This match contains errors from the following players: [LearningPlayer]
18:30:59 (Game 62) - Completed game with scores [100, 0]
18:30:59 (Game 62) - Cumulative scores: ConfidencePlayer=3900 LearningPlayer=2300 
18:30:59 (Game 62) - Saving match to file nineBoardTicTacToe-ConfidencePlayer-vs-LearningPlayer-20160507_115803/game62.json
18:30:59 - Finished 62 of 100 games in 392.71 minutes. Estimated 240.69 minutes remaining.
18:31:02 (Game 63) - Initializing game with players: [ConfidencePlayer, LearningPlayer]
18:31:02 (Game 63) - Playing game...
18:38:34 (Game 63) - WARNING: This match contains errors from the following players: [ConfidencePlayer]
18:38:34 (Game 63) - Completed game with scores [0, 100]
18:38:34 (Game 63) - Cumulative scores: ConfidencePlayer=3900 LearningPlayer=2400 
18:38:34 (Game 63) - Saving match to file nineBoardTicTacToe-ConfidencePlayer-vs-LearningPlayer-20160507_115803/game63.json
18:38:34 - Finished 63 of 100 games in 400.28 minutes. Estimated 235.08 minutes remaining.
18:38:37 (Game 64) - Initializing game with players: [LearningPlayer, ConfidencePlayer]
18:38:37 (Game 64) - Playing game...
18:45:24 (Game 64) - WARNING: This match contains errors from the following players: [LearningPlayer]
18:45:24 (Game 64) - Completed game with scores [0, 100]
18:45:24 (Game 64) - Cumulative scores: ConfidencePlayer=4000 LearningPlayer=2400 
18:45:24 (Game 64) - Saving match to file nineBoardTicTacToe-ConfidencePlayer-vs-LearningPlayer-20160507_115803/game64.json
18:45:24 - Finished 64 of 100 games in 407.12 minutes. Estimated 229.00 minutes remaining.
18:45:27 (Game 65) - Initializing game with players: [ConfidencePlayer, LearningPlayer]
18:45:27 (Game 65) - Playing game...
18:46:36 (Game 65) - WARNING: This match contains errors from the following players: [ConfidencePlayer]
18:46:36 (Game 65) - Completed game with scores [0, 100]
18:46:36 (Game 65) - Cumulative scores: ConfidencePlayer=4000 LearningPlayer=2500 
18:46:36 (Game 65) - Saving match to file nineBoardTicTacToe-ConfidencePlayer-vs-LearningPlayer-20160507_115803/game65.json
18:46:36 - Finished 65 of 100 games in 408.32 minutes. Estimated 219.86 minutes remaining.
18:46:39 (Game 66) - Initializing game with players: [LearningPlayer, ConfidencePlayer]
18:46:39 (Game 66) - Playing game...
18:53:17 (Game 66) - WARNING: This match contains errors from the following players: [LearningPlayer]
18:53:17 (Game 66) - Completed game with scores [100, 0]
18:53:17 (Game 66) - Cumulative scores: ConfidencePlayer=4000 LearningPlayer=2600 
18:53:17 (Game 66) - Saving match to file nineBoardTicTacToe-ConfidencePlayer-vs-LearningPlayer-20160507_115803/game66.json
18:53:17 - Finished 66 of 100 games in 415.01 minutes. Estimated 213.79 minutes remaining.
18:53:20 (Game 67) - Initializing game with players: [ConfidencePlayer, LearningPlayer]
18:53:20 (Game 67) - Playing game...
18:58:26 (Game 67) - WARNING: This match contains errors from the following players: [ConfidencePlayer]
18:58:26 (Game 67) - Completed game with scores [0, 100]
18:58:26 (Game 67) - Cumulative scores: ConfidencePlayer=4000 LearningPlayer=2700 
18:58:26 (Game 67) - Saving match to file nineBoardTicTacToe-ConfidencePlayer-vs-LearningPlayer-20160507_115803/game67.json
18:58:26 - Finished 67 of 100 games in 420.16 minutes. Estimated 206.94 minutes remaining.
18:58:29 (Game 68) - Initializing game with players: [LearningPlayer, ConfidencePlayer]
18:58:29 (Game 68) - Playing game...
19:06:16 (Game 68) - WARNING: This match contains errors from the following players: [LearningPlayer]
19:06:16 (Game 68) - Completed game with scores [100, 0]
19:06:16 (Game 68) - Cumulative scores: ConfidencePlayer=4000 LearningPlayer=2800 
19:06:16 (Game 68) - Saving match to file nineBoardTicTacToe-ConfidencePlayer-vs-LearningPlayer-20160507_115803/game68.json
19:06:16 - Finished 68 of 100 games in 427.99 minutes. Estimated 201.41 minutes remaining.
19:06:19 (Game 69) - Initializing game with players: [ConfidencePlayer, LearningPlayer]
19:06:19 (Game 69) - Playing game...
19:12:41 (Game 69) - WARNING: This match contains errors from the following players: [ConfidencePlayer]
19:12:41 (Game 69) - Completed game with scores [100, 0]
19:12:41 (Game 69) - Cumulative scores: ConfidencePlayer=4100 LearningPlayer=2800 
19:12:41 (Game 69) - Saving match to file nineBoardTicTacToe-ConfidencePlayer-vs-LearningPlayer-20160507_115803/game69.json
19:12:41 - Finished 69 of 100 games in 434.40 minutes. Estimated 195.17 minutes remaining.
19:12:44 (Game 70) - Initializing game with players: [LearningPlayer, ConfidencePlayer]
19:12:44 (Game 70) - Playing game...
19:19:10 (Game 70) - WARNING: This match contains errors from the following players: [LearningPlayer]
19:19:10 (Game 70) - Completed game with scores [0, 100]
19:19:10 (Game 70) - Cumulative scores: ConfidencePlayer=4200 LearningPlayer=2800 
19:19:10 (Game 70) - Saving match to file nineBoardTicTacToe-ConfidencePlayer-vs-LearningPlayer-20160507_115803/game70.json
19:19:10 - Finished 70 of 100 games in 440.88 minutes. Estimated 188.95 minutes remaining.
19:19:13 (Game 71) - Initializing game with players: [ConfidencePlayer, LearningPlayer]
19:19:13 (Game 71) - Playing game...
19:27:13 (Game 71) - WARNING: This match contains errors from the following players: [ConfidencePlayer]
19:27:13 (Game 71) - Completed game with scores [0, 100]
19:27:13 (Game 71) - Cumulative scores: ConfidencePlayer=4200 LearningPlayer=2900 
19:27:13 (Game 71) - Saving match to file nineBoardTicTacToe-ConfidencePlayer-vs-LearningPlayer-20160507_115803/game71.json
19:27:13 - Finished 71 of 100 games in 448.93 minutes. Estimated 183.37 minutes remaining.
19:27:16 (Game 72) - Initializing game with players: [LearningPlayer, ConfidencePlayer]
19:27:16 (Game 72) - Playing game...
19:33:14 (Game 72) - WARNING: This match contains errors from the following players: [LearningPlayer]
19:33:14 (Game 72) - Completed game with scores [100, 0]
19:33:14 (Game 72) - Cumulative scores: ConfidencePlayer=4200 LearningPlayer=3000 
19:33:14 (Game 72) - Saving match to file nineBoardTicTacToe-ConfidencePlayer-vs-LearningPlayer-20160507_115803/game72.json
19:33:14 - Finished 72 of 100 games in 454.95 minutes. Estimated 176.92 minutes remaining.
19:33:17 (Game 73) - Initializing game with players: [ConfidencePlayer, LearningPlayer]
19:33:17 (Game 73) - Playing game...
19:38:45 (Game 73) - WARNING: This match contains errors from the following players: [ConfidencePlayer]
19:38:45 (Game 73) - Completed game with scores [100, 0]
19:38:45 (Game 73) - Cumulative scores: ConfidencePlayer=4300 LearningPlayer=3000 
19:38:45 (Game 73) - Saving match to file nineBoardTicTacToe-ConfidencePlayer-vs-LearningPlayer-20160507_115803/game73.json
19:38:45 - Finished 73 of 100 games in 460.46 minutes. Estimated 170.31 minutes remaining.
19:38:48 (Game 74) - Initializing game with players: [LearningPlayer, ConfidencePlayer]
19:38:48 (Game 74) - Playing game...
19:45:31 (Game 74) - WARNING: This match contains errors from the following players: [LearningPlayer]
19:45:31 (Game 74) - Completed game with scores [0, 100]
19:45:31 (Game 74) - Cumulative scores: ConfidencePlayer=4400 LearningPlayer=3000 
19:45:31 (Game 74) - Saving match to file nineBoardTicTacToe-ConfidencePlayer-vs-LearningPlayer-20160507_115803/game74.json
19:45:31 - Finished 74 of 100 games in 467.23 minutes. Estimated 164.16 minutes remaining.
19:45:34 (Game 75) - Initializing game with players: [ConfidencePlayer, LearningPlayer]
19:45:34 (Game 75) - Playing game...
19:52:14 (Game 75) - WARNING: This match contains errors from the following players: [ConfidencePlayer]
19:52:14 (Game 75) - Completed game with scores [100, 0]
19:52:14 (Game 75) - Cumulative scores: ConfidencePlayer=4500 LearningPlayer=3000 
19:52:14 (Game 75) - Saving match to file nineBoardTicTacToe-ConfidencePlayer-vs-LearningPlayer-20160507_115803/game75.json
19:52:14 - Finished 75 of 100 games in 473.94 minutes. Estimated 157.98 minutes remaining.
19:52:17 (Game 76) - Initializing game with players: [LearningPlayer, ConfidencePlayer]
19:52:17 (Game 76) - Playing game...
19:57:56 (Game 76) - WARNING: This match contains errors from the following players: [LearningPlayer]
19:57:56 (Game 76) - Completed game with scores [100, 0]
19:57:56 (Game 76) - Cumulative scores: ConfidencePlayer=4500 LearningPlayer=3100 
19:57:56 (Game 76) - Saving match to file nineBoardTicTacToe-ConfidencePlayer-vs-LearningPlayer-20160507_115803/game76.json
19:57:56 - Finished 76 of 100 games in 479.66 minutes. Estimated 151.47 minutes remaining.
19:57:59 (Game 77) - Initializing game with players: [ConfidencePlayer, LearningPlayer]
19:57:59 (Game 77) - Playing game...
20:05:15 (Game 77) - WARNING: This match contains errors from the following players: [ConfidencePlayer]
20:05:15 (Game 77) - Completed game with scores [100, 0]
20:05:15 (Game 77) - Cumulative scores: ConfidencePlayer=4600 LearningPlayer=3100 
20:05:15 (Game 77) - Saving match to file nineBoardTicTacToe-ConfidencePlayer-vs-LearningPlayer-20160507_115803/game77.json
20:05:15 - Finished 77 of 100 games in 486.97 minutes. Estimated 145.46 minutes remaining.
20:05:18 (Game 78) - Initializing game with players: [LearningPlayer, ConfidencePlayer]
20:05:18 (Game 78) - Playing game...
20:11:25 (Game 78) - WARNING: This match contains errors from the following players: [LearningPlayer]
20:11:25 (Game 78) - Completed game with scores [0, 100]
20:11:25 (Game 78) - Cumulative scores: ConfidencePlayer=4700 LearningPlayer=3100 
20:11:25 (Game 78) - Saving match to file nineBoardTicTacToe-ConfidencePlayer-vs-LearningPlayer-20160507_115803/game78.json
20:11:25 - Finished 78 of 100 games in 493.13 minutes. Estimated 139.09 minutes remaining.
20:11:28 (Game 79) - Initializing game with players: [ConfidencePlayer, LearningPlayer]
20:11:28 (Game 79) - Playing game...
20:16:36 (Game 79) - WARNING: This match contains errors from the following players: [ConfidencePlayer]
20:16:36 (Game 79) - Completed game with scores [100, 0]
20:16:36 (Game 79) - Cumulative scores: ConfidencePlayer=4800 LearningPlayer=3100 
20:16:36 (Game 79) - Saving match to file nineBoardTicTacToe-ConfidencePlayer-vs-LearningPlayer-20160507_115803/game79.json
20:16:36 - Finished 79 of 100 games in 498.32 minutes. Estimated 132.47 minutes remaining.
20:16:39 (Game 80) - Initializing game with players: [LearningPlayer, ConfidencePlayer]
20:16:39 (Game 80) - Playing game...
20:21:53 (Game 80) - WARNING: This match contains errors from the following players: [LearningPlayer]
20:21:53 (Game 80) - Completed game with scores [0, 100]
20:21:53 (Game 80) - Cumulative scores: ConfidencePlayer=4900 LearningPlayer=3100 
20:21:53 (Game 80) - Saving match to file nineBoardTicTacToe-ConfidencePlayer-vs-LearningPlayer-20160507_115803/game80.json
20:21:53 - Finished 80 of 100 games in 503.59 minutes. Estimated 125.90 minutes remaining.
20:21:56 (Game 81) - Initializing game with players: [ConfidencePlayer, LearningPlayer]
20:21:56 (Game 81) - Playing game...
20:27:05 (Game 81) - WARNING: This match contains errors from the following players: [ConfidencePlayer]
20:27:05 (Game 81) - Completed game with scores [100, 0]
20:27:05 (Game 81) - Cumulative scores: ConfidencePlayer=5000 LearningPlayer=3100 
20:27:05 (Game 81) - Saving match to file nineBoardTicTacToe-ConfidencePlayer-vs-LearningPlayer-20160507_115803/game81.json
20:27:05 - Finished 81 of 100 games in 508.80 minutes. Estimated 119.35 minutes remaining.
20:27:08 (Game 82) - Initializing game with players: [LearningPlayer, ConfidencePlayer]
20:27:08 (Game 82) - Playing game...
20:33:42 (Game 82) - WARNING: This match contains errors from the following players: [LearningPlayer]
20:33:42 (Game 82) - Completed game with scores [100, 0]
20:33:42 (Game 82) - Cumulative scores: ConfidencePlayer=5000 LearningPlayer=3200 
20:33:42 (Game 82) - Saving match to file nineBoardTicTacToe-ConfidencePlayer-vs-LearningPlayer-20160507_115803/game82.json
20:33:42 - Finished 82 of 100 games in 515.41 minutes. Estimated 113.14 minutes remaining.
20:33:45 (Game 83) - Initializing game with players: [ConfidencePlayer, LearningPlayer]
20:33:45 (Game 83) - Playing game...
20:40:35 (Game 83) - WARNING: This match contains errors from the following players: [ConfidencePlayer]
20:40:35 (Game 83) - Completed game with scores [100, 0]
20:40:35 (Game 83) - Cumulative scores: ConfidencePlayer=5100 LearningPlayer=3200 
20:40:35 (Game 83) - Saving match to file nineBoardTicTacToe-ConfidencePlayer-vs-LearningPlayer-20160507_115803/game83.json
20:40:35 - Finished 83 of 100 games in 522.30 minutes. Estimated 106.98 minutes remaining.
20:40:38 (Game 84) - Initializing game with players: [LearningPlayer, ConfidencePlayer]
20:40:38 (Game 84) - Playing game...
20:46:58 (Game 84) - WARNING: This match contains errors from the following players: [LearningPlayer]
20:46:58 (Game 84) - Completed game with scores [100, 0]
20:46:58 (Game 84) - Cumulative scores: ConfidencePlayer=5100 LearningPlayer=3300 
20:46:58 (Game 84) - Saving match to file nineBoardTicTacToe-ConfidencePlayer-vs-LearningPlayer-20160507_115803/game84.json
20:46:58 - Finished 84 of 100 games in 528.69 minutes. Estimated 100.70 minutes remaining.
20:47:01 (Game 85) - Initializing game with players: [ConfidencePlayer, LearningPlayer]
20:47:01 (Game 85) - Playing game...
20:54:42 (Game 85) - WARNING: This match contains errors from the following players: [ConfidencePlayer]
20:54:42 (Game 85) - Completed game with scores [100, 0]
20:54:42 (Game 85) - Cumulative scores: ConfidencePlayer=5200 LearningPlayer=3300 
20:54:42 (Game 85) - Saving match to file nineBoardTicTacToe-ConfidencePlayer-vs-LearningPlayer-20160507_115803/game85.json
20:54:42 - Finished 85 of 100 games in 536.42 minutes. Estimated 94.66 minutes remaining.
20:54:45 (Game 86) - Initializing game with players: [LearningPlayer, ConfidencePlayer]
20:54:45 (Game 86) - Playing game...
21:02:08 (Game 86) - WARNING: This match contains errors from the following players: [LearningPlayer]
21:02:08 (Game 86) - Completed game with scores [0, 100]
21:02:08 (Game 86) - Cumulative scores: ConfidencePlayer=5300 LearningPlayer=3300 
21:02:08 (Game 86) - Saving match to file nineBoardTicTacToe-ConfidencePlayer-vs-LearningPlayer-20160507_115803/game86.json
21:02:08 - Finished 86 of 100 games in 543.85 minutes. Estimated 88.53 minutes remaining.
21:02:11 (Game 87) - Initializing game with players: [ConfidencePlayer, LearningPlayer]
21:02:11 (Game 87) - Playing game...
21:08:01 (Game 87) - WARNING: This match contains errors from the following players: [ConfidencePlayer]
21:08:01 (Game 87) - Completed game with scores [100, 0]
21:08:01 (Game 87) - Cumulative scores: ConfidencePlayer=5400 LearningPlayer=3300 
21:08:01 (Game 87) - Saving match to file nineBoardTicTacToe-ConfidencePlayer-vs-LearningPlayer-20160507_115803/game87.json
21:08:01 - Finished 87 of 100 games in 549.74 minutes. Estimated 82.15 minutes remaining.
21:08:04 (Game 88) - Initializing game with players: [LearningPlayer, ConfidencePlayer]
21:08:04 (Game 88) - Playing game...
21:14:03 (Game 88) - WARNING: This match contains errors from the following players: [LearningPlayer]
21:14:03 (Game 88) - Completed game with scores [100, 0]
21:14:03 (Game 88) - Cumulative scores: ConfidencePlayer=5400 LearningPlayer=3400 
21:14:03 (Game 88) - Saving match to file nineBoardTicTacToe-ConfidencePlayer-vs-LearningPlayer-20160507_115803/game88.json
21:14:03 - Finished 88 of 100 games in 555.76 minutes. Estimated 75.79 minutes remaining.
21:14:06 (Game 89) - Initializing game with players: [ConfidencePlayer, LearningPlayer]
21:14:06 (Game 89) - Playing game...
21:21:02 (Game 89) - WARNING: This match contains errors from the following players: [ConfidencePlayer]
21:21:02 (Game 89) - Completed game with scores [100, 0]
21:21:02 (Game 89) - Cumulative scores: ConfidencePlayer=5500 LearningPlayer=3400 
21:21:02 (Game 89) - Saving match to file nineBoardTicTacToe-ConfidencePlayer-vs-LearningPlayer-20160507_115803/game89.json
21:21:02 - Finished 89 of 100 games in 562.75 minutes. Estimated 69.55 minutes remaining.
21:21:05 (Game 90) - Initializing game with players: [LearningPlayer, ConfidencePlayer]
21:21:05 (Game 90) - Playing game...
21:28:34 (Game 90) - WARNING: This match contains errors from the following players: [LearningPlayer]
21:28:34 (Game 90) - Completed game with scores [100, 0]
21:28:34 (Game 90) - Cumulative scores: ConfidencePlayer=5500 LearningPlayer=3500 
21:28:34 (Game 90) - Saving match to file nineBoardTicTacToe-ConfidencePlayer-vs-LearningPlayer-20160507_115803/game90.json
21:28:34 - Finished 90 of 100 games in 570.28 minutes. Estimated 63.36 minutes remaining.
21:28:37 (Game 91) - Initializing game with players: [ConfidencePlayer, LearningPlayer]
21:28:37 (Game 91) - Playing game...
21:35:16 (Game 91) - WARNING: This match contains errors from the following players: [ConfidencePlayer]
21:35:16 (Game 91) - Completed game with scores [100, 0]
21:35:16 (Game 91) - Cumulative scores: ConfidencePlayer=5600 LearningPlayer=3500 
21:35:16 (Game 91) - Saving match to file nineBoardTicTacToe-ConfidencePlayer-vs-LearningPlayer-20160507_115803/game91.json
21:35:16 - Finished 91 of 100 games in 576.98 minutes. Estimated 57.06 minutes remaining.
21:35:19 (Game 92) - Initializing game with players: [LearningPlayer, ConfidencePlayer]
21:35:19 (Game 92) - Playing game...
21:40:31 (Game 92) - WARNING: This match contains errors from the following players: [LearningPlayer]
21:40:31 (Game 92) - Completed game with scores [0, 100]
21:40:31 (Game 92) - Cumulative scores: ConfidencePlayer=5700 LearningPlayer=3500 
21:40:31 (Game 92) - Saving match to file nineBoardTicTacToe-ConfidencePlayer-vs-LearningPlayer-20160507_115803/game92.json
21:40:31 - Finished 92 of 100 games in 582.24 minutes. Estimated 50.63 minutes remaining.
21:40:34 (Game 93) - Initializing game with players: [ConfidencePlayer, LearningPlayer]
21:40:34 (Game 93) - Playing game...
21:46:38 (Game 93) - WARNING: This match contains errors from the following players: [ConfidencePlayer]
21:46:38 (Game 93) - Completed game with scores [100, 0]
21:46:38 (Game 93) - Cumulative scores: ConfidencePlayer=5800 LearningPlayer=3500 
21:46:38 (Game 93) - Saving match to file nineBoardTicTacToe-ConfidencePlayer-vs-LearningPlayer-20160507_115803/game93.json
21:46:38 - Finished 93 of 100 games in 588.35 minutes. Estimated 44.28 minutes remaining.
21:46:41 (Game 94) - Initializing game with players: [LearningPlayer, ConfidencePlayer]
21:46:41 (Game 94) - Playing game...
21:53:51 (Game 94) - WARNING: This match contains errors from the following players: [LearningPlayer]
21:53:51 (Game 94) - Completed game with scores [100, 0]
21:53:51 (Game 94) - Cumulative scores: ConfidencePlayer=5800 LearningPlayer=3600 
21:53:51 (Game 94) - Saving match to file nineBoardTicTacToe-ConfidencePlayer-vs-LearningPlayer-20160507_115803/game94.json
21:53:51 - Finished 94 of 100 games in 595.57 minutes. Estimated 38.02 minutes remaining.
21:53:54 (Game 95) - Initializing game with players: [ConfidencePlayer, LearningPlayer]
21:53:54 (Game 95) - Playing game...
22:00:33 (Game 95) - WARNING: This match contains errors from the following players: [ConfidencePlayer]
22:00:33 (Game 95) - Completed game with scores [100, 0]
22:00:33 (Game 95) - Cumulative scores: ConfidencePlayer=5900 LearningPlayer=3600 
22:00:33 (Game 95) - Saving match to file nineBoardTicTacToe-ConfidencePlayer-vs-LearningPlayer-20160507_115803/game95.json
22:00:33 - Finished 95 of 100 games in 602.27 minutes. Estimated 31.70 minutes remaining.
22:00:36 (Game 96) - Initializing game with players: [LearningPlayer, ConfidencePlayer]
22:00:36 (Game 96) - Playing game...
22:08:18 (Game 96) - WARNING: This match contains errors from the following players: [LearningPlayer]
22:08:18 (Game 96) - Completed game with scores [0, 100]
22:08:18 (Game 96) - Cumulative scores: ConfidencePlayer=6000 LearningPlayer=3600 
22:08:18 (Game 96) - Saving match to file nineBoardTicTacToe-ConfidencePlayer-vs-LearningPlayer-20160507_115803/game96.json
22:08:18 - Finished 96 of 100 games in 610.02 minutes. Estimated 25.42 minutes remaining.
22:08:21 (Game 97) - Initializing game with players: [ConfidencePlayer, LearningPlayer]
22:08:21 (Game 97) - Playing game...
22:15:07 (Game 97) - WARNING: This match contains errors from the following players: [ConfidencePlayer]
22:15:07 (Game 97) - Completed game with scores [100, 0]
22:15:07 (Game 97) - Cumulative scores: ConfidencePlayer=6100 LearningPlayer=3600 
22:15:07 (Game 97) - Saving match to file nineBoardTicTacToe-ConfidencePlayer-vs-LearningPlayer-20160507_115803/game97.json
22:15:07 - Finished 97 of 100 games in 616.84 minutes. Estimated 19.08 minutes remaining.
22:15:10 (Game 98) - Initializing game with players: [LearningPlayer, ConfidencePlayer]
22:15:10 (Game 98) - Playing game...
22:22:20 (Game 98) - WARNING: This match contains errors from the following players: [LearningPlayer]
22:22:20 (Game 98) - Completed game with scores [100, 0]
22:22:20 (Game 98) - Cumulative scores: ConfidencePlayer=6100 LearningPlayer=3700 
22:22:20 (Game 98) - Saving match to file nineBoardTicTacToe-ConfidencePlayer-vs-LearningPlayer-20160507_115803/game98.json
22:22:20 - Finished 98 of 100 games in 624.05 minutes. Estimated 12.74 minutes remaining.
22:22:23 (Game 99) - Initializing game with players: [ConfidencePlayer, LearningPlayer]
22:22:23 (Game 99) - Playing game...
22:29:05 (Game 99) - WARNING: This match contains errors from the following players: [ConfidencePlayer]
22:29:05 (Game 99) - Completed game with scores [100, 0]
22:29:05 (Game 99) - Cumulative scores: ConfidencePlayer=6200 LearningPlayer=3700 
22:29:05 (Game 99) - Saving match to file nineBoardTicTacToe-ConfidencePlayer-vs-LearningPlayer-20160507_115803/game99.json
22:29:05 - Finished 99 of 100 games in 630.81 minutes. Estimated 6.37 minutes remaining.
22:29:08 (Game 100) - Initializing game with players: [LearningPlayer, ConfidencePlayer]
22:29:08 (Game 100) - Playing game...
22:36:19 (Game 100) - WARNING: This match contains errors from the following players: [LearningPlayer]
22:36:19 (Game 100) - Completed game with scores [100, 0]
22:36:19 (Game 100) - Cumulative scores: ConfidencePlayer=6200 LearningPlayer=3800 
22:36:19 (Game 100) - Saving match to file nineBoardTicTacToe-ConfidencePlayer-vs-LearningPlayer-20160507_115803/game100.json
22:36:19 - Finished 100 of 100 games in 638.03 minutes. Estimated 0.00 minutes remaining.
22:36:19 - Successfully finished tournament. 100 matches contained errors.
22:36:19 - Average player scores: ConfidencePlayer=62.0000 LearningPlayer=38.0000 
